Building and running PROG = 11
riscv64-unknown-elf-objdump -xsd main > main.log
riscv64-unknown-elf-objcopy -O verilog main -i 4 -b 0 -j .text0 --change-addresses 0 rom0.hex
riscv64-unknown-elf-objcopy -O verilog main -i 4 -b 1 -j .text0 --change-addresses 0 rom1.hex
riscv64-unknown-elf-objcopy -O verilog main -i 4 -b 2 -j .text0 --change-addresses 0 rom2.hex
riscv64-unknown-elf-objcopy -O verilog main -i 4 -b 3 -j .text0 --change-addresses 0 rom3.hex
riscv64-unknown-elf-objcopy -O verilog main -i 4 -b 0 -R .text0 --change-addresses -0x20000000 dram0.hex
riscv64-unknown-elf-objcopy -O verilog main -i 4 -b 1 -R .text0 --change-addresses -0x20000000 dram1.hex
riscv64-unknown-elf-objcopy -O verilog main -i 4 -b 2 -R .text0 --change-addresses -0x20000000 dram2.hex
riscv64-unknown-elf-objcopy -O verilog main -i 4 -b 3 -R .text0 --change-addresses -0x20000000 dram3.hex
                         Chronologic VCS (TM)
         Version V-2023.12_Full64 -- Mon Oct 20 14:48:13 2025

                    Copyright (c) 1991 - 2023 Synopsys, Inc.
   This software and the associated documentation are proprietary to Synopsys,
 Inc. This software may only be used in accordance with the terms and conditions
 of a written license agreement with Synopsys, Inc. All other use, reproduction,
   or distribution of this software is strictly prohibited.  Licensed Products
     communicate with Synopsys servers for the purpose of providing software
    updates, detecting software piracy and verifying that customers are using
    Licensed Products in conformity with the applicable License Key for such
  Licensed Products. Synopsys will use information gathered in connection with
    this process to deliver software updates and pursue software pirates and
                                   infringers.

 Inclusivity & Diversity - Visit SolvNetPlus to read the "Synopsys Statement on
            Inclusivity and Diversity" (Refer to article 000036315 at
                        https://solvnetplus.synopsys.com)

Parsing design file '/home/user1/avsd25/avsd2541/AVSD-2024-VPU-Project/./sim/top_tb.sv'
Parsing included file '/home/user1/avsd25/avsd2541/AVSD-2024-VPU-Project/./sim/CYCLE_MAX.sv'.
Back to file '/home/user1/avsd25/avsd2541/AVSD-2024-VPU-Project/./sim/top_tb.sv'.
Parsing included file '/home/user1/avsd25/avsd2541/AVSD-2024-VPU-Project/./sim/ROM/ROM.v'.
Back to file '/home/user1/avsd25/avsd2541/AVSD-2024-VPU-Project/./sim/top_tb.sv'.
Parsing included file '/home/user1/avsd25/avsd2541/AVSD-2024-VPU-Project/./sim/DRAM/DRAM.sv'.
Back to file '/home/user1/avsd25/avsd2541/AVSD-2024-VPU-Project/./sim/top_tb.sv'.
Parsing included file '/home/user1/avsd25/avsd2541/AVSD-2024-VPU-Project/./src/CHIP.v'.
Back to file '/home/user1/avsd25/avsd2541/AVSD-2024-VPU-Project/./sim/top_tb.sv'.
Parsing included file '/home/user1/avsd25/avsd2541/AVSD-2024-VPU-Project/./sim/SRAM/SRAM_rtl.sv'.
Back to file '/home/user1/avsd25/avsd2541/AVSD-2024-VPU-Project/./sim/top_tb.sv'.
Parsing included file '/home/user1/avsd25/avsd2541/AVSD-2024-VPU-Project/./sim/data_array/data_array_rtl.sv'.
Back to file '/home/user1/avsd25/avsd2541/AVSD-2024-VPU-Project/./sim/top_tb.sv'.
Parsing included file '/home/user1/avsd25/avsd2541/AVSD-2024-VPU-Project/./sim/tag_array/tag_array_rtl.sv'.
Back to file '/home/user1/avsd25/avsd2541/AVSD-2024-VPU-Project/./sim/top_tb.sv'.
Parsing design file '../include/AXI_define.svh'
Parsing design file '../include/def.svh'
Parsing design file '../src/top.sv'
Parsing included file '../include/def.svh'.
Back to file '../src/top.sv'.
Parsing included file '../include/AXI_define.svh'.
Back to file '../src/top.sv'.
Parsing design file '../src/AXI/AXI_decoder.sv'
Parsing design file '../src/AXI/AXI.sv'
Parsing design file '../src/Cache/data_array_wrapper.sv'
Parsing design file '../src/Cache/tag_array_wrapper.sv'
Parsing design file '../src/Cache/L1C_data.sv'
Parsing design file '../src/Cache/L1C_inst.sv'
Parsing design file '../src/CPU/CPU.sv'
Parsing design file '../src/CPU/if_stage.sv'
Parsing design file '../src/CPU/id_stage.sv'
Parsing design file '../src/CPU/exe_stage.sv'
Parsing design file '../src/CPU/mem_stage.sv'
Parsing design file '../src/CPU/wb_stage.sv'
Parsing design file '../src/CPU/controller.sv'
Parsing design file '../src/CPU/rv_decoder.sv'
Parsing design file '../src/CPU/regfiles.sv'
Parsing design file '../src/CPU/fp_regfiles.sv'
Parsing design file '../src/CPU/alu.sv'
Parsing design file '../src/CPU/csr.sv'
Parsing design file '../src/CPU/multiplier.sv'
Parsing design file '../src/CPU/bht.sv'
Parsing design file '../src/CPU/btb.sv'
Parsing design file '../src/CPU/ras.sv'
Parsing design file '../src/FPU/FPU.sv'
Parsing design file '../src/FPU/fpu_mul_alu.sv'
Parsing design file '../src/DMA/DMA.sv'
Parsing design file '../src/WDT/WDT.sv'
Parsing design file '../src/WDT/Async_FIFO_1bit.sv'
Parsing design file '../src/WDT/Async_FIFO_32bit.sv'
Parsing design file '../src/WDT/Two_Flip_Flop.sv'
Parsing design file '../src/VPU/VPU.sv'
Parsing design file '../src/VPU/VPU_id_stage.sv'
Parsing design file '../src/VPU/VPU_issue_stage.sv'
Parsing design file '../src/VPU/VPU_execute_stage.sv'
Parsing design file '../src/VPU/VPU_commit_stage.sv'
Parsing design file '../src/VPU/VPU_decoder.sv'
Parsing design file '../src/VPU/VPU_instruction_queue.sv'
Parsing design file '../src/VPU/VPU_cfg.sv'
Parsing design file '../src/VPU/VPU_alu.sv'
Parsing design file '../src/VPU/VPU_mul.sv'
Parsing design file '../src/VPU/VPU_sld.sv'
Parsing design file '../src/VPU/VPU_elem.sv'
Parsing design file '../src/VPU/VPU_mask.sv'
Parsing design file '../src/VPU/VPU_lsu.sv'
Parsing design file '../src/VPU/VPU_regfile.sv'
Parsing design file '../src/VPU/VPU_lane.sv'
Parsing design file '../src/VPU/VPU_lane_wrapper.sv'
Parsing design file '../src/Wrapper/CPU_wrapper.sv'
Parsing design file '../src/Wrapper/DMA_wrapper.sv'
Parsing design file '../src/Wrapper/DRAM_wrapper.sv'
Parsing design file '../src/Wrapper/ROM_wrapper.sv'
Parsing design file '../src/Wrapper/IM_wrapper.sv'
Parsing design file '../src/Wrapper/DM_wrapper.sv'
Parsing included file '../include/AXI_define.svh'.
Back to file '../src/Wrapper/DM_wrapper.sv'.
Parsing design file '../src/Wrapper/WDT_wrapper.sv'
Parsing design file '/usr/cad/CBDK/Executable_Package/Collaterals/IP/stdio/N16ADFP_StdIO/VERILOG/N16ADFP_StdIO.v'
Top Level Modules:
       top_tb
       PCORNER
       PFILLER00001
       PFILLER00048
       PFILLER01008
       PFILLER10080
       PRCUT_H
       PRCUT_V
       PVDD1CDGM_H
       PVDD1CDGM_V
       PVDD2CDGM_H
       PVDD2CDGM_V
TimeScale is 1 ns / 10 ps
Starting vcs inline pass...

43 modules and 0 UDP read.
	However, due to incremental compilation, no re-compilation is necessary.
make[2]: Warning: File `filelist.hsopt.llvm2_0.objs' has modification time 833 s in the future
make[2]: warning:  Clock skew detected.  Your build may be incomplete.
make[2]: Warning: File `filelist.cu' has modification time 832 s in the future
make[3]: Warning: File `filelist.cu' has modification time 832 s in the future
rm -f _cuarc*.so _csrc*.so pre_vcsobj_*.so share_vcsobj_*.so
make[3]: warning:  Clock skew detected.  Your build may be incomplete.
make[3]: Warning: File `filelist.cu' has modification time 832 s in the future
make[3]: warning:  Clock skew detected.  Your build may be incomplete.
if [ -x ../simv ]; then chmod a-x ../simv; fi
g++  -o ../simv      -rdynamic  -Wl,-rpath='$ORIGIN'/simv.daidir -Wl,-rpath=./simv.daidir -Wl,-rpath=/usr/cad/synopsys/vcs/cur/linux64/lib -L/usr/cad/synopsys/vcs/cur/linux64/lib  -Wl,-rpath-link=./  /usr/lib64/libnuma.so.1   objs/amcQw_d.o   _7241_archive_1.so _prev_archive_1.so   SIM_l.o      rmapats_mop.o rmapats.o rmar.o rmar_nd.o  rmar_llvm_0_1.o rmar_llvm_0_0.o            -lvirsim -lerrorinf -lsnpsmalloc -lvfs    -lvcsnew -lsimprofile -luclinative /usr/cad/synopsys/vcs/cur/linux64/lib/vcs_tls.o   -Wl,-whole-archive  -lvcsucli    -Wl,-no-whole-archive        _vcs_pli_stub_.o   /usr/cad/synopsys/vcs/cur/linux64/lib/vcs_save_restore_new.o /usr/cad/synopsys/verdi/cur/share/PLI/VCS/LINUX64/pli.a -ldl  -lc -lm -lpthread -ldl 
../simv up to date
make[2]: warning:  Clock skew detected.  Your build may be incomplete.
Info: [VCS_SAVE_RESTORE_INFO] ASLR (Address Space Layout Randomization) is detected on the machine. To enable $save functionality, ASLR will be switched off and simv re-executed.
Please use '-no_save' simv switch to avoid re-execution or '-suppress=ASLR_DETECTED_INFO' to suppress this message.
Notice: timing checks disabled with +notimingcheck at compile-time
Chronologic VCS simulator copyright 1991-2023
Contains Synopsys proprietary information.
Compiler version V-2023.12_Full64; Runtime version V-2023.12_Full64;  Oct 20 14:48 2025

Done

DRAM[262144] = 21006200, pass
DRAM[262145] = 00000074, pass
DRAM[262146] = 00351800, pass
DRAM[262147] = 00000077, pass
DRAM[262148] = 101d3452, pass
DRAM[262149] = 00180000, pass
DRAM[262150] = 31000000, pass
DRAM[262151] = 00005867, pass
DRAM[262152] = 00000000, pass
DRAM[262153] = 00000000, pass
DRAM[262154] = 00000000, pass
DRAM[262155] = 49000037, pass
DRAM[262156] = 3100006b, pass
DRAM[262157] = 00580002, pass
DRAM[262158] = 00525000, pass
DRAM[262159] = 67000000, pass
DRAM[262160] = 38015d00, pass
DRAM[262161] = 00000d00, pass
DRAM[262162] = 7a000000, pass
DRAM[262163] = 1a360000, pass
DRAM[262164] = 00004e00, pass
DRAM[262165] = 00772800, pass
DRAM[262166] = 00780001, pass
DRAM[262167] = 0000795a, pass
DRAM[262168] = 24062c35, pass
DRAM[262169] = 19760030, pass
DRAM[262170] = 00003700, pass
DRAM[262171] = 00724500, pass
DRAM[262172] = 61000c00, pass
DRAM[262173] = 08000067, pass
DRAM[262174] = 287b3d00, pass
DRAM[262175] = 00494d00, pass
DRAM[262176] = 0000315c, pass
DRAM[262177] = 31007137, pass
DRAM[262178] = 667a0000, pass
DRAM[262179] = 00000000, pass
DRAM[262180] = 3b001002, pass
DRAM[262181] = 095d001c, pass
DRAM[262182] = 00000056, pass
DRAM[262183] = 4d1c0000, pass
DRAM[262184] = 44000000, pass
DRAM[262185] = 00000005, pass
DRAM[262186] = 001f004f, pass
DRAM[262187] = 00004800, pass
DRAM[262188] = 00005d00, pass
DRAM[262189] = 6a3f236a, pass
DRAM[262190] = 47250000, pass
DRAM[262191] = 3f4e0000, pass
DRAM[262192] = 0042000e, pass
DRAM[262193] = 656b0000, pass
DRAM[262194] = 3545001b, pass
DRAM[262195] = 00720000, pass
DRAM[262196] = 4536002a, pass
DRAM[262197] = 00006307, pass
DRAM[262198] = 40000028, pass
DRAM[262199] = 000b0075, pass
DRAM[262200] = 490b7929, pass
DRAM[262201] = 216a2b00, pass
DRAM[262202] = 7c00006c, pass
DRAM[262203] = 00000000, pass
DRAM[262204] = 38004100, pass
DRAM[262205] = 6f055673, pass
DRAM[262206] = 00000041, pass
DRAM[262207] = 2c2e4602, pass
DRAM[262208] = 1500000b, pass
DRAM[262209] = 00640000, pass
DRAM[262210] = 00004d00, pass
DRAM[262211] = 00030047, pass
DRAM[262212] = 65227f66, pass
DRAM[262213] = 00001100, pass
DRAM[262214] = 0d251334, pass
DRAM[262215] = 00004c6e, pass
DRAM[262216] = 5c001268, pass
DRAM[262217] = 5700007f, pass
DRAM[262218] = 00000021, pass
DRAM[262219] = 00003d00, pass
DRAM[262220] = 00700000, pass
DRAM[262221] = 62060a00, pass
DRAM[262222] = 00000000, pass
DRAM[262223] = 30096600, pass
DRAM[262224] = 057a004e, pass
DRAM[262225] = 00000000, pass
DRAM[262226] = 0e001100, pass
DRAM[262227] = 4c38002e, pass
DRAM[262228] = 60000028, pass
DRAM[262229] = 0e004e00, pass
DRAM[262230] = 0000731a, pass
DRAM[262231] = 00000000, pass
DRAM[262232] = 005f0c00, pass
DRAM[262233] = 00002000, pass
DRAM[262234] = 00002d00, pass
DRAM[262235] = 08700000, pass
DRAM[262236] = 2232004b, pass
DRAM[262237] = 00720022, pass
DRAM[262238] = 00000000, pass
DRAM[262239] = 00020000, pass
DRAM[262240] = 00220013, pass
DRAM[262241] = 00005a00, pass
DRAM[262242] = 0034001a, pass
DRAM[262243] = 4d000004, pass
DRAM[262244] = 00000000, pass
DRAM[262245] = 000d0000, pass
DRAM[262246] = 216e0024, pass
DRAM[262247] = 53007e00, pass
DRAM[262248] = 005e0040, pass
DRAM[262249] = 002c005f, pass
DRAM[262250] = 00000b49, pass
DRAM[262251] = 73604c00, pass
DRAM[262252] = 0d5f0003, pass
DRAM[262253] = 00270000, pass
DRAM[262254] = 5c000063, pass
DRAM[262255] = 77002600, pass
DRAM[262256] = 007a0700, pass
DRAM[262257] = 004b2a00, pass
DRAM[262258] = 001f0045, pass
DRAM[262259] = 6a230000, pass
DRAM[262260] = 5800300b, pass
DRAM[262261] = 5100001a, pass
DRAM[262262] = 0b130000, pass
DRAM[262263] = 4c07690f, pass
DRAM[262264] = 48000000, pass
DRAM[262265] = 19570663, pass
DRAM[262266] = 413e0020, pass
DRAM[262267] = 2a003e4c, pass
DRAM[262268] = 3b003900, pass
DRAM[262269] = 00197464, pass
DRAM[262270] = 39007d02, pass
DRAM[262271] = 001c0118, pass
DRAM[262272] = 4f5e5a00, pass
DRAM[262273] = 7000195e, pass
DRAM[262274] = 006b0059, pass
DRAM[262275] = 2d7a0000, pass
DRAM[262276] = 0000007b, pass
DRAM[262277] = 63181120, pass
DRAM[262278] = 0000160b, pass
DRAM[262279] = 00006f00, pass
DRAM[262280] = 04000011, pass
DRAM[262281] = 633c0000, pass
DRAM[262282] = 27750000, pass
DRAM[262283] = 00003800, pass
DRAM[262284] = 00001a4d, pass
DRAM[262285] = 4a080003, pass
DRAM[262286] = 0a006f00, pass
DRAM[262287] = 3700380e, pass
DRAM[262288] = 687c0070, pass
DRAM[262289] = 00000000, pass
DRAM[262290] = 12006d00, pass
DRAM[262291] = 00005926, pass
DRAM[262292] = 00006100, pass
DRAM[262293] = 00000000, pass
DRAM[262294] = 00776803, pass
DRAM[262295] = 3800003f, pass
DRAM[262296] = 00363574, pass
DRAM[262297] = 6b00006d, pass
DRAM[262298] = 39000000, pass
DRAM[262299] = 3b003700, pass
DRAM[262300] = 410e0000, pass
DRAM[262301] = 0000005a, pass
DRAM[262302] = 00230500, pass
DRAM[262303] = 0000374f, pass
DRAM[262304] = 00220079, pass
DRAM[262305] = 00761400, pass
DRAM[262306] = 251b0053, pass
DRAM[262307] = 41181100, pass
DRAM[262308] = 00007e00, pass
DRAM[262309] = 00000024, pass
DRAM[262310] = 50003500, pass
DRAM[262311] = 00503900, pass
DRAM[262312] = 0000006a, pass
DRAM[262313] = 0b042665, pass
DRAM[262314] = 4047335e, pass
DRAM[262315] = 00007922, pass
DRAM[262316] = 00007b00, pass
DRAM[262317] = 00770000, pass
DRAM[262318] = 00000000, pass
DRAM[262319] = 00006c00, pass
DRAM[262320] = 00007a00, pass
DRAM[262321] = 19434e00, pass
DRAM[262322] = 41005a00, pass
DRAM[262323] = 0000001c, pass
DRAM[262324] = 73000000, pass
DRAM[262325] = 00000500, pass
DRAM[262326] = 00000000, pass
DRAM[262327] = 7a000053, pass
DRAM[262328] = 0e671000, pass
DRAM[262329] = 00510012, pass
DRAM[262330] = 43001f00, pass
DRAM[262331] = 50000050, pass
DRAM[262332] = 00500000, pass
DRAM[262333] = 00000000, pass
DRAM[262334] = 077d0052, pass
DRAM[262335] = 01000100, pass
DRAM[262336] = 43007900, pass
DRAM[262337] = 6c005d00, pass
DRAM[262338] = 10164373, pass
DRAM[262339] = 6413007f, pass
DRAM[262340] = 003f0047, pass
DRAM[262341] = 5d7c0000, pass
DRAM[262342] = 0007004d, pass
DRAM[262343] = 37000000, pass
DRAM[262344] = 00000000, pass
DRAM[262345] = 5d3e0000, pass
DRAM[262346] = 00000062, pass
DRAM[262347] = 1a6b003c, pass
DRAM[262348] = 00237778, pass
DRAM[262349] = 79000013, pass
DRAM[262350] = 00006300, pass
DRAM[262351] = 006e6000, pass
DRAM[262352] = 41002000, pass
DRAM[262353] = 00003541, pass
DRAM[262354] = 7f100600, pass
DRAM[262355] = 00000000, pass
DRAM[262356] = 1e100078, pass
DRAM[262357] = 3f6f4800, pass
DRAM[262358] = 76000000, pass
DRAM[262359] = 64000000, pass
DRAM[262360] = 353e004e, pass
DRAM[262361] = 00005b5f, pass
DRAM[262362] = 00640000, pass
DRAM[262363] = 6f004b11, pass
DRAM[262364] = 00000078, pass
DRAM[262365] = 0000001c, pass
DRAM[262366] = 0000004e, pass
DRAM[262367] = 46007300, pass
DRAM[262368] = 161e000a, pass
DRAM[262369] = 47420000, pass
DRAM[262370] = 0000150f, pass
DRAM[262371] = 00060006, pass
DRAM[262372] = 007f1325, pass
DRAM[262373] = 1e400014, pass
DRAM[262374] = 0400000c, pass
DRAM[262375] = 00790054, pass
DRAM[262376] = 21004737, pass
DRAM[262377] = 005c7900, pass
DRAM[262378] = 00530300, pass
DRAM[262379] = 0f004a00, pass
DRAM[262380] = 0800001b, pass
DRAM[262381] = 007f6f00, pass
DRAM[262382] = 00635400, pass
DRAM[262383] = 00640236, pass
DRAM[262384] = 6d3e0046, pass
DRAM[262385] = 0000661f, pass
DRAM[262386] = 0045005c, pass
DRAM[262387] = 00006100, pass
DRAM[262388] = 00002000, pass
DRAM[262389] = 13000060, pass
DRAM[262390] = 003d1300, pass
DRAM[262391] = 2f717038, pass
DRAM[262392] = 06005465, pass
DRAM[262393] = 53000000, pass
DRAM[262394] = 004f2e00, pass
DRAM[262395] = 4d3e0000, pass
DRAM[262396] = 0000012d, pass
DRAM[262397] = 006e6400, pass
DRAM[262398] = 0006002c, pass
DRAM[262399] = 00340002, pass
DRAM[262400] = 3e000028, pass
DRAM[262401] = 00590000, pass
DRAM[262402] = 0c000000, pass
DRAM[262403] = 43002269, pass
DRAM[262404] = 1a4c006c, pass
DRAM[262405] = 00000000, pass
DRAM[262406] = 24000046, pass
DRAM[262407] = 007e001a, pass
DRAM[262408] = 001f7300, pass
DRAM[262409] = 003b2100, pass
DRAM[262410] = 16060000, pass
DRAM[262411] = 3f000040, pass
DRAM[262412] = 27000000, pass
DRAM[262413] = 00330000, pass
DRAM[262414] = 00000000, pass
DRAM[262415] = 63125234, pass
DRAM[262416] = 3c004f00, pass
DRAM[262417] = 2e002022, pass
DRAM[262418] = 63000000, pass
DRAM[262419] = 00001220, pass
DRAM[262420] = 003d0000, pass
DRAM[262421] = 0800005a, pass
DRAM[262422] = 381a5a00, pass
DRAM[262423] = 0001000e, pass
DRAM[262424] = 00780000, pass
DRAM[262425] = 12030000, pass
DRAM[262426] = 01000000, pass
DRAM[262427] = 74000074, pass
DRAM[262428] = 000e0000, pass
DRAM[262429] = 003a0000, pass
DRAM[262430] = 000a0000, pass
DRAM[262431] = 002c4662, pass
DRAM[262432] = 00490000, pass
DRAM[262433] = 00616700, pass
DRAM[262434] = 00190000, pass
DRAM[262435] = 005b0000, pass
DRAM[262436] = 003c0000, pass
DRAM[262437] = 2d2f0000, pass
DRAM[262438] = 00000000, pass
DRAM[262439] = 1400660c, pass
DRAM[262440] = 54000000, pass
DRAM[262441] = 75000011, pass
DRAM[262442] = 7a000050, pass
DRAM[262443] = 00000000, pass
DRAM[262444] = 7a000030, pass
DRAM[262445] = 73003900, pass
DRAM[262446] = 00007700, pass
DRAM[262447] = 46423f1d, pass
DRAM[262448] = 396e4b00, pass
DRAM[262449] = 000f001e, pass
DRAM[262450] = 00400000, pass
DRAM[262451] = 005e0100, pass
DRAM[262452] = 46000000, pass
DRAM[262453] = 00247b00, pass
DRAM[262454] = 0056007a, pass
DRAM[262455] = 00254800, pass
DRAM[262456] = 00127e15, pass
DRAM[262457] = 63000000, pass
DRAM[262458] = 5d006100, pass
DRAM[262459] = 00712100, pass
DRAM[262460] = 18003e54, pass
DRAM[262461] = 6a1d463d, pass
DRAM[262462] = 007e0000, pass
DRAM[262463] = 44003000, pass
DRAM[262464] = 00000041, pass
DRAM[262465] = 00347b2d, pass
DRAM[262466] = 00585670, pass
DRAM[262467] = 6127001f, pass
DRAM[262468] = 00005300, pass
DRAM[262469] = 00696d00, pass
DRAM[262470] = 0014000a, pass
DRAM[262471] = 16000018, pass
DRAM[262472] = 55460d00, pass
DRAM[262473] = 2a520078, pass
DRAM[262474] = 00360005, pass
DRAM[262475] = 00020000, pass
DRAM[262476] = 72000000, pass
DRAM[262477] = 2000085c, pass
DRAM[262478] = 00472179, pass
DRAM[262479] = 001b0000, pass
DRAM[262480] = 71000000, pass
DRAM[262481] = 34000000, pass
DRAM[262482] = 29007832, pass
DRAM[262483] = 004b0000, pass
DRAM[262484] = 00003616, pass
DRAM[262485] = 00505b38, pass
DRAM[262486] = 00300000, pass
DRAM[262487] = 1700002a, pass
DRAM[262488] = 30000015, pass
DRAM[262489] = 230c0000, pass
DRAM[262490] = 44000000, pass
DRAM[262491] = 097c0015, pass
DRAM[262492] = 005c0000, pass
DRAM[262493] = 4a00003e, pass
DRAM[262494] = 00000000, pass
DRAM[262495] = 00000000, pass
DRAM[262496] = 70122700, pass
DRAM[262497] = 2d3d570b, pass
DRAM[262498] = 5f003300, pass
DRAM[262499] = 0072713e, pass
DRAM[262500] = 6b0f6866, pass
DRAM[262501] = 00124f4e, pass
DRAM[262502] = 00516726, pass
DRAM[262503] = 67003e08, pass
DRAM[262504] = 00000000, pass
DRAM[262505] = 014d007a, pass
DRAM[262506] = 00000010, pass
DRAM[262507] = 00000000, pass
DRAM[262508] = 00763700, pass
DRAM[262509] = 34000000, pass
DRAM[262510] = 3d4f004b, pass
DRAM[262511] = 00000f56, pass
DRAM[262512] = 00093753, pass
DRAM[262513] = 7c007537, pass
DRAM[262514] = 0c000000, pass
DRAM[262515] = 1b515a00, pass
DRAM[262516] = 215e0000, pass
DRAM[262517] = 00140055, pass
DRAM[262518] = 00000000, pass
DRAM[262519] = 00000000, pass
DRAM[262520] = 1f060600, pass
DRAM[262521] = 7c5f3c35, pass
DRAM[262522] = 26000000, pass
DRAM[262523] = 7c40001b, pass
DRAM[262524] = 5e004300, pass
DRAM[262525] = 2e440050, pass
DRAM[262526] = 3e650000, pass
DRAM[262527] = 00003c6a, pass
DRAM[262528] = 3a000952, pass
DRAM[262529] = 36003900, pass
DRAM[262530] = 0078005b, pass
DRAM[262531] = 005f0000, pass
DRAM[262532] = 7e000000, pass
DRAM[262533] = 00110000, pass
DRAM[262534] = 49000032, pass
DRAM[262535] = 41010000, pass
DRAM[262536] = 082d1e73, pass
DRAM[262537] = 16425400, pass
DRAM[262538] = 00007f00, pass
DRAM[262539] = 1e000013, pass
DRAM[262540] = 00720000, pass
DRAM[262541] = 24004e7a, pass
DRAM[262542] = 00510000, pass
DRAM[262543] = 00220035, pass
DRAM[262544] = 006b0024, pass
DRAM[262545] = 00005f7a, pass
DRAM[262546] = 00760039, pass
DRAM[262547] = 090d0000, pass
DRAM[262548] = 00007000, pass
DRAM[262549] = 00000000, pass
DRAM[262550] = 6b280100, pass
DRAM[262551] = 4b00231d, pass
DRAM[262552] = 72000062, pass
DRAM[262553] = 001c0000, pass
DRAM[262554] = 26000000, pass
DRAM[262555] = 00426546, pass
DRAM[262556] = 00610000, pass
DRAM[262557] = 00480f00, pass
DRAM[262558] = 43000063, pass
DRAM[262559] = 4c000032, pass
DRAM[262560] = 35383100, pass
DRAM[262561] = 52640000, pass
DRAM[262562] = 4500004d, pass
DRAM[262563] = 08656800, pass
DRAM[262564] = 005b4155, pass
DRAM[262565] = 47004933, pass
DRAM[262566] = 00516366, pass
DRAM[262567] = 0000170a, pass
DRAM[262568] = 354f1000, pass
DRAM[262569] = 007d7000, pass
DRAM[262570] = 0670577f, pass
DRAM[262571] = 002b7d00, pass
DRAM[262572] = 43260058, pass
DRAM[262573] = 00000001, pass
DRAM[262574] = 00007800, pass
DRAM[262575] = 00000000, pass
DRAM[262576] = 4d5f0000, pass
DRAM[262577] = 00280000, pass
DRAM[262578] = 00610000, pass
DRAM[262579] = 13007d59, pass
DRAM[262580] = 51397975, pass
DRAM[262581] = 00252d00, pass
DRAM[262582] = 00003d00, pass
DRAM[262583] = 4a006131, pass
DRAM[262584] = 03003200, pass
DRAM[262585] = 6d007e00, pass
DRAM[262586] = 06690000, pass
DRAM[262587] = 00140000, pass
DRAM[262588] = 3f000000, pass
DRAM[262589] = 00000000, pass
DRAM[262590] = 4b430000, pass
DRAM[262591] = 000e1b00, pass
DRAM[262592] = 4a171100, pass
DRAM[262593] = 10003a77, pass
DRAM[262594] = 1c006c21, pass
DRAM[262595] = 42000f00, pass
DRAM[262596] = 00000000, pass
DRAM[262597] = 00240024, pass
DRAM[262598] = 5700003f, pass
DRAM[262599] = 42004378, pass
DRAM[262600] = 00001e41, pass
DRAM[262601] = 1b0c0000, pass
DRAM[262602] = 004b1d18, pass
DRAM[262603] = 25000008, pass
DRAM[262604] = 16434a00, pass
DRAM[262605] = 3a005d00, pass
DRAM[262606] = 00000059, pass
DRAM[262607] = 0000680e, pass
DRAM[262608] = 0000006c, pass
DRAM[262609] = 0000007d, pass
DRAM[262610] = 746f7400, pass
DRAM[262611] = 66010000, pass
DRAM[262612] = 005b6f3c, pass
DRAM[262613] = 00000027, pass
DRAM[262614] = 5f250000, pass
DRAM[262615] = 000b006b, pass
DRAM[262616] = 50000059, pass
DRAM[262617] = 184b0000, pass
DRAM[262618] = 00006606, pass
DRAM[262619] = 0056004d, pass
DRAM[262620] = 610a0000, pass
DRAM[262621] = 001e0000, pass
DRAM[262622] = 003b6c00, pass
DRAM[262623] = 70000000, pass
DRAM[262624] = 5c4f5d00, pass
DRAM[262625] = 31001800, pass
DRAM[262626] = 000c373d, pass
DRAM[262627] = 00615f00, pass
DRAM[262628] = 18000000, pass
DRAM[262629] = 00576200, pass
DRAM[262630] = 722e1900, pass
DRAM[262631] = 00002100, pass
DRAM[262632] = 50760017, pass
DRAM[262633] = 00000030, pass
DRAM[262634] = 6d00004a, pass
DRAM[262635] = 7140002a, pass
DRAM[262636] = 00000067, pass
DRAM[262637] = 15010017, pass
DRAM[262638] = 4f027500, pass
DRAM[262639] = 0000000b, pass
DRAM[262640] = 0068006d, pass
DRAM[262641] = 00001700, pass
DRAM[262642] = 1b0a7400, pass
DRAM[262643] = 00000048, pass
DRAM[262644] = 3200665d, pass
DRAM[262645] = 0f005200, pass
DRAM[262646] = 0065096e, pass
DRAM[262647] = 00005200, pass
DRAM[262648] = 00000000, pass
DRAM[262649] = 00732f00, pass
DRAM[262650] = 7810004b, pass
DRAM[262651] = 00006538, pass
DRAM[262652] = 58000000, pass
DRAM[262653] = 00000000, pass
DRAM[262654] = 4b000000, pass
DRAM[262655] = 00000071, pass
DRAM[262656] = 00000000, pass
DRAM[262657] = 003a0059, pass
DRAM[262658] = 4d580001, pass
DRAM[262659] = 003e3100, pass
DRAM[262660] = 15000005, pass
DRAM[262661] = 0028004b, pass
DRAM[262662] = 0000032c, pass
DRAM[262663] = 00004f00, pass
DRAM[262664] = 0000211b, pass
DRAM[262665] = 7f00005a, pass
DRAM[262666] = 63000069, pass
DRAM[262667] = 00390000, pass
DRAM[262668] = 005f4d00, pass
DRAM[262669] = 707d2e7b, pass
DRAM[262670] = 00000000, pass
DRAM[262671] = 04000100, pass
DRAM[262672] = 00393b19, pass
DRAM[262673] = 35000000, pass
DRAM[262674] = 56100000, pass
DRAM[262675] = 536e3d00, pass
DRAM[262676] = 3b097753, pass
DRAM[262677] = 7500002f, pass
DRAM[262678] = 00000000, pass
DRAM[262679] = 00004422, pass
DRAM[262680] = 00640664, pass
DRAM[262681] = 3f000023, pass
DRAM[262682] = 47120000, pass
DRAM[262683] = 007c7d00, pass
DRAM[262684] = 0000007b, pass
DRAM[262685] = 2f590c00, pass
DRAM[262686] = 003f3500, pass
DRAM[262687] = 5f44047c, pass
DRAM[262688] = 00000000, pass
DRAM[262689] = 58000000, pass
DRAM[262690] = 0000004f, pass
DRAM[262691] = 4900194a, pass
DRAM[262692] = 001f0058, pass
DRAM[262693] = 316b6a19, pass
DRAM[262694] = 00000629, pass
DRAM[262695] = 1e3c4400, pass
DRAM[262696] = 00000069, pass
DRAM[262697] = 0059121e, pass
DRAM[262698] = 0c561d00, pass
DRAM[262699] = 41000006, pass
DRAM[262700] = 59002a00, pass
DRAM[262701] = 005a0060, pass
DRAM[262702] = 00180000, pass
DRAM[262703] = 00683f00, pass
DRAM[262704] = 544e0052, pass
DRAM[262705] = 45002248, pass
DRAM[262706] = 51004900, pass
DRAM[262707] = 00002400, pass
DRAM[262708] = 00310000, pass
DRAM[262709] = 00000900, pass
DRAM[262710] = 53000000, pass
DRAM[262711] = 72007c6f, pass
DRAM[262712] = 00000023, pass
DRAM[262713] = 53000000, pass
DRAM[262714] = 00176800, pass
DRAM[262715] = 004d0000, pass
DRAM[262716] = 2e002e47, pass
DRAM[262717] = 3f4f0052, pass
DRAM[262718] = 0000562d, pass
DRAM[262719] = 5e7d3643, pass
DRAM[262720] = 537e0000, pass
DRAM[262721] = 00770750, pass
DRAM[262722] = 005d0000, pass
DRAM[262723] = 003b5554, pass
DRAM[262724] = 5f003400, pass
DRAM[262725] = 23420000, pass
DRAM[262726] = 004d6946, pass
DRAM[262727] = 78000762, pass
DRAM[262728] = 00000024, pass
DRAM[262729] = 3c320000, pass
DRAM[262730] = 33002e57, pass
DRAM[262731] = 00000000, pass
DRAM[262732] = 48005767, pass
DRAM[262733] = 00004b00, pass
DRAM[262734] = 6d210071, pass
DRAM[262735] = 00360070, pass
DRAM[262736] = 00000047, pass
DRAM[262737] = 1200372d, pass
DRAM[262738] = 03710c00, pass
DRAM[262739] = 0055002d, pass
DRAM[262740] = 4b2e1700, pass
DRAM[262741] = 4a7b2e00, pass
DRAM[262742] = 0200003e, pass
DRAM[262743] = 520c0000, pass
DRAM[262744] = 0e42517a, pass
DRAM[262745] = 51004847, pass
DRAM[262746] = 00002c00, pass
DRAM[262747] = 58480039, pass
DRAM[262748] = 006a4700, pass
DRAM[262749] = 00163500, pass
DRAM[262750] = 00000000, pass
DRAM[262751] = 0f0f3a00, pass
DRAM[262752] = 7c000079, pass
DRAM[262753] = 54000000, pass
DRAM[262754] = 7b090b50, pass
DRAM[262755] = 2f000000, pass
DRAM[262756] = 00001e00, pass
DRAM[262757] = 00001d54, pass
DRAM[262758] = 00005700, pass
DRAM[262759] = 4b005800, pass
DRAM[262760] = 003a7917, pass
DRAM[262761] = 60002b00, pass
DRAM[262762] = 06000022, pass
DRAM[262763] = 5f06002c, pass
DRAM[262764] = 00001445, pass
DRAM[262765] = 00007600, pass
DRAM[262766] = 005f2800, pass
DRAM[262767] = 00000000, pass
DRAM[262768] = 002a294c, pass
DRAM[262769] = 001c0000, pass
DRAM[262770] = 6c6f6d00, pass
DRAM[262771] = 55125700, pass
DRAM[262772] = 55000000, pass
DRAM[262773] = 001a2834, pass
DRAM[262774] = 00000030, pass
DRAM[262775] = 62002a00, pass
DRAM[262776] = 01003600, pass
DRAM[262777] = 04004d00, pass
DRAM[262778] = 00413e00, pass
DRAM[262779] = 74005d00, pass
DRAM[262780] = 7f6e0044, pass
DRAM[262781] = 42001c34, pass
DRAM[262782] = 76000007, pass
DRAM[262783] = 00030026, pass
DRAM[262784] = 001f0000, pass
DRAM[262785] = 00000000, pass
DRAM[262786] = 00004a00, pass
DRAM[262787] = 00000000, pass
DRAM[262788] = 00420000, pass
DRAM[262789] = 000c003d, pass
DRAM[262790] = 2f287c00, pass
DRAM[262791] = 095f6920, pass
DRAM[262792] = 6d690055, pass
DRAM[262793] = 007f1204, pass
DRAM[262794] = 26130000, pass
DRAM[262795] = 4e2d5c34, pass
DRAM[262796] = 64000000, pass
DRAM[262797] = 00000000, pass
DRAM[262798] = 007e0013, pass
DRAM[262799] = 4236656c, pass
DRAM[262800] = 00294b00, pass
DRAM[262801] = 344b5028, pass
DRAM[262802] = 0073001c, pass
DRAM[262803] = 007e005b, pass
DRAM[262804] = 73215360, pass
DRAM[262805] = 1a3e0000, pass
DRAM[262806] = 05007700, pass
DRAM[262807] = 29073000, pass
DRAM[262808] = 00001c73, pass
DRAM[262809] = 47007b0f, pass
DRAM[262810] = 001c0000, pass
DRAM[262811] = 12225900, pass
DRAM[262812] = 0a760000, pass
DRAM[262813] = 0000000e, pass
DRAM[262814] = 455c3d00, pass
DRAM[262815] = 00790035, pass
DRAM[262816] = 0000040a, pass
DRAM[262817] = 00440000, pass
DRAM[262818] = 162c0000, pass
DRAM[262819] = 00000017, pass
DRAM[262820] = 005f0033, pass
DRAM[262821] = 3d1c5405, pass
DRAM[262822] = 11003700, pass
DRAM[262823] = 79006300, pass
DRAM[262824] = 52003000, pass
DRAM[262825] = 00286269, pass
DRAM[262826] = 41001e00, pass
DRAM[262827] = 4f001e00, pass
DRAM[262828] = 76000000, pass
DRAM[262829] = 6e004074, pass
DRAM[262830] = 5f530065, pass
DRAM[262831] = 00750051, pass
DRAM[262832] = 2e440071, pass
DRAM[262833] = 7a312c6e, pass
DRAM[262834] = 2600002c, pass
DRAM[262835] = 71007800, pass
DRAM[262836] = 4a000064, pass
DRAM[262837] = 1c007900, pass
DRAM[262838] = 451f5973, pass
DRAM[262839] = 00006901, pass
DRAM[262840] = 00004400, pass
DRAM[262841] = 00000000, pass
DRAM[262842] = 63133c2c, pass
DRAM[262843] = 62006300, pass
DRAM[262844] = 3500002c, pass
DRAM[262845] = 006d0000, pass
DRAM[262846] = 00630000, pass
DRAM[262847] = 4a43002f, pass
DRAM[262848] = 39726922, pass
DRAM[262849] = 2e00741c, pass
DRAM[262850] = 003c705e, pass
DRAM[262851] = 0065004e, pass
DRAM[262852] = 4c001b7e, pass
DRAM[262853] = 0004470b, pass
DRAM[262854] = 00700010, pass
DRAM[262855] = 24000043, pass
DRAM[262856] = 001c441d, pass
DRAM[262857] = 31000078, pass
DRAM[262858] = 126a547d, pass
DRAM[262859] = 00460000, pass
DRAM[262860] = 00132b42, pass
DRAM[262861] = 3a333241, pass
DRAM[262862] = 00266375, pass
DRAM[262863] = 3d000000, pass
DRAM[262864] = 00007a00, pass
DRAM[262865] = 40002900, pass
DRAM[262866] = 00170000, pass
DRAM[262867] = 63000052, pass
DRAM[262868] = 00220000, pass
DRAM[262869] = 53007b4a, pass
DRAM[262870] = 78596764, pass
DRAM[262871] = 611b0001, pass
DRAM[262872] = 452e0000, pass
DRAM[262873] = 00600050, pass
DRAM[262874] = 4f000000, pass
DRAM[262875] = 0000285b, pass
DRAM[262876] = 00006700, pass
DRAM[262877] = 00390000, pass
DRAM[262878] = 00320059, pass
DRAM[262879] = 04000013, pass
DRAM[262880] = 00003800, pass
DRAM[262881] = 0064000a, pass
DRAM[262882] = 05703845, pass
DRAM[262883] = 2c006b00, pass
DRAM[262884] = 00001d00, pass
DRAM[262885] = 007c6500, pass
DRAM[262886] = 27007f1f, pass
DRAM[262887] = 00173d00, pass
DRAM[262888] = 00000059, pass
DRAM[262889] = 00130000, pass
DRAM[262890] = 006d0000, pass
DRAM[262891] = 00005000, pass
DRAM[262892] = 10345518, pass
DRAM[262893] = 01007f4b, pass
DRAM[262894] = 0059361c, pass
DRAM[262895] = 36340068, pass
DRAM[262896] = 11000000, pass
DRAM[262897] = 79007a00, pass
DRAM[262898] = 0200000d, pass
DRAM[262899] = 76020000, pass
DRAM[262900] = 00510000, pass
DRAM[262901] = 73000041, pass
DRAM[262902] = 00000072, pass
DRAM[262903] = 4a003900, pass
DRAM[262904] = 006d603a, pass
DRAM[262905] = 00004e31, pass
DRAM[262906] = 00000000, pass
DRAM[262907] = 0046001f, pass
DRAM[262908] = 00005800, pass
DRAM[262909] = 0d594d00, pass
DRAM[262910] = 2a705d1f, pass
DRAM[262911] = 00000011, pass
DRAM[262912] = 00662900, pass
DRAM[262913] = 4027006b, pass
DRAM[262914] = 2f6b4700, pass
DRAM[262915] = 00000000, pass
DRAM[262916] = 00000000, pass
DRAM[262917] = 33000069, pass
DRAM[262918] = 00006800, pass
DRAM[262919] = 67036553, pass
DRAM[262920] = 00210053, pass
DRAM[262921] = 7f001a00, pass
DRAM[262922] = 652c0000, pass
DRAM[262923] = 0f003600, pass
DRAM[262924] = 545a7e54, pass
DRAM[262925] = 005e4900, pass
DRAM[262926] = 136e0032, pass
DRAM[262927] = 4e000000, pass
DRAM[262928] = 594d4433, pass
DRAM[262929] = 47007700, pass
DRAM[262930] = 1c00003d, pass
DRAM[262931] = 51000000, pass
DRAM[262932] = 12240000, pass
DRAM[262933] = 54690000, pass
DRAM[262934] = 00281700, pass
DRAM[262935] = 6200445b, pass
DRAM[262936] = 02004e00, pass
DRAM[262937] = 00554872, pass
DRAM[262938] = 00000000, pass
DRAM[262939] = 49706b33, pass
DRAM[262940] = 00691d00, pass
DRAM[262941] = 00620045, pass
DRAM[262942] = 0003507d, pass
DRAM[262943] = 007d7019, pass
DRAM[262944] = 0000001e, pass
DRAM[262945] = 7b3a0000, pass
DRAM[262946] = 00002100, pass
DRAM[262947] = 00003500, pass
DRAM[262948] = 00000000, pass
DRAM[262949] = 1a1b6e09, pass
DRAM[262950] = 00003200, pass
DRAM[262951] = 362b0059, pass
DRAM[262952] = 00712869, pass
DRAM[262953] = 2b3b0027, pass
DRAM[262954] = 0000003d, pass
DRAM[262955] = 77007400, pass
DRAM[262956] = 67001e01, pass
DRAM[262957] = 007a0000, pass
DRAM[262958] = 567b0000, pass
DRAM[262959] = 00003b00, pass
DRAM[262960] = 00004d00, pass
DRAM[262961] = 4f184255, pass
DRAM[262962] = 00003e4d, pass
DRAM[262963] = 00780300, pass
DRAM[262964] = 00000019, pass
DRAM[262965] = 0f562800, pass
DRAM[262966] = 4a40003d, pass
DRAM[262967] = 41070050, pass
DRAM[262968] = 00000055, pass
DRAM[262969] = 62024900, pass
DRAM[262970] = 00000576, pass
DRAM[262971] = 001d2e00, pass
DRAM[262972] = 00001b75, pass
DRAM[262973] = 00000020, pass
DRAM[262974] = 6d007e00, pass
DRAM[262975] = 29000000, pass
DRAM[262976] = 3d007b00, pass
DRAM[262977] = 632e0040, pass
DRAM[262978] = 693b2a00, pass
DRAM[262979] = 00105770, pass
DRAM[262980] = 00000000, pass
DRAM[262981] = 00006b06, pass
DRAM[262982] = 0000567f, pass
DRAM[262983] = 4b000000, pass
DRAM[262984] = 007e0027, pass
DRAM[262985] = 006b2425, pass
DRAM[262986] = 4f000040, pass
DRAM[262987] = 00000000, pass
DRAM[262988] = 442a0000, pass
DRAM[262989] = 2c171311, pass
DRAM[262990] = 56000073, pass
DRAM[262991] = 20000018, pass
DRAM[262992] = 005a0000, pass
DRAM[262993] = 5e730010, pass
DRAM[262994] = 00004500, pass
DRAM[262995] = 00000400, pass
DRAM[262996] = 3a780060, pass
DRAM[262997] = 02201c12, pass
DRAM[262998] = 3c335400, pass
DRAM[262999] = 00000002, pass
DRAM[263000] = 00002900, pass
DRAM[263001] = 00000004, pass
DRAM[263002] = 7d360d00, pass
DRAM[263003] = 00000000, pass
DRAM[263004] = 7616007c, pass
DRAM[263005] = 15190036, pass
DRAM[263006] = 7f005f00, pass
DRAM[263007] = 001d0078, pass
DRAM[263008] = 0c007700, pass
DRAM[263009] = 125d0000, pass
DRAM[263010] = 0000000a, pass
DRAM[263011] = 00000015, pass
DRAM[263012] = 49620000, pass
DRAM[263013] = 48002400, pass
DRAM[263014] = 53000034, pass
DRAM[263015] = 00770001, pass
DRAM[263016] = 0000002c, pass
DRAM[263017] = 1d066d00, pass
DRAM[263018] = 00000078, pass
DRAM[263019] = 6e000000, pass
DRAM[263020] = 7d7f0000, pass
DRAM[263021] = 43307800, pass
DRAM[263022] = 00000f00, pass
DRAM[263023] = 215d0000, pass
DRAM[263024] = 00761400, pass
DRAM[263025] = 00000000, pass
DRAM[263026] = 35002338, pass
DRAM[263027] = 0000000a, pass
DRAM[263028] = 0a48206f, pass
DRAM[263029] = 002b6800, pass
DRAM[263030] = 00000000, pass
DRAM[263031] = 0b00295e, pass
DRAM[263032] = 00000036, pass
DRAM[263033] = 122f0000, pass
DRAM[263034] = 00006221, pass
DRAM[263035] = 00000000, pass
DRAM[263036] = 6d2e001b, pass
DRAM[263037] = 216f0036, pass
DRAM[263038] = 25006900, pass
DRAM[263039] = 00000500, pass
DRAM[263040] = 007b0000, pass
DRAM[263041] = 1c000500, pass
DRAM[263042] = 00004500, pass
DRAM[263043] = 38007a4c, pass
DRAM[263044] = 70007100, pass
DRAM[263045] = 0f005000, pass
DRAM[263046] = 00370417, pass
DRAM[263047] = 4a3a4200, pass
DRAM[263048] = 00750054, pass
DRAM[263049] = 26000800, pass
DRAM[263050] = 2e00004a, pass
DRAM[263051] = 006a000a, pass
DRAM[263052] = 6000082e, pass
DRAM[263053] = 00737b00, pass
DRAM[263054] = 00000051, pass
DRAM[263055] = 5b0c0003, pass
DRAM[263056] = 0004121e, pass
DRAM[263057] = 027c1976, pass
DRAM[263058] = 4d00002c, pass
DRAM[263059] = 00000000, pass
DRAM[263060] = 00000000, pass
DRAM[263061] = 007c0000, pass
DRAM[263062] = 00001a00, pass
DRAM[263063] = 0000006f, pass
DRAM[263064] = 00380000, pass
DRAM[263065] = 15542d00, pass
DRAM[263066] = 0041002e, pass
DRAM[263067] = 3c692b00, pass
DRAM[263068] = 00420000, pass
DRAM[263069] = 5c096819, pass
DRAM[263070] = 004f0061, pass
DRAM[263071] = 48304300, pass
DRAM[263072] = 00720033, pass
DRAM[263073] = 00310076, pass
DRAM[263074] = 00006376, pass
DRAM[263075] = 58004b4d, pass
DRAM[263076] = 70000000, pass
DRAM[263077] = 723b0000, pass
DRAM[263078] = 4b550000, pass
DRAM[263079] = 43596d14, pass
DRAM[263080] = 00726800, pass
DRAM[263081] = 00291000, pass
DRAM[263082] = 00231b00, pass
DRAM[263083] = 1c00792b, pass
DRAM[263084] = 1b000046, pass
DRAM[263085] = 61083900, pass
DRAM[263086] = 3e550000, pass
DRAM[263087] = 4e007200, pass
DRAM[263088] = 76006559, pass
DRAM[263089] = 003a0012, pass
DRAM[263090] = 59005763, pass
DRAM[263091] = 003c004e, pass
DRAM[263092] = 00366600, pass
DRAM[263093] = 6b000000, pass
DRAM[263094] = 00600066, pass
DRAM[263095] = 00004700, pass
DRAM[263096] = 0057000c, pass
DRAM[263097] = 7500201a, pass
DRAM[263098] = 00005155, pass
DRAM[263099] = 007e0000, pass
DRAM[263100] = 00270000, pass
DRAM[263101] = 4669007c, pass
DRAM[263102] = 2a004d00, pass
DRAM[263103] = 00000000, pass
DRAM[263104] = 00001300, pass
DRAM[263105] = 640f3b00, pass
DRAM[263106] = 3b000000, pass
DRAM[263107] = 00004d00, pass
DRAM[263108] = 00005e00, pass
DRAM[263109] = 00000000, pass
DRAM[263110] = 0000006e, pass
DRAM[263111] = 007d0011, pass
DRAM[263112] = 00673a0e, pass
DRAM[263113] = 003f0077, pass
DRAM[263114] = 00004141, pass
DRAM[263115] = 00005500, pass
DRAM[263116] = 64470000, pass
DRAM[263117] = 7f700700, pass
DRAM[263118] = 00390063, pass
DRAM[263119] = 002e0b7c, pass
DRAM[263120] = 2b000030, pass
DRAM[263121] = 00007160, pass
DRAM[263122] = 004e0000, pass
DRAM[263123] = 7a000000, pass
DRAM[263124] = 70005050, pass
DRAM[263125] = 00000000, pass
DRAM[263126] = 08007430, pass
DRAM[263127] = 56000032, pass
DRAM[263128] = 006d0069, pass
DRAM[263129] = 154a0000, pass
DRAM[263130] = 0a240000, pass
DRAM[263131] = 3b005e00, pass
DRAM[263132] = 3a00006d, pass
DRAM[263133] = 3b004c00, pass
DRAM[263134] = 08007374, pass
DRAM[263135] = 087d0000, pass
DRAM[263136] = 1c0f0000, pass
DRAM[263137] = 00273e00, pass
DRAM[263138] = 004d0065, pass
DRAM[263139] = 78000000, pass
DRAM[263140] = 304a0044, pass
DRAM[263141] = 1a1b0015, pass
DRAM[263142] = 004b3b06, pass
DRAM[263143] = 00005000, pass
DRAM[263144] = 00760000, pass
DRAM[263145] = 47007c05, pass
DRAM[263146] = 28130000, pass
DRAM[263147] = 114e0000, pass
DRAM[263148] = 00000c71, pass
DRAM[263149] = 00000003, pass
DRAM[263150] = 53083924, pass
DRAM[263151] = 004b0000, pass
DRAM[263152] = 00282500, pass
DRAM[263153] = 00000000, pass
DRAM[263154] = 33007041, pass
DRAM[263155] = 6c000657, pass
DRAM[263156] = 00000000, pass
DRAM[263157] = 0000001e, pass
DRAM[263158] = 1a001c00, pass
DRAM[263159] = 00003b00, pass
DRAM[263160] = 171d7c7b, pass
DRAM[263161] = 47001700, pass
DRAM[263162] = 00742b2b, pass
DRAM[263163] = 00000022, pass
DRAM[263164] = 2d002c00, pass
DRAM[263165] = 74252f48, pass
DRAM[263166] = 001e0061, pass
DRAM[263167] = 00000400, pass
DRAM[263168] = 00007f34, pass
DRAM[263169] = 0000000d, pass
DRAM[263170] = 00000000, pass
DRAM[263171] = 00770000, pass
DRAM[263172] = 0000002e, pass
DRAM[263173] = 347d7e00, pass
DRAM[263174] = 005a3f00, pass
DRAM[263175] = 4f000065, pass
DRAM[263176] = 00287403, pass
DRAM[263177] = 5458002f, pass
DRAM[263178] = 00730031, pass
DRAM[263179] = 00000a00, pass
DRAM[263180] = 22006053, pass
DRAM[263181] = 00000700, pass
DRAM[263182] = 00000000, pass
DRAM[263183] = 54486500, pass
DRAM[263184] = 2500001f, pass
DRAM[263185] = 007f0016, pass
DRAM[263186] = 74410000, pass
DRAM[263187] = 00753b00, pass
DRAM[263188] = 00640015, pass
DRAM[263189] = 4e210000, pass
DRAM[263190] = 554b7973, pass
DRAM[263191] = 4c264806, pass
DRAM[263192] = 157c0027, pass
DRAM[263193] = 00004c00, pass
DRAM[263194] = 0060066c, pass
DRAM[263195] = 75516b00, pass
DRAM[263196] = 31000062, pass
DRAM[263197] = 4100003a, pass
DRAM[263198] = 00632100, pass
DRAM[263199] = 6610000e, pass
DRAM[263200] = 00004a00, pass
DRAM[263201] = 5a594673, pass
DRAM[263202] = 1c000038, pass
DRAM[263203] = 06004d2f, pass
DRAM[263204] = 00656576, pass
DRAM[263205] = 74550006, pass
DRAM[263206] = 00000000, pass
DRAM[263207] = 4c210000, pass
DRAM[263208] = 004b005d, pass
DRAM[263209] = 1c000000, pass
DRAM[263210] = 63073a7e, pass
DRAM[263211] = 78005200, pass
DRAM[263212] = 00362100, pass
DRAM[263213] = 5900425e, pass
DRAM[263214] = 46297d00, pass
DRAM[263215] = 59256a00, pass
DRAM[263216] = 00010074, pass
DRAM[263217] = 00002f13, pass
DRAM[263218] = 5f16264d, pass
DRAM[263219] = 5d005500, pass
DRAM[263220] = 0d667900, pass
DRAM[263221] = 004b503f, pass
DRAM[263222] = 59666b00, pass
DRAM[263223] = 00007600, pass
DRAM[263224] = 002f0000, pass
DRAM[263225] = 007a6409, pass
DRAM[263226] = 0000007d, pass
DRAM[263227] = 61372400, pass
DRAM[263228] = 00320040, pass
DRAM[263229] = 257f0064, pass
DRAM[263230] = 000c5b00, pass
DRAM[263231] = 00080d05, pass
DRAM[263232] = 004a2900, pass
DRAM[263233] = 00005778, pass
DRAM[263234] = 18000000, pass
DRAM[263235] = 65660000, pass
DRAM[263236] = 00001c00, pass
DRAM[263237] = 00000000, pass
DRAM[263238] = 00001a7a, pass
DRAM[263239] = 00040067, pass
DRAM[263240] = 00400821, pass
DRAM[263241] = 00002e00, pass
DRAM[263242] = 00080300, pass
DRAM[263243] = 00594c7c, pass
DRAM[263244] = 00323d51, pass
DRAM[263245] = 00006f59, pass
DRAM[263246] = 23000000, pass
DRAM[263247] = 005e1300, pass
DRAM[263248] = 4e665d53, pass
DRAM[263249] = 00000000, pass
DRAM[263250] = 3e290346, pass
DRAM[263251] = 005e0000, pass
DRAM[263252] = 002c004d, pass
DRAM[263253] = 0d040000, pass
DRAM[263254] = 005a1e00, pass
DRAM[263255] = 390f6f24, pass
DRAM[263256] = 006f0000, pass
DRAM[263257] = 00433747, pass
DRAM[263258] = 00030000, pass
DRAM[263259] = 6f006004, pass
DRAM[263260] = 00046a00, pass
DRAM[263261] = 45006400, pass
DRAM[263262] = 00000000, pass
DRAM[263263] = 00000000, pass
DRAM[263264] = 00700b00, pass
DRAM[263265] = 00005d00, pass
DRAM[263266] = 00000000, pass
DRAM[263267] = 1b274700, pass
DRAM[263268] = 000c1500, pass
DRAM[263269] = 00000c7a, pass
DRAM[263270] = 000f0004, pass
DRAM[263271] = 4c003700, pass
DRAM[263272] = 00000015, pass
DRAM[263273] = 00004c00, pass
DRAM[263274] = 00000900, pass
DRAM[263275] = 000f000c, pass
DRAM[263276] = 57570000, pass
DRAM[263277] = 572e0000, pass
DRAM[263278] = 006c005d, pass
DRAM[263279] = 6f276400, pass
DRAM[263280] = 00530077, pass
DRAM[263281] = 10000000, pass
DRAM[263282] = 2f4c0000, pass
DRAM[263283] = 23001700, pass
DRAM[263284] = 3e006979, pass
DRAM[263285] = 39000000, pass
DRAM[263286] = 00000029, pass
DRAM[263287] = 00710074, pass
DRAM[263288] = 002e0000, pass
DRAM[263289] = 687f602a, pass
DRAM[263290] = 00006565, pass
DRAM[263291] = 66310000, pass
DRAM[263292] = 56000000, pass
DRAM[263293] = 2f000000, pass
DRAM[263294] = 00000100, pass
DRAM[263295] = 00003300, pass
DRAM[263296] = 001a000e, pass
DRAM[263297] = 00180400, pass
DRAM[263298] = 0045004e, pass
DRAM[263299] = 21007500, pass
DRAM[263300] = 7a120049, pass
DRAM[263301] = 00000000, pass
DRAM[263302] = 00000000, pass
DRAM[263303] = 477c0000, pass
DRAM[263304] = 00000000, pass
DRAM[263305] = 08000000, pass
DRAM[263306] = 00360000, pass
DRAM[263307] = 090e0d00, pass
DRAM[263308] = 71710000, pass
DRAM[263309] = 00000000, pass
DRAM[263310] = 00003600, pass
DRAM[263311] = 7c002d00, pass
DRAM[263312] = 6d2d0000, pass
DRAM[263313] = 7d770000, pass
DRAM[263314] = 124a534b, pass
DRAM[263315] = 00006379, pass
DRAM[263316] = 00400002, pass
DRAM[263317] = 00003b00, pass
DRAM[263318] = 00147a33, pass
DRAM[263319] = 6a000000, pass
DRAM[263320] = 00000077, pass
DRAM[263321] = 2400006f, pass
DRAM[263322] = 25006400, pass
DRAM[263323] = 27670000, pass
DRAM[263324] = 004e0000, pass
DRAM[263325] = 1b006800, pass
DRAM[263326] = 07450003, pass
DRAM[263327] = 13790000, pass
DRAM[263328] = 007a0049, pass
DRAM[263329] = 00405960, pass
DRAM[263330] = 43205711, pass
DRAM[263331] = 79001200, pass
DRAM[263332] = 00005b00, pass
DRAM[263333] = 00005b00, pass
DRAM[263334] = 00761435, pass
DRAM[263335] = 54000010, pass
DRAM[263336] = 14714e00, pass
DRAM[263337] = 7576201a, pass
DRAM[263338] = 0020007a, pass
DRAM[263339] = 006f0000, pass
DRAM[263340] = 00171d0f, pass
DRAM[263341] = 505b0000, pass
DRAM[263342] = 00001f43, pass
DRAM[263343] = 40546a5f, pass
DRAM[263344] = 00520600, pass
DRAM[263345] = 00000000, pass
DRAM[263346] = 001d0000, pass
DRAM[263347] = 00000000, pass
DRAM[263348] = 0000121b, pass
DRAM[263349] = 60323c4d, pass
DRAM[263350] = 5a00005f, pass
DRAM[263351] = 003d1106, pass
DRAM[263352] = 00000000, pass
DRAM[263353] = 004b0000, pass
DRAM[263354] = 3034521e, pass
DRAM[263355] = 28000062, pass
DRAM[263356] = 41000000, pass
DRAM[263357] = 00001000, pass
DRAM[263358] = 04000030, pass
DRAM[263359] = 0f2a0000, pass
DRAM[263360] = 00002700, pass
DRAM[263361] = 6e00111d, pass
DRAM[263362] = 42006c03, pass
DRAM[263363] = 0000002b, pass
DRAM[263364] = 5700350b, pass
DRAM[263365] = 61000000, pass
DRAM[263366] = 00000044, pass
DRAM[263367] = 00120046, pass
DRAM[263368] = 0008261d, pass
DRAM[263369] = 5800676c, pass
DRAM[263370] = 00000038, pass
DRAM[263371] = 00000000, pass
DRAM[263372] = 66005854, pass
DRAM[263373] = 00003a00, pass
DRAM[263374] = 49540000, pass
DRAM[263375] = 58545800, pass
DRAM[263376] = 00680000, pass
DRAM[263377] = 0c000000, pass
DRAM[263378] = 2a6a0009, pass
DRAM[263379] = 00001900, pass
DRAM[263380] = 00000000, pass
DRAM[263381] = 00463100, pass
DRAM[263382] = 1e000000, pass
DRAM[263383] = 0000003a, pass
DRAM[263384] = 22000029, pass
DRAM[263385] = 663c5e00, pass
DRAM[263386] = 10007900, pass
DRAM[263387] = 025c007d, pass
DRAM[263388] = 00054800, pass
DRAM[263389] = 00007a00, pass
DRAM[263390] = 0d001d22, pass
DRAM[263391] = 00000038, pass
DRAM[263392] = 0b000000, pass
DRAM[263393] = 13310000, pass
DRAM[263394] = 2600005c, pass
DRAM[263395] = 0000001f, pass
DRAM[263396] = 05000453, pass
DRAM[263397] = 27005117, pass
DRAM[263398] = 193c0000, pass
DRAM[263399] = 002b055b, pass
DRAM[263400] = 0016292d, pass
DRAM[263401] = 4f004456, pass
DRAM[263402] = 5f007200, pass
DRAM[263403] = 71002f00, pass
DRAM[263404] = 78000048, pass
DRAM[263405] = 00000049, pass
DRAM[263406] = 5b2a0000, pass
DRAM[263407] = 5d22665d, pass
DRAM[263408] = 297a0000, pass
DRAM[263409] = 3e000500, pass
DRAM[263410] = 07002d00, pass
DRAM[263411] = 002c002c, pass
DRAM[263412] = 28002e33, pass
DRAM[263413] = 0000000b, pass
DRAM[263414] = 00490a00, pass
DRAM[263415] = 03123300, pass
DRAM[263416] = 5f000000, pass
DRAM[263417] = 14004b00, pass
DRAM[263418] = 0d3e0000, pass
DRAM[263419] = 00062c14, pass
DRAM[263420] = 4a000005, pass
DRAM[263421] = 16001f00, pass
DRAM[263422] = 0d007900, pass
DRAM[263423] = 00006d15, pass
DRAM[263424] = 4900000c, pass
DRAM[263425] = 0000413d, pass
DRAM[263426] = 00001d00, pass
DRAM[263427] = 00682b1d, pass
DRAM[263428] = 0033002e, pass
DRAM[263429] = 25000000, pass
DRAM[263430] = 32000000, pass
DRAM[263431] = 00452c00, pass
DRAM[263432] = 3d0d061f, pass
DRAM[263433] = 00005e44, pass
DRAM[263434] = 003c6f20, pass
DRAM[263435] = 0000753c, pass
DRAM[263436] = 0059290f, pass
DRAM[263437] = 6d006e31, pass
DRAM[263438] = 00004230, pass
DRAM[263439] = 00670000, pass
DRAM[263440] = 02007e29, pass
DRAM[263441] = 0c6a0000, pass
DRAM[263442] = 002d0000, pass
DRAM[263443] = 002f0064, pass
DRAM[263444] = 35000000, pass
DRAM[263445] = 63430000, pass
DRAM[263446] = 002d0000, pass
DRAM[263447] = 00777d00, pass
DRAM[263448] = 007f0c4a, pass
DRAM[263449] = 61710f00, pass
DRAM[263450] = 0006003b, pass
DRAM[263451] = 00000000, pass
DRAM[263452] = 63005300, pass
DRAM[263453] = 00440000, pass
DRAM[263454] = 00006500, pass
DRAM[263455] = 00780000, pass
DRAM[263456] = 6b002d00, pass
DRAM[263457] = 02000000, pass
DRAM[263458] = 00420262, pass
DRAM[263459] = 00002600, pass
DRAM[263460] = 003b0000, pass
DRAM[263461] = 00253039, pass
DRAM[263462] = 1329003b, pass
DRAM[263463] = 00400000, pass
DRAM[263464] = 3c000000, pass
DRAM[263465] = 15000000, pass
DRAM[263466] = 002e2a2c, pass
DRAM[263467] = 4d026067, pass
DRAM[263468] = 5a002200, pass
DRAM[263469] = 502e0100, pass
DRAM[263470] = 3809007e, pass
DRAM[263471] = 0400003a, pass
DRAM[263472] = 00003c14, pass
DRAM[263473] = 00006800, pass
DRAM[263474] = 00520000, pass
DRAM[263475] = 00000000, pass
DRAM[263476] = 6c0a207d, pass
DRAM[263477] = 00555200, pass
DRAM[263478] = 33650029, pass
DRAM[263479] = 00100000, pass
DRAM[263480] = 00786600, pass
DRAM[263481] = 6d000068, pass
DRAM[263482] = 20003a23, pass
DRAM[263483] = 0000007f, pass
DRAM[263484] = 00000066, pass
DRAM[263485] = 12002c35, pass
DRAM[263486] = 0000671f, pass
DRAM[263487] = 00000000, pass
DRAM[263488] = 18000000, pass
DRAM[263489] = 3f00032d, pass
DRAM[263490] = 00750700, pass
DRAM[263491] = 00370000, pass
DRAM[263492] = 00001f00, pass
DRAM[263493] = 0d002e00, pass
DRAM[263494] = 00490000, pass
DRAM[263495] = 26000f00, pass
DRAM[263496] = 00717033, pass
DRAM[263497] = 00000000, pass
DRAM[263498] = 084f001d, pass
DRAM[263499] = 00160003, pass
DRAM[263500] = 7b1c0000, pass
DRAM[263501] = 3b000000, pass
DRAM[263502] = 002b6005, pass
DRAM[263503] = 00003a00, pass
DRAM[263504] = 00000000, pass
DRAM[263505] = 00000071, pass
DRAM[263506] = 7f000000, pass
DRAM[263507] = 60002154, pass
DRAM[263508] = 39005000, pass
DRAM[263509] = 00000000, pass
DRAM[263510] = 0026081d, pass
DRAM[263511] = 00000026, pass
DRAM[263512] = 49480000, pass
DRAM[263513] = 00006c09, pass
DRAM[263514] = 006d007d, pass
DRAM[263515] = 7616184f, pass
DRAM[263516] = 5a741f65, pass
DRAM[263517] = 5c000000, pass
DRAM[263518] = 007c0054, pass
DRAM[263519] = 005d0f63, pass
DRAM[263520] = 00000000, pass
DRAM[263521] = 5b690073, pass
DRAM[263522] = 004e0000, pass
DRAM[263523] = 3523642a, pass
DRAM[263524] = 00001600, pass
DRAM[263525] = 00003300, pass
DRAM[263526] = 00001300, pass
DRAM[263527] = 23175e00, pass
DRAM[263528] = 47001900, pass
DRAM[263529] = 00000000, pass
DRAM[263530] = 0000000e, pass
DRAM[263531] = 6f7d3a08, pass
DRAM[263532] = 00000000, pass
DRAM[263533] = 007b005f, pass
DRAM[263534] = 5b140079, pass
DRAM[263535] = 110e1d00, pass
DRAM[263536] = 00005934, pass
DRAM[263537] = 006a006d, pass
DRAM[263538] = 0f5f6f00, pass
DRAM[263539] = 3d003100, pass
DRAM[263540] = 004a035d, pass
DRAM[263541] = 00683d00, pass
DRAM[263542] = 00000055, pass
DRAM[263543] = 00000072, pass
DRAM[263544] = 00360000, pass
DRAM[263545] = 2d000074, pass
DRAM[263546] = 006f4e48, pass
DRAM[263547] = 74505a33, pass
DRAM[263548] = 75000000, pass
DRAM[263549] = 002d4a00, pass
DRAM[263550] = 6c000038, pass
DRAM[263551] = 00790000, pass
DRAM[263552] = 001b0009, pass
DRAM[263553] = 00406500, pass
DRAM[263554] = 0000002c, pass
DRAM[263555] = 0000331a, pass
DRAM[263556] = 00104704, pass
DRAM[263557] = 09000000, pass
DRAM[263558] = 00000000, pass
DRAM[263559] = 61000000, pass
DRAM[263560] = 26202823, pass
DRAM[263561] = 00311e00, pass
DRAM[263562] = 00750000, pass
DRAM[263563] = 00325f61, pass
DRAM[263564] = 00043d00, pass
DRAM[263565] = 57240000, pass
DRAM[263566] = 0000000a, pass
DRAM[263567] = 00697c1b, pass
DRAM[263568] = 00217100, pass
DRAM[263569] = 4b000000, pass
DRAM[263570] = 37302f50, pass
DRAM[263571] = 03000000, pass
DRAM[263572] = 00000000, pass
DRAM[263573] = 313e0000, pass
DRAM[263574] = 00642b00, pass
DRAM[263575] = 295e0000, pass
DRAM[263576] = 6f000000, pass
DRAM[263577] = 00004100, pass
DRAM[263578] = 4a5d0000, pass
DRAM[263579] = 2c000052, pass
DRAM[263580] = 20000400, pass
DRAM[263581] = 2f001200, pass
DRAM[263582] = 25000a18, pass
DRAM[263583] = 4e160000, pass
DRAM[263584] = 4d51006e, pass
DRAM[263585] = 1a000073, pass
DRAM[263586] = 00270000, pass
DRAM[263587] = 00000000, pass
DRAM[263588] = 55003700, pass
DRAM[263589] = 0066007f, pass
DRAM[263590] = 00655049, pass
DRAM[263591] = 72007f71, pass
DRAM[263592] = 7315007f, pass
DRAM[263593] = 1b347778, pass
DRAM[263594] = 00000036, pass
DRAM[263595] = 0d6b5779, pass
DRAM[263596] = 00503841, pass
DRAM[263597] = 7a610200, pass
DRAM[263598] = 65004100, pass
DRAM[263599] = 29000011, pass
DRAM[263600] = 003d0000, pass
DRAM[263601] = 00007900, pass
DRAM[263602] = 00230000, pass
DRAM[263603] = 00000000, pass
DRAM[263604] = 196c0058, pass
DRAM[263605] = 3c1a6b00, pass
DRAM[263606] = 00000000, pass
DRAM[263607] = 00002b01, pass
DRAM[263608] = 001b7900, pass
DRAM[263609] = 0021000a, pass
DRAM[263610] = 4f114e4c, pass
DRAM[263611] = 00000019, pass
DRAM[263612] = 0000742d, pass
DRAM[263613] = 00062000, pass
DRAM[263614] = 00450000, pass
DRAM[263615] = 00002709, pass
DRAM[263616] = 00000016, pass
DRAM[263617] = 73003b16, pass
DRAM[263618] = 00620200, pass
DRAM[263619] = 0000737b, pass
DRAM[263620] = 0e003a00, pass
DRAM[263621] = 00003c00, pass
DRAM[263622] = 7b760000, pass
DRAM[263623] = 64380064, pass
DRAM[263624] = 66001912, pass
DRAM[263625] = 0000005b, pass
DRAM[263626] = 000d400c, pass
DRAM[263627] = 19006a5d, pass
DRAM[263628] = 38000077, pass
DRAM[263629] = 00570000, pass
DRAM[263630] = 00000000, pass
DRAM[263631] = 39535225, pass
DRAM[263632] = 1d000059, pass
DRAM[263633] = 4f000000, pass
DRAM[263634] = 0053004d, pass
DRAM[263635] = 00000000, pass
DRAM[263636] = 00690009, pass
DRAM[263637] = 456b3e00, pass
DRAM[263638] = 00000027, pass
DRAM[263639] = 0000762c, pass
DRAM[263640] = 2f007e00, pass
DRAM[263641] = 00000059, pass
DRAM[263642] = 00007f13, pass
DRAM[263643] = 00434000, pass
DRAM[263644] = 3e65003a, pass
DRAM[263645] = 4a786937, pass
DRAM[263646] = 112d0000, pass
DRAM[263647] = 7b000000, pass
DRAM[263648] = 6220555e, pass
DRAM[263649] = 00780100, pass
DRAM[263650] = 003d0011, pass
DRAM[263651] = 6b0c0000, pass
DRAM[263652] = 52001232, pass
DRAM[263653] = 061b0074, pass
DRAM[263654] = 00004862, pass
DRAM[263655] = 567f1516, pass
DRAM[263656] = 00220000, pass
DRAM[263657] = 0613002e, pass
DRAM[263658] = 00270000, pass
DRAM[263659] = 7619002c, pass
DRAM[263660] = 520f0000, pass
DRAM[263661] = 00007400, pass
DRAM[263662] = 0900006a, pass
DRAM[263663] = 005d0000, pass
DRAM[263664] = 0e00187f, pass
DRAM[263665] = 00000000, pass
DRAM[263666] = 62005600, pass
DRAM[263667] = 4700005b, pass
DRAM[263668] = 57000531, pass
DRAM[263669] = 5f000034, pass
DRAM[263670] = 48545d1b, pass
DRAM[263671] = 07000000, pass
DRAM[263672] = 2b000000, pass
DRAM[263673] = 005e1f08, pass
DRAM[263674] = 00000000, pass
DRAM[263675] = 00470068, pass
DRAM[263676] = 00390200, pass
DRAM[263677] = 44004c19, pass
DRAM[263678] = 00305900, pass
DRAM[263679] = 00001e16, pass
DRAM[263680] = 00000000, pass
DRAM[263681] = 00003600, pass
DRAM[263682] = 00093f00, pass
DRAM[263683] = 6e004e22, pass
DRAM[263684] = 5e410032, pass
DRAM[263685] = 23600017, pass
DRAM[263686] = 000a7400, pass
DRAM[263687] = 04000866, pass
DRAM[263688] = 03000000, pass
DRAM[263689] = 00043363, pass
DRAM[263690] = 2c0d4d32, pass
DRAM[263691] = 377a0b00, pass
DRAM[263692] = 11002600, pass
DRAM[263693] = 003f0c62, pass
DRAM[263694] = 14741a36, pass
DRAM[263695] = 00006700, pass
DRAM[263696] = 37000000, pass
DRAM[263697] = 5e006a00, pass
DRAM[263698] = 7d00007d, pass
DRAM[263699] = 10004200, pass
DRAM[263700] = 752c0011, pass
DRAM[263701] = 06000070, pass
DRAM[263702] = 65380039, pass
DRAM[263703] = 4300004f, pass
DRAM[263704] = 1c4b1f1e, pass
DRAM[263705] = 24000000, pass
DRAM[263706] = 00006042, pass
DRAM[263707] = 0000630f, pass
DRAM[263708] = 00004e00, pass
DRAM[263709] = 005b0000, pass
DRAM[263710] = 00000017, pass
DRAM[263711] = 22000062, pass
DRAM[263712] = 00133710, pass
DRAM[263713] = 0c240031, pass
DRAM[263714] = 64000000, pass
DRAM[263715] = 06006350, pass
DRAM[263716] = 00000042, pass
DRAM[263717] = 0000003b, pass
DRAM[263718] = 0038686b, pass
DRAM[263719] = 42000100, pass
DRAM[263720] = 004c0000, pass
DRAM[263721] = 6a000000, pass
DRAM[263722] = 00000b4e, pass
DRAM[263723] = 00633100, pass
DRAM[263724] = 393f7428, pass
DRAM[263725] = 5a646939, pass
DRAM[263726] = 00000000, pass
DRAM[263727] = 00370000, pass
DRAM[263728] = 62430000, pass
DRAM[263729] = 00365600, pass
DRAM[263730] = 7400002b, pass
DRAM[263731] = 56262774, pass
DRAM[263732] = 00773e00, pass
DRAM[263733] = 00000071, pass
DRAM[263734] = 32007e00, pass
DRAM[263735] = 00502e19, pass
DRAM[263736] = 7d005674, pass
DRAM[263737] = 70080034, pass
DRAM[263738] = 00000000, pass
DRAM[263739] = 2e000000, pass
DRAM[263740] = 6d003d5f, pass
DRAM[263741] = 4019066b, pass
DRAM[263742] = 2c0e0000, pass
DRAM[263743] = 0e003400, pass
DRAM[263744] = 00265600, pass
DRAM[263745] = 530d0000, pass
DRAM[263746] = 0000000e, pass
DRAM[263747] = 000c0000, pass
DRAM[263748] = 65000500, pass
DRAM[263749] = 00000000, pass
DRAM[263750] = 007c0000, pass
DRAM[263751] = 00001533, pass
DRAM[263752] = 14004100, pass
DRAM[263753] = 10004d00, pass
DRAM[263754] = 15000000, pass
DRAM[263755] = 74000006, pass
DRAM[263756] = 2e4b6000, pass
DRAM[263757] = 16406c00, pass
DRAM[263758] = 004d126a, pass
DRAM[263759] = 00220000, pass
DRAM[263760] = 39000000, pass
DRAM[263761] = 00003300, pass
DRAM[263762] = 120b4100, pass
DRAM[263763] = 00003f00, pass
DRAM[263764] = 79000000, pass
DRAM[263765] = 00475263, pass
DRAM[263766] = 0b000004, pass
DRAM[263767] = 00004100, pass
DRAM[263768] = 1145553e, pass
DRAM[263769] = 07790000, pass
DRAM[263770] = 71164d31, pass
DRAM[263771] = 00652700, pass
DRAM[263772] = 0079507f, pass
DRAM[263773] = 120a0200, pass
DRAM[263774] = 2100002f, pass
DRAM[263775] = 79004123, pass
DRAM[263776] = 08002626, pass
DRAM[263777] = 00654400, pass
DRAM[263778] = 593a2800, pass
DRAM[263779] = 0055005f, pass
DRAM[263780] = 464d006b, pass
DRAM[263781] = 00000029, pass
DRAM[263782] = 3f000031, pass
DRAM[263783] = 3e15000c, pass
DRAM[263784] = 43530075, pass
DRAM[263785] = 54760000, pass
DRAM[263786] = 34005d00, pass
DRAM[263787] = 2a56003c, pass
DRAM[263788] = 00003900, pass
DRAM[263789] = 42327820, pass
DRAM[263790] = 0e090000, pass
DRAM[263791] = 2a4d0000, pass
DRAM[263792] = 00000000, pass
DRAM[263793] = 0061186a, pass
DRAM[263794] = 00000a00, pass
DRAM[263795] = 00670000, pass
DRAM[263796] = 007a0000, pass
DRAM[263797] = 00004300, pass
DRAM[263798] = 00550062, pass
DRAM[263799] = 25460000, pass
DRAM[263800] = 00020053, pass
DRAM[263801] = 00241100, pass
DRAM[263802] = 1a301b32, pass
DRAM[263803] = 0921006f, pass
DRAM[263804] = 002a4a4a, pass
DRAM[263805] = 00001e00, pass
DRAM[263806] = 00000000, pass
DRAM[263807] = 0000002c, pass
DRAM[263808] = 005f0000, pass
DRAM[263809] = 00250000, pass
DRAM[263810] = 00007b52, pass
DRAM[263811] = 000a0010, pass
DRAM[263812] = 007f2400, pass
DRAM[263813] = 006f0000, pass
DRAM[263814] = 00333200, pass
DRAM[263815] = 53000000, pass
DRAM[263816] = 00230000, pass
DRAM[263817] = 62004d00, pass
DRAM[263818] = 2900093d, pass
DRAM[263819] = 63004a13, pass
DRAM[263820] = 00000000, pass
DRAM[263821] = 00410c00, pass
DRAM[263822] = 00000000, pass
DRAM[263823] = 0953006a, pass
DRAM[263824] = 473e6a00, pass
DRAM[263825] = 5c005700, pass
DRAM[263826] = 0000494b, pass
DRAM[263827] = 4d5b0277, pass
DRAM[263828] = 3a000078, pass
DRAM[263829] = 76000034, pass
DRAM[263830] = 00005500, pass
DRAM[263831] = 007b6961, pass
DRAM[263832] = 00000000, pass
DRAM[263833] = 163c1200, pass
DRAM[263834] = 003e7c00, pass
DRAM[263835] = 0000564d, pass
DRAM[263836] = 4e440100, pass
DRAM[263837] = 66430000, pass
DRAM[263838] = 7a680000, pass
DRAM[263839] = 05000020, pass
DRAM[263840] = 4d002e00, pass
DRAM[263841] = 00000000, pass
DRAM[263842] = 18590000, pass
DRAM[263843] = 006f0c0a, pass
DRAM[263844] = 005a3808, pass
DRAM[263845] = 00006600, pass
DRAM[263846] = 65242875, pass
DRAM[263847] = 55000000, pass
DRAM[263848] = 02000e00, pass
DRAM[263849] = 00005700, pass
DRAM[263850] = 00634000, pass
DRAM[263851] = 00550000, pass
DRAM[263852] = 00000000, pass
DRAM[263853] = 19007602, pass
DRAM[263854] = 0000166c, pass
DRAM[263855] = 000c0b00, pass
DRAM[263856] = 007d0000, pass
DRAM[263857] = 00560030, pass
DRAM[263858] = 06250047, pass
DRAM[263859] = 6a002c00, pass
DRAM[263860] = 00000022, pass
DRAM[263861] = 40007f00, pass
DRAM[263862] = 49000000, pass
DRAM[263863] = 000d2600, pass
DRAM[263864] = 00260073, pass
DRAM[263865] = 782a5f4c, pass
DRAM[263866] = 00366a00, pass
DRAM[263867] = 00554547, pass
DRAM[263868] = 000f3d73, pass
DRAM[263869] = 1b625d55, pass
DRAM[263870] = 00000000, pass
DRAM[263871] = 1f001325, pass
DRAM[263872] = 553a0068, pass
DRAM[263873] = 7d006a00, pass
DRAM[263874] = 005c0000, pass
DRAM[263875] = 57700000, pass
DRAM[263876] = 48491c00, pass
DRAM[263877] = 000f2e19, pass
DRAM[263878] = 501a1f61, pass
DRAM[263879] = 00001800, pass
DRAM[263880] = 77580053, pass
DRAM[263881] = 00005d5e, pass
DRAM[263882] = 3d00003d, pass
DRAM[263883] = 00017b6b, pass
DRAM[263884] = 23002b32, pass
DRAM[263885] = 2400175f, pass
DRAM[263886] = 06000000, pass
DRAM[263887] = 00000010, pass
DRAM[263888] = 172a0073, pass
DRAM[263889] = 00000000, pass
DRAM[263890] = 11003f00, pass
DRAM[263891] = 0d000000, pass
DRAM[263892] = 7800005c, pass
DRAM[263893] = 2966773c, pass
DRAM[263894] = 0000147d, pass
DRAM[263895] = 73030000, pass
DRAM[263896] = 01594200, pass
DRAM[263897] = 3a000013, pass
DRAM[263898] = 23000007, pass
DRAM[263899] = 46000037, pass
DRAM[263900] = 273c0075, pass
DRAM[263901] = 10330030, pass
DRAM[263902] = 00640028, pass
DRAM[263903] = 77020000, pass
DRAM[263904] = 16006d00, pass
DRAM[263905] = 00580026, pass
DRAM[263906] = 00000073, pass
DRAM[263907] = 00007b00, pass
DRAM[263908] = 0000006d, pass
DRAM[263909] = 05003c61, pass
DRAM[263910] = 00757e00, pass
DRAM[263911] = 25000053, pass
DRAM[263912] = 00186e00, pass
DRAM[263913] = 00000027, pass
DRAM[263914] = 2439003e, pass
DRAM[263915] = 6336426d, pass
DRAM[263916] = 6e034500, pass
DRAM[263917] = 00000600, pass
DRAM[263918] = 3800477a, pass
DRAM[263919] = 4b00000f, pass
DRAM[263920] = 6f003a00, pass
DRAM[263921] = 00694600, pass
DRAM[263922] = 00010400, pass
DRAM[263923] = 0011007a, pass
DRAM[263924] = 54000000, pass
DRAM[263925] = 000b005f, pass
DRAM[263926] = 3e0e0052, pass
DRAM[263927] = 3c000036, pass
DRAM[263928] = 79614e3d, pass
DRAM[263929] = 0045544b, pass
DRAM[263930] = 37600000, pass
DRAM[263931] = 00730000, pass
DRAM[263932] = 29000061, pass
DRAM[263933] = 00000000, pass
DRAM[263934] = 4e000049, pass
DRAM[263935] = 0044005c, pass
DRAM[263936] = 00020006, pass
DRAM[263937] = 4e004c3d, pass
DRAM[263938] = 002e0046, pass
DRAM[263939] = 5c000003, pass
DRAM[263940] = 00000000, pass
DRAM[263941] = 00007907, pass
DRAM[263942] = 0008293f, pass
DRAM[263943] = 002f0000, pass
DRAM[263944] = 00044f00, pass
DRAM[263945] = 0700702e, pass
DRAM[263946] = 741b0f00, pass
DRAM[263947] = 00000000, pass
DRAM[263948] = 00570000, pass
DRAM[263949] = 1a3c5f00, pass
DRAM[263950] = 261c0000, pass
DRAM[263951] = 18006f7a, pass
DRAM[263952] = 00002d1f, pass
DRAM[263953] = 18004d00, pass
DRAM[263954] = 00006b59, pass
DRAM[263955] = 171c571c, pass
DRAM[263956] = 4e000000, pass
DRAM[263957] = 00001950, pass
DRAM[263958] = 00000000, pass
DRAM[263959] = 00321100, pass
DRAM[263960] = 00310000, pass
DRAM[263961] = 0000000d, pass
DRAM[263962] = 4a375200, pass
DRAM[263963] = 002c6f00, pass
DRAM[263964] = 36246573, pass
DRAM[263965] = 000d136a, pass
DRAM[263966] = 00500070, pass
DRAM[263967] = 451a1000, pass
DRAM[263968] = 00314a00, pass
DRAM[263969] = 35000300, pass
DRAM[263970] = 0000001f, pass
DRAM[263971] = 2814324e, pass
DRAM[263972] = 3f000000, pass
DRAM[263973] = 7f000067, pass
DRAM[263974] = 00000000, pass
DRAM[263975] = 3912003c, pass
DRAM[263976] = 00000000, pass
DRAM[263977] = 00000000, pass
DRAM[263978] = 17240000, pass
DRAM[263979] = 00240000, pass
DRAM[263980] = 00000046, pass
DRAM[263981] = 41000000, pass
DRAM[263982] = 40640040, pass
DRAM[263983] = 406e4d00, pass
DRAM[263984] = 00013d4b, pass
DRAM[263985] = 481f0000, pass
DRAM[263986] = 30000000, pass
DRAM[263987] = 51004a1c, pass
DRAM[263988] = 00007764, pass
DRAM[263989] = 00390028, pass
DRAM[263990] = 7c0f0072, pass
DRAM[263991] = 164f0000, pass
DRAM[263992] = 00006027, pass
DRAM[263993] = 20000000, pass
DRAM[263994] = 00003b00, pass
DRAM[263995] = 003d4f00, pass
DRAM[263996] = 46195500, pass
DRAM[263997] = 7500311f, pass
DRAM[263998] = 005e1900, pass
DRAM[263999] = 0d190077, pass
DRAM[264000] = 2f000000, pass
DRAM[264001] = 5f4b6965, pass
DRAM[264002] = 0000157a, pass
DRAM[264003] = 31002b28, pass
DRAM[264004] = 00004359, pass
DRAM[264005] = 49000051, pass
DRAM[264006] = 003b0000, pass
DRAM[264007] = 7a000000, pass
DRAM[264008] = 314a0000, pass
DRAM[264009] = 54001203, pass
DRAM[264010] = 00700000, pass
DRAM[264011] = 00000000, pass
DRAM[264012] = 005e6c00, pass
DRAM[264013] = 464e7a05, pass
DRAM[264014] = 00540000, pass
DRAM[264015] = 6d55142f, pass
DRAM[264016] = 00160000, pass
DRAM[264017] = 68000000, pass
DRAM[264018] = 74000000, pass
DRAM[264019] = 54000000, pass
DRAM[264020] = 00222300, pass
DRAM[264021] = 01000073, pass
DRAM[264022] = 2b007a68, pass
DRAM[264023] = 00005500, pass
DRAM[264024] = 064f0047, pass
DRAM[264025] = 00592d00, pass
DRAM[264026] = 26480000, pass
DRAM[264027] = 310d2673, pass
DRAM[264028] = 500b6d51, pass
DRAM[264029] = 00650000, pass
DRAM[264030] = 66004717, pass
DRAM[264031] = 00000000, pass
DRAM[264032] = 44320000, pass
DRAM[264033] = 005e0060, pass
DRAM[264034] = 0065476d, pass
DRAM[264035] = 00003964, pass
DRAM[264036] = 00000068, pass
DRAM[264037] = 006a0900, pass
DRAM[264038] = 06007800, pass
DRAM[264039] = 3c2c0000, pass
DRAM[264040] = 006d0070, pass
DRAM[264041] = 29390209, pass
DRAM[264042] = 2a00004f, pass
DRAM[264043] = 002b6500, pass
DRAM[264044] = 0f000000, pass
DRAM[264045] = 7a4d003d, pass
DRAM[264046] = 34004319, pass
DRAM[264047] = 00006700, pass
DRAM[264048] = 00000045, pass
DRAM[264049] = 00004400, pass
DRAM[264050] = 000d0600, pass
DRAM[264051] = 0c000d75, pass
DRAM[264052] = 00000000, pass
DRAM[264053] = 00640000, pass
DRAM[264054] = 000e5c00, pass
DRAM[264055] = 75003f00, pass
DRAM[264056] = 00000026, pass
DRAM[264057] = 56003200, pass
DRAM[264058] = 063e0070, pass
DRAM[264059] = 1700002e, pass
DRAM[264060] = 3310376a, pass
DRAM[264061] = 0000000e, pass
DRAM[264062] = 00000608, pass
DRAM[264063] = 0040002f, pass
DRAM[264064] = 00790008, pass
DRAM[264065] = 00580000, pass
DRAM[264066] = 27230053, pass
DRAM[264067] = 60005e00, pass
DRAM[264068] = 0e000000, pass
DRAM[264069] = 11000055, pass
DRAM[264070] = 00001c13, pass
DRAM[264071] = 00410000, pass
DRAM[264072] = 7e000556, pass
DRAM[264073] = 4a2a567f, pass
DRAM[264074] = 46005c00, pass
DRAM[264075] = 003f0000, pass
DRAM[264076] = 001c557c, pass
DRAM[264077] = 00006a00, pass
DRAM[264078] = 00140000, pass
DRAM[264079] = 003a0e00, pass
DRAM[264080] = 54531e00, pass
DRAM[264081] = 1d20183e, pass
DRAM[264082] = 001d005b, pass
DRAM[264083] = 00000000, pass
DRAM[264084] = 42007a00, pass
DRAM[264085] = 00111f22, pass
DRAM[264086] = 00770755, pass
DRAM[264087] = 6f002276, pass
DRAM[264088] = 003d0000, pass
DRAM[264089] = 00100039, pass
DRAM[264090] = 00006860, pass
DRAM[264091] = 58180000, pass
DRAM[264092] = 525e0000, pass
DRAM[264093] = 54000000, pass
DRAM[264094] = 1c002200, pass
DRAM[264095] = 00000000, pass
DRAM[264096] = 1e000068, pass
DRAM[264097] = 13204a00, pass
DRAM[264098] = 00000045, pass
DRAM[264099] = 00441900, pass
DRAM[264100] = 0f00001d, pass
DRAM[264101] = 55005f00, pass
DRAM[264102] = 00304700, pass
DRAM[264103] = 00000032, pass
DRAM[264104] = 7c000000, pass
DRAM[264105] = 60694f16, pass
DRAM[264106] = 454d0000, pass
DRAM[264107] = 3b000054, pass
DRAM[264108] = 00000010, pass
DRAM[264109] = 03000000, pass
DRAM[264110] = 00006405, pass
DRAM[264111] = 00000a3b, pass
DRAM[264112] = 00002333, pass
DRAM[264113] = 10580000, pass
DRAM[264114] = 00000022, pass
DRAM[264115] = 0000000e, pass
DRAM[264116] = 78630052, pass
DRAM[264117] = 00005900, pass
DRAM[264118] = 2d000064, pass
DRAM[264119] = 00677c00, pass
DRAM[264120] = 0c6c4213, pass
DRAM[264121] = 003d1e00, pass
DRAM[264122] = 2e170000, pass
DRAM[264123] = 00000015, pass
DRAM[264124] = 2f005e35, pass
DRAM[264125] = 5228004f, pass
DRAM[264126] = 00005300, pass
DRAM[264127] = 00000058, pass
DRAM[264128] = 64047600, pass
DRAM[264129] = 2d000000, pass
DRAM[264130] = 07000065, pass
DRAM[264131] = 00465e6b, pass
DRAM[264132] = 001b7e4f, pass
DRAM[264133] = 003e7600, pass
DRAM[264134] = 00000000, pass
DRAM[264135] = 00007315, pass
DRAM[264136] = 0e3e0059, pass
DRAM[264137] = 00004300, pass
DRAM[264138] = 30000000, pass
DRAM[264139] = 7e000060, pass
DRAM[264140] = 00150000, pass
DRAM[264141] = 2c6f0048, pass
DRAM[264142] = 33083558, pass
DRAM[264143] = 4a0e007f, pass
DRAM[264144] = 003f0000, pass
DRAM[264145] = 26004770, pass
DRAM[264146] = 37000000, pass
DRAM[264147] = 1e470000, pass
DRAM[264148] = 003e4d00, pass
DRAM[264149] = 1e4d7b17, pass
DRAM[264150] = 00146300, pass
DRAM[264151] = 00020000, pass
DRAM[264152] = 157b0040, pass
DRAM[264153] = 00740000, pass
DRAM[264154] = 0000003a, pass
DRAM[264155] = 0f006800, pass
DRAM[264156] = 00000000, pass
DRAM[264157] = 71104b32, pass
DRAM[264158] = 00190000, pass
DRAM[264159] = 2b003b00, pass
DRAM[264160] = 5b7b001d, pass
DRAM[264161] = 0d7e0d00, pass
DRAM[264162] = 00006368, pass
DRAM[264163] = 06003340, pass
DRAM[264164] = 742a0030, pass
DRAM[264165] = 0d04000a, pass
DRAM[264166] = 52002800, pass
DRAM[264167] = 465d0079, pass
DRAM[264168] = 621d7d00, pass
DRAM[264169] = 00000000, pass
DRAM[264170] = 4b36007f, pass
DRAM[264171] = 011f0018, pass
DRAM[264172] = 3b754600, pass
DRAM[264173] = 001b0000, pass
DRAM[264174] = 00720005, pass
DRAM[264175] = 50270300, pass
DRAM[264176] = 4a700048, pass
DRAM[264177] = 30671060, pass
DRAM[264178] = 00170000, pass
DRAM[264179] = 78000000, pass
DRAM[264180] = 001a0000, pass
DRAM[264181] = 5600004b, pass
DRAM[264182] = 7c250000, pass
DRAM[264183] = 00000000, pass
DRAM[264184] = 00007800, pass
DRAM[264185] = 624d0400, pass
DRAM[264186] = 48000000, pass
DRAM[264187] = 00630000, pass
DRAM[264188] = 00001600, pass
DRAM[264189] = 003e2f00, pass
DRAM[264190] = 33002900, pass
DRAM[264191] = 5d000000, pass




        ****************************               
        **                        **       |__||  
        **  Congratulations !!    **      / O.O  | 
        **                        **    /_____   | 
        **  Simulation PASS!!     **   /^ ^ ^ \  |
        **                        **  |^ ^ ^ ^ |w| 
        ****************************   \m___m__|_|


$finish called from file "/home/user1/avsd25/avsd2541/AVSD-2024-VPU-Project/./sim/top_tb.sv", line 161.
Cache hit rate information:
L1CI:
L1CI Hit  Count = 37965
L1CI Miss Count = 80
L1CI Hit  Rate  = 99.79%
L1CD:
READ:
READ  L1CD Hit  Count = 10869
READ  L1CD Miss Count = 527
READ  L1CD Hit  Rate  = 95.38%
WRITE:
WRITE L1CD Hit  Count = 1103
WRITE L1CD Miss Count = 4152
WRITE L1CD Hit  Rate  = 20.99%
TOTAL:
TOTAL L1CD Hit  Count = 11972
TOTAL L1CD Miss Count = 4679
TOTAL L1CD Hit  Rate  = 71.90%
Total Instruction Count = 31207
Total Cycle       Count = 80821
IPC                     = 0.39
$finish at simulation time              8087210
           V C S   S i m u l a t i o n   R e p o r t 
Time: 80872100 ps
CPU Time:      3.540 seconds;       Data structure size:   0.3Mb
Mon Oct 20 14:48:19 2025
CPU time: 1.228 seconds to compile + .359 seconds to elab + .220 seconds to link + 3.572 seconds in simulation
