Building and running PROG = 1
riscv64-unknown-elf-gcc boot.o main.o setup.o isr.o data.o -static -nostdlib -nostartfiles -march=rv32imf -mabi=ilp32 -Tlink.ld -lgcc -o main
make[2]: Warning: File `main' has modification time 833 s in the future
riscv64-unknown-elf-objdump -xsd main > main.log
riscv64-unknown-elf-objcopy -O verilog main -i 4 -b 0 -j .text0 --change-addresses 0 rom0.hex
riscv64-unknown-elf-objcopy -O verilog main -i 4 -b 1 -j .text0 --change-addresses 0 rom1.hex
riscv64-unknown-elf-objcopy -O verilog main -i 4 -b 2 -j .text0 --change-addresses 0 rom2.hex
riscv64-unknown-elf-objcopy -O verilog main -i 4 -b 3 -j .text0 --change-addresses 0 rom3.hex
riscv64-unknown-elf-objcopy -O verilog main -i 4 -b 0 -R .text0 --change-addresses -0x20000000 dram0.hex
riscv64-unknown-elf-objcopy -O verilog main -i 4 -b 1 -R .text0 --change-addresses -0x20000000 dram1.hex
riscv64-unknown-elf-objcopy -O verilog main -i 4 -b 2 -R .text0 --change-addresses -0x20000000 dram2.hex
riscv64-unknown-elf-objcopy -O verilog main -i 4 -b 3 -R .text0 --change-addresses -0x20000000 dram3.hex
make[2]: warning:  Clock skew detected.  Your build may be incomplete.
                         Chronologic VCS (TM)
         Version V-2023.12_Full64 -- Mon Oct 20 14:44:17 2025

                    Copyright (c) 1991 - 2023 Synopsys, Inc.
   This software and the associated documentation are proprietary to Synopsys,
 Inc. This software may only be used in accordance with the terms and conditions
 of a written license agreement with Synopsys, Inc. All other use, reproduction,
   or distribution of this software is strictly prohibited.  Licensed Products
     communicate with Synopsys servers for the purpose of providing software
    updates, detecting software piracy and verifying that customers are using
    Licensed Products in conformity with the applicable License Key for such
  Licensed Products. Synopsys will use information gathered in connection with
    this process to deliver software updates and pursue software pirates and
                                   infringers.

 Inclusivity & Diversity - Visit SolvNetPlus to read the "Synopsys Statement on
            Inclusivity and Diversity" (Refer to article 000036315 at
                        https://solvnetplus.synopsys.com)

Parsing design file '/home/user1/avsd25/avsd2541/AVSD-2024-VPU-Project/./sim/top_tb.sv'
Parsing included file '/home/user1/avsd25/avsd2541/AVSD-2024-VPU-Project/./sim/CYCLE_MAX.sv'.
Back to file '/home/user1/avsd25/avsd2541/AVSD-2024-VPU-Project/./sim/top_tb.sv'.
Parsing included file '/home/user1/avsd25/avsd2541/AVSD-2024-VPU-Project/./sim/ROM/ROM.v'.
Back to file '/home/user1/avsd25/avsd2541/AVSD-2024-VPU-Project/./sim/top_tb.sv'.
Parsing included file '/home/user1/avsd25/avsd2541/AVSD-2024-VPU-Project/./sim/DRAM/DRAM.sv'.
Back to file '/home/user1/avsd25/avsd2541/AVSD-2024-VPU-Project/./sim/top_tb.sv'.
Parsing included file '/home/user1/avsd25/avsd2541/AVSD-2024-VPU-Project/./src/CHIP.v'.
Back to file '/home/user1/avsd25/avsd2541/AVSD-2024-VPU-Project/./sim/top_tb.sv'.
Parsing included file '/home/user1/avsd25/avsd2541/AVSD-2024-VPU-Project/./sim/SRAM/SRAM_rtl.sv'.
Back to file '/home/user1/avsd25/avsd2541/AVSD-2024-VPU-Project/./sim/top_tb.sv'.
Parsing included file '/home/user1/avsd25/avsd2541/AVSD-2024-VPU-Project/./sim/data_array/data_array_rtl.sv'.
Back to file '/home/user1/avsd25/avsd2541/AVSD-2024-VPU-Project/./sim/top_tb.sv'.
Parsing included file '/home/user1/avsd25/avsd2541/AVSD-2024-VPU-Project/./sim/tag_array/tag_array_rtl.sv'.
Back to file '/home/user1/avsd25/avsd2541/AVSD-2024-VPU-Project/./sim/top_tb.sv'.
Parsing design file '../include/AXI_define.svh'
Parsing design file '../include/def.svh'
Parsing design file '../src/top.sv'
Parsing included file '../include/def.svh'.
Back to file '../src/top.sv'.
Parsing included file '../include/AXI_define.svh'.
Back to file '../src/top.sv'.
Parsing design file '../src/AXI/AXI_decoder.sv'
Parsing design file '../src/AXI/AXI.sv'
Parsing design file '../src/Cache/data_array_wrapper.sv'
Parsing design file '../src/Cache/tag_array_wrapper.sv'
Parsing design file '../src/Cache/L1C_data.sv'
Parsing design file '../src/Cache/L1C_inst.sv'
Parsing design file '../src/CPU/CPU.sv'
Parsing design file '../src/CPU/if_stage.sv'
Parsing design file '../src/CPU/id_stage.sv'
Parsing design file '../src/CPU/exe_stage.sv'
Parsing design file '../src/CPU/mem_stage.sv'
Parsing design file '../src/CPU/wb_stage.sv'
Parsing design file '../src/CPU/controller.sv'
Parsing design file '../src/CPU/rv_decoder.sv'
Parsing design file '../src/CPU/regfiles.sv'
Parsing design file '../src/CPU/fp_regfiles.sv'
Parsing design file '../src/CPU/alu.sv'
Parsing design file '../src/CPU/csr.sv'
Parsing design file '../src/CPU/multiplier.sv'
Parsing design file '../src/CPU/bht.sv'
Parsing design file '../src/CPU/btb.sv'
Parsing design file '../src/CPU/ras.sv'
Parsing design file '../src/FPU/FPU.sv'
Parsing design file '../src/FPU/fpu_mul_alu.sv'
Parsing design file '../src/DMA/DMA.sv'
Parsing design file '../src/WDT/WDT.sv'
Parsing design file '../src/WDT/Async_FIFO_1bit.sv'
Parsing design file '../src/WDT/Async_FIFO_32bit.sv'
Parsing design file '../src/WDT/Two_Flip_Flop.sv'
Parsing design file '../src/VPU/VPU.sv'
Parsing design file '../src/VPU/VPU_id_stage.sv'
Parsing design file '../src/VPU/VPU_issue_stage.sv'
Parsing design file '../src/VPU/VPU_execute_stage.sv'
Parsing design file '../src/VPU/VPU_commit_stage.sv'
Parsing design file '../src/VPU/VPU_decoder.sv'
Parsing design file '../src/VPU/VPU_instruction_queue.sv'
Parsing design file '../src/VPU/VPU_cfg.sv'
Parsing design file '../src/VPU/VPU_alu.sv'
Parsing design file '../src/VPU/VPU_mul.sv'
Parsing design file '../src/VPU/VPU_sld.sv'
Parsing design file '../src/VPU/VPU_elem.sv'
Parsing design file '../src/VPU/VPU_mask.sv'
Parsing design file '../src/VPU/VPU_lsu.sv'
Parsing design file '../src/VPU/VPU_regfile.sv'
Parsing design file '../src/VPU/VPU_lane.sv'
Parsing design file '../src/VPU/VPU_lane_wrapper.sv'
Parsing design file '../src/Wrapper/CPU_wrapper.sv'
Parsing design file '../src/Wrapper/DMA_wrapper.sv'
Parsing design file '../src/Wrapper/DRAM_wrapper.sv'
Parsing design file '../src/Wrapper/ROM_wrapper.sv'
Parsing design file '../src/Wrapper/IM_wrapper.sv'
Parsing design file '../src/Wrapper/DM_wrapper.sv'
Parsing included file '../include/AXI_define.svh'.
Back to file '../src/Wrapper/DM_wrapper.sv'.
Parsing design file '../src/Wrapper/WDT_wrapper.sv'
Parsing design file '/usr/cad/CBDK/Executable_Package/Collaterals/IP/stdio/N16ADFP_StdIO/VERILOG/N16ADFP_StdIO.v'
Top Level Modules:
       top_tb
       PCORNER
       PFILLER00001
       PFILLER00048
       PFILLER01008
       PFILLER10080
       PRCUT_H
       PRCUT_V
       PVDD1CDGM_H
       PVDD1CDGM_V
       PVDD2CDGM_H
       PVDD2CDGM_V
TimeScale is 1 ns / 10 ps
Starting vcs inline pass...

43 modules and 0 UDP read.
	However, due to incremental compilation, no re-compilation is necessary.
make[2]: Warning: File `filelist.hsopt.llvm2_0.objs' has modification time 833 s in the future
make[2]: warning:  Clock skew detected.  Your build may be incomplete.
make[2]: Warning: File `filelist.cu' has modification time 832 s in the future
make[3]: Warning: File `filelist.cu' has modification time 832 s in the future
rm -f _cuarc*.so _csrc*.so pre_vcsobj_*.so share_vcsobj_*.so
make[3]: warning:  Clock skew detected.  Your build may be incomplete.
make[3]: Warning: File `filelist.cu' has modification time 832 s in the future
make[3]: warning:  Clock skew detected.  Your build may be incomplete.
if [ -x ../simv ]; then chmod a-x ../simv; fi
g++  -o ../simv      -rdynamic  -Wl,-rpath='$ORIGIN'/simv.daidir -Wl,-rpath=./simv.daidir -Wl,-rpath=/usr/cad/synopsys/vcs/cur/linux64/lib -L/usr/cad/synopsys/vcs/cur/linux64/lib  -Wl,-rpath-link=./  /usr/lib64/libnuma.so.1   objs/amcQw_d.o   _185726_archive_1.so _prev_archive_1.so   SIM_l.o      rmapats_mop.o rmapats.o rmar.o rmar_nd.o  rmar_llvm_0_1.o rmar_llvm_0_0.o            -lvirsim -lerrorinf -lsnpsmalloc -lvfs    -lvcsnew -lsimprofile -luclinative /usr/cad/synopsys/vcs/cur/linux64/lib/vcs_tls.o   -Wl,-whole-archive  -lvcsucli    -Wl,-no-whole-archive        _vcs_pli_stub_.o   /usr/cad/synopsys/vcs/cur/linux64/lib/vcs_save_restore_new.o /usr/cad/synopsys/verdi/cur/share/PLI/VCS/LINUX64/pli.a -ldl  -lc -lm -lpthread -ldl 
../simv up to date
make[2]: warning:  Clock skew detected.  Your build may be incomplete.
Info: [VCS_SAVE_RESTORE_INFO] ASLR (Address Space Layout Randomization) is detected on the machine. To enable $save functionality, ASLR will be switched off and simv re-executed.
Please use '-no_save' simv switch to avoid re-execution or '-suppress=ASLR_DETECTED_INFO' to suppress this message.
Notice: timing checks disabled with +notimingcheck at compile-time
Chronologic VCS simulator copyright 1991-2023
Contains Synopsys proprietary information.
Compiler version V-2023.12_Full64; Runtime version V-2023.12_Full64;  Oct 20 14:44 2025

Done

DRAM[262144] = 806b8052, pass
DRAM[262145] = 85e3834a, pass
DRAM[262146] = 89758755, pass
DRAM[262147] = 992998ac, pass
DRAM[262148] = 9aef9996, pass
DRAM[262149] = 9de29c80, pass
DRAM[262150] = a05f9fa2, pass
DRAM[262151] = a801a5ee, pass
DRAM[262152] = aca1aa71, pass
DRAM[262153] = b472aee0, pass
DRAM[262154] = b8efb675, pass
DRAM[262155] = bbbfb929, pass
DRAM[262156] = bfbabd28, pass
DRAM[262157] = c4cec28f, pass
DRAM[262158] = cb56c77e, pass
DRAM[262159] = ccdccc17, pass
DRAM[262160] = cfcacd64, pass
DRAM[262161] = d54fd460, pass
DRAM[262162] = da90d7c8, pass
DRAM[262163] = de28dc88, pass
DRAM[262164] = e2cae0b8, pass
DRAM[262165] = e815e6b8, pass
DRAM[262166] = e951e8a0, pass
DRAM[262167] = ec5aebc9, pass
DRAM[262168] = ed40ece8, pass
DRAM[262169] = f1fdf08a, pass
DRAM[262170] = f539f217, pass
DRAM[262171] = fdb1f56e, pass
DRAM[262172] = fe76fe0f, pass
DRAM[262173] = 05a60213, pass
DRAM[262174] = 0a9506ff, pass
DRAM[262175] = 0b420ad2, pass
DRAM[262176] = 10480ea6, pass
DRAM[262177] = 13da10aa, pass
DRAM[262178] = 181217e4, pass
DRAM[262179] = 197f18fd, pass
DRAM[262180] = 1c4b1c49, pass
DRAM[262181] = 20b61f37, pass
DRAM[262182] = 2593229f, pass
DRAM[262183] = 29832604, pass
DRAM[262184] = 2d9c2a53, pass
DRAM[262185] = 350930c5, pass
DRAM[262186] = 35ba351d, pass
DRAM[262187] = 379935f2, pass
DRAM[262188] = 39373882, pass
DRAM[262189] = 418f40a0, pass
DRAM[262190] = 49754704, pass
DRAM[262191] = 4ada4abf, pass
DRAM[262192] = 4df04dd3, pass
DRAM[262193] = 51eb4f5f, pass
DRAM[262194] = 560a54c6, pass
DRAM[262195] = 5ea9587c, pass
DRAM[262196] = 630c6302, pass
DRAM[262197] = 64c16426, pass
DRAM[262198] = 67bd676b, pass
DRAM[262199] = 6cea6a47, pass
DRAM[262200] = 6d736cfe, pass
DRAM[262201] = 70b06d81, pass
DRAM[262202] = 736d70f7, pass
DRAM[262203] = 781f76a5, pass
DRAM[262204] = 7b6a7961, pass
DRAM[262205] = 7c0e7b93, pass
DRAM[262206] = 7e357c2b, pass
DRAM[262207] = 7fb77e74, pass




        ****************************               
        **                        **       |__||  
        **  Congratulations !!    **      / O.O  | 
        **                        **    /_____   | 
        **  Simulation PASS!!     **   /^ ^ ^ \  |
        **                        **  |^ ^ ^ ^ |w| 
        ****************************   \m___m__|_|


$finish called from file "/home/user1/avsd25/avsd2541/AVSD-2024-VPU-Project/./sim/top_tb.sv", line 161.
Cache hit rate information:
L1CI:
L1CI Hit  Count = 57705
L1CI Miss Count = 114
L1CI Hit  Rate  = 99.80%
L1CD:
READ:
READ  L1CD Hit  Count = 15224
READ  L1CD Miss Count = 59
READ  L1CD Hit  Rate  = 99.61%
WRITE:
WRITE L1CD Hit  Count = 4045
WRITE L1CD Miss Count = 2266
WRITE L1CD Hit  Rate  = 64.09%
TOTAL:
TOTAL L1CD Hit  Count = 19269
TOTAL L1CD Miss Count = 2325
TOTAL L1CD Hit  Rate  = 89.23%
Total Instruction Count = 42667
Total Cycle       Count = 71485
IPC                     = 0.60
$finish at simulation time              7153610
           V C S   S i m u l a t i o n   R e p o r t 
Time: 71536100 ps
CPU Time:      3.630 seconds;       Data structure size:   0.3Mb
Mon Oct 20 14:44:23 2025
CPU time: 1.243 seconds to compile + .349 seconds to elab + .236 seconds to link + 3.669 seconds in simulation
