Building and running PROG = 6
riscv64-unknown-elf-objdump -xsd main > main.log
riscv64-unknown-elf-objcopy -O verilog main -i 4 -b 0 -j .text0 --change-addresses 0 rom0.hex
riscv64-unknown-elf-objcopy -O verilog main -i 4 -b 1 -j .text0 --change-addresses 0 rom1.hex
riscv64-unknown-elf-objcopy -O verilog main -i 4 -b 2 -j .text0 --change-addresses 0 rom2.hex
riscv64-unknown-elf-objcopy -O verilog main -i 4 -b 3 -j .text0 --change-addresses 0 rom3.hex
riscv64-unknown-elf-objcopy -O verilog main -i 4 -b 0 -R .text0 --change-addresses -0x20000000 dram0.hex
riscv64-unknown-elf-objcopy -O verilog main -i 4 -b 1 -R .text0 --change-addresses -0x20000000 dram1.hex
riscv64-unknown-elf-objcopy -O verilog main -i 4 -b 2 -R .text0 --change-addresses -0x20000000 dram2.hex
riscv64-unknown-elf-objcopy -O verilog main -i 4 -b 3 -R .text0 --change-addresses -0x20000000 dram3.hex
                         Chronologic VCS (TM)
       Version U-2023.03-SP2_Full64 -- Tue Jan 14 15:20:18 2025

                    Copyright (c) 1991 - 2023 Synopsys, Inc.
   This software and the associated documentation are proprietary to Synopsys,
 Inc. This software may only be used in accordance with the terms and conditions
 of a written license agreement with Synopsys, Inc. All other use, reproduction,
   or distribution of this software is strictly prohibited.  Licensed Products
     communicate with Synopsys servers for the purpose of providing software
    updates, detecting software piracy and verifying that customers are using
    Licensed Products in conformity with the applicable License Key for such
  Licensed Products. Synopsys will use information gathered in connection with
    this process to deliver software updates and pursue software pirates and
                                   infringers.

 Inclusivity & Diversity - Visit SolvNetPlus to read the "Synopsys Statement on
            Inclusivity and Diversity" (Refer to article 000036315 at
                        https://solvnetplus.synopsys.com)

Parsing design file '/home/user2/avsd24/avsd2402/Homework/test/Ultimate/./sim/top_tb.sv'
Parsing included file '/home/user2/avsd24/avsd2402/Homework/test/Ultimate/./sim/CYCLE_MAX.sv'.
Back to file '/home/user2/avsd24/avsd2402/Homework/test/Ultimate/./sim/top_tb.sv'.
Parsing included file '/home/user2/avsd24/avsd2402/Homework/test/Ultimate/./sim/ROM/ROM.v'.
Back to file '/home/user2/avsd24/avsd2402/Homework/test/Ultimate/./sim/top_tb.sv'.
Parsing included file '/home/user2/avsd24/avsd2402/Homework/test/Ultimate/./sim/DRAM/DRAM.sv'.
Back to file '/home/user2/avsd24/avsd2402/Homework/test/Ultimate/./sim/top_tb.sv'.
Parsing included file '/home/user2/avsd24/avsd2402/Homework/test/Ultimate/./src/CHIP.v'.
Back to file '/home/user2/avsd24/avsd2402/Homework/test/Ultimate/./sim/top_tb.sv'.
Parsing included file '/home/user2/avsd24/avsd2402/Homework/test/Ultimate/./sim/SRAM/SRAM_rtl.sv'.
Back to file '/home/user2/avsd24/avsd2402/Homework/test/Ultimate/./sim/top_tb.sv'.
Parsing included file '/home/user2/avsd24/avsd2402/Homework/test/Ultimate/./sim/data_array/data_array_rtl.sv'.
Back to file '/home/user2/avsd24/avsd2402/Homework/test/Ultimate/./sim/top_tb.sv'.
Parsing included file '/home/user2/avsd24/avsd2402/Homework/test/Ultimate/./sim/tag_array/tag_array_rtl.sv'.
Back to file '/home/user2/avsd24/avsd2402/Homework/test/Ultimate/./sim/top_tb.sv'.
Parsing design file '../include/AXI_define.svh'
Parsing design file '../include/def.svh'
Parsing design file '../src/top.sv'
Parsing included file '../include/def.svh'.
Back to file '../src/top.sv'.
Parsing included file '../include/AXI_define.svh'.
Back to file '../src/top.sv'.
Parsing design file '../src/AXI/AXI_decoder.sv'
Parsing design file '../src/AXI/AXI.sv'
Parsing design file '../src/Cache/data_array_wrapper.sv'
Parsing design file '../src/Cache/tag_array_wrapper.sv'
Parsing design file '../src/Cache/L1C_data.sv'
Parsing design file '../src/Cache/L1C_inst.sv'
Parsing design file '../src/CPU/CPU.sv'
Parsing design file '../src/CPU/if_stage.sv'
Parsing design file '../src/CPU/id_stage.sv'
Parsing design file '../src/CPU/exe_stage.sv'
Parsing design file '../src/CPU/mem_stage.sv'
Parsing design file '../src/CPU/wb_stage.sv'
Parsing design file '../src/CPU/controller.sv'
Parsing design file '../src/CPU/rv_decoder.sv'
Parsing design file '../src/CPU/regfiles.sv'
Parsing design file '../src/CPU/fp_regfiles.sv'
Parsing design file '../src/CPU/alu.sv'
Parsing design file '../src/CPU/csr.sv'
Parsing design file '../src/CPU/multiplier.sv'
Parsing design file '../src/CPU/bht.sv'
Parsing design file '../src/CPU/btb.sv'
Parsing design file '../src/CPU/ras.sv'
Parsing design file '../src/FPU/FPU.sv'
Parsing design file '../src/FPU/fpu_mul_alu.sv'
Parsing design file '../src/DMA/DMA.sv'
Parsing design file '../src/WDT/WDT.sv'
Parsing design file '../src/WDT/Async_FIFO_1bit.sv'
Parsing design file '../src/WDT/Async_FIFO_32bit.sv'
Parsing design file '../src/WDT/Two_Flip_Flop.sv'
Parsing design file '../src/VPU/VPU.sv'
Parsing design file '../src/VPU/VPU_id_stage.sv'
Parsing design file '../src/VPU/VPU_issue_stage.sv'
Parsing design file '../src/VPU/VPU_execute_stage.sv'
Parsing design file '../src/VPU/VPU_commit_stage.sv'
Parsing design file '../src/VPU/VPU_decoder.sv'
Parsing design file '../src/VPU/VPU_instruction_queue.sv'
Parsing design file '../src/VPU/VPU_cfg.sv'
Parsing design file '../src/VPU/VPU_alu.sv'
Parsing design file '../src/VPU/VPU_mul.sv'
Parsing design file '../src/VPU/VPU_sld.sv'
Parsing design file '../src/VPU/VPU_elem.sv'
Parsing design file '../src/VPU/VPU_mask.sv'
Parsing design file '../src/VPU/VPU_lsu.sv'
Parsing design file '../src/VPU/VPU_regfile.sv'
Parsing design file '../src/VPU/VPU_lane.sv'
Parsing design file '../src/VPU/VPU_lane_wrapper.sv'
Parsing design file '../src/Wrapper/CPU_wrapper.sv'
Parsing design file '../src/Wrapper/DMA_wrapper.sv'
Parsing design file '../src/Wrapper/DRAM_wrapper.sv'
Parsing design file '../src/Wrapper/ROM_wrapper.sv'
Parsing design file '../src/Wrapper/IM_wrapper.sv'
Parsing design file '../src/Wrapper/DM_wrapper.sv'
Parsing included file '../include/AXI_define.svh'.
Back to file '../src/Wrapper/DM_wrapper.sv'.
Parsing design file '../src/Wrapper/WDT_wrapper.sv'
Parsing design file '/usr/cad/CBDK/Executable_Package/Collaterals/IP/stdio/N16ADFP_StdIO/VERILOG/N16ADFP_StdIO.v'
Top Level Modules:
       top_tb
       PCORNER
       PFILLER00001
       PFILLER00048
       PFILLER01008
       PFILLER10080
       PRCUT_H
       PRCUT_V
       PVDD1CDGM_H
       PVDD1CDGM_V
       PVDD2CDGM_H
       PVDD2CDGM_V
TimeScale is 1 ns / 10 ps
Starting vcs inline pass...

43 modules and 0 UDP read.
recompiling module DRAM
	However, due to incremental compilation, only 1 module needs to be compiled. 
rm -f _cuarc*.so _csrc*.so pre_vcsobj_*.so share_vcsobj_*.so
if [ -x ../simv ]; then chmod a-x ../simv; fi
g++  -o ../simv      -rdynamic  -Wl,-rpath='$ORIGIN'/simv.daidir -Wl,-rpath=./simv.daidir -Wl,-rpath=/usr/cad/synopsys/vcs/cur/linux64/lib -L/usr/cad/synopsys/vcs/cur/linux64/lib  -Wl,-rpath-link=./  /usr/lib64/libnuma.so.1   objs/amcQw_d.o   _128652_archive_1.so _prev_archive_1.so   SIM_l.o      rmapats_mop.o rmapats.o rmar.o rmar_nd.o  rmar_llvm_0_1.o rmar_llvm_0_0.o            -lvirsim -lerrorinf -lsnpsmalloc -lvfs    -lvcsnew -lsimprofile -luclinative /usr/cad/synopsys/vcs/cur/linux64/lib/vcs_tls.o   -Wl,-whole-archive  -lvcsucli    -Wl,-no-whole-archive        _vcs_pli_stub_.o   /usr/cad/synopsys/vcs/cur/linux64/lib/vcs_save_restore_new.o /usr/cad/synopsys/verdi/cur/share/PLI/VCS/LINUX64/pli.a -ldl  -lc -lm -lpthread -ldl 
../simv up to date
Info: [VCS_SAVE_RESTORE_INFO] ASLR (Address Space Layout Randomization) is detected on the machine. To enable $save functionality, ASLR will be switched off and simv re-executed.
Please use '-no_save' simv switch to avoid re-execution or '-suppress=ASLR_DETECTED_INFO' to suppress this message.
Notice: timing checks disabled with +notimingcheck at compile-time
Chronologic VCS simulator copyright 1991-2023
Contains Synopsys proprietary information.
Compiler version U-2023.03-SP2_Full64; Runtime version U-2023.03-SP2_Full64;  Jan 14 15:20 2025

Done

DRAM[262144] = 0852e510, pass
DRAM[262145] = eaa585fd, pass
DRAM[262146] = baa6ee5b, pass
DRAM[262147] = 17a95b4d, pass
DRAM[262148] = 7c91a307, pass
DRAM[262149] = 77741d72, pass
DRAM[262150] = 8bf5dfef, pass
DRAM[262151] = 6a13ada0, pass
DRAM[262152] = e097496f, pass
DRAM[262153] = 9c44da29, pass
DRAM[262154] = 24faf5f9, pass
DRAM[262155] = 54ab4ec8, pass
DRAM[262156] = 0a9b7e82, pass
DRAM[262157] = b143a2da, pass
DRAM[262158] = b30e710d, pass
DRAM[262159] = ba9900e4, pass
DRAM[262160] = 828867e5, pass
DRAM[262161] = 23febf38, pass
DRAM[262162] = 0ea29421, pass
DRAM[262163] = 6dd43081, pass
DRAM[262164] = 80097643, pass
DRAM[262165] = 5d1b508e, pass
DRAM[262166] = d6c91b53, pass
DRAM[262167] = 877f5868, pass
DRAM[262168] = bb10f8a4, pass
DRAM[262169] = a44d54e3, pass
DRAM[262170] = 3893666d, pass
DRAM[262171] = d38ac6f3, pass
DRAM[262172] = 4282eca7, pass
DRAM[262173] = de62acdd, pass
DRAM[262174] = c21351fb, pass
DRAM[262175] = a565a342, pass
DRAM[262176] = 2390ce18, pass
DRAM[262177] = ef356017, pass
DRAM[262178] = e32c10cc, pass
DRAM[262179] = 06aae894, pass
DRAM[262180] = 13e6202b, pass
DRAM[262181] = 653930c0, pass
DRAM[262182] = 459d8259, pass
DRAM[262183] = dc3ab60d, pass
DRAM[262184] = ec277bbb, pass
DRAM[262185] = 9932234f, pass
DRAM[262186] = 5808d642, pass
DRAM[262187] = e50234f3, pass
DRAM[262188] = b38d477f, pass
DRAM[262189] = ca93aa18, pass
DRAM[262190] = 3343b893, pass
DRAM[262191] = 7f77ac4f, pass
DRAM[262192] = eba59590, pass
DRAM[262193] = 0431ab95, pass
DRAM[262194] = c68b6f2e, pass
DRAM[262195] = 231b658e, pass
DRAM[262196] = a0d5df3a, pass
DRAM[262197] = 92c01089, pass
DRAM[262198] = 60510474, pass
DRAM[262199] = 56f8c686, pass
DRAM[262200] = 95aa7004, pass
DRAM[262201] = c750cc7f, pass
DRAM[262202] = af100e1d, pass
DRAM[262203] = 50287fee, pass
DRAM[262204] = 87b87685, pass
DRAM[262205] = 882a3cbd, pass
DRAM[262206] = de5fcc46, pass
DRAM[262207] = 17fea964, pass
DRAM[262208] = f2f10f8e, pass
DRAM[262209] = 256da3ef, pass
DRAM[262210] = 0de9d308, pass
DRAM[262211] = 6c27cfd3, pass
DRAM[262212] = 710b53ab, pass
DRAM[262213] = e0ececd1, pass
DRAM[262214] = 649f8912, pass
DRAM[262215] = 6bf59ec0, pass
DRAM[262216] = aa2ce34a, pass
DRAM[262217] = 0e9ec54d, pass
DRAM[262218] = 3a54236c, pass
DRAM[262219] = 969a5d4f, pass
DRAM[262220] = 4a7446ab, pass
DRAM[262221] = 44900fa5, pass
DRAM[262222] = ba8ed5da, pass
DRAM[262223] = 0de7b779, pass
DRAM[262224] = d231a7c2, pass
DRAM[262225] = 4c68081d, pass
DRAM[262226] = 00238195, pass
DRAM[262227] = c5e2bd3f, pass
DRAM[262228] = 040b8066, pass
DRAM[262229] = 1858d4bd, pass
DRAM[262230] = 007ec3c5, pass
DRAM[262231] = 9127342d, pass
DRAM[262232] = 89589a1c, pass
DRAM[262233] = d28aff87, pass
DRAM[262234] = 67c6d8a4, pass
DRAM[262235] = 88dc947d, pass
DRAM[262236] = 663aaf18, pass
DRAM[262237] = 523b3b97, pass
DRAM[262238] = 5974fc1f, pass
DRAM[262239] = 5350638d, pass
DRAM[262240] = 80ffb227, pass
DRAM[262241] = 92935ae2, pass
DRAM[262242] = 8d9e9962, pass
DRAM[262243] = 79e21901, pass
DRAM[262244] = c39b60f8, pass
DRAM[262245] = 8dea4dcb, pass
DRAM[262246] = b506a678, pass
DRAM[262247] = 40af5f56, pass
DRAM[262248] = 4bb87e1c, pass
DRAM[262249] = ebe70de4, pass
DRAM[262250] = 42fc5c14, pass
DRAM[262251] = d4089aee, pass
DRAM[262252] = 2872b27a, pass
DRAM[262253] = 00cc7418, pass
DRAM[262254] = dd4683fc, pass
DRAM[262255] = 15479a22, pass
DRAM[262256] = 3d6ec7d0, pass
DRAM[262257] = 907c38f7, pass
DRAM[262258] = 79c7e6c4, pass
DRAM[262259] = 28698025, pass
DRAM[262260] = aad9542a, pass
DRAM[262261] = 099121bc, pass
DRAM[262262] = 6d79c350, pass
DRAM[262263] = 9c9f3733, pass
DRAM[262264] = 9e3078a9, pass
DRAM[262265] = 5445bed0, pass
DRAM[262266] = 9ac0e5f4, pass
DRAM[262267] = 0c91cc63, pass
DRAM[262268] = 9d252372, pass
DRAM[262269] = 30ab46c5, pass
DRAM[262270] = afe3e5f1, pass
DRAM[262271] = 63fe0807, pass
DRAM[262272] = 6462a294, pass
DRAM[262273] = 4e2eccfc, pass
DRAM[262274] = a190c4da, pass
DRAM[262275] = 11255a7a, pass
DRAM[262276] = 202a637a, pass
DRAM[262277] = cef1ebf1, pass
DRAM[262278] = cf87c436, pass
DRAM[262279] = 90da2ca2, pass
DRAM[262280] = 6572c450, pass
DRAM[262281] = b796043c, pass
DRAM[262282] = 9afb99cf, pass
DRAM[262283] = 6ba6557d, pass
DRAM[262284] = b5408f4c, pass
DRAM[262285] = e2ddbe23, pass
DRAM[262286] = ff2ecc43, pass
DRAM[262287] = 669527db, pass
DRAM[262288] = fb33f39e, pass
DRAM[262289] = 03141e51, pass
DRAM[262290] = aefaecd0, pass
DRAM[262291] = da8b095b, pass
DRAM[262292] = 646678e3, pass
DRAM[262293] = 3487c951, pass
DRAM[262294] = dbffa36b, pass
DRAM[262295] = 69675d66, pass
DRAM[262296] = 1f3157e5, pass
DRAM[262297] = e1ad3fa0, pass
DRAM[262298] = 7b40ded2, pass
DRAM[262299] = 58ab017f, pass
DRAM[262300] = 5ae926f3, pass
DRAM[262301] = 716055ad, pass
DRAM[262302] = b3b298b8, pass
DRAM[262303] = e1071811, pass
DRAM[262304] = 954e1251, pass
DRAM[262305] = 624d0219, pass
DRAM[262306] = aa626558, pass
DRAM[262307] = 9a8b8575, pass
DRAM[262308] = 831d7e5d, pass
DRAM[262309] = d2cf4f21, pass
DRAM[262310] = 544d3cca, pass
DRAM[262311] = 07be05b4, pass
DRAM[262312] = 7f994538, pass
DRAM[262313] = 1cb7a1d2, pass
DRAM[262314] = 4a4ac931, pass
DRAM[262315] = 46e3077b, pass
DRAM[262316] = a04abb17, pass
DRAM[262317] = 4b530f95, pass
DRAM[262318] = 43668bab, pass
DRAM[262319] = 4227835f, pass
DRAM[262320] = f7f74503, pass
DRAM[262321] = d6240bbc, pass
DRAM[262322] = 3cca6462, pass
DRAM[262323] = fecd9000, pass
DRAM[262324] = e072a47f, pass
DRAM[262325] = e34a30fe, pass
DRAM[262326] = 678bbe3b, pass
DRAM[262327] = 9935c4d5, pass
DRAM[262328] = 118e100a, pass
DRAM[262329] = 6b902427, pass
DRAM[262330] = 65c4b0bd, pass
DRAM[262331] = efd8b7f5, pass
DRAM[262332] = d636438e, pass
DRAM[262333] = fe69577e, pass
DRAM[262334] = 61f29e61, pass
DRAM[262335] = 681d6956, pass
DRAM[262336] = d58d605a, pass
DRAM[262337] = 63fc7373, pass
DRAM[262338] = 476a66c2, pass
DRAM[262339] = 6de5b75b, pass
DRAM[262340] = dfe6c4e9, pass
DRAM[262341] = 42dde466, pass
DRAM[262342] = 0c800170, pass
DRAM[262343] = 019336c7, pass
DRAM[262344] = d713f673, pass
DRAM[262345] = 32c80ec9, pass
DRAM[262346] = 2af36461, pass
DRAM[262347] = 9580a653, pass
DRAM[262348] = 23dd7cf9, pass
DRAM[262349] = f3c5d5ff, pass
DRAM[262350] = 959255f8, pass
DRAM[262351] = dd2d5243, pass
DRAM[262352] = 2476efc5, pass
DRAM[262353] = ccf94f17, pass
DRAM[262354] = 430fad06, pass
DRAM[262355] = ac995fbb, pass
DRAM[262356] = 3f936de0, pass
DRAM[262357] = 23956740, pass
DRAM[262358] = e8fc632b, pass
DRAM[262359] = 8a37c295, pass
DRAM[262360] = 34d9c462, pass
DRAM[262361] = d5a65057, pass
DRAM[262362] = 8941dc68, pass
DRAM[262363] = edbe0a53, pass
DRAM[262364] = 8dd00b37, pass
DRAM[262365] = 7aa4af40, pass
DRAM[262366] = d0ef93cf, pass
DRAM[262367] = 01987fa9, pass
DRAM[262368] = 26418d74, pass
DRAM[262369] = 923798ae, pass
DRAM[262370] = 10ca76bb, pass
DRAM[262371] = ae27cd8c, pass
DRAM[262372] = 32b3dad3, pass
DRAM[262373] = 64e70cd8, pass
DRAM[262374] = cb5080d2, pass
DRAM[262375] = 89dacc1c, pass
DRAM[262376] = 725ef42d, pass
DRAM[262377] = 49e29aa0, pass
DRAM[262378] = eb44a494, pass
DRAM[262379] = d5d71686, pass
DRAM[262380] = 9c61e310, pass
DRAM[262381] = 08518e84, pass
DRAM[262382] = ffeb791b, pass
DRAM[262383] = e9dead5c, pass
DRAM[262384] = b3dea715, pass
DRAM[262385] = ab5f677f, pass
DRAM[262386] = 57ff48a8, pass
DRAM[262387] = 3a4d96da, pass
DRAM[262388] = d1c03d26, pass
DRAM[262389] = 30207e6d, pass
DRAM[262390] = e91c7858, pass
DRAM[262391] = ed28d4d5, pass
DRAM[262392] = a16902c4, pass
DRAM[262393] = 9d38a7de, pass
DRAM[262394] = b5e014f6, pass
DRAM[262395] = cfcdfd30, pass
DRAM[262396] = ef41226d, pass
DRAM[262397] = 10c1edde, pass
DRAM[262398] = e7a9c2cc, pass
DRAM[262399] = 80fd88f2, pass
DRAM[262400] = dc9a0817, pass
DRAM[262401] = 34ba3cbc, pass
DRAM[262402] = cfb6662b, pass
DRAM[262403] = 7e035083, pass
DRAM[262404] = e9e4c63d, pass
DRAM[262405] = 2505ea55, pass
DRAM[262406] = c1099d88, pass
DRAM[262407] = 23601770, pass
DRAM[262408] = bf2099b3, pass
DRAM[262409] = dd8a4205, pass
DRAM[262410] = f03624c4, pass
DRAM[262411] = 0f9e8f11, pass
DRAM[262412] = 674e7a9d, pass
DRAM[262413] = 3e21c58f, pass
DRAM[262414] = 1325ef46, pass
DRAM[262415] = 032398df, pass
DRAM[262416] = 4c4c2585, pass
DRAM[262417] = a5336bc5, pass
DRAM[262418] = 0fd666b3, pass
DRAM[262419] = ed03ccda, pass
DRAM[262420] = 2d267d6a, pass
DRAM[262421] = 39305003, pass
DRAM[262422] = aa7e0eb0, pass
DRAM[262423] = c33c68f4, pass
DRAM[262424] = 0f8dfaae, pass
DRAM[262425] = e376352a, pass
DRAM[262426] = 5b1e26d4, pass
DRAM[262427] = ae870ecf, pass
DRAM[262428] = 1f42f3d7, pass
DRAM[262429] = b5c75219, pass
DRAM[262430] = d625a0a8, pass
DRAM[262431] = 2d3e413e, pass
DRAM[262432] = 4f3b8c6c, pass
DRAM[262433] = 4a5a22dd, pass
DRAM[262434] = ba3802dc, pass
DRAM[262435] = 6a4e5e80, pass
DRAM[262436] = d071e5fe, pass
DRAM[262437] = dd8e7fe5, pass
DRAM[262438] = 9acc3197, pass
DRAM[262439] = e1a30a32, pass
DRAM[262440] = 8af93713, pass
DRAM[262441] = 587adf1c, pass
DRAM[262442] = 1d3a94af, pass
DRAM[262443] = 46e2bb4b, pass
DRAM[262444] = 4a3d006b, pass
DRAM[262445] = ac6b8029, pass
DRAM[262446] = 0ea7c4da, pass
DRAM[262447] = 6fc3e232, pass
DRAM[262448] = 3caf2871, pass
DRAM[262449] = 031ff9bc, pass
DRAM[262450] = 5e17d262, pass
DRAM[262451] = a401a5af, pass
DRAM[262452] = ddf1f320, pass
DRAM[262453] = 3bcfb7af, pass
DRAM[262454] = 7ce6dc57, pass
DRAM[262455] = 46fedfef, pass
DRAM[262456] = d540e447, pass
DRAM[262457] = fe0ce339, pass
DRAM[262458] = ff6a8a9b, pass
DRAM[262459] = aa706024, pass
DRAM[262460] = f7b55041, pass
DRAM[262461] = 6f8846d7, pass
DRAM[262462] = a74b1899, pass
DRAM[262463] = 1ba9cb8c, pass
DRAM[262464] = 6e817a02, pass
DRAM[262465] = 0ae48920, pass
DRAM[262466] = 38e510cb, pass
DRAM[262467] = 585b79e2, pass
DRAM[262468] = b081b6ae, pass
DRAM[262469] = 6810b99c, pass
DRAM[262470] = 886ab68c, pass
DRAM[262471] = 445c6388, pass
DRAM[262472] = 835b38c2, pass
DRAM[262473] = ac9a8f38, pass
DRAM[262474] = b7fbb921, pass
DRAM[262475] = 111887dd, pass
DRAM[262476] = 2f466f5b, pass
DRAM[262477] = 5f9aa918, pass
DRAM[262478] = 47c59cf7, pass
DRAM[262479] = de77170c, pass
DRAM[262480] = 6761c93f, pass
DRAM[262481] = 006b9057, pass
DRAM[262482] = df829e52, pass
DRAM[262483] = 75a5a260, pass
DRAM[262484] = 8eb6053f, pass
DRAM[262485] = 5f34ee9b, pass
DRAM[262486] = dd5fffe1, pass
DRAM[262487] = 532dd9b9, pass
DRAM[262488] = 8c18f6bb, pass
DRAM[262489] = 212aec13, pass
DRAM[262490] = a3d4e215, pass
DRAM[262491] = 18e3e526, pass
DRAM[262492] = 4eb1ecbc, pass
DRAM[262493] = 6e5a5b56, pass
DRAM[262494] = a2520f0d, pass
DRAM[262495] = b018f1de, pass
DRAM[262496] = 98ce56b6, pass
DRAM[262497] = 35aa975e, pass
DRAM[262498] = 8334f0aa, pass
DRAM[262499] = ea74d20f, pass
DRAM[262500] = 242dcbcd, pass
DRAM[262501] = 11b99450, pass
DRAM[262502] = 217235e5, pass
DRAM[262503] = dc675800, pass
DRAM[262504] = ba09af46, pass
DRAM[262505] = 21f41d10, pass
DRAM[262506] = 9dd0c438, pass
DRAM[262507] = f6f3e185, pass
DRAM[262508] = 9d6f5ffe, pass
DRAM[262509] = 7c3f9f5c, pass
DRAM[262510] = 7eb2e3aa, pass
DRAM[262511] = 9bf1df53, pass
DRAM[262512] = 919fe565, pass
DRAM[262513] = f2fbd6bf, pass
DRAM[262514] = f9a39dca, pass
DRAM[262515] = 6a2c8374, pass
DRAM[262516] = b8969d43, pass
DRAM[262517] = 054cde7a, pass
DRAM[262518] = c285cfe4, pass
DRAM[262519] = 98e290d3, pass
DRAM[262520] = 8561572b, pass
DRAM[262521] = 88acccc7, pass
DRAM[262522] = 47588321, pass
DRAM[262523] = 204771bb, pass
DRAM[262524] = 7a2d0fd3, pass
DRAM[262525] = b65ca9c5, pass
DRAM[262526] = ec60d4ce, pass
DRAM[262527] = 6cddfaaa, pass
DRAM[262528] = 394312f6, pass
DRAM[262529] = 493e2cc2, pass
DRAM[262530] = c1d92c58, pass
DRAM[262531] = 5d725dce, pass
DRAM[262532] = 0a2b734e, pass
DRAM[262533] = 9dd1301f, pass
DRAM[262534] = 8e0527c3, pass
DRAM[262535] = 2b0714c9, pass
DRAM[262536] = 58aa80ad, pass
DRAM[262537] = e947f071, pass
DRAM[262538] = ea239d5c, pass
DRAM[262539] = d12fd4ef, pass
DRAM[262540] = ab6bf973, pass
DRAM[262541] = d26dc4c1, pass
DRAM[262542] = f0f8b094, pass
DRAM[262543] = fc90c125, pass
DRAM[262544] = 2a9e3120, pass
DRAM[262545] = b54af97b, pass
DRAM[262546] = 5360fbd9, pass
DRAM[262547] = 9596bab9, pass
DRAM[262548] = aedf0168, pass
DRAM[262549] = 1b48b64f, pass
DRAM[262550] = e633495c, pass
DRAM[262551] = a2a3f765, pass
DRAM[262552] = 75cb5b99, pass
DRAM[262553] = f9998916, pass
DRAM[262554] = fef082a6, pass
DRAM[262555] = 01002640, pass
DRAM[262556] = 4d78b9b5, pass
DRAM[262557] = b80318ab, pass
DRAM[262558] = 1808c580, pass
DRAM[262559] = e1990428, pass
DRAM[262560] = 2425b946, pass
DRAM[262561] = 044dbf92, pass
DRAM[262562] = 694ecc6a, pass
DRAM[262563] = 2d6577a2, pass
DRAM[262564] = f23f15a6, pass
DRAM[262565] = 96acd2b7, pass
DRAM[262566] = 74ce658b, pass
DRAM[262567] = 9cd5a2a9, pass
DRAM[262568] = 77b30dd5, pass
DRAM[262569] = 267d8b2b, pass
DRAM[262570] = ddf7e565, pass
DRAM[262571] = b495bde2, pass
DRAM[262572] = eb10e57d, pass
DRAM[262573] = 7c6e9e36, pass
DRAM[262574] = c30ead75, pass
DRAM[262575] = ed88abac, pass
DRAM[262576] = 3d01c8b4, pass
DRAM[262577] = ba4ee6aa, pass
DRAM[262578] = c824627e, pass
DRAM[262579] = 28ddd24f, pass
DRAM[262580] = f308c2b6, pass
DRAM[262581] = 79ba731a, pass
DRAM[262582] = ecd12b21, pass
DRAM[262583] = a889923c, pass
DRAM[262584] = 3cd3c194, pass
DRAM[262585] = 39db6ec2, pass
DRAM[262586] = a691773a, pass
DRAM[262587] = 17b54bdb, pass
DRAM[262588] = 16327dd6, pass
DRAM[262589] = 659c7fc8, pass
DRAM[262590] = 3b275a13, pass
DRAM[262591] = 6aba9486, pass
DRAM[262592] = 81882a41, pass
DRAM[262593] = a1eb9617, pass
DRAM[262594] = 83fef435, pass
DRAM[262595] = f0d9c899, pass
DRAM[262596] = 7d619690, pass
DRAM[262597] = 12839773, pass
DRAM[262598] = e002f4e0, pass
DRAM[262599] = 4e5b25a0, pass
DRAM[262600] = 58779a63, pass
DRAM[262601] = 6f697d91, pass
DRAM[262602] = f6c14cb3, pass
DRAM[262603] = b4a87894, pass
DRAM[262604] = 48922f82, pass
DRAM[262605] = 880f6418, pass
DRAM[262606] = bf4f5200, pass
DRAM[262607] = 8396b4f1, pass
DRAM[262608] = bf16dcc7, pass
DRAM[262609] = 13f8cc14, pass
DRAM[262610] = cddc63d9, pass
DRAM[262611] = 0bc5ca3e, pass
DRAM[262612] = 827aed74, pass
DRAM[262613] = 2d0a17ee, pass
DRAM[262614] = e802ca3b, pass
DRAM[262615] = 684f7be0, pass
DRAM[262616] = 212a35af, pass
DRAM[262617] = 922eb356, pass
DRAM[262618] = b0bf44c2, pass
DRAM[262619] = ae7d8498, pass
DRAM[262620] = 17812ee6, pass
DRAM[262621] = 1c9620ee, pass
DRAM[262622] = 10f778ab, pass
DRAM[262623] = e8eb9880, pass
DRAM[262624] = 9c8740ed, pass
DRAM[262625] = 10d83ecb, pass
DRAM[262626] = 454ebead, pass
DRAM[262627] = ec83210f, pass
DRAM[262628] = 8837c524, pass
DRAM[262629] = e690e40d, pass
DRAM[262630] = feb8256b, pass
DRAM[262631] = f80af7a8, pass
DRAM[262632] = 8c6e48bd, pass
DRAM[262633] = 54902260, pass
DRAM[262634] = 677596af, pass
DRAM[262635] = 7545b3a7, pass
DRAM[262636] = 7f643172, pass
DRAM[262637] = 2edaa27d, pass
DRAM[262638] = c87764af, pass
DRAM[262639] = 0e7bcbf5, pass
DRAM[262640] = 6fdfa6ca, pass
DRAM[262641] = 3bf4beb0, pass
DRAM[262642] = 62fd770d, pass
DRAM[262643] = b4cd9e7d, pass
DRAM[262644] = 1df9807e, pass
DRAM[262645] = 89f8ea1c, pass
DRAM[262646] = 97564846, pass
DRAM[262647] = c1c559c6, pass
DRAM[262648] = c38afca1, pass
DRAM[262649] = 4916511e, pass
DRAM[262650] = f844d819, pass
DRAM[262651] = f6394cda, pass
DRAM[262652] = a17eeeab, pass
DRAM[262653] = a15a22bb, pass
DRAM[262654] = c5a57fea, pass
DRAM[262655] = 815c1a62, pass
DRAM[262656] = 31c68fa4, pass
DRAM[262657] = 573283bf, pass
DRAM[262658] = 710ca340, pass
DRAM[262659] = f4de035c, pass
DRAM[262660] = 4fd07884, pass
DRAM[262661] = 59f16660, pass
DRAM[262662] = 33455d3f, pass
DRAM[262663] = b6b04166, pass
DRAM[262664] = a0409c3a, pass
DRAM[262665] = c372f43f, pass
DRAM[262666] = d9da34de, pass
DRAM[262667] = 9f47ebc1, pass
DRAM[262668] = b8184191, pass
DRAM[262669] = 4def006a, pass
DRAM[262670] = ae2e6728, pass
DRAM[262671] = 20fe7617, pass
DRAM[262672] = 6081122e, pass
DRAM[262673] = 5f53f621, pass
DRAM[262674] = ca009c01, pass
DRAM[262675] = 9dcb2b51, pass
DRAM[262676] = 6bc70a95, pass
DRAM[262677] = 84602347, pass
DRAM[262678] = 533c0f60, pass
DRAM[262679] = 1cdc7b9a, pass
DRAM[262680] = 9faffe74, pass
DRAM[262681] = 429b70b9, pass
DRAM[262682] = 2f5f956e, pass
DRAM[262683] = 72ee9d0e, pass
DRAM[262684] = c318506f, pass
DRAM[262685] = 122427fc, pass
DRAM[262686] = ac709651, pass
DRAM[262687] = 334a1210, pass
DRAM[262688] = c594238d, pass
DRAM[262689] = 3982cc87, pass
DRAM[262690] = 4ffc33d0, pass
DRAM[262691] = 45eb18b1, pass
DRAM[262692] = 5d5435c5, pass
DRAM[262693] = 4a8179a7, pass
DRAM[262694] = dc8c4431, pass
DRAM[262695] = 838488d1, pass
DRAM[262696] = a96e8cf4, pass
DRAM[262697] = 8fb0f024, pass
DRAM[262698] = 8f8820c2, pass
DRAM[262699] = b6e1d888, pass
DRAM[262700] = 9c15d1dc, pass
DRAM[262701] = 28329f33, pass
DRAM[262702] = 7d933710, pass
DRAM[262703] = 80927337, pass
DRAM[262704] = 079dea50, pass
DRAM[262705] = d283b550, pass
DRAM[262706] = e3834339, pass
DRAM[262707] = e460e8a8, pass
DRAM[262708] = 38cf4122, pass
DRAM[262709] = 4d63132f, pass
DRAM[262710] = 3fdfd9f7, pass
DRAM[262711] = 01c91f47, pass
DRAM[262712] = 09861f7b, pass
DRAM[262713] = 85234100, pass
DRAM[262714] = ed90132e, pass
DRAM[262715] = 8f4d0d4e, pass
DRAM[262716] = b2abbed5, pass
DRAM[262717] = 0fd90934, pass
DRAM[262718] = 58a91cf4, pass
DRAM[262719] = 586d6b44, pass
DRAM[262720] = 592b7142, pass
DRAM[262721] = c8d8930c, pass
DRAM[262722] = 06cda02e, pass
DRAM[262723] = dd167496, pass
DRAM[262724] = 51d0622b, pass
DRAM[262725] = 50e97021, pass
DRAM[262726] = 9a2cee57, pass
DRAM[262727] = bf6c4b11, pass
DRAM[262728] = 0ba9a8be, pass
DRAM[262729] = c57053b1, pass
DRAM[262730] = 63d58936, pass
DRAM[262731] = 3d77683a, pass
DRAM[262732] = 17b57795, pass
DRAM[262733] = 72be8478, pass
DRAM[262734] = 1e6165a1, pass
DRAM[262735] = be5b0df4, pass
DRAM[262736] = fd44e1f3, pass
DRAM[262737] = 386fd42e, pass
DRAM[262738] = 65f100fd, pass
DRAM[262739] = 9e4e43e5, pass
DRAM[262740] = 6d40b174, pass
DRAM[262741] = 30b7fe70, pass
DRAM[262742] = 13aa3b74, pass
DRAM[262743] = f08202f3, pass
DRAM[262744] = adab3116, pass
DRAM[262745] = cb282a5b, pass
DRAM[262746] = d94c475c, pass
DRAM[262747] = 5e1bbada, pass
DRAM[262748] = 9794800b, pass
DRAM[262749] = a77f574e, pass
DRAM[262750] = ddf153f5, pass
DRAM[262751] = 374c6386, pass
DRAM[262752] = 5f8b8aa1, pass
DRAM[262753] = 2d02aef9, pass
DRAM[262754] = 8e552bd8, pass
DRAM[262755] = 8b8f3491, pass
DRAM[262756] = 6bd39efe, pass
DRAM[262757] = aa6345f9, pass
DRAM[262758] = 764d4f71, pass
DRAM[262759] = 31cc7c32, pass
DRAM[262760] = a8f0663f, pass
DRAM[262761] = 39874f23, pass
DRAM[262762] = 44500d48, pass
DRAM[262763] = 9e0fad6a, pass
DRAM[262764] = cd032cc7, pass
DRAM[262765] = 68cf609b, pass
DRAM[262766] = 82ff9d6f, pass
DRAM[262767] = 7298cfc7, pass
DRAM[262768] = f530ad12, pass
DRAM[262769] = db97949a, pass
DRAM[262770] = e56b84dc, pass
DRAM[262771] = 0a2e2e8a, pass
DRAM[262772] = a483bef3, pass
DRAM[262773] = cef02146, pass
DRAM[262774] = 24f49cad, pass
DRAM[262775] = b368d436, pass
DRAM[262776] = d5b67c1b, pass
DRAM[262777] = f7c040e1, pass
DRAM[262778] = 98749f97, pass
DRAM[262779] = 941b1b2b, pass
DRAM[262780] = a6e98ea9, pass
DRAM[262781] = 7d9cb571, pass
DRAM[262782] = e1a16e13, pass
DRAM[262783] = 51a33b4b, pass
DRAM[262784] = 7b8ea2e6, pass
DRAM[262785] = 3cc0fbdf, pass
DRAM[262786] = 13022d1b, pass
DRAM[262787] = c5b28544, pass
DRAM[262788] = 70bc0b06, pass
DRAM[262789] = 3b6ecc2d, pass
DRAM[262790] = 767a29b9, pass
DRAM[262791] = 9bfead32, pass
DRAM[262792] = 4e2050ae, pass
DRAM[262793] = 019dbfae, pass
DRAM[262794] = d51eaf22, pass
DRAM[262795] = 8584811d, pass
DRAM[262796] = ed310411, pass
DRAM[262797] = f032fa7f, pass
DRAM[262798] = 7e35c021, pass
DRAM[262799] = f85d621e, pass
DRAM[262800] = c514f008, pass
DRAM[262801] = 44e9b195, pass
DRAM[262802] = ba5f848d, pass
DRAM[262803] = 6bfa8907, pass
DRAM[262804] = 30822ba1, pass
DRAM[262805] = adcadba9, pass
DRAM[262806] = 7952337c, pass
DRAM[262807] = fd41dbc2, pass
DRAM[262808] = b7ad5983, pass
DRAM[262809] = 4d38b362, pass
DRAM[262810] = 9bcfef29, pass
DRAM[262811] = f9d879c7, pass
DRAM[262812] = f2eaa330, pass
DRAM[262813] = 93eb8642, pass
DRAM[262814] = 7b0a7dfb, pass
DRAM[262815] = 899f68a5, pass
DRAM[262816] = e3a8fea6, pass
DRAM[262817] = 566fb65c, pass
DRAM[262818] = 88e5e0fd, pass
DRAM[262819] = 36311a86, pass
DRAM[262820] = 67b511ee, pass
DRAM[262821] = 72e3d1f5, pass
DRAM[262822] = 6888fa60, pass
DRAM[262823] = 7bacefe4, pass
DRAM[262824] = 8a24d3af, pass
DRAM[262825] = 313dd5e6, pass
DRAM[262826] = d90b056a, pass
DRAM[262827] = b3e881bb, pass
DRAM[262828] = 76a7baa9, pass
DRAM[262829] = 94563737, pass
DRAM[262830] = 2bf40b24, pass
DRAM[262831] = 253b83fb, pass
DRAM[262832] = 5ea2e895, pass
DRAM[262833] = 41fffc51, pass
DRAM[262834] = 4ff6a0a2, pass
DRAM[262835] = 4c34f3b1, pass
DRAM[262836] = 58fa3ef8, pass
DRAM[262837] = 3b1be6ac, pass
DRAM[262838] = 24d87b3f, pass
DRAM[262839] = edfc8861, pass
DRAM[262840] = 5079a538, pass
DRAM[262841] = b6e0d247, pass
DRAM[262842] = a7712890, pass
DRAM[262843] = d1c8c03d, pass
DRAM[262844] = e34df106, pass
DRAM[262845] = 845cfecf, pass
DRAM[262846] = c6a276e5, pass
DRAM[262847] = 729209d4, pass
DRAM[262848] = 45d3731d, pass
DRAM[262849] = 8fa79e42, pass
DRAM[262850] = 75469e24, pass
DRAM[262851] = e1a15846, pass
DRAM[262852] = f944401f, pass
DRAM[262853] = 9c97fa42, pass
DRAM[262854] = 41b0e3f4, pass
DRAM[262855] = 24dd6935, pass
DRAM[262856] = ffeaf3c2, pass
DRAM[262857] = 418a82f7, pass
DRAM[262858] = 4f7655c7, pass
DRAM[262859] = 6a83dbdc, pass
DRAM[262860] = 6fa76da3, pass
DRAM[262861] = 058bffcc, pass
DRAM[262862] = 749510dd, pass
DRAM[262863] = b12da094, pass
DRAM[262864] = a5d7f8b7, pass
DRAM[262865] = 7380a02a, pass
DRAM[262866] = ad0399af, pass
DRAM[262867] = 70e389c2, pass
DRAM[262868] = 85ff168a, pass
DRAM[262869] = b0dd4793, pass
DRAM[262870] = 5ef036ec, pass
DRAM[262871] = 1a0f3e2a, pass
DRAM[262872] = 0f9caaae, pass
DRAM[262873] = 43db1221, pass
DRAM[262874] = c8d1b729, pass
DRAM[262875] = 1fc595bd, pass
DRAM[262876] = 59150a67, pass
DRAM[262877] = 1dbefe0f, pass
DRAM[262878] = b3555132, pass
DRAM[262879] = 10fe16c1, pass
DRAM[262880] = 410525d7, pass
DRAM[262881] = f1edbeee, pass
DRAM[262882] = 2818d09d, pass
DRAM[262883] = 10c3de47, pass
DRAM[262884] = ee3739fb, pass
DRAM[262885] = 0904c7f3, pass
DRAM[262886] = d02dc44f, pass
DRAM[262887] = 3bdd87c0, pass
DRAM[262888] = 58b51dbe, pass
DRAM[262889] = 3edcbd49, pass
DRAM[262890] = 458e089d, pass
DRAM[262891] = 831d3366, pass
DRAM[262892] = 96b4f3af, pass
DRAM[262893] = ce6c17cb, pass
DRAM[262894] = 967ad4a2, pass
DRAM[262895] = 3041d670, pass
DRAM[262896] = 86267b8a, pass
DRAM[262897] = 9c298f76, pass
DRAM[262898] = 647a64bd, pass
DRAM[262899] = 30209e07, pass
DRAM[262900] = 62d828a0, pass
DRAM[262901] = 9e901b62, pass
DRAM[262902] = 1980ae32, pass
DRAM[262903] = 5bf9b98b, pass
DRAM[262904] = 78288af2, pass
DRAM[262905] = 1386be6f, pass
DRAM[262906] = 8d4d3ffc, pass
DRAM[262907] = cd398c9b, pass
DRAM[262908] = b69099ad, pass
DRAM[262909] = 40a82630, pass
DRAM[262910] = 03dcf6e3, pass
DRAM[262911] = cf12a17e, pass
DRAM[262912] = 88340269, pass
DRAM[262913] = b7c01f93, pass
DRAM[262914] = 9e39165c, pass
DRAM[262915] = 27f07bad, pass
DRAM[262916] = fbd16432, pass
DRAM[262917] = d03de72e, pass
DRAM[262918] = 19cdbd1d, pass
DRAM[262919] = b021b0ce, pass
DRAM[262920] = e1afcaa8, pass
DRAM[262921] = 426cc5d6, pass
DRAM[262922] = de5f3d7d, pass
DRAM[262923] = 429c648f, pass
DRAM[262924] = 5c0e9d18, pass
DRAM[262925] = d31c3459, pass
DRAM[262926] = 389956f8, pass
DRAM[262927] = d83518d0, pass
DRAM[262928] = 8f905f3f, pass
DRAM[262929] = cc3b5448, pass
DRAM[262930] = e4480374, pass
DRAM[262931] = ec4642d8, pass
DRAM[262932] = 67113419, pass
DRAM[262933] = 45f27c9a, pass
DRAM[262934] = 645e32a3, pass
DRAM[262935] = de72668c, pass
DRAM[262936] = e65006c0, pass
DRAM[262937] = 1e7fc30f, pass
DRAM[262938] = a7d0ede5, pass
DRAM[262939] = 76cba4c3, pass
DRAM[262940] = 9bc29199, pass
DRAM[262941] = cb5f7ef7, pass
DRAM[262942] = c09823b5, pass
DRAM[262943] = b8889512, pass
DRAM[262944] = 8abfd534, pass
DRAM[262945] = 73014356, pass
DRAM[262946] = 42dda1da, pass
DRAM[262947] = ed073a8c, pass
DRAM[262948] = 74ce190c, pass
DRAM[262949] = a2148026, pass
DRAM[262950] = 70487e83, pass
DRAM[262951] = 4badbadc, pass
DRAM[262952] = 6d23000c, pass
DRAM[262953] = 83767c30, pass
DRAM[262954] = 9e9d166a, pass
DRAM[262955] = e2d238c1, pass
DRAM[262956] = 1d96ff01, pass
DRAM[262957] = db63a43f, pass
DRAM[262958] = 0d9ed9db, pass
DRAM[262959] = daddb5f5, pass
DRAM[262960] = 0f409b6d, pass
DRAM[262961] = 26e26a8f, pass
DRAM[262962] = 00372e39, pass
DRAM[262963] = fb87d577, pass
DRAM[262964] = 8ef4dd10, pass
DRAM[262965] = 11eca9b5, pass
DRAM[262966] = f074bcb0, pass
DRAM[262967] = a024cf0d, pass
DRAM[262968] = 94e0f282, pass
DRAM[262969] = dfb00275, pass
DRAM[262970] = 9cb7ad17, pass
DRAM[262971] = 0cf9b38e, pass
DRAM[262972] = 9f8e959d, pass
DRAM[262973] = 424bd6dd, pass
DRAM[262974] = ab9b3edc, pass
DRAM[262975] = 9ef2472e, pass
DRAM[262976] = 00606231, pass
DRAM[262977] = abc63164, pass
DRAM[262978] = 9cec3ca9, pass
DRAM[262979] = 8b6ac4d7, pass
DRAM[262980] = 9c539dfd, pass
DRAM[262981] = 917fd845, pass
DRAM[262982] = c1c22599, pass
DRAM[262983] = 057b0c3e, pass
DRAM[262984] = 0b01a16d, pass
DRAM[262985] = e01cd6b2, pass
DRAM[262986] = a9414f0d, pass
DRAM[262987] = 8827074e, pass
DRAM[262988] = 26c95c72, pass
DRAM[262989] = a18c4559, pass
DRAM[262990] = d6699af0, pass
DRAM[262991] = 873d81cb, pass
DRAM[262992] = 358d7ccf, pass
DRAM[262993] = a4af98e4, pass
DRAM[262994] = 100a145b, pass
DRAM[262995] = e0cabe25, pass
DRAM[262996] = 6d934598, pass
DRAM[262997] = 53237572, pass
DRAM[262998] = 3678e182, pass
DRAM[262999] = 6831036f, pass
DRAM[263000] = ff2c4eee, pass
DRAM[263001] = 02650dcb, pass
DRAM[263002] = ba267996, pass
DRAM[263003] = f25519d2, pass
DRAM[263004] = a9f0bf05, pass
DRAM[263005] = 50e72e49, pass
DRAM[263006] = 767b6cc9, pass
DRAM[263007] = b3abaa33, pass
DRAM[263008] = d3aecbea, pass
DRAM[263009] = db9eeef5, pass
DRAM[263010] = 8fb2c03b, pass
DRAM[263011] = 4b1a18d6, pass
DRAM[263012] = 68db19a8, pass
DRAM[263013] = df421149, pass
DRAM[263014] = 0eb01825, pass
DRAM[263015] = 95dadc60, pass
DRAM[263016] = 6a48a3b0, pass
DRAM[263017] = a988fa01, pass
DRAM[263018] = 3c1748dc, pass
DRAM[263019] = f54a5d26, pass
DRAM[263020] = 2f39ae6d, pass
DRAM[263021] = 579f5b4d, pass
DRAM[263022] = 1d5d2e89, pass
DRAM[263023] = 9c345e7f, pass
DRAM[263024] = fb1929af, pass
DRAM[263025] = f5bfa0ae, pass
DRAM[263026] = 4abb4e3e, pass
DRAM[263027] = 21d847d7, pass
DRAM[263028] = c36d16c7, pass
DRAM[263029] = 2fbb4cbd, pass
DRAM[263030] = 55d2fdde, pass
DRAM[263031] = 89108e97, pass
DRAM[263032] = 63590697, pass
DRAM[263033] = ec4c174c, pass
DRAM[263034] = 9c0ac3d6, pass
DRAM[263035] = 567278a0, pass
DRAM[263036] = 7f349c5e, pass
DRAM[263037] = fcb50a6f, pass
DRAM[263038] = db742f16, pass
DRAM[263039] = 331e5060, pass
DRAM[263040] = 43b0b04b, pass
DRAM[263041] = f3e02422, pass
DRAM[263042] = 626db02f, pass
DRAM[263043] = 8903f079, pass
DRAM[263044] = 856df0c1, pass
DRAM[263045] = 4e6eaa26, pass
DRAM[263046] = 1a68e658, pass
DRAM[263047] = a43c42ed, pass
DRAM[263048] = 6780f38d, pass
DRAM[263049] = b59cad1c, pass
DRAM[263050] = 26fcf9c1, pass
DRAM[263051] = 0609f6d7, pass
DRAM[263052] = 8455d4a0, pass
DRAM[263053] = 122e2d3f, pass
DRAM[263054] = 4b58de17, pass
DRAM[263055] = fe981119, pass
DRAM[263056] = b8b281be, pass
DRAM[263057] = 784c87bf, pass
DRAM[263058] = 3f03f33f, pass
DRAM[263059] = fcea6d6e, pass
DRAM[263060] = 6b2f3c80, pass
DRAM[263061] = 3752863d, pass
DRAM[263062] = 7d5ea432, pass
DRAM[263063] = 92c67acf, pass
DRAM[263064] = 78f3d9c0, pass
DRAM[263065] = 354d00d1, pass
DRAM[263066] = 4d689fe0, pass
DRAM[263067] = af166a0b, pass
DRAM[263068] = 75171037, pass
DRAM[263069] = 2832c823, pass
DRAM[263070] = 34141d1c, pass
DRAM[263071] = e2ddf22f, pass
DRAM[263072] = 13bd5d2b, pass
DRAM[263073] = 5f71fa3f, pass
DRAM[263074] = 66b5751b, pass
DRAM[263075] = 0796ae60, pass
DRAM[263076] = cc77c8ee, pass
DRAM[263077] = 5e5fbc0b, pass
DRAM[263078] = f288d9e7, pass
DRAM[263079] = b3149f79, pass
DRAM[263080] = b40bcc6d, pass
DRAM[263081] = 2d270610, pass
DRAM[263082] = 7f545f0a, pass
DRAM[263083] = 04eb07b8, pass
DRAM[263084] = 7ad58b5b, pass
DRAM[263085] = ab19159c, pass
DRAM[263086] = a2c81c44, pass
DRAM[263087] = 98cc2eba, pass
DRAM[263088] = a528af47, pass
DRAM[263089] = 320cb8b2, pass
DRAM[263090] = c4271d90, pass
DRAM[263091] = fc331210, pass
DRAM[263092] = 1593290e, pass
DRAM[263093] = 1765ee37, pass
DRAM[263094] = d386a0d5, pass
DRAM[263095] = 03e71eab, pass
DRAM[263096] = 7dcfceea, pass
DRAM[263097] = 5f76348b, pass
DRAM[263098] = 14cb752f, pass
DRAM[263099] = 4a4c1dd8, pass
DRAM[263100] = 503f6d27, pass
DRAM[263101] = bb783360, pass
DRAM[263102] = c6e8bc8e, pass
DRAM[263103] = e7fe954c, pass
DRAM[263104] = ff48c1a6, pass
DRAM[263105] = 35333447, pass
DRAM[263106] = 6cb133a3, pass
DRAM[263107] = b1bfecf0, pass
DRAM[263108] = 84edac1d, pass
DRAM[263109] = 1627c08a, pass
DRAM[263110] = 792a831d, pass
DRAM[263111] = 4e3ae1b3, pass
DRAM[263112] = 886b06e3, pass
DRAM[263113] = 88e3ac30, pass
DRAM[263114] = 63c5be60, pass
DRAM[263115] = c5e51fec, pass
DRAM[263116] = 07c01607, pass
DRAM[263117] = 2036e98f, pass
DRAM[263118] = 7dabcdb8, pass
DRAM[263119] = 4e05304d, pass
DRAM[263120] = 7b4095d4, pass
DRAM[263121] = 8ea5741f, pass
DRAM[263122] = bc7a359b, pass
DRAM[263123] = 78e818bd, pass
DRAM[263124] = c9a03d4b, pass
DRAM[263125] = 61627854, pass
DRAM[263126] = 9d300a28, pass
DRAM[263127] = 7c466056, pass
DRAM[263128] = 8f2625cb, pass
DRAM[263129] = b9852ad8, pass
DRAM[263130] = a0e0b2d3, pass
DRAM[263131] = 8289d2b7, pass
DRAM[263132] = 87347995, pass
DRAM[263133] = 015834d2, pass
DRAM[263134] = ab204651, pass
DRAM[263135] = b3e880a5, pass
DRAM[263136] = a3691e9c, pass
DRAM[263137] = 4fa87f88, pass
DRAM[263138] = 407680b0, pass
DRAM[263139] = fe8108a2, pass
DRAM[263140] = f2c445c9, pass
DRAM[263141] = 3e51149e, pass
DRAM[263142] = e1e84c4f, pass
DRAM[263143] = 4cc5ec17, pass
DRAM[263144] = f35e0cb1, pass
DRAM[263145] = a17866c4, pass
DRAM[263146] = 4b9f8795, pass
DRAM[263147] = 33171e2c, pass
DRAM[263148] = 436466a3, pass
DRAM[263149] = 0816db2c, pass
DRAM[263150] = 66951a62, pass
DRAM[263151] = 4507d9fc, pass
DRAM[263152] = f8d011dc, pass
DRAM[263153] = df5c0995, pass
DRAM[263154] = 4861f8f1, pass
DRAM[263155] = 27367b25, pass
DRAM[263156] = de460671, pass
DRAM[263157] = 7a088141, pass
DRAM[263158] = b1b7b61e, pass
DRAM[263159] = 0458956c, pass
DRAM[263160] = 8eec9718, pass
DRAM[263161] = f4123875, pass
DRAM[263162] = 0fe98d99, pass
DRAM[263163] = 9f8c5498, pass
DRAM[263164] = 12b52870, pass
DRAM[263165] = c8e7bd35, pass
DRAM[263166] = b972faa3, pass
DRAM[263167] = e7faa8d7, pass
DRAM[263168] = 30788cde, pass
DRAM[263169] = a19ade97, pass
DRAM[263170] = 3a09af42, pass
DRAM[263171] = aa4289fc, pass
DRAM[263172] = 0f57df93, pass
DRAM[263173] = 21f97ec3, pass
DRAM[263174] = fde8ed9b, pass
DRAM[263175] = 7b30098c, pass
DRAM[263176] = c808c86f, pass
DRAM[263177] = 5626206a, pass
DRAM[263178] = 4676ca74, pass
DRAM[263179] = 8423fe19, pass
DRAM[263180] = badd9220, pass
DRAM[263181] = 2706b6d4, pass
DRAM[263182] = 0390a691, pass
DRAM[263183] = 9cd4f80e, pass
DRAM[263184] = f717095b, pass
DRAM[263185] = 834d0bf7, pass
DRAM[263186] = 2c9e3582, pass
DRAM[263187] = 38178031, pass
DRAM[263188] = 09e1f40e, pass
DRAM[263189] = 02d4b6df, pass
DRAM[263190] = 995ebe62, pass
DRAM[263191] = f691f38b, pass
DRAM[263192] = 2c13fb4a, pass
DRAM[263193] = 4ec7ec12, pass
DRAM[263194] = 959d020d, pass
DRAM[263195] = 773f6be3, pass
DRAM[263196] = b61eef5e, pass
DRAM[263197] = b5cd769f, pass
DRAM[263198] = 3a6a94da, pass
DRAM[263199] = b749d590, pass
DRAM[263200] = 2edd185e, pass
DRAM[263201] = 67f90b39, pass
DRAM[263202] = b2da3936, pass
DRAM[263203] = 79f980fb, pass
DRAM[263204] = 9344a809, pass
DRAM[263205] = ef318ecf, pass
DRAM[263206] = aaf03a78, pass
DRAM[263207] = 2b43e92b, pass
DRAM[263208] = e90c3b03, pass
DRAM[263209] = af7a36b3, pass
DRAM[263210] = 40fd1038, pass
DRAM[263211] = 4ac8f623, pass
DRAM[263212] = aaeb8fc3, pass
DRAM[263213] = 62299d03, pass
DRAM[263214] = 6c81fa37, pass
DRAM[263215] = b6d8d7b6, pass
DRAM[263216] = 43768104, pass
DRAM[263217] = c072f5da, pass
DRAM[263218] = 057158aa, pass
DRAM[263219] = 0f9ef74f, pass
DRAM[263220] = f49d1ebd, pass
DRAM[263221] = 98bb06c2, pass
DRAM[263222] = 64f27cad, pass
DRAM[263223] = 5ab21f3d, pass
DRAM[263224] = 1b8a16bc, pass
DRAM[263225] = ecbc23cf, pass
DRAM[263226] = 556d7230, pass
DRAM[263227] = a582884e, pass
DRAM[263228] = d1f4b9b3, pass
DRAM[263229] = 16d080eb, pass
DRAM[263230] = c0bef381, pass
DRAM[263231] = 5ab0b0d0, pass
DRAM[263232] = d3ddc682, pass
DRAM[263233] = 289a82ba, pass
DRAM[263234] = 0ac14067, pass
DRAM[263235] = feafcec5, pass
DRAM[263236] = ce965e25, pass
DRAM[263237] = a80657fc, pass
DRAM[263238] = 3ffb2398, pass
DRAM[263239] = 5dd2157c, pass
DRAM[263240] = e265616e, pass
DRAM[263241] = 9703d1de, pass
DRAM[263242] = 4885ef03, pass
DRAM[263243] = 821431ab, pass
DRAM[263244] = 4c2d6226, pass
DRAM[263245] = a9c5e91c, pass
DRAM[263246] = b1d40df6, pass
DRAM[263247] = 6495dc30, pass
DRAM[263248] = 242b4213, pass
DRAM[263249] = fef0f6eb, pass
DRAM[263250] = c87322f5, pass
DRAM[263251] = f945a0ef, pass
DRAM[263252] = 26f16e0e, pass
DRAM[263253] = bd38a0fe, pass
DRAM[263254] = 475c2c28, pass
DRAM[263255] = 084bbc71, pass
DRAM[263256] = eaec5022, pass
DRAM[263257] = 9e8a0fea, pass
DRAM[263258] = bb7369c0, pass
DRAM[263259] = 37ed9416, pass
DRAM[263260] = be788cab, pass
DRAM[263261] = aae09868, pass
DRAM[263262] = 9fb9e191, pass
DRAM[263263] = adce9de4, pass
DRAM[263264] = 315c2f65, pass
DRAM[263265] = fe7d5f49, pass
DRAM[263266] = aeb4df60, pass
DRAM[263267] = 0143ea51, pass
DRAM[263268] = 42ab1915, pass
DRAM[263269] = d69049a1, pass
DRAM[263270] = 02a83bc6, pass
DRAM[263271] = 3af25e70, pass
DRAM[263272] = aa3994e3, pass
DRAM[263273] = fa7b15a9, pass
DRAM[263274] = 05eae7d9, pass
DRAM[263275] = c7b72d90, pass
DRAM[263276] = dae05a7e, pass
DRAM[263277] = 4e3f6f3d, pass
DRAM[263278] = eb8752de, pass
DRAM[263279] = 4a38f58f, pass
DRAM[263280] = d35608ee, pass
DRAM[263281] = 71da2811, pass
DRAM[263282] = dfb0d13a, pass
DRAM[263283] = d57f8642, pass
DRAM[263284] = 604f4696, pass
DRAM[263285] = 85d63ca5, pass
DRAM[263286] = 29af7149, pass
DRAM[263287] = 712dd31d, pass
DRAM[263288] = b9b95c67, pass
DRAM[263289] = b1c998e5, pass
DRAM[263290] = 551f785a, pass
DRAM[263291] = 2481a575, pass
DRAM[263292] = e9da0693, pass
DRAM[263293] = 098c8d18, pass
DRAM[263294] = 07587d44, pass
DRAM[263295] = 0fc4f313, pass
DRAM[263296] = fb5f3ccb, pass
DRAM[263297] = 108836ee, pass
DRAM[263298] = 2a2d16c9, pass
DRAM[263299] = 6dc1aeb7, pass
DRAM[263300] = 796d4cfe, pass
DRAM[263301] = ac56f894, pass
DRAM[263302] = ab90938c, pass
DRAM[263303] = 0d31dada, pass
DRAM[263304] = c69452f5, pass
DRAM[263305] = 7e3de58a, pass
DRAM[263306] = 91a35551, pass
DRAM[263307] = 27cdc08d, pass
DRAM[263308] = 2300ca50, pass
DRAM[263309] = 1ac3ebed, pass
DRAM[263310] = fe53b977, pass
DRAM[263311] = e8a8c421, pass
DRAM[263312] = 6e3645de, pass
DRAM[263313] = c8b58293, pass
DRAM[263314] = 0bed44c7, pass
DRAM[263315] = dc2e940f, pass
DRAM[263316] = d7fdd429, pass
DRAM[263317] = 6b1da9a3, pass
DRAM[263318] = 08c25168, pass
DRAM[263319] = ae09dd0a, pass
DRAM[263320] = 168ab86b, pass
DRAM[263321] = 450c175f, pass
DRAM[263322] = bafb8aff, pass
DRAM[263323] = 0c40f9b5, pass
DRAM[263324] = a7d66540, pass
DRAM[263325] = cfd55bb9, pass
DRAM[263326] = 757312fd, pass
DRAM[263327] = 9187c0aa, pass
DRAM[263328] = 8d691a95, pass
DRAM[263329] = e7f44e5c, pass
DRAM[263330] = 631dc168, pass
DRAM[263331] = e1c7e151, pass
DRAM[263332] = 4710aada, pass
DRAM[263333] = 3b43cad7, pass
DRAM[263334] = 1447030c, pass
DRAM[263335] = 7ae09eae, pass
DRAM[263336] = 6f9bee95, pass
DRAM[263337] = 49485de6, pass
DRAM[263338] = bc82dd02, pass
DRAM[263339] = 170dfeeb, pass
DRAM[263340] = f11008a0, pass
DRAM[263341] = a5ccea8a, pass
DRAM[263342] = 3ae30cbd, pass
DRAM[263343] = cfec33ad, pass
DRAM[263344] = 3a23e0c2, pass
DRAM[263345] = de580d84, pass
DRAM[263346] = 2dc5ebf5, pass
DRAM[263347] = 3eb8b875, pass
DRAM[263348] = 6fb4928a, pass
DRAM[263349] = 219300ea, pass
DRAM[263350] = ec6b96b5, pass
DRAM[263351] = 8f7c8df9, pass
DRAM[263352] = 36516f76, pass
DRAM[263353] = b7ef87fe, pass
DRAM[263354] = 7fdbd54d, pass
DRAM[263355] = ad06c9e7, pass
DRAM[263356] = e6e09059, pass
DRAM[263357] = 193adde6, pass
DRAM[263358] = caaf1ec3, pass
DRAM[263359] = e97e274c, pass
DRAM[263360] = e203da9a, pass
DRAM[263361] = 71e60dc1, pass
DRAM[263362] = 0b9df8d5, pass
DRAM[263363] = 915a37e0, pass
DRAM[263364] = 540aa25c, pass
DRAM[263365] = 8ca71a2f, pass
DRAM[263366] = 5b07050b, pass
DRAM[263367] = d630c923, pass
DRAM[263368] = bd071197, pass
DRAM[263369] = ec6d6905, pass
DRAM[263370] = e54c3fab, pass
DRAM[263371] = 59e69e03, pass
DRAM[263372] = d83fa432, pass
DRAM[263373] = 80162818, pass
DRAM[263374] = 2850a931, pass
DRAM[263375] = 44955bf0, pass
DRAM[263376] = 32106fb0, pass
DRAM[263377] = f2773d46, pass
DRAM[263378] = 453dcbd4, pass
DRAM[263379] = 973df029, pass
DRAM[263380] = 954e73a3, pass
DRAM[263381] = a921965b, pass
DRAM[263382] = 7e8be214, pass
DRAM[263383] = a21ca6c1, pass
DRAM[263384] = 9e1cf04e, pass
DRAM[263385] = c3cc5497, pass
DRAM[263386] = 3af17f32, pass
DRAM[263387] = 71c932ad, pass
DRAM[263388] = 99b090fe, pass
DRAM[263389] = 15b28e40, pass
DRAM[263390] = 82f42515, pass
DRAM[263391] = 4f585fd9, pass
DRAM[263392] = 02410708, pass
DRAM[263393] = f3738d73, pass
DRAM[263394] = eaf0febf, pass
DRAM[263395] = f00012c6, pass
DRAM[263396] = 96414997, pass
DRAM[263397] = 0ebdc8a0, pass
DRAM[263398] = 0c924cf1, pass
DRAM[263399] = ac023c5b, pass
DRAM[263400] = bdfedd29, pass
DRAM[263401] = b07b180a, pass
DRAM[263402] = 8b860d39, pass
DRAM[263403] = 87a9b5c4, pass
DRAM[263404] = cbc44502, pass
DRAM[263405] = 42bf9399, pass
DRAM[263406] = 57ec4b1d, pass
DRAM[263407] = 9fedbbd1, pass
DRAM[263408] = ac1af7e6, pass
DRAM[263409] = 4ef6591f, pass
DRAM[263410] = 37ebe819, pass
DRAM[263411] = ad08718e, pass
DRAM[263412] = c53d7537, pass
DRAM[263413] = 838abbf0, pass
DRAM[263414] = 425b8426, pass
DRAM[263415] = e1621f93, pass
DRAM[263416] = 190036a0, pass
DRAM[263417] = 9e25417e, pass
DRAM[263418] = 2291d804, pass
DRAM[263419] = 5bcc6af4, pass
DRAM[263420] = edf74613, pass
DRAM[263421] = ef387402, pass
DRAM[263422] = 9c018a98, pass
DRAM[263423] = 4e2ac36c, pass
DRAM[263424] = 629c7e8d, pass
DRAM[263425] = 11b57258, pass
DRAM[263426] = 9f2c5958, pass
DRAM[263427] = c0a5abee, pass
DRAM[263428] = dc9ef2c1, pass
DRAM[263429] = b6e783ae, pass
DRAM[263430] = f016a53c, pass
DRAM[263431] = 6d9079ca, pass
DRAM[263432] = c3400931, pass
DRAM[263433] = 49e1de36, pass
DRAM[263434] = 5a47d387, pass
DRAM[263435] = 7451b996, pass
DRAM[263436] = cba68d7c, pass
DRAM[263437] = 0b54561e, pass
DRAM[263438] = 70feeec2, pass
DRAM[263439] = 1dcb8b0e, pass
DRAM[263440] = 011d97fa, pass
DRAM[263441] = 429205fa, pass
DRAM[263442] = ba8cab43, pass
DRAM[263443] = 3fcbbdc2, pass
DRAM[263444] = ab21d9ec, pass
DRAM[263445] = 4f14aac8, pass
DRAM[263446] = 3b5edb15, pass
DRAM[263447] = d424e5fe, pass
DRAM[263448] = e0107db9, pass
DRAM[263449] = 57c6a763, pass
DRAM[263450] = 6b4ea779, pass
DRAM[263451] = 36f1395a, pass
DRAM[263452] = 0433b3a9, pass
DRAM[263453] = 9c290b28, pass
DRAM[263454] = 906549ce, pass
DRAM[263455] = d6ed4c1e, pass
DRAM[263456] = 5ae1ca01, pass
DRAM[263457] = f34ccf38, pass
DRAM[263458] = 43a5becd, pass
DRAM[263459] = 219b5de4, pass
DRAM[263460] = 54be2b18, pass
DRAM[263461] = f64a5e46, pass
DRAM[263462] = 641e9e95, pass
DRAM[263463] = 8cc614a0, pass
DRAM[263464] = a3aa2856, pass
DRAM[263465] = ff6b06c9, pass
DRAM[263466] = 5a9a2796, pass
DRAM[263467] = 923eddc0, pass
DRAM[263468] = b373dcec, pass
DRAM[263469] = 46f2f427, pass
DRAM[263470] = e7f4aeaa, pass
DRAM[263471] = c4fba626, pass
DRAM[263472] = f911cedc, pass
DRAM[263473] = b99ca161, pass
DRAM[263474] = c37884fe, pass
DRAM[263475] = af116e46, pass
DRAM[263476] = 9e7e9d52, pass
DRAM[263477] = 44b03b90, pass
DRAM[263478] = 5ecb3f73, pass
DRAM[263479] = 91b90290, pass
DRAM[263480] = a9ac8e99, pass
DRAM[263481] = e45a2734, pass
DRAM[263482] = 54074aea, pass
DRAM[263483] = 232732fb, pass
DRAM[263484] = 7716ab95, pass
DRAM[263485] = e404edeb, pass
DRAM[263486] = b4e52b48, pass
DRAM[263487] = 738ef2b8, pass
DRAM[263488] = 584cfe73, pass
DRAM[263489] = de56fe1f, pass
DRAM[263490] = b6afe781, pass
DRAM[263491] = efb1a14a, pass
DRAM[263492] = ea6ab86a, pass
DRAM[263493] = 5de26f98, pass
DRAM[263494] = 07f7b1f6, pass
DRAM[263495] = 922c6bd4, pass
DRAM[263496] = fe7f410b, pass
DRAM[263497] = 4ef44811, pass
DRAM[263498] = 0b27008a, pass
DRAM[263499] = 2712e004, pass
DRAM[263500] = 1dbf1fe1, pass
DRAM[263501] = 25ac12ab, pass
DRAM[263502] = 1d2cbd6e, pass
DRAM[263503] = e36d8b35, pass
DRAM[263504] = d598ddef, pass
DRAM[263505] = 52e1b77c, pass
DRAM[263506] = 52897f6a, pass
DRAM[263507] = e74a1c5f, pass
DRAM[263508] = 7e08877a, pass
DRAM[263509] = 13221609, pass
DRAM[263510] = 7c78ea0b, pass
DRAM[263511] = 8cdb7534, pass
DRAM[263512] = 5f64673b, pass
DRAM[263513] = 7799885c, pass
DRAM[263514] = e739799d, pass
DRAM[263515] = 7169029b, pass
DRAM[263516] = bf2f0c88, pass
DRAM[263517] = 6986a6cf, pass
DRAM[263518] = 0afebefe, pass
DRAM[263519] = 5b48e6b9, pass
DRAM[263520] = eefa02fd, pass
DRAM[263521] = 77a04605, pass
DRAM[263522] = 9c1becac, pass
DRAM[263523] = e2dbfcb6, pass
DRAM[263524] = f8681d96, pass
DRAM[263525] = c502e040, pass
DRAM[263526] = 1caeb32c, pass
DRAM[263527] = 23e17db0, pass
DRAM[263528] = 57724633, pass
DRAM[263529] = d2c007fa, pass
DRAM[263530] = dfc02b67, pass
DRAM[263531] = 7aeddadc, pass
DRAM[263532] = c73ad8e0, pass
DRAM[263533] = 328eba09, pass
DRAM[263534] = 946fca2b, pass
DRAM[263535] = 7c70f60f, pass
DRAM[263536] = f6c69947, pass
DRAM[263537] = 3c374821, pass
DRAM[263538] = 9809bb9e, pass
DRAM[263539] = 39379bcb, pass
DRAM[263540] = 19c533dd, pass
DRAM[263541] = 58f9b221, pass
DRAM[263542] = 70326cd6, pass
DRAM[263543] = 2bafa111, pass
DRAM[263544] = 09cade31, pass
DRAM[263545] = 22592453, pass
DRAM[263546] = a4770ca2, pass
DRAM[263547] = 60530a2f, pass
DRAM[263548] = 04881267, pass
DRAM[263549] = 834a7320, pass
DRAM[263550] = c6bc61da, pass
DRAM[263551] = 7119b690, pass
DRAM[263552] = 8cf45664, pass
DRAM[263553] = 44aa5b28, pass
DRAM[263554] = f0039867, pass
DRAM[263555] = 729be23a, pass
DRAM[263556] = a364e60e, pass
DRAM[263557] = 897435f0, pass
DRAM[263558] = 209cb7d2, pass
DRAM[263559] = 1d8a66dd, pass
DRAM[263560] = e7620489, pass
DRAM[263561] = d7006d71, pass
DRAM[263562] = 7a5aeaa4, pass
DRAM[263563] = d3a228f2, pass
DRAM[263564] = b025de4d, pass
DRAM[263565] = a09867bd, pass
DRAM[263566] = ff01b7dc, pass
DRAM[263567] = c0782aec, pass
DRAM[263568] = 8c385a70, pass
DRAM[263569] = bdeaa07b, pass
DRAM[263570] = 6321b116, pass
DRAM[263571] = 8ba21ef6, pass
DRAM[263572] = f179a74c, pass
DRAM[263573] = b7c7669f, pass
DRAM[263574] = 3ea4f905, pass
DRAM[263575] = 9ad6b033, pass
DRAM[263576] = 4b6ee88e, pass
DRAM[263577] = b5ce8c89, pass
DRAM[263578] = 4d01476f, pass
DRAM[263579] = 60be5838, pass
DRAM[263580] = dd539bab, pass
DRAM[263581] = b938c2d0, pass
DRAM[263582] = aa557dc1, pass
DRAM[263583] = 114333ea, pass
DRAM[263584] = a1329d46, pass
DRAM[263585] = 703a3597, pass
DRAM[263586] = 6c61dbb9, pass
DRAM[263587] = 184163e3, pass
DRAM[263588] = 85ab9ca2, pass
DRAM[263589] = 489cc415, pass
DRAM[263590] = e07bf812, pass
DRAM[263591] = 55145ea5, pass
DRAM[263592] = a3df4680, pass
DRAM[263593] = 5aa5d87d, pass
DRAM[263594] = a03d27b0, pass
DRAM[263595] = 8d0db7c8, pass
DRAM[263596] = 4f24acab, pass
DRAM[263597] = 530e1097, pass
DRAM[263598] = a220a67e, pass
DRAM[263599] = e28c456b, pass
DRAM[263600] = c49246a1, pass
DRAM[263601] = d7adeefb, pass
DRAM[263602] = c306020b, pass
DRAM[263603] = 96c63ff5, pass
DRAM[263604] = 1ad1b65c, pass
DRAM[263605] = 84ab6d8d, pass
DRAM[263606] = 70884ad6, pass
DRAM[263607] = e73adfb1, pass
DRAM[263608] = 8af28543, pass
DRAM[263609] = 92351fab, pass
DRAM[263610] = 26cdeae6, pass
DRAM[263611] = 6620dbae, pass
DRAM[263612] = 75bf258e, pass
DRAM[263613] = 86ea0465, pass
DRAM[263614] = e3ea195a, pass
DRAM[263615] = 9adfba0f, pass
DRAM[263616] = 24893cf1, pass
DRAM[263617] = b347cb29, pass
DRAM[263618] = fbe99f1e, pass
DRAM[263619] = dfd28206, pass
DRAM[263620] = 2376e124, pass
DRAM[263621] = a52626c4, pass
DRAM[263622] = 99d770b6, pass
DRAM[263623] = 6dfc13dd, pass
DRAM[263624] = 51e0a9f8, pass
DRAM[263625] = 13ae59c1, pass
DRAM[263626] = eb7dd138, pass
DRAM[263627] = e605ff00, pass
DRAM[263628] = a52425b0, pass
DRAM[263629] = 8b05d568, pass
DRAM[263630] = d32d391e, pass
DRAM[263631] = bb0a6451, pass
DRAM[263632] = 8dfb48d2, pass
DRAM[263633] = fff976af, pass
DRAM[263634] = 277de697, pass
DRAM[263635] = ef84b688, pass
DRAM[263636] = eab4d76a, pass
DRAM[263637] = 830b7d76, pass
DRAM[263638] = a9870e89, pass
DRAM[263639] = ad4f4f37, pass
DRAM[263640] = 0582713e, pass
DRAM[263641] = 86966923, pass
DRAM[263642] = 38eb8a0e, pass
DRAM[263643] = bdbaf7ee, pass
DRAM[263644] = 6e8a32cf, pass
DRAM[263645] = fca034fb, pass
DRAM[263646] = 489174af, pass
DRAM[263647] = 7b30af34, pass
DRAM[263648] = cd816a61, pass
DRAM[263649] = 413a646b, pass
DRAM[263650] = 1bfad8f3, pass
DRAM[263651] = cdea710b, pass
DRAM[263652] = f55cabf0, pass
DRAM[263653] = 745174dc, pass
DRAM[263654] = 64724d85, pass
DRAM[263655] = 130e83a9, pass
DRAM[263656] = 4bd01b5b, pass
DRAM[263657] = d2b13589, pass
DRAM[263658] = 62a64b55, pass
DRAM[263659] = 2ddf9365, pass
DRAM[263660] = 034d81b2, pass
DRAM[263661] = 042cf2bc, pass
DRAM[263662] = 0b962260, pass
DRAM[263663] = ad187543, pass
DRAM[263664] = 4f139639, pass
DRAM[263665] = 5cb0d442, pass
DRAM[263666] = f9fcc5d8, pass
DRAM[263667] = 8c1fecd6, pass
DRAM[263668] = d618a55a, pass
DRAM[263669] = c4e4eb16, pass
DRAM[263670] = 4c1cf15b, pass
DRAM[263671] = 1f05456f, pass
DRAM[263672] = 7ce0bfe2, pass
DRAM[263673] = b14ad81b, pass
DRAM[263674] = f46d2591, pass
DRAM[263675] = f4b0e677, pass
DRAM[263676] = 781d6d8a, pass
DRAM[263677] = f63a04c2, pass
DRAM[263678] = 393209bb, pass
DRAM[263679] = 9fac1d39, pass
DRAM[263680] = ed470151, pass
DRAM[263681] = 9d2f1421, pass
DRAM[263682] = f31e662f, pass
DRAM[263683] = 58118718, pass
DRAM[263684] = 0d6d2fdf, pass
DRAM[263685] = d2d6782e, pass
DRAM[263686] = 303db149, pass
DRAM[263687] = 234fee79, pass
DRAM[263688] = 4226c1e2, pass
DRAM[263689] = 05db0576, pass
DRAM[263690] = 70374ca1, pass
DRAM[263691] = 964d8e05, pass
DRAM[263692] = 8affd0f3, pass
DRAM[263693] = d48a49c7, pass
DRAM[263694] = b0437344, pass
DRAM[263695] = 94a1e886, pass
DRAM[263696] = 3656d6aa, pass
DRAM[263697] = b23d43e1, pass
DRAM[263698] = 93dcb187, pass
DRAM[263699] = d109ace7, pass
DRAM[263700] = 4e3be906, pass
DRAM[263701] = 245cee54, pass
DRAM[263702] = 9df9c560, pass
DRAM[263703] = 540a040f, pass
DRAM[263704] = a9a956e7, pass
DRAM[263705] = d8d5b58d, pass
DRAM[263706] = 9de8890b, pass
DRAM[263707] = 5916c1cf, pass
DRAM[263708] = 11d2696a, pass
DRAM[263709] = fcd06776, pass
DRAM[263710] = 02c5b181, pass
DRAM[263711] = df4aea8e, pass
DRAM[263712] = f28614c9, pass
DRAM[263713] = a930ff4a, pass
DRAM[263714] = dd32f2c6, pass
DRAM[263715] = 3d5fec75, pass
DRAM[263716] = f05ea0b0, pass
DRAM[263717] = f13152e8, pass
DRAM[263718] = 40450d58, pass
DRAM[263719] = 6fa112d0, pass
DRAM[263720] = 7cf002e5, pass
DRAM[263721] = 9359a410, pass
DRAM[263722] = 874d9923, pass
DRAM[263723] = 99c211c9, pass
DRAM[263724] = 94aeadfa, pass
DRAM[263725] = 9024a934, pass
DRAM[263726] = 45717864, pass
DRAM[263727] = 91d94698, pass
DRAM[263728] = 4edb27ea, pass
DRAM[263729] = 8e3b856b, pass
DRAM[263730] = c2892236, pass
DRAM[263731] = 80ed0311, pass
DRAM[263732] = 06d6e932, pass
DRAM[263733] = 6f1dc068, pass
DRAM[263734] = 840af269, pass
DRAM[263735] = 56dd7546, pass
DRAM[263736] = b425e04e, pass
DRAM[263737] = a13dbf7e, pass
DRAM[263738] = e09206d2, pass
DRAM[263739] = 29b271f8, pass
DRAM[263740] = 19070c6b, pass
DRAM[263741] = 30d0de60, pass
DRAM[263742] = f41489b1, pass
DRAM[263743] = 72b609ae, pass
DRAM[263744] = 01bd070c, pass
DRAM[263745] = b2205bd8, pass
DRAM[263746] = 6ac5de72, pass
DRAM[263747] = ffd77cc1, pass
DRAM[263748] = 0b041057, pass
DRAM[263749] = 859d0695, pass
DRAM[263750] = 504594cb, pass
DRAM[263751] = de8dd16a, pass
DRAM[263752] = 0e2b2f75, pass
DRAM[263753] = f9168236, pass
DRAM[263754] = a5b50978, pass
DRAM[263755] = 4a8fb037, pass
DRAM[263756] = ad6ca039, pass
DRAM[263757] = b2560805, pass
DRAM[263758] = 88be1ac1, pass
DRAM[263759] = 1cd2595b, pass
DRAM[263760] = 7d9f67bc, pass
DRAM[263761] = 7c0813dd, pass
DRAM[263762] = 7a3afe84, pass
DRAM[263763] = a29332f6, pass
DRAM[263764] = c8f5ef18, pass
DRAM[263765] = 4885a956, pass
DRAM[263766] = 864eb63d, pass
DRAM[263767] = cb8f422e, pass
DRAM[263768] = faae58ad, pass
DRAM[263769] = 47d6e096, pass
DRAM[263770] = 16444235, pass
DRAM[263771] = 57377463, pass
DRAM[263772] = 33fac91c, pass
DRAM[263773] = a273171d, pass
DRAM[263774] = a818f69a, pass
DRAM[263775] = 157ea6be, pass
DRAM[263776] = 561fcfab, pass
DRAM[263777] = b49c63b9, pass
DRAM[263778] = 37fd9ed4, pass
DRAM[263779] = 111d11e6, pass
DRAM[263780] = 74587141, pass
DRAM[263781] = cd74f038, pass
DRAM[263782] = 8a66953b, pass
DRAM[263783] = 4657009f, pass
DRAM[263784] = a2a72a7d, pass
DRAM[263785] = 70268d86, pass
DRAM[263786] = cc0a3a8d, pass
DRAM[263787] = b485c8fe, pass
DRAM[263788] = 1dd6b03d, pass
DRAM[263789] = 7a0f6555, pass
DRAM[263790] = 851d7522, pass
DRAM[263791] = a53befbb, pass
DRAM[263792] = 736a1a96, pass
DRAM[263793] = 0ef4bc6c, pass
DRAM[263794] = e2fc1f19, pass
DRAM[263795] = 1f7edb13, pass
DRAM[263796] = 6561befa, pass
DRAM[263797] = 82479675, pass
DRAM[263798] = 0233174d, pass
DRAM[263799] = 92cc4dd5, pass
DRAM[263800] = 1ee0e8a1, pass
DRAM[263801] = 89677e01, pass
DRAM[263802] = c1d1c567, pass
DRAM[263803] = 789397ce, pass
DRAM[263804] = fad4613f, pass
DRAM[263805] = 6f9c55e2, pass
DRAM[263806] = 2667bac9, pass
DRAM[263807] = 36e6b37c, pass
DRAM[263808] = 3d0b1267, pass
DRAM[263809] = f243c03a, pass
DRAM[263810] = 636cbd22, pass
DRAM[263811] = 57dd49c3, pass
DRAM[263812] = 5014a805, pass
DRAM[263813] = 225f3a89, pass
DRAM[263814] = 96812028, pass
DRAM[263815] = f60f809f, pass
DRAM[263816] = 6e03c6bb, pass
DRAM[263817] = 24ececd4, pass
DRAM[263818] = a7e10365, pass
DRAM[263819] = 0acdff5e, pass
DRAM[263820] = a4efa1b4, pass
DRAM[263821] = 6d42bb6e, pass
DRAM[263822] = c2029568, pass
DRAM[263823] = aea4953b, pass
DRAM[263824] = e12fd525, pass
DRAM[263825] = 45053693, pass
DRAM[263826] = bbd04e57, pass
DRAM[263827] = 1a738e33, pass
DRAM[263828] = b09ac6a3, pass
DRAM[263829] = 40e8f2ec, pass
DRAM[263830] = d7d3b5f7, pass
DRAM[263831] = 37d3537b, pass
DRAM[263832] = f2f4fa5d, pass
DRAM[263833] = 0ba6be78, pass
DRAM[263834] = 5a6d6c5a, pass
DRAM[263835] = 847d977f, pass
DRAM[263836] = ddcb3975, pass
DRAM[263837] = b7a37e5e, pass
DRAM[263838] = 0997f70c, pass
DRAM[263839] = ea4525ac, pass
DRAM[263840] = 65918046, pass
DRAM[263841] = 36ecc3b0, pass
DRAM[263842] = d0f1304e, pass
DRAM[263843] = e2bfa9dc, pass
DRAM[263844] = 44a64b99, pass
DRAM[263845] = 8a31b945, pass
DRAM[263846] = 09226e2e, pass
DRAM[263847] = 621bbf40, pass
DRAM[263848] = 1e94ab02, pass
DRAM[263849] = 7d8b7056, pass
DRAM[263850] = f0f5fcdd, pass
DRAM[263851] = 54de218e, pass
DRAM[263852] = 05e042d2, pass
DRAM[263853] = 315afb75, pass
DRAM[263854] = 97a63d99, pass
DRAM[263855] = 095ad297, pass
DRAM[263856] = 0b5aca14, pass
DRAM[263857] = 5eb5fc97, pass
DRAM[263858] = 9d4bc8a3, pass
DRAM[263859] = f7b6a3ed, pass
DRAM[263860] = e5430dba, pass
DRAM[263861] = 5f9335c6, pass
DRAM[263862] = 95ac21db, pass
DRAM[263863] = d25d9ca1, pass
DRAM[263864] = ad9b8107, pass
DRAM[263865] = e80ee677, pass
DRAM[263866] = 9b30e20b, pass
DRAM[263867] = 11e5f5b0, pass
DRAM[263868] = 124551a2, pass
DRAM[263869] = 2e76159f, pass
DRAM[263870] = 2b8304bf, pass
DRAM[263871] = 78bfac52, pass
DRAM[263872] = 4ff88135, pass
DRAM[263873] = 23baac1e, pass
DRAM[263874] = dfbcd38d, pass
DRAM[263875] = dd08762c, pass
DRAM[263876] = 9dfe7d9d, pass
DRAM[263877] = 40758d49, pass
DRAM[263878] = ed14a94d, pass
DRAM[263879] = bfbc415b, pass
DRAM[263880] = 86a7ea87, pass
DRAM[263881] = c3038aab, pass
DRAM[263882] = 7cc24d57, pass
DRAM[263883] = 03e2501f, pass
DRAM[263884] = 68a2209f, pass
DRAM[263885] = 3c2ac5aa, pass
DRAM[263886] = 2d529e07, pass
DRAM[263887] = ddfa8d80, pass
DRAM[263888] = 64823003, pass
DRAM[263889] = 31c411e1, pass
DRAM[263890] = be47d453, pass
DRAM[263891] = 82cc15d3, pass
DRAM[263892] = 848a2ee2, pass
DRAM[263893] = 5541e295, pass
DRAM[263894] = db162ae5, pass
DRAM[263895] = e850a702, pass
DRAM[263896] = 688d6c09, pass
DRAM[263897] = 5a93a3f7, pass
DRAM[263898] = 8086011f, pass
DRAM[263899] = 9b438c24, pass
DRAM[263900] = e72838ee, pass
DRAM[263901] = b90634b2, pass
DRAM[263902] = bbd5cf3c, pass
DRAM[263903] = 564e9feb, pass
DRAM[263904] = 5ac486a2, pass
DRAM[263905] = 4da3c2c8, pass
DRAM[263906] = 3b132267, pass
DRAM[263907] = bc9f1de3, pass
DRAM[263908] = ee5e1af2, pass
DRAM[263909] = 06ead471, pass
DRAM[263910] = bdbc69df, pass
DRAM[263911] = 9b8d5b4a, pass
DRAM[263912] = d5a6aa54, pass
DRAM[263913] = 9377f652, pass
DRAM[263914] = eda40e11, pass
DRAM[263915] = 9b2fb363, pass
DRAM[263916] = 0a3e307e, pass
DRAM[263917] = 55197291, pass
DRAM[263918] = 2bbeb690, pass
DRAM[263919] = 21dc2a17, pass
DRAM[263920] = 983a0012, pass
DRAM[263921] = 2ec8b876, pass
DRAM[263922] = c9833e52, pass
DRAM[263923] = 0c4b16e2, pass
DRAM[263924] = cd92d218, pass
DRAM[263925] = 959dfdef, pass
DRAM[263926] = 6e20c92e, pass
DRAM[263927] = 93501c5d, pass
DRAM[263928] = 913e6495, pass
DRAM[263929] = 27fce594, pass
DRAM[263930] = 64e42788, pass
DRAM[263931] = b507dec3, pass
DRAM[263932] = 058d3a87, pass
DRAM[263933] = 00161b6b, pass
DRAM[263934] = ee3de6d0, pass
DRAM[263935] = b4f0afed, pass
DRAM[263936] = 74f99528, pass
DRAM[263937] = eceb7936, pass
DRAM[263938] = de27061d, pass
DRAM[263939] = b60b1468, pass
DRAM[263940] = 9cd74632, pass
DRAM[263941] = 85e72551, pass
DRAM[263942] = 5fc6dd0a, pass
DRAM[263943] = 89c61c8b, pass
DRAM[263944] = d886bb26, pass
DRAM[263945] = e652ecdb, pass
DRAM[263946] = 0c758cdb, pass
DRAM[263947] = e941bef0, pass
DRAM[263948] = 0ec76a71, pass
DRAM[263949] = 80ffd9ae, pass
DRAM[263950] = 9081ce3c, pass
DRAM[263951] = f0c32e9b, pass
DRAM[263952] = ce0a4e26, pass
DRAM[263953] = fea716e1, pass
DRAM[263954] = ccf7ea83, pass
DRAM[263955] = 1f5c5860, pass
DRAM[263956] = 2765d7c6, pass
DRAM[263957] = c9a65b90, pass
DRAM[263958] = 10e7c39e, pass
DRAM[263959] = c8bd0ddc, pass
DRAM[263960] = 1dcf62b9, pass
DRAM[263961] = 44047e9f, pass
DRAM[263962] = f2e8aaa7, pass
DRAM[263963] = c3ff5ee0, pass
DRAM[263964] = d1e71370, pass
DRAM[263965] = 5309522b, pass
DRAM[263966] = 87db7abb, pass
DRAM[263967] = 229f8411, pass
DRAM[263968] = 9b4bbf26, pass
DRAM[263969] = 0fd88493, pass
DRAM[263970] = 7bbf99e4, pass
DRAM[263971] = 754a19ae, pass
DRAM[263972] = 96d713d1, pass
DRAM[263973] = b4f40aad, pass
DRAM[263974] = e43f9e8a, pass
DRAM[263975] = 44ceed2d, pass
DRAM[263976] = 1e0cc9b4, pass
DRAM[263977] = e9582007, pass
DRAM[263978] = 0911194e, pass
DRAM[263979] = ed81ec7b, pass
DRAM[263980] = 834b2ceb, pass
DRAM[263981] = b6d6ada9, pass
DRAM[263982] = 97d9511e, pass
DRAM[263983] = f447c30a, pass
DRAM[263984] = 5fbdd3b6, pass
DRAM[263985] = 7c7bfe57, pass
DRAM[263986] = 6f424d26, pass
DRAM[263987] = 4b707c78, pass
DRAM[263988] = 961def03, pass
DRAM[263989] = 48c98542, pass
DRAM[263990] = 53638a10, pass
DRAM[263991] = e2e7e39e, pass
DRAM[263992] = 83d00e20, pass
DRAM[263993] = 3e36efa4, pass
DRAM[263994] = 9e84d6c4, pass
DRAM[263995] = 77bcaf2f, pass
DRAM[263996] = f2f771af, pass
DRAM[263997] = e64fd299, pass
DRAM[263998] = 261d41fd, pass
DRAM[263999] = da95d14c, pass
DRAM[264000] = 7652facc, pass
DRAM[264001] = 8cf70dfe, pass
DRAM[264002] = 01743e3a, pass
DRAM[264003] = 5ff8876f, pass
DRAM[264004] = f76a2a72, pass
DRAM[264005] = 2131bd06, pass
DRAM[264006] = 229e45f3, pass
DRAM[264007] = eea80009, pass
DRAM[264008] = bb30b6e7, pass
DRAM[264009] = b5541a18, pass
DRAM[264010] = 069bfa7d, pass
DRAM[264011] = d74c27d0, pass
DRAM[264012] = ad9d156e, pass
DRAM[264013] = 203a6a98, pass
DRAM[264014] = 4cb8aa62, pass
DRAM[264015] = b6678046, pass
DRAM[264016] = 691fc619, pass
DRAM[264017] = 0dd8d33e, pass
DRAM[264018] = 6779b467, pass
DRAM[264019] = b1cfc661, pass
DRAM[264020] = 885dfe02, pass
DRAM[264021] = 37234caf, pass
DRAM[264022] = 755a80c6, pass
DRAM[264023] = 136e3fac, pass
DRAM[264024] = e366fe5a, pass
DRAM[264025] = b6b7aa17, pass
DRAM[264026] = d8fb10a3, pass
DRAM[264027] = 16c8bd9c, pass
DRAM[264028] = 964d2c28, pass
DRAM[264029] = 82b516ea, pass
DRAM[264030] = 8a84703d, pass
DRAM[264031] = 21129e66, pass
DRAM[264032] = da4a1eb6, pass
DRAM[264033] = 3b0b3886, pass
DRAM[264034] = e5eafeb0, pass
DRAM[264035] = 5dfdc8ea, pass
DRAM[264036] = 15aaf68d, pass
DRAM[264037] = 1cec55bc, pass
DRAM[264038] = c62b3cfe, pass
DRAM[264039] = 8c6c57f8, pass
DRAM[264040] = d24cb138, pass
DRAM[264041] = a058bd47, pass
DRAM[264042] = eb5850bb, pass
DRAM[264043] = bc9a2a96, pass
DRAM[264044] = 39e10bdd, pass
DRAM[264045] = 8fcad9bf, pass
DRAM[264046] = 3f777688, pass
DRAM[264047] = f1001159, pass
DRAM[264048] = bc03a592, pass
DRAM[264049] = a50b6247, pass
DRAM[264050] = 91a1488e, pass
DRAM[264051] = 3bd3c470, pass
DRAM[264052] = 79597dfc, pass
DRAM[264053] = 68a338b9, pass
DRAM[264054] = 722083d9, pass
DRAM[264055] = fcaf1d5e, pass
DRAM[264056] = b04fda12, pass
DRAM[264057] = d4057ce0, pass
DRAM[264058] = dc68c6f7, pass
DRAM[264059] = 009f65b9, pass
DRAM[264060] = de4fddce, pass
DRAM[264061] = 3bdf92a8, pass
DRAM[264062] = a1d3e22a, pass
DRAM[264063] = 363f035f, pass
DRAM[264064] = 86afdaf0, pass
DRAM[264065] = 329b0418, pass
DRAM[264066] = e92f54a7, pass
DRAM[264067] = aebf30b0, pass
DRAM[264068] = ed8ee95c, pass
DRAM[264069] = 9b5343c7, pass
DRAM[264070] = e40785e8, pass
DRAM[264071] = c7eb5e22, pass
DRAM[264072] = 97f0223d, pass
DRAM[264073] = a105edf4, pass
DRAM[264074] = b7469961, pass
DRAM[264075] = 932bc08a, pass
DRAM[264076] = 21921447, pass
DRAM[264077] = e754a178, pass
DRAM[264078] = 605afdc1, pass
DRAM[264079] = 1dc7dd52, pass
DRAM[264080] = 965996bc, pass
DRAM[264081] = 0e80d32f, pass
DRAM[264082] = a464edd7, pass
DRAM[264083] = 546af0b9, pass
DRAM[264084] = 7457b34b, pass
DRAM[264085] = 789b7f1d, pass
DRAM[264086] = 8cc7dc62, pass
DRAM[264087] = 8028b087, pass
DRAM[264088] = 05756027, pass
DRAM[264089] = 228913d1, pass
DRAM[264090] = ba2071b4, pass
DRAM[264091] = 2395af2d, pass
DRAM[264092] = 0aea268f, pass
DRAM[264093] = bb786e41, pass
DRAM[264094] = d6583771, pass
DRAM[264095] = f088c347, pass
DRAM[264096] = e070b393, pass
DRAM[264097] = 617d3535, pass
DRAM[264098] = e54180a1, pass
DRAM[264099] = 6f285959, pass
DRAM[264100] = 00b57713, pass
DRAM[264101] = 0e3bd6e7, pass
DRAM[264102] = 3372f366, pass
DRAM[264103] = 8a80bef3, pass
DRAM[264104] = a693ef00, pass
DRAM[264105] = fbc5ad00, pass
DRAM[264106] = df80a708, pass
DRAM[264107] = e670c53c, pass
DRAM[264108] = 1491cc5a, pass
DRAM[264109] = 2f1c0511, pass
DRAM[264110] = 72b4cb26, pass
DRAM[264111] = 5e3c0acc, pass
DRAM[264112] = 97042a6d, pass
DRAM[264113] = a6cbb145, pass
DRAM[264114] = 3476a7fa, pass
DRAM[264115] = 4acafd35, pass
DRAM[264116] = 53d036bb, pass
DRAM[264117] = 3ee4dbbf, pass
DRAM[264118] = e6c006e4, pass
DRAM[264119] = 18de6147, pass
DRAM[264120] = d89741a4, pass
DRAM[264121] = a03d72b6, pass
DRAM[264122] = 0fb9c237, pass
DRAM[264123] = ab1230e4, pass
DRAM[264124] = c92d66fe, pass
DRAM[264125] = 78346458, pass
DRAM[264126] = 1fc314a3, pass
DRAM[264127] = 3f5002b9, pass
DRAM[264128] = e0520c3c, pass
DRAM[264129] = 47e1c850, pass
DRAM[264130] = 6993533b, pass
DRAM[264131] = 89b42d0f, pass
DRAM[264132] = 363b21d8, pass
DRAM[264133] = 9335027c, pass
DRAM[264134] = 6cce7bf8, pass
DRAM[264135] = 072549dd, pass
DRAM[264136] = 1c800e7f, pass
DRAM[264137] = 3267c75d, pass
DRAM[264138] = 0a2c4dcd, pass
DRAM[264139] = f891c7e1, pass
DRAM[264140] = 29cdc8a4, pass
DRAM[264141] = 3a04e5c0, pass
DRAM[264142] = 763c518e, pass
DRAM[264143] = 89b9194b, pass
DRAM[264144] = 4b7404c1, pass
DRAM[264145] = 25ae1fec, pass
DRAM[264146] = 3c0b7951, pass
DRAM[264147] = 55d4bb9a, pass
DRAM[264148] = 5bd50060, pass
DRAM[264149] = 5c7bb505, pass
DRAM[264150] = dd92ce01, pass
DRAM[264151] = 9f17c0f9, pass
DRAM[264152] = a76c6a96, pass
DRAM[264153] = 3fe27eeb, pass
DRAM[264154] = 7294cdc8, pass
DRAM[264155] = 132efc12, pass
DRAM[264156] = 735455d3, pass
DRAM[264157] = 25337f35, pass
DRAM[264158] = 7bbfab65, pass
DRAM[264159] = 28be624e, pass
DRAM[264160] = 2b3ef37e, pass
DRAM[264161] = f465d520, pass
DRAM[264162] = e0d9b0af, pass
DRAM[264163] = c6b5d4a0, pass
DRAM[264164] = b914c749, pass
DRAM[264165] = 0eb59f5b, pass
DRAM[264166] = f9f58447, pass
DRAM[264167] = 91b26a52, pass
DRAM[264168] = 04f6c92b, pass
DRAM[264169] = f3ac4026, pass
DRAM[264170] = b4e3e6a0, pass
DRAM[264171] = cf3ed925, pass
DRAM[264172] = 12411b88, pass
DRAM[264173] = fa45182f, pass
DRAM[264174] = 5ff597b6, pass
DRAM[264175] = 05ce1974, pass
DRAM[264176] = 97f27cc5, pass
DRAM[264177] = 68a3daad, pass
DRAM[264178] = 559c6851, pass
DRAM[264179] = 5ade192f, pass
DRAM[264180] = 510d667a, pass
DRAM[264181] = b6da3816, pass
DRAM[264182] = 33edda28, pass
DRAM[264183] = 0d68b6b2, pass
DRAM[264184] = f6c47ce2, pass
DRAM[264185] = a2d7a05c, pass
DRAM[264186] = 58f67ea3, pass
DRAM[264187] = 761af967, pass
DRAM[264188] = e82173de, pass
DRAM[264189] = 1a922e6a, pass
DRAM[264190] = 3d6feb92, pass
DRAM[264191] = 3937f7ad, pass




        ****************************               
        **                        **       |__||  
        **  Congratulations !!    **      / O.O  | 
        **                        **    /_____   | 
        **  Simulation PASS!!     **   /^ ^ ^ \  |
        **                        **  |^ ^ ^ ^ |w| 
        ****************************   \m___m__|_|


$finish called from file "/home/user2/avsd24/avsd2402/Homework/test/Ultimate/./sim/top_tb.sv", line 161.
Cache hit rate information:
L1CI:
L1CI Hit  Count = 42060
L1CI Miss Count = 83
L1CI Hit  Rate  = 99.80%
L1CD:
READ:
READ  L1CD Hit  Count = 14293
READ  L1CD Miss Count = 1200
READ  L1CD Hit  Rate  = 92.25%
WRITE:
WRITE L1CD Hit  Count = 1105
WRITE L1CD Miss Count = 4152
WRITE L1CD Hit  Rate  = 21.02%
TOTAL:
TOTAL L1CD Hit  Count = 15398
TOTAL L1CD Miss Count = 5352
TOTAL L1CD Hit  Rate  = 74.21%
Total Instruction Count = 34289
Total Cycle       Count = 103240
IPC                     = 0.33
$finish at simulation time             10329110
           V C S   S i m u l a t i o n   R e p o r t 
Time: 103291100 ps
CPU Time:      4.940 seconds;       Data structure size:  16.7Mb
Tue Jan 14 15:20:27 2025
CPU time: 1.723 seconds to compile + .447 seconds to elab + .257 seconds to link + 4.978 seconds in simulation
