
main:     file format elf32-littleriscv
main
architecture: riscv:rv32, flags 0x00000112:
EXEC_P, HAS_SYMS, D_PAGED
start address 0x00000000

Program Header:
0x70000003 off    0x0000700f vaddr 0x00000000 paddr 0x00000000 align 2**0
         filesz 0x00000064 memsz 0x00000000 flags r--
    LOAD off    0x00001000 vaddr 0x00000000 paddr 0x00000000 align 2**12
         filesz 0x00000284 memsz 0x00000284 flags r-x
    LOAD off    0x00002000 vaddr 0x00010000 paddr 0x20000000 align 2**12
         filesz 0x000042b4 memsz 0x000042b4 flags r-x
    LOAD off    0x00000000 vaddr 0x20100000 paddr 0x20100000 align 2**12
         filesz 0x00000000 memsz 0x00001000 flags rw-
    LOAD off    0x00007000 vaddr 0x00020000 paddr 0x20101000 align 2**12
         filesz 0x00000000 memsz 0x00001000 flags rw-
   STACK off    0x00000000 vaddr 0x00000000 paddr 0x00000000 align 2**4
         filesz 0x00000000 memsz 0x00000000 flags rw-

Sections:
Idx Name          Size      VMA       LMA       File off  Algn
  0 .text0        00000284  00000000  00000000  00001000  2**2
                  CONTENTS, ALLOC, LOAD, READONLY, CODE
  1 .text1        000002ac  00010000  20000000  00002000  2**2
                  CONTENTS, ALLOC, LOAD, READONLY, CODE
  2 .rodata       00004008  000102ac  200002ac  000022ac  2**2
                  CONTENTS, ALLOC, LOAD, READONLY, DATA
  3 _test         00001000  20100000  20100000  00007000  2**0
                  ALLOC
  4 .data         00000000  00020000  20101000  00007000  2**0
                  CONTENTS, ALLOC, LOAD, DATA
  5 .bss          00000000  00020000  20101000  00007000  2**0
                  ALLOC
  6 .stack        00001000  00020000  20101000  00007000  2**0
                  ALLOC
  7 .comment      0000000f  00000000  00000000  00007000  2**0
                  CONTENTS, READONLY
  8 .riscv.attributes 00000064  00000000  00000000  0000700f  2**0
                  CONTENTS, READONLY
SYMBOL TABLE:
00000000 l    d  .text0	00000000 .text0
00010000 l    d  .text1	00000000 .text1
000102ac l    d  .rodata	00000000 .rodata
20100000 l    d  _test	00000000 _test
00020000 l    d  .data	00000000 .data
00020000 l    d  .bss	00000000 .bss
00020000 l    d  .stack	00000000 .stack
00000000 l    d  .comment	00000000 .comment
00000000 l    d  .riscv.attributes	00000000 .riscv.attributes
00000000 l    df *ABS*	00000000 setup.o
00000000 l       .text0	00000000 $xrv32i2p1_m2p0_f2p2_zicsr2p0_zmmul1p0_zve32x1p0_zve64x1p0_zvl32b1p0_zvl64b1p0
00000084 l       .text0	00000000 init_bss
00000108 l       .text0	00000000 fill_block
0000009c l       .text0	00000000 init_sbss
000000b4 l       .text0	00000000 write_stack_pattern
000000cc l       .text0	00000000 init_stack
000000d4 l       .text0	00000000 write_test_pattern
000000ec l       .text0	00000000 SystemInit
000000f4 l       .text0	00000000 SystemExit
00000104 l       .text0	00000000 dead_loop
00000118 l       .text0	00000000 fb_end
00000000 l    df *ABS*	00000000 boot.c
0000011c l       .text0	00000000 $xrv32i2p1_m2p0_f2p2_zicsr2p0_zmmul1p0_zve32x1p0_zve64x1p0_zvl32b1p0_zvl64b1p0
00000000 l    df *ABS*	00000000 isr.o
00010000 l       .text1	00000000 $xrv32i2p1_m2p0_f2p2_zicsr2p0_zmmul1p0_zve32x1p0_zve64x1p0_zvl32b1p0_zvl64b1p0
00000000 l    df *ABS*	00000000 main.c
00010108 l       .text1	00000000 $xrv32i2p1_m2p0_f2p2_zicsr2p0_zmmul1p0_zve32x1p0_zve64x1p0_zvl32b1p0_zvl64b1p0
000102b0 g       .rodata	00000000 array1_addr
000122b0 g       .rodata	00000000 array2_size
20100000 g       _test	00000000 _test_start
20101000 g       *ABS*	00000000 __data_paddr_start
00020000 g       _test	00000000 __sbss_start
00020800 g       _test	00000000 _gp
20101000 g       _test	00000000 _test_end
00010000 g       .text1	00000000 _imem_start
00001000 g       *ABS*	00000000 _TEST_SIZE
20101000 g       *ABS*	00000000 __sdata_paddr_start
00020000 g       _test	00000000 __sdata_start
000142b4 g       .rodata	00000000 __rodata_end
0000011c g     F .text0	00000168 boot
00020000 g       .bss	00000000 __bss_end
00010184 g     F .text1	00000054 trap_handler
00020000 g       _test	00000000 __sbss_end
00000000 g       .text0	00000000 _start
000102ac g       .rodata	00000000 __rodata_start
00010108 g     F .text1	00000040 timer_interrupt_handler
00010148 g     F .text1	0000003c external_interrupt_handler
00020000 g       .data	00000000 __data_end
20000000 g       .rodata	00000000 _dram_i_start
00020000 g       .bss	00000000 __bss_start
00001000 g       *ABS*	00000000 _STACK_SIZE
0003fffc g       .stack	00000000 _sim_end
000101d8 g     F .text1	000000d4 main
00010000 g       .text1	00000000 trap_entry
00020000 g       .stack	00000000 _stack_end
00020000 g       _test	00000000 __sdata_end
000102ac g       .rodata	00000000 array1_size
200042b4 g       .rodata	00000000 _dram_i_end
000122b4 g       .rodata	00000000 array2_addr
00021000 g       .stack	00000000 __stack
00040000 g       .stack	00000000 _end
00021000 g       .stack	00000000 _stack
00020000 g       .data	00000000 __data_start


Contents of section .text0:
 0000 93000000 13010000 93010000 13020000  ................
 0010 93020000 13030000 93030000 13040000  ................
 0020 93040000 13050000 93050000 13060000  ................
 0030 93060000 13070000 93070000 13080000  ................
 0040 93080000 13090000 93090000 130a0000  ................
 0050 930a0000 130b0000 930b0000 130c0000  ................
 0060 930c0000 130d0000 930d0000 130e0000  ................
 0070 930e0000 130f0000 930f0000 97010200  ................
 0080 93814178 17050200 1305c5f7 97050200  ..Ax............
 0090 938505f7 13060000 ef000007 17050200  ................
 00a0 130545f6 97050200 938585f5 13060000  ..E.............
 00b0 ef008005 17050200 1305c5f4 97150200  ................
 00c0 938505f4 13060000 ef000004 17110200  ................
 00d0 130141f3 17051020 1305c5f2 97151020  ..A.... ....... 
 00e0 938505f2 13060000 ef000002 ef000003  ................
 00f0 ef00810e 97020400 938282f0 1303f0ff  ................
 0100 23a06200 6f000000 63e8a500 2320c500  #.b.o...c...# ..
 0110 13054500 6ff05fff 67800000 130101fe  ..E.o._.g.......
 0120 232e1100 232c8100 13040102 b7070210  #...#,..........
 0130 2326f4fe 73600430 b71f0000 938f0f80  #&..s`.0........
 0140 73a04f30 8327c4fe 93870720 37070020  s.O0.'..... 7.. 
 0150 13070700 23a0e700 8327c4fe 93870730  ....#....'.....0
 0160 37070100 13070700 23a0e700 b7470020  7.......#....G. 
 0170 1387472b b7070020 93870700 b307f740  ..G+... .......@
 0180 13d72700 8327c4fe 93870740 13071700  ..'..'.....@....
 0190 23a0e700 8327c4fe 93870710 13071000  #....'..........
 01a0 23a0e700 73005010 8327c4fe 93870720  #...s.P..'..... 
 01b0 37171020 13070700 23a0e700 8327c4fe  7.. ....#....'..
 01c0 93870730 37070200 13070700 23a0e700  ...07.......#...
 01d0 b7070200 13870700 b7070200 93870700  ................
 01e0 b307f740 13d72700 8327c4fe 93870740  ...@..'..'.....@
 01f0 13071700 23a0e700 8327c4fe 93870710  ....#....'......
 0200 13071000 23a0e700 73005010 8327c4fe  ....#...s.P..'..
 0210 93870720 37171020 13070700 23a0e700  ... 7.. ....#...
 0220 8327c4fe 93870730 37070200 13070700  .'.....07.......
 0230 23a0e700 b7070200 13870700 b7070200  #...............
 0240 93870700 b307f740 13d72700 8327c4fe  .......@..'..'..
 0250 93870740 13071700 23a0e700 8327c4fe  ...@....#....'..
 0260 93870710 13071000 23a0e700 73005010  ........#...s.P.
 0270 13000000 8320c101 03248101 13010102  ..... ...$......
 0280 67800000                             g...            
Contents of section .text1:
 10000 130141f8 23201100 23222100 23243100  ..A.# ..#"!.#$1.
 10010 23264100 23285100 232a6100 232c7100  #&A.#(Q.#*a.#,q.
 10020 232e8100 23209102 2322a102 2324b102  #...# ..#"..#$..
 10030 2326c102 2328d102 232ae102 232cf102  #&..#(..#*..#,..
 10040 232e0103 23201105 23222105 23243105  #...# ..#"!.#$1.
 10050 23264105 23285105 232a6105 232c7105  #&A.#(Q.#*a.#,q.
 10060 232e8105 23209107 2322a107 2324b107  #...# ..#"..#$..
 10070 2326c107 2328d107 232ae107 232cf107  #&..#(..#*..#,..
 10080 ef004010 83200100 03214100 83218100  ..@.. ...!A..!..
 10090 0322c100 83220101 03234101 83238101  ."..."...#A..#..
 100a0 0324c101 83240102 03254102 83258102  .$...$...%A..%..
 100b0 0326c102 83260103 03274103 83278103  .&...&...'A..'..
 100c0 0328c103 83280104 03294104 83298104  .(...(...)A..)..
 100d0 032ac104 832a0105 032b4105 832b8105  .*...*...+A..+..
 100e0 032cc105 832c0106 032d4106 832d8106  .,...,...-A..-..
 100f0 032ec106 832e0107 032f4107 832f8107  ........./A../..
 10100 1301c107 73002030 130101fe 232e1100  ....s. 0....#...
 10110 232c8100 13040102 b7070110 2326f4fe  #,..........#&..
 10120 73600030 8327c4fe 93870710 23a00700  s`.0.'......#...
 10130 6ff01eed 13000000 8320c101 03248101  o........ ...$..
 10140 13010102 67800000 130101fe 232e1100  ....g.......#...
 10150 232c8100 13040102 b7070210 2326f4fe  #,..........#&..
 10160 73600030 8327c4fe 93870710 23a00700  s`.0.'......#...
 10170 13000000 8320c101 03248101 13010102  ..... ...$......
 10180 67800000 130101fe 232e1100 232c8100  g.......#...#,..
 10190 13040102 f3274034 2326f4fe 8327c4fe  .....'@4#&...'..
 101a0 93f70708 63840700 eff01ff6 0327c4fe  ....c........'..
 101b0 b7170000 93870780 b377f700 63840700  .........w..c...
 101c0 eff09ff8 13000000 8320c101 03248101  ......... ...$..
 101d0 13010102 67800000 130101fd 23261102  ....g.......#&..
 101e0 23248102 13040103 b7070100 9387072b  #$.............+
 101f0 2324f4fe b7270100 9387472b 2322f4fe  #$...'....G+#"..
 10200 b7071020 93870700 2320f4fe b7070100  ... ....# ......
 10210 83a7c72a 13972700 b7071020 93870700  ...*..'.... ....
 10220 b307f700 232ef4fc 232604fe 6f008005  ....#...#&..o...
 10230 8327c4fe 032784fe b307f700 0327c4fe  .'...'.......'..
 10240 832644fe 3387e600 8326c4fe 032604fe  .&D.3....&...&..
 10250 b306d600 37060100 8325c62a 0326c4fe  ....7....%.*.&..
 10260 3386c540 d7720600 87800702 07010702  3..@.r..........
 10270 d7211196 a7810602 8327c4fe 93878700  .!.......'......
 10280 2326f4fe 0327c4fe b7070100 83a7c72a  #&...'.........*
 10290 e360f7fa 93070000 13850700 8320c102  .`........... ..
 102a0 03248102 13010103 67800000           .$......g...    
Contents of section .rodata:
 102ac 00200000 bc463260 da5c380d 75898377  . ...F2`.\8.u..w
 102bc f8490b9e f40d9e43 b1765c22 0ec0c370  .I.....C.v\"...p
 102cc 18510904 b4eadc56 12671418 7c634c4d  .Q.....V.g..|cLM
 102dc 39fab85b a3deece5 f13fb5c2 0e0cc8a6  9..[.....?......
 102ec 5fcf00cd 0dd4fbce 11c89b27 0dcd9757  _..........'...W
 102fc cb8d0ce7 c4568c19 a02065e3 fdac2e85  .....V... e.....
 1030c 2da50d14 5d872ba8 7aaf8517 7288719a  -...].+.z...r.q.
 1031c fab84ec2 22e99081 c8592531 6a120b0b  ..N."....Y%1j...
 1032c a7fcfbb3 5701361f 37897c37 c1c84199  ....W.6.7.|7..A.
 1033c fddfe012 b8c92b06 a0a620e1 9080c246  ......+... ....F
 1034c 1fa8161f 47ed902e 70bb3759 ad40739a  ....G...p.7Y.@s.
 1035c 68684a04 cc445b1f 2d5e2e1b c2dfa691  hhJ..D[.-^......
 1036c a3c48e61 37d8c346 9c6e4398 649c7f71  ...a7..F.nC.d..q
 1037c 858d6280 6efc7c82 e9e3b71a 26c08556  ..b.n.|.....&..V
 1038c c8f6a69d a5687c16 539c9ce6 ea1869f6  .....h|.S.....i.
 1039c 45490c85 e6db9006 b76c5a1d a59647b3  EI.......lZ...G.
 103ac f85e145e 94a60be8 d6d488ed 747c6717  .^.^........t|g.
 103bc e21d2625 a37e2558 36e7436e bbcacf4b  ..&%.~%X6.Cn...K
 103cc 020c7a8c 80e26fd7 1c7c3718 4fb9a35e  ..z...o..|7.O..^
 103dc 193b04b7 bcc99176 bac12d02 aff725fa  .;.....v..-...%.
 103ec 5d05347a e18740cd baf3a77b 9dd65102  ].4z..@....{..Q.
 103fc baf4c288 a27c7f6c 976aaeae 13d8118c  .....|.l.j......
 1040c 740dc721 eaa5ab80 47a85fe3 33166b93  t..!....G._.3.k.
 1041c 00e672a5 08e2cc45 3617c23f 33a173a2  ..r....E6..?3.s.
 1042c 9391e1eb 1e1b895e 582f1def 2693f2dc  .......^X/..&...
 1043c 3e1efb44 d6fbcf05 7054869a b778e07f  >..D....pT...x..
 1044c cb61d92f ea141fb4 3f966f5c 7ee7aafd  .a./....?.o\~...
 1045c a8f09d91 1ab58368 bd7aadd1 adc0fcaa  .......h.z......
 1046c 8f9892c5 4535dd1d 99bd7238 c6c9baae  ....E5....r8....
 1047c e2a55599 1c9f61d6 4a6583ea 8cb301cb  ..U...a.Je......
 1048c 259bffae d77737ee 947005c0 1f6be244  %....w7..p...k.D
 1049c 14eee715 05499420 52282c37 b5201ff5  .....I. R(,7. ..
 104ac ccc8686f 41825227 00f219a5 161cfb81  ..hoA.R'........
 104bc 45a4fcd7 023d44dd 3de9cb2f 4c1c7ca1  E....=D.=../L.|.
 104cc 9e9033ff 7bc01347 fe74b8fe ffa47172  ..3.{..G.t....qr
 104dc 38e08c5e 2da15c27 d6c1cb5d 4a7d87b8  8..^-.\'...]J}..
 104ec d443b5da 828eaad3 2f8acc35 79347e79  .C....../..5y4~y
 104fc 619f60ea 002fc959 eccf3d1c 9e8dd8d9  a.`../.Y..=.....
 1050c 8c142f7f 512d8fee 2582b5ad a5e45a75  ../.Q-..%.....Zu
 1051c e5e45dbd a2829373 09170322 ebb94565  ..]....s..."..Ee
 1052c 60ddf504 6cd90532 b4307793 fabd609d  `...l..2.0w...`.
 1053c b9fa522a 4c50a660 5ea77972 aa344ca4  ..R*LP.`^.yr.4L.
 1054c 3fc0ddc1 451b54af e029b158 9406fd6c  ?...E.T..).X...l
 1055c 0ec7985d 56f65703 51c8771d f95a74c2  ...]V.W.Q.w..Zt.
 1056c 9415d794 2e36194c 2a7da161 8a16b9f0  .....6.L*}.a....
 1057c 8fb9242c 3c9df517 c8720727 9652c73a  ..$,<....r.'.R.:
 1058c b95caa93 0ee9bcc1 899d60a3 ec4916a8  .\........`..I..
 1059c c93a4457 4c86058d 170ec0f9 56e9354e  .:DWL.......V.5N
 105ac 1c6e982b dd858319 ee02a61e 79dfba5c  .n.+........y..\
 105bc c2f7a2a7 27389dfe 37fb2db9 47dad8a3  ....'8..7.-.G...
 105cc d5de3720 c8ad7da8 c78741c8 f79c803b  ..7 ..}...A....;
 105dc 52100dc6 89506799 c704a210 e303b964  R....Pg........d
 105ec b3e68ab3 e1869a60 d23ad03f 27f5c95a  .......`.:.?'..Z
 105fc 5e4b06e5 14847ef3 af541649 5c064dd1  ^K....~..T.I\.M.
 1060c de209fba 41974a99 68366139 cd12a100  . ..A.J.h6a9....
 1061c 45e20227 1546454b d0a9109a b30b6c50  E..'.FEK......lP
 1062c a15b4cc0 9e118f14 0cfa711f a5b782a5  .[L.......q.....
 1063c d8829fbe 898ffd22 a1cd06c1 82c4c694  ......."........
 1064c c3c07115 a255378c 96231ff6 7e017ce6  ..q..U7..#..~.|.
 1065c 4a5761af ce284d66 07d6f335 8f6c53cb  JWa..(Mf...5.lS.
 1066c a086f635 09979082 1bb5f599 35d43c0d  ...5........5.<.
 1067c c0971283 c149b1e7 7c3d8229 95f44c3e  .....I..|=.)..L>
 1068c 10b4d8b8 ced11bc8 201aae63 149af6d1  ........ ..c....
 1069c 57550cf5 b449d2b7 fe28d075 5c29df6b  WU...I...(.u\).k
 106ac 703577e0 bd1acd39 dcb753e9 f796ca45  p5w....9..S....E
 106bc f0fa17b8 2032e61b 2999dd8b b1ff7fa8  .... 2..).......
 106cc ea6df5e4 ff3cf75a 1d4f4ef7 a785e513  .m...<.Z.ON.....
 106dc 2116a1cd 90b7d89e 81da5910 b3e212e9  !.........Y.....
 106ec 90a1e048 562c7ac7 6f766285 29b35143  ...HV,z.ovb.).QC
 106fc f3a7482c a2930163 c0dedcea f31c33bd  ..H,...c......3.
 1070c f98ad35f d677f1a5 c50cfbf4 323aef7a  ..._.w......2:.z
 1071c 72a28e78 1a1f90a3 36d49059 93cc5e39  r..x....6..Y..^9
 1072c 75c32807 4342a68a adec202e 411ad267  u.(.CB.... .A..g
 1073c a4702337 79a529c5 7e80baea 1a84746c  .p#7y.).~.....tl
 1074c c58bb0e8 62c82717 bdc631d4 af488708  ....b.'...1..H..
 1075c eb925316 da3ed6ca fcef00b7 333bd76e  ..S..>......3;.n
 1076c a1806bc5 febf705c 1e8f1755 7c7ace56  ..k...p\...U|z.V
 1077c 31b4c524 64ebbb92 fb826db2 015aeefc  1..$d.....m..Z..
 1078c 3b215863 f060007f 7a54da1d fc1cc051  ;!Xc.`..zT.....Q
 1079c 2e335b22 04965eac 30d0e1dc 96429d5b  .3["..^.0....B.[
 107ac df04b39c c4fef4c7 c0d27b2e ac28b4c0  ..........{..(..
 107bc e48e2c78 f196dde6 bdff7ec1 0f0b3047  ..,x......~...0G
 107cc d3615e39 f7eae26d 5f3cc4ff 58cdc325  .a^9...m_<..X..%
 107dc daf47f38 2e727af4 83ae8038 4b570544  ...8.rz....8KW.D
 107ec 430a1ebf 88de14e8 c6095531 3b1d0b25  C.........U1;..%
 107fc 80c6525a 83d9e136 90f372c0 27c87f8b  ..RZ...6..r.'...
 1080c a1dbb40e 62a5ebe6 2b2c5876 bbf63d68  ....b...+,Xv..=h
 1081c 2f7f0325 27dc9118 a8900f12 f35779b2  /..%'........Wy.
 1082c bcc43012 ab8ef952 f2d3a282 7347c5bf  ..0....R....sG..
 1083c abb0d4fa 40ece745 92c11a03 d24c762e  ....@..E.....Lv.
 1084c 363a306d 15a4f525 3c65da43 6b44e0da  6:0m...%<e.CkD..
 1085c 2b2317d7 4c2725c8 4d86adf3 22f3cbf7  +#..L'%.M..."...
 1086c 461a12cd 1b01f7e1 ff2dcf3c d7a27301  F........-.<..s.
 1087c 3368df66 eb8bb719 55fe6170 9b8125d1  3h.f....U.ap..%.
 1088c 1df7b731 37f9e945 568a44f8 0aa6a601  ...17..EV.D.....
 1089c 5b3e2814 79851a21 6cfed23e bdc6b711  [>(.y..!l..>....
 108ac d5498de9 e8ed4f7b 66d880e7 591ffef1  .I....O{f...Y...
 108bc 2fdb286c 3733c146 18d97d42 794d1b9b  /.(l73.F..}ByM..
 108cc 22a5dd2f e9b22c71 a3f7ede5 c8e1281c  "../..,q......(.
 108dc e0849cad 1548bdff 42653ee4 4f899eb3  .....H..Be>.O...
 108ec 1bbb0346 af0dbe13 46ce0027 6a648205  ...F....F..'jd..
 108fc 1558844d 8e58d3e0 e697cfb3 014a5424  .X.M.X.......JT$
 1090c 7c1bf8a6 369a1523 3d93c156 76f83f88  |...6..#=..Vv.?.
 1091c f82ae0ef b797a747 4bc39eb3 a2d0bdc4  .*.....GK.......
 1092c 9c757a04 4d32e259 4adc68a5 701befd5  .uz.M2.YJ.h.p...
 1093c b415be92 b43a6f48 10324ffa 7170e70d  .....:oH.2O.qp..
 1094c ee1c93af fe8a1f69 e150d7c1 a9c03da5  .......i.P....=.
 1095c bea58a98 9ce7030c 2e996971 83e4055e  ..........iq...^
 1096c 9f7f2ab8 803471e2 2e82c872 ca4c0970  ..*..4q....r.L.p
 1097c 9b606570 fdd23e87 5cc3fb01 cd1820f2  .`ep..>.\..... .
 1098c 298f5235 274e5ae1 0381232a ee97a986  ).R5'NZ...#*....
 1099c 61c9622e 8d997bd9 da1e6969 9afb7552  a.b...{...ii..uR
 109ac 2b1eaa79 02089680 98cfce38 51326586  +..y.......8Q2e.
 109bc 43b87a06 2145c8c1 a06b45bc d78ad679  C.z.!E...kE....y
 109cc 60a66029 91776acf f01800e8 edeb36c1  `.`).wj.......6.
 109dc 7d7d1585 dd998742 36abfc8a 7e25c06e  }}.....B6...~%.n
 109ec 7f167e63 4dbe2d80 bed6108e ec653fb4  ..~cM.-......e?.
 109fc c3dd8653 823c937c 24b0ec95 29f82b3f  ...S.<.|$...).+?
 10a0c e6bb1aa5 f23ffd66 73b70f66 f0ff0b20  .....?.fs..f... 
 10a1c eeb031ac 5a50d5dd bc6b02c3 11078676  ..1.ZP...k.....v
 10a2c 2cca3557 0421acb2 c7ce3827 bd674adb  ,.5W.!....8'.gJ.
 10a3c 42427dd0 c6ce62cc 548b67db 1277369e  BB}...b.T.g..w6.
 10a4c 04211278 321a190c 708adede 26dd1345  .!.x2...p...&..E
 10a5c a3ea04f3 6795e05b d1b87f50 e89c033d  ....g..[...P...=
 10a6c 2065cb27 72cfba6d 87f01ad3 e759ac9c   e.'r..m.....Y..
 10a7c be1cbde7 bc2a7883 c7a7540e 85680fe2  .....*x...T..h..
 10a8c e07f4189 90e948c6 be048f05 a7b5f7ab  ..A...H.........
 10a9c 2107c5e6 ab1d0a5a 3a780e49 20af7cff  !......Z:x.I .|.
 10aac 797c855e ce0a0952 49cd2a15 40d54993  y|.^...RI.*.@.I.
 10abc fbaa8e88 92141eb2 c332b0b4 f8db0a43  .........2.....C
 10acc c9eb99e3 69f79fd7 78c06260 9302be0e  ....i...x.b`....
 10adc 43461816 a1e2384a fc97de9b 6de72f3f  CF....8J....m./?
 10aec df79a60e 5ad10f9a 50b1e8a0 e54f86c5  .y..Z...P....O..
 10afc e758263d 4d4b5074 f9f6b965 a0e3e616  .X&=MKPt...e....
 10b0c 26e233b5 8b801fc2 eae654b8 65e15548  &.3.......T.e.UH
 10b1c 9b39c927 201fb2c6 0dfc8588 8b16fe51  .9.' ..........Q
 10b2c 2fcfc316 da6c3df0 3ad4442f 674d8c3f  /....l=.:.D/gM.?
 10b3c af67bd80 994c6573 6e420fe3 270c5c79  .g...LesnB..'.\y
 10b4c 2fbaa17b f2fabb81 b633b361 1733ac8f  /..{.....3.a.3..
 10b5c dd6c7e60 f298f77e c36a7276 c4ba808f  .l~`...~.jrv....
 10b6c a44b8818 0e0956c3 0654af95 dfeef046  .K....V..T.....F
 10b7c a06348be a2f8264a 8639ebe5 2c8265ac  .cH...&J.9..,.e.
 10b8c d14eecc4 9fac425e 0bed8cbc 899a8eac  .N....B^........
 10b9c d682991e 3927729a 175ccbaa 6afcb0eb  ....9'r..\..j...
 10bac 66c3a32d cb6e4ba8 36204172 e6d72051  f..-.nK.6 Ar.. Q
 10bbc 397d8c2b 8df49be7 add349ae 22778df7  9}.+......I."w..
 10bcc 506ff605 47a4335c e41f474e fa35afb2  Po..G.3\..GN.5..
 10bdc cae60f0c 4e9719a3 53dca549 d998306b  ....N...S..I..0k
 10bec 6e43ec3b 026af437 441921c4 7b96a562  nC.;.j.7D.!.{..b
 10bfc 1773d952 cb0d7d47 2a5160d8 63087679  .s.R..}G*Q`.c.vy
 10c0c 881e09bb 808c109f a5d1fbae bbb396c3  ................
 10c1c 8c86b762 8604c401 8ce925aa 53f2bec9  ...b......%.S...
 10c2c 2d161db0 4f26a1b2 b1a6abff c0a803eb  -...O&..........
 10c3c 01a23450 87ed08a0 ebaf73f0 e2b0493d  ..4P......s...I=
 10c4c 30d8f301 a565cefc 9b59d605 6fc2b825  0....e...Y..o..%
 10c5c 105e516e df55af04 9e50db44 449f40f5  .^Qn.U...P.DD.@.
 10c6c 3e0dbb7b 54fd8f80 c2d0ad62 0eaebdfd  >..{T......b....
 10c7c bf38e595 84d7bb1a 975d74a8 49c5a5be  .8.......]t.I...
 10c8c bee258e2 623af8c8 28435f5f a7056215  ..X.b:..(C__..b.
 10c9c c82f8ee2 dabb4f7d c92fc1ee 59f0cce1  ./....O}./..Y...
 10cac 83d0af62 c9ab6dfa f93c6fc5 93fef622  ...b..m..<o...."
 10cbc 8a008b50 878547b7 0195b9be 4b889f90  ...P..G.....K...
 10ccc b73eb03f 65636efa 0cac7dbf e8013a5d  .>.?ecn...}...:]
 10cdc d40c2ef3 1b185c71 6875d9dc 7315be81  ......\qhu..s...
 10cec 73989cfc ba160489 f8aa432f 1ed8a727  s.........C/...'
 10cfc 9f1df111 f64488d3 ac7df690 41117598  .....D...}..A.u.
 10d0c 2b0268da f366f6e6 12ba23ee 9fb4277f  +.h..f....#...'.
 10d1c 8d589288 350a2f85 cd08eb9f 5bbe0ae0  .X..5./.....[...
 10d2c e92eaf46 892ab434 250db667 e920a7d4  ...F.*.4%..g. ..
 10d3c 1a9aaf65 8fc8804a 81a156e6 961a5ff4  ...e...J..V..._.
 10d4c 0698e13d 187bf0d0 9a8ec4e0 eff1ef79  ...=.{.........y
 10d5c 2b9499a5 93de195a 0c150adf 968c1191  +......Z........
 10d6c 3f11e4a7 e3dbe012 28b16fdd ed411834  ?.......(.o..A.4
 10d7c 5dfad298 854c6339 c2fac0e8 ce667742  ]....Lc9.....fwB
 10d8c f5e05e6c c5232d2a f25c3eb5 2c1977bf  ..^l.#-*.\>.,.w.
 10d9c 27aeae06 067ba6ad 8ccaa9c2 d28feee4  '....{..........
 10dac eef1127f 57e91457 07b10718 2782b40e  ....W..W....'...
 10dbc d42c5abe a4f1a9aa f43c613f a6bbb931  .,Z......<a?...1
 10dcc b6f6b19b 7deed976 34700a93 888b42db  ....}..v4p....B.
 10ddc 0c66e276 48a6c201 c893dbff db34f866  .f.vH........4.f
 10dec 45bdcabc 778254f8 43de9739 b65c616e  E...w.T.C..9.\an
 10dfc 7651813c a68cffca 0a4070d1 5e6270dd  vQ.<.....@p.^bp.
 10e0c df88d224 4b18f7db e9b2b2c1 0be62171  ...$K.........!q
 10e1c 00b78f40 4dbde22e f3f6ae75 fae35e8d  ...@M......u..^.
 10e2c 19787904 703f6146 9011e4ad cf207680  .xy.p?aF..... v.
 10e3c 5a03a928 da5d3451 9f0821ad bb924887  Z..(.]4Q..!...H.
 10e4c a520cd3f c7c45c5c c69f83a0 1657dc93  . .?..\\.....W..
 10e5c 1bacfc47 43ed1afd 9da2c21e c13f86e2  ...GC........?..
 10e6c c7789546 9b4bb10c ad634c52 f72f120b  .x.F.K...cLR./..
 10e7c 2dca8845 ccfe710b 0639963c 4e49eed2  -..E..q..9.<NI..
 10e8c ab0c7043 a032b8d6 7a0c0101 e11552b0  ..pC.2..z.....R.
 10e9c 031278db 86039df2 8e566b84 ad06b2f4  ..x......Vk.....
 10eac 9d007875 a5de2870 d357fe4b 85b9f403  ..xu..(p.W.K....
 10ebc 21b93892 37549676 27276827 a5dc1130  !.8.7T.v''h'...0
 10ecc 9f872e14 9c0b7f6f 5d726328 e41c03d6  .......o]rc(....
 10edc fb0f6de2 c5c0c2f4 3f30cc50 929c99a1  ..m.....?0.P....
 10eec 05c621b0 e4a1d6df c26e1448 8d489f7a  ..!......n.H.H.z
 10efc 536bbb20 405f213a 1d087266 9852f001  Sk. @_!:..rf.R..
 10f0c 5f803638 e21a6783 e286500c b5566cd6  _.68..g...P..Vl.
 10f1c ec737157 6c4222ce 05df2457 536c86ba  .sqWlB"...$WSl..
 10f2c 23b55f4c b94cfc07 f944ac40 dccf20f0  #._L.L...D.@.. .
 10f3c d22f36c5 e0b62f9c ad3168e0 c4bf6892  ./6.../..1h...h.
 10f4c 42d92684 ec1a1a7c ba9177f9 31d63eda  B.&....|..w.1.>.
 10f5c 25e680cf c7b98489 29569a40 d96d4ed3  %.......)V.@.mN.
 10f6c c76b3070 3ded1842 dcee45c5 eb7cf428  .k0p=..B..E..|.(
 10f7c 34f90713 8580dd4e 559ad4db b4b16cf7  4......NU.....l.
 10f8c 5644e144 ee8cdc42 4b24c7df 52bac425  VD.D...BK$..R..%
 10f9c def846e2 cc2fea9c 376fabb9 a38e0ff0  ..F../..7o......
 10fac f70538fb 34b24903 775eea5b 9c180b20  ..8.4.I.w^.[... 
 10fbc 569f6661 29541f61 b9eda2d1 8d3f5540  V.fa)T.a.....?U@
 10fcc bfe77bde b6dbe5f8 e06e2446 2e21fc07  ..{......n$F.!..
 10fdc 0756fb06 074bde0c 7fc9a410 ea58e1fc  .V...K.......X..
 10fec 75a9dc47 2007001c c12d2fbf f3a18ba2  u..G ....-/.....
 10ffc 48a448bb bd76ca1c 8b406fe6 9811e182  H.H..v...@o.....
 1100c 20c1db26 889bed74 b9e78642 668d9200   ..&...t...Bf...
 1101c 7e8eca4c a2d4e412 86fcaac6 97c42f24  ~..L........../$
 1102c d103f96f 6dbcbf83 8ef0fb84 bd3a64dc  ...om........:d.
 1103c 044764fe 3200ce60 db05b50e 069fbab4  .Gd.2..`........
 1104c 510078fa 2f0c50a0 840b1371 62b829b0  Q.x./.P....qb.).
 1105c d2848768 b1262061 6481e5b1 edc9039d  ...h.& ad.......
 1106c 02c48df0 19171531 4aa5eff8 0c6d29c3  .......1J....m).
 1107c 72b2e295 8fc4f863 17c58421 4887fe6e  r......c...!H..n
 1108c 1c91da63 7defee80 7169a885 5619fe3e  ...c}...qi..V..>
 1109c e80ac62a 7f387b7a 82726a9d 62af3618  ...*.8{z.rj.b.6.
 110ac dd509da4 80f171f1 52d24f76 60362e11  .P....q.R.Ov`6..
 110bc 9a7353d4 f19ae474 09541a39 2d2fbb4a  .sS....t.T.9-/.J
 110cc c04eb67f 811bafd3 75a3763a 1934067f  .N......u.v:.4..
 110dc 62951242 002473cd c9ef571b fd383c38  b..B.$s...W..8<8
 110ec 26ff7701 3724323c ec8025e9 efe2c2ce  &.w.7$2<..%.....
 110fc f3bed31c af673263 61f1df24 8bd028fa  .....g2ca..$..(.
 1110c adb82ccb df5a157c e601d17d 05dc536d  ..,..Z.|...}..Sm
 1111c 581a193d 1158481e d7cbbe10 a631a0fa  X..=.XH......1..
 1112c 01eb8276 112e2f45 eef14935 2cf6fedb  ...v../E..I5,...
 1113c 13f77c4a 5dff248e 9b760f61 ae738d1d  ..|J].$..v.a.s..
 1114c b950aec8 1ef6f5d9 8ad0a3c2 9d19e86d  .P.............m
 1115c 457fc576 577c30a4 01f15981 069d5b5d  E..vW|0...Y...[]
 1116c c4b17257 76eccf60 1666c32c 4d0d8511  ..rWv..`.f.,M...
 1117c 20230680 cb930a3c e6fad013 54d57747   #.....<....T.wG
 1118c bee6c7db 0feb04c7 867c4260 6fd25b00  .........|B`o.[.
 1119c 4f446d83 3d908ff4 0b2a5555 083e5a2f  ODm.=....*UU.>Z/
 111ac b90f94b8 542797e3 f8b8c014 891f00e0  ....T'..........
 111bc a114bcd5 12f6eabc eec7ba99 cc78d637  .............x.7
 111cc d1842b60 c9046bb7 28deeede 71514896  ..+`..k.(...qQH.
 111dc 003bf466 0d56b7f5 0d9d558e ed2cbfaa  .;.f.V....U..,..
 111ec 4c25d2e1 97bfe86b b1bce21d 51fb641d  L%.....k....Q.d.
 111fc 36b65d01 8fea6187 eaed6c7d b8f28412  6.]...a...l}....
 1120c 11dd6043 ad89ac35 2e2f51ba 93e39a3c  ..`C...5./Q....<
 1121c 36eb1578 648719c1 fbc15687 6b9aaef6  6..xd.....V.k...
 1122c 63f2cb8d bc91353b bd1c37a9 353e4560  c.....5;..7.5>E`
 1123c d9f5117d 6b8d387c 1e1a18f3 dc27d7ed  ...}k.8|.....'..
 1124c fa219917 375fdd65 58bda542 77d2f579  .!..7_.eX..Bw..y
 1125c 130e097c 97f43b9e 0bae0aa5 0c1874fb  ...|..;.......t.
 1126c 476d1500 cf9752df 29330662 7b2d2052  Gm....R.)3.b{- R
 1127c 94489b8f 8799685a 3c84dc8c 2c1947de  .H....hZ<...,.G.
 1128c a46dc804 e8ecc261 a1ca9d9b 48f857dd  .m.....a....H.W.
 1129c 214ab400 cfbc7be3 c56ae97f 97cdf45c  !J....{..j.....\
 112ac 1d6a592c 5230edbd 6cca2511 30195fea  .jY,R0..l.%.0._.
 112bc 0aff5a0f 1031bca8 a9e8bf7d 63a5dc3c  ..Z..1.....}c..<
 112cc 379bcaec a3e2a69c bfdbce37 7f9b4769  7..........7..Gi
 112dc 2ef48db2 986c81d0 63674ba2 9dcaec1d  .....l..cgK.....
 112ec 7799cfc5 740d0eed 34fe9085 a86c859b  w...t...4....l..
 112fc 06d81e75 3827238b 1e18ddb7 4c733b14  ...u8'#.....Ls;.
 1130c b357d798 b1872cd4 84964450 d9c5e35e  .W....,...DP...^
 1131c 68ec23d4 4eccfae2 84a89ed9 4da728c4  h.#.N.......M.(.
 1132c beb922c7 8f7415f2 5b676193 da97fd2c  .."..t..[ga....,
 1133c ba46958a 0e79b808 80ab8523 513f2fd2  .F...y.....#Q?/.
 1134c 222fece2 07357993 08c2a140 c466381b  "/...5y....@.f8.
 1135c de1fe1b2 92e31699 e5c7750d 896d43d1  ..........u..mC.
 1136c 1cb4be2d d677febb 14481094 0e661043  ...-.w...H...f.C
 1137c 01fd6b38 fa106b6e 9eaabb45 414370d9  ..k8..kn...EACp.
 1138c 402d6eec 97d999c5 e3edb197 5deb29ff  @-n.........].).
 1139c 5ef49ff2 f233c86d 59df2ab3 f618a146  ^....3.mY.*....F
 113ac bec557fa cd7e6fe1 60702c60 2aec1236  ..W..~o.`p,`*..6
 113bc e39cdfa0 449ad9b8 775dc715 d77e4039  ....D...w]...~@9
 113cc 44c84f90 150086f2 8b148b24 aae0355c  D.O........$..5\
 113dc f732151f 4322e2c0 3f386ad6 b599adae  .2..C"..?8j.....
 113ec e581579a e058a3ea feaed455 a0237200  ..W..X.....U.#r.
 113fc a6afe7e6 b9e4fe40 b1370ffa 02f799f0  .......@.7......
 1140c a86aac10 cc8e6553 319a0c4c a6d76f40  .j....eS1..L..o@
 1141c fb593c0c 72432c5d df21a3e7 7594368f  .Y<.rC,].!..u.6.
 1142c 14d65a67 cc9a05fd 9c84f3bb 64840b9e  ..Zg........d...
 1143c a30b3b5d 4a5dcc97 1b1838bb d630dd06  ..;]J]....8..0..
 1144c aa1c625d 5fa387c4 2b024810 b61485ca  ..b]_...+.H.....
 1145c 8455323b 9fbda4d9 5b981383 2019a030  .U2;....[... ..0
 1146c c63a2b85 cf28e13a 40f410a0 8fbf800c  .:+..(.:@.......
 1147c 98c7b880 e6f5575a db3eaf56 39e3d3d4  ......WZ.>.V9...
 1148c 11849dd3 78c70a22 756f9eb2 3dbafcca  ....x.."uo..=...
 1149c a8eab611 01d2c4e0 665b5c51 d7a30117  ........f[\Q....
 114ac 055cad78 7226f944 c206b835 b4f5f436  .\.xr&.D...5...6
 114bc d581c8c2 8ad693da dbcb0ed7 4433456c  ............D3El
 114cc acf027b5 224cbff9 0ba966ed 22909136  ..'."L....f."..6
 114dc 987e1cdd 53eb887e 506cf283 88608a42  .~..S..~Pl...`.B
 114ec ba007ce9 eb0abb46 8835bc1f df5c1531  ..|....F.5...\.1
 114fc 6cb92077 176ade81 515a1b83 b5c135cc  l. w.j..QZ....5.
 1150c e6bf3e6e 3ba9d6f4 1089ef26 0a957bc6  ..>n;......&..{.
 1151c 30759b40 4af93093 7c060ce4 e2f5b4f7  0u.@J.0.|.......
 1152c 1e507324 2de739dd e7c5e388 05768edc  .Ps$-.9......v..
 1153c e3164b68 fedb5459 201f73ba 215ea0e8  ..Kh..TY .s.!^..
 1154c 9c07a654 bfac3147 9559696a fc07b408  ...T..1G.Yij....
 1155c 7ab1d78e 3aeb422e b77029c3 cbd29d2c  z...:.B..p)....,
 1156c 84e4435e 68a39e71 a460e255 e6eeb55e  ..C^h..q.`.U...^
 1157c c8e9151d 0829566e 7a2bdcc1 3fbf35c6  .....)Vnz+..?.5.
 1158c 63a221ba ab194edb 66411fdb be981618  c.!...N.fA......
 1159c 566088b0 a5a301ff 42d91a52 52acf3d8  V`......B..RR...
 115ac e9960084 5e1d5fa4 88b75a4f 65f66509  ....^._...ZOe.e.
 115bc 2bede814 c6cd9eae 11e26d1c 71dbb839  +.........m.q..9
 115cc 2a41553f b22a12f5 8a9a7f09 b1e72719  *AU?.*........'.
 115dc 34a70238 0df7c406 82e69dca 9122b94d  4..8.........".M
 115ec c03fc183 12a44d9d 5ea999ce 85c7b41b  .?....M.^.......
 115fc e17eb8af 848d36ce ad085c43 ecd5abd7  .~....6...\C....
 1160c dee84e62 d8844e5e 67cbfa88 a3708268  ..Nb..N^g....p.h
 1161c b2bb4c5b bec0dda0 693f432e da18fc6b  ..L[....i?C....k
 1162c 4b93ba58 1b623f5d 482f635c d94159f2  K..X.b?]H/c\.AY.
 1163c b90bc5e0 5b71e6c3 8020ca3b 579b8b07  ....[q... .;W...
 1164c 6d2bdc06 e02ecfb7 0e9d749d 9c9b3c82  m+........t...<.
 1165c 35865cd9 454f953f 2f30453b e5c54802  5.\.EO.?/0E;..H.
 1166c 80c18635 021e6eb5 a5f9dae6 1a41a316  ...5..n......A..
 1167c a8f6a29f eb97fa47 2dd44e7a 4eb039ec  .......G-.NzN.9.
 1168c 2efc88ec 2d2cc91f af30e72e 01bd75fd  ....-,...0....u.
 1169c bcb28467 0982c663 5ff8f166 eeb5884f  ...g...c_..f...O
 116ac 3d8379eb 98e477ff a13ca839 0afb1aff  =.y...w..<.9....
 116bc db061972 d1d75f72 74433cb0 4f674432  ...r.._rtC<.OgD2
 116cc be61b8e4 ee1943b9 a2d92881 84f4dfc7  .a....C...(.....
 116dc 869ff370 d83a7a24 a30d705f 0632f948  ...p.:z$..p_.2.H
 116ec 7260f86a 78e553d7 660400b4 479992e6  r`.jx.S.f...G...
 116fc c2ec747a 29011790 eeb397f4 e923aeb3  ..tz)........#..
 1170c 47384e89 cbc46a24 b8e87164 1787f874  G8N...j$..qd...t
 1171c 26e610d9 f1f4a65d e5f69680 b59b986c  &......].......l
 1172c 2ecebdf5 593d9621 a88d9942 84824e51  ....Y=.!...B..NQ
 1173c 1478a508 bfd37af0 db79159b 85e65935  .x....z..y....Y5
 1174c 8e3a0773 97266b6b 726b2d70 db9bf43e  .:.s.&kkrk-p...>
 1175c 91861cc8 bc415586 03f219ee f930c13c  .....AU......0.<
 1176c 88ddc13d f542f71e 7d3f719c bcac4737  ...=.B..}?q...G7
 1177c 0952c100 deb1d69a 1c3383ee ad7734dd  .R.......3...w4.
 1178c 8cc0d901 58ad5ba2 8597acce 83308799  ....X.[......0..
 1179c 45c6c65c 09bbdd94 71bfe0bf 16a2f19b  E..\....q.......
 117ac 8450920f 75e41caf 48a7a729 8f9b7721  .P..u...H..)..w!
 117bc 805ce919 0ca44627 4ce01ac3 3b573d97  .\....F'L...;W=.
 117cc 4894b6e7 bebe6d7e f646b270 815ed07d  H.....m~.F.p.^.}
 117dc ac50292f 036c32dc dd841a72 624c22fb  .P)/.l2....rbL".
 117ec 414d8a8b 9d7b5157 f3c20ce2 542a2d80  AM...{QW....T*-.
 117fc f7488b3e 0421b4a3 30caf26b d697b2ca  .H.>.!..0..k....
 1180c 66b398bf 8d41403b 84c12bbc 8a843c3c  f....A@;..+...<<
 1181c edba2351 6684c0e3 545e4aee 3d359aab  ..#Qf...T^J.=5..
 1182c e248e7f2 455ff736 8b4f0c13 bdae1311  .H..E_.6.O......
 1183c f27eaa7d 0ca70729 a43aac65 0449bb62  .~.}...).:.e.I.b
 1184c 51a232a0 c9179f7a 3e532257 576ef0d6  Q.2....z>S"WWn..
 1185c ba4aab2c 2d139f20 69751f76 c25096bc  .J.,-.. iu.v.P..
 1186c 02964189 c551d4d7 7c06f3ea e16a9c1e  ..A..Q..|....j..
 1187c d599804f 42f17c91 e2c40b8b 001a14b4  ...OB.|.........
 1188c 52d73189 a0bacb31 4cf462b3 76469a05  R.1....1L.b.vF..
 1189c d93cac59 5be4c4f1 43028c0f ca5363f4  .<.Y[...C....Sc.
 118ac 79a60704 b8b5af7e b3ab05c5 61a9771b  y......~....a.w.
 118bc f8f34953 b728b4bf 0b60f6be f5a39bf3  ..IS.(...`......
 118cc ffbfa70d 7da92ce0 1f554ef8 c10e7633  ....}.,..UN...v3
 118dc 7fb427bc a87d6672 40e998a6 cc89f34e  ..'..}fr@......N
 118ec b1db7ae7 b3c38e5b 06353a98 8dad1fdd  ..z....[.5:.....
 118fc 2cd6faf8 e617866c 829bfadb d11ac891  ,......l........
 1190c 69ef148c 7e8d1221 05520d79 ca0cd1ad  i...~..!.R.y....
 1191c 95d5f8e1 3472194b ed810162 ee579927  ....4r.K...b.W.'
 1192c d15b9fbc e79a3a06 50668ded 096cbc19  .[....:.Pf...l..
 1193c 4fd3c02e dafc0bf5 e3dc4b69 b321080c  O.........Ki.!..
 1194c b3a2ba36 b770583f 9d7fc305 22e124b1  ...6.pX?....".$.
 1195c 50402d77 e00c8dac 5a379862 1290bcfb  P@-w....Z7.b....
 1196c 8ad41c07 37ac05ec 885ddd49 1ef08813  ....7....].I....
 1197c 536e3540 5cb48339 ea39b99a a800eac9  Sn5@\..9.9......
 1198c 13927567 cdb4c0e6 cd037659 f4ba1517  ..ug......vY....
 1199c 4302c73f dff4b75f 4764f63e fce34608  C..?..._Gd.>..F.
 119ac 052ae9fd b032bcb3 7c080779 aa2ef08d  .*...2..|..y....
 119bc 2ceeb8d0 f0dfc571 4baa6c5e 2347fa88  ,......qK.l^#G..
 119cc 6b5e549a 79377e25 92d18271 4079b4d5  k^T.y7~%...q@y..
 119dc 260823a6 3df45870 1264c670 aed1a425  &.#.=.Xp.d.p...%
 119ec 872a8454 e64c6d9c 94820e03 e8813ac6  .*.T.Lm.......:.
 119fc c2a03130 d692b179 7795104c b381ab41  ..10...yw..L...A
 11a0c 527f93be 42808c6d a8d511d8 47dab84a  R...B..m....G..J
 11a1c c58404ea d8431c25 ea0c6171 bc994da9  .....C.%..aq..M.
 11a2c 2926e456 1477315e 1c86bdc1 9bc7f75b  )&.V.w1^.......[
 11a3c 64cef9c3 3d86c3e4 e74788b5 bab4e7c1  d...=....G......
 11a4c 0d2f2a8b 0592a1fd 572c2e0b 8d972520  ./*.....W,....% 
 11a5c be6bdf62 3acb2ca8 61964675 5d3de832  .k.b:.,.a.Fu]=.2
 11a6c 7142d2ec d157810d f5f86cf8 17b9b1ff  qB...W....l.....
 11a7c 929bba5d 295a5bc8 74f99849 86a06201  ...])Z[.t..I..b.
 11a8c ccd89a38 0f02e462 8fe2a9fb d1c0e1ae  ...8...b........
 11a9c 009c8fbb 963bbc6f 10b6e8db f2db9182  .....;.o........
 11aac 72e23f84 8bc9a55c 73707fc0 cd0bcd21  r.?....\sp.....!
 11abc 4e44e357 267717f6 bb6897aa ea81803c  ND.W&w...h.....<
 11acc b77c6822 ae197ef4 8174bf76 b3ae0306  .|h"..~..t.v....
 11adc a9455749 d9ea88f1 5d504918 f7183c92  .EWI....]PI...<.
 11aec d874f593 626461fa 58e6e4a1 589c8351  .t..bda.X...X..Q
 11afc 67005c49 553008ea 4cf1972a 3186f034  g.\IU0..L..*1..4
 11b0c a6ade533 4f6b7e98 7add8d84 ce7eaca3  ...3Ok~.z....~..
 11b1c 12c01a6c 61738da0 76b2fcd7 68d92593  ...las..v...h.%.
 11b2c 46e6dfde a6c9a258 beef8b6f 26e1893c  F......X...o&..<
 11b3c 8cc6710d c1f83454 14c6a12c d2d403db  ..q...4T...,....
 11b4c 45f80bfd 4e210d4e 2ce8e777 701066bc  E...N!.N,..wp.f.
 11b5c 539ad513 dcb9cd80 6584d02f c3d7fab1  S.......e../....
 11b6c 65e04d06 d0a77eb2 2af29be2 ebe026c8  e.M...~.*.....&.
 11b7c 3605b4a4 e2ae1442 e6d4ef30 38d796eb  6......B...08...
 11b8c cfca3221 12a8b3ce 537f0393 c7f3ba2f  ..2!....S....../
 11b9c 1dbe1b91 c0a7b411 fc543115 4a67226b  .........T1.Jg"k
 11bac 29af46b0 cf0fc461 3e23b915 acb325f4  ).F....a>#....%.
 11bbc 0c141551 fb1c2414 0cf62d84 d0a08576  ...Q..$...-....v
 11bcc fd629b0d 6d185d4c 4cd84992 5dfd5b2f  .b..m.]LL.I.].[/
 11bdc 224fd6bc 9e39ae57 10a63ef1 c2c154c7  "O...9.W..>...T.
 11bec 82d850f0 22b70044 7334ede9 345c9f2d  ..P."..Ds4..4\.-
 11bfc 53564e31 993860cc 2ce36f74 44c1603a  SVN1.8`.,.otD.`:
 11c0c 5c7ee3d5 7284b6c7 23aea80a c6071632  \~..r...#......2
 11c1c ea650cc8 35be3082 75814751 4e88d1d1  .e..5.0.u.GQN...
 11c2c 6fb0ac13 ab348464 9c3a1120 9ac0c300  o....4.d.:. ....
 11c3c 73f99067 ffc4e7ef f582b3c4 09881b13  s..g............
 11c4c cd3deba3 0419232d acb8cbf6 b7034c21  .=....#-......L!
 11c5c 83fd3b2c 380b5b57 71a000d4 9a45ae9f  ..;,8.[Wq....E..
 11c6c 7d7346b8 a7dff806 81931da0 fc4703ec  }sF..........G..
 11c7c c164f2c1 7fd021ab 62cf1ff1 6c464de4  .d....!.b...lFM.
 11c8c f7bb3955 4d9a9406 c87e17a4 c050d755  ..9UM....~...P.U
 11c9c a576f79c 4f73b4e3 25f8c9b1 021e5365  .v..Os..%.....Se
 11cac 30439d54 64e67d6b f9171faf bd8f3ced  0C.Td.}k......<.
 11cbc 5b855006 af1a2c5e 18db6837 61ad6512  [.P...,^..h7a.e.
 11ccc 0eaae093 8e9dff82 26f33a8b a53a1650  ........&.:..:.P
 11cdc 15307e31 813a2cd3 85d102b3 ed881171  .0~1.:,........q
 11cec a16e07ec 50eb0b37 98029af7 98ab9947  .n..P..7.......G
 11cfc 47ccef55 32298d45 17f14561 1867f7f2  G..U2).E..Ea.g..
 11d0c 915ee9fc e8112be2 70f77e76 08a5eb62  .^....+.p.~v...b
 11d1c 32b5eb35 835e419a e67bf199 4b1cf082  2..5.^A..{..K...
 11d2c b26353db 55542534 9b0d8c24 010fb38c  .cS.UT%4...$....
 11d3c 668eab7d 798d0d57 94b74ba9 a524fff1  f..}y..W..K..$..
 11d4c e4fee961 b7dc5763 90a1f826 7f5e0dc7  ...a..Wc...&.^..
 11d5c 94105576 26f44aa8 06916ffd ed2b28e6  ..Uv&.J...o..+(.
 11d6c d8015a4e df20c36a 333d0013 33d4e317  ..ZN. .j3=..3...
 11d7c f123af7f 40cd192f a2a3f3d6 b823cd9e  .#..@../.....#..
 11d8c 44db61a6 25c2a9b0 6455182e 16c17fa5  D.a.%...dU......
 11d9c a4974faf f51a788b e3caadf8 81e32414  ..O...x.......$.
 11dac 5e30616d 37c60f03 9d5e9d51 c3ea2b7d  ^0am7....^.Q..+}
 11dbc e51d3487 05ad0f91 9403a76f b98ef9d7  ..4........o....
 11dcc 637d98b3 3a1e512c 33d29866 a34efa74  c}..:.Q,3..f.N.t
 11ddc 05168f73 b3ff95b9 6b04588a d179ab49  ...s....k.X..y.I
 11dec 4a0ca176 f045ac2a 48938503 92b5e28c  J..v.E.*H.......
 11dfc f8e59791 a01ec649 29202f6c 80721c39  .......I) /l.r.9
 11e0c fe576b35 7e39d667 005dddb1 5f4e5907  .Wk5~9.g.].._NY.
 11e1c 595a1d85 86a1b339 cfc597a3 fe268e63  YZ.....9.....&.c
 11e2c 3f680de3 487bd9cb e20e3350 09d7ac90  ?h..H{....3P....
 11e3c 884c8349 275a1e42 a9a759ce a5ce2f04  .L.I'Z.B..Y.../.
 11e4c c2bcb1ec 57b0f778 43b0a208 273a1f79  ....W..xC...':.y
 11e5c fe572e32 0b8c0d6f e43eef14 3b49ad1c  .W.2...o.>..;I..
 11e6c c50142ee f85796a8 6a970c14 da15bb42  ..B..W..j......B
 11e7c d924bd6a 219c8e68 52c2ad5e 92733219  .$.j!..hR..^.s2.
 11e8c 4682204f 608b720a 37979884 6c4d34b5  F. O`.r.7...lM4.
 11e9c 6fe6cec9 1c325111 a9aae967 20b70db9  o....2Q....g ...
 11eac b8e22665 8591ca41 2984d20c 93661811  ..&e...A)....f..
 11ebc ce5be7d6 eb0b3b50 2ee424fb 6553842a  .[....;P..$.eS.*
 11ecc 23b535b5 c8d782bd 5b8cd4e4 ca0c625c  #.5.....[.....b\
 11edc a474a4c1 44e19635 5faebd73 af6c7144  .t..D..5_..s.lqD
 11eec 4fbb0325 02786dab 78071ce4 6ca9aafb  O..%.xm.x...l...
 11efc bd4c35f5 c28cc1bf 6aa2c8ff f2852b40  .L5.....j.....+@
 11f0c e35202a3 8eabac66 5508fae9 c1418073  .R.....fU....A.s
 11f1c 95878496 fe0a1eab d184ae61 f4bb8b6f  ...........a...o
 11f2c 4ce79624 8d8c3a59 dcdc93ef 1ae46f4a  L..$..:Y......oJ
 11f3c 52e90196 bab707cb d425cd3b a5a14d07  R........%.;..M.
 11f4c 6b0c5ab6 09a81080 ce86338a 65f1655b  k.Z.......3.e.e[
 11f5c 227d2991 81b60727 6f68bdd9 14cf3710  "})....'oh....7.
 11f6c 6ab62c9d 93fd46ed f0bb2cfe ca1f2a88  j.,...F...,...*.
 11f7c e8db0652 c2f2c402 9eec137e 8ae0e964  ...R.......~...d
 11f8c 3a0559a0 a93887dd ba655332 baed6732  :.Y..8...eS2..g2
 11f9c c87fd8b2 72df50c2 910dbb09 d4618029  ....r.P......a.)
 11fac 9860a391 e170e7c6 f7ab9a33 64208840  .`...p.....3d .@
 11fbc ddff793c a83afd01 5d3c0f24 d2beacac  ..y<.:..]<.$....
 11fcc e8e1443c 6ad2df5a dcf5f30f b85f29e5  ..D<j..Z....._).
 11fdc f1807673 ea279ae0 11a65be7 9f18374f  ..vs.'....[...7O
 11fec 60306395 237c6886 3066fc6c c792603f  `0c.#|h.0f.l..`?
 11ffc 384d0b2a 714e11c6 0806210c 340d5bde  8M.*qN....!.4.[.
 1200c b245565d 8bb3df6d c0753c9e 72b15f99  .EV]...m.u<.r._.
 1201c 2d9272b9 beb59b97 23bca1d3 4d29163f  -.r.....#...M).?
 1202c 06b5b2e1 b304317d 497ba9cf 0ec80485  ......1}I{......
 1203c e5956c45 c8e63382 79b9314b 18466f88  ..lE..3.y.1K.Fo.
 1204c 71e916e9 3d61c641 46f5dee2 24000da2  q...=a.AF...$...
 1205c 32827922 a8147946 9a3ce5b6 b170b00b  2.y"..yF.<...p..
 1206c 41ce66f0 4c794dac 24af3afa 3f0af7f3  A.f.LyM.$.:.?...
 1207c 475b8b9e 4a8a5942 13831f09 c869e49c  G[..J.YB.....i..
 1208c 7200d111 ded1becd c5f00ad4 03dc51f9  r.............Q.
 1209c a70f59e0 ccdb4535 8bcbf203 a778211f  ..Y...E5.....x!.
 120ac 52b79a48 2f34b279 ed51df56 982be002  R..H/4.y.Q.V.+..
 120bc 948a9da7 2a99d61b a361eea2 e06fcc52  ....*....a...o.R
 120cc fa58bdb5 25350d1d 66b84819 12b22e9f  .X..%5..f.H.....
 120dc 35482c3c ee527ea1 cef18366 50e8c84c  5H,<.R~....fP..L
 120ec cfc61832 25476957 1fa32384 438f7163  ...2%GiW..#.C.qc
 120fc ab1a489c 971c1600 b1473e2b 2d24ead5  ..H......G>+-$..
 1210c 5c12b724 a15797b0 9a8b14ab aa3acf9d  \..$.W.......:..
 1211c 6c1829d2 913d103c 3147342f 2a170d60  l.)..=.<1G4/*..`
 1212c ef5f3ec0 45251424 6e3e09a1 98e6d248  ._>.E%.$n>.....H
 1213c 6b07d35f befae10d ccdd3693 d4e3b76f  k.._......6....o
 1214c 6510eaa1 aaccaa28 37867ae0 f4f00374  e......(7.z....t
 1215c f2c26936 cb77b218 a1cac147 1b2d0200  ..i6.w.....G.-..
 1216c cb380caa bb0df07e c3991fb3 28b1bc67  .8.....~....(..g
 1217c f6b25dcc fb6e783e 7b755760 9951a76b  ..]..nx>{uW`.Q.k
 1218c 47cda24a ee732466 84d8a1a2 f2a6e25d  G..J.s$f.......]
 1219c 79f25db7 09a8ffeb 60337328 dc96a8c1  y.].....`3s(....
 121ac 00e83014 26cbebeb d5f62195 511f21dd  ..0.&.....!.Q.!.
 121bc 1fe393ba bf84c412 147c42f3 8ab1aa81  .........|B.....
 121cc 5990e1e2 e9ba296c 010b8136 abbe0eae  Y.....)l...6....
 121dc c3bcbbf6 5a9339e9 7a90d939 7ddfe03b  ....Z.9.z..9}..;
 121ec 60f29911 86c2ffb4 0135d39a 95775e54  `........5...w^T
 121fc 5f1db9ae 6d997067 0c836825 9b5ee152  _...m.pg..h%.^.R
 1220c 9a1b3ae6 0cf749cc e5e5e292 65ff5641  ..:...I.....e.VA
 1221c 596f2a7f f7d4b446 ba717bb0 baf3d26a  Yo*....F.q{....j
 1222c cc947799 9af45f96 d8960cb8 9ec91e4f  ..w..._........O
 1223c 5af4cc86 ebab4014 4d4fca8c ef86f4dc  Z.....@.MO......
 1224c 75c3a445 f49bf1a5 b1405996 96b1d561  u..E.....@Y....a
 1225c 8b1b5663 1b3512f6 5c0baf8a aa8f9c4d  ..Vc.5..\......M
 1226c d8e39a32 8b15aa60 9bd35e37 f203111d  ...2...`..^7....
 1227c 982a8145 c4ce339a 9dea0f20 c6ed277b  .*.E..3.... ..'{
 1228c 30e67d61 b85d2149 ee2b6fb3 b39442f8  0.}a.]!I.+o...B.
 1229c 0666f635 6e9b5ed7 847922c0 02b926a2  .f.5n.^..y"...&.
 122ac b7219af4 00200000 0d93acf0 d1180311  .!... ..........
 122bc 07fb1159 2c841625 ff00e8f3 f2c7f052  ...Y,..%.......R
 122cc a90b8f4d 71ab94b6 fba8c438 818d8f4e  ...Mq......8...N
 122dc 34dc8864 89b6c7ff 643bf678 b3aeb3f8  4..d....d;.x....
 122ec ab65e9f3 9187457a a2b11fed 5f462b44  .e....Ez...._F+D
 122fc c1e29564 a2634188 e4838d09 cfabb147  ...d.cA........G
 1230c 26a7e15e 47e7efbb 5f86fd52 6d49618a  &..^G..._..RmIa.
 1231c 4bac1ed7 f33125c3 5eba2a62 9f5c01d7  K....1%.^.*b.\..
 1232c e16649b8 62dcd73f 0e54b5a8 72ee0b0e  .fI.b..?.T..r...
 1233c 02897d8f 0c0d7a6e bfd1e2c5 2f154f79  ..}...zn..../.Oy
 1234c 1ff76310 fff545f8 fb405d57 6cbbb735  ..c...E..@]Wl..5
 1235c 5a9e17cd 07c12056 46b3bbba a4ca4288  Z..... VF.....B.
 1236c 297c95dd 96294999 d6706a45 f7d36ed5  )|...)I..pjE..n.
 1237c 001f3c94 9dcf6b1a 74b87387 e48704a7  ..<...k.t.s.....
 1238c 1452167e ad14c48e 302082a3 3bdd5111  .R.~....0 ..;.Q.
 1239c 454957c9 32abee8b 1d0e2d61 74232c2a  EIW.2.....-at#,*
 123ac 857aecf6 19665721 338e7fa6 f6eb07e2  .z...fW!3.......
 123bc a1cafb3b ed56b9f6 b6d1484e 0c293225  ...;.V....HN.)2%
 123cc 1a403ac0 ab70e586 c3ccb577 bf2e0743  .@:..p.....w...C
 123dc 520f76d4 017549f6 6dfdcf0d 1f6bd463  R.v..uI.m....k.c
 123ec 53c8fdb9 29798b42 e4b97925 c5e05ce2  S...)y.B..y%..\.
 123fc 2225cc18 79929a26 a70ea611 48d150bb  "%..y..&....H.P.
 1240c 31cace9a 0129deba 0a028623 b78d95aa  1....).....#....
 1241c dc5ce9b5 c325187c d90e8ec5 3ac258f1  .\...%.|....:.X.
 1242c 9cad26f9 b5379371 c1b39828 a8b7eba2  ..&..7.q...(....
 1243c da17efa4 b7ae2270 0abcc375 f1dea4a8  ......"p...u....
 1244c e3f85e35 262117b9 2dd0fbca 4f9e71bc  ..^5&!..-...O.q.
 1245c 4f48dd64 2dcfd15b 205be15b c1522005  OH.d-..[ [.[.R .
 1246c fba8d027 97bb785a 95877489 ed24dc57  ...'..xZ..t..$.W
 1247c 44474b40 bddef64d a3efcad2 0d169fb8  DGK@...M........
 1248c a8229e27 7973781c 29977cbe fde06188  .".'ysx.).|...a.
 1249c f2f22cd6 203b7e23 62b66cdd 7c144f3d  ..,. ;~#b.l.|.O=
 124ac 56cacb88 8d7782b2 6897b358 507062e3  V....w..h..XPpb.
 124bc 6d0fe19b 2fc8881d 31b65fc4 bdedc4d2  m.../...1._.....
 124cc 971dfc56 92c190df bd343ec0 1182946c  ...V.....4>....l
 124dc 040be0fb 0a394034 ae687f80 e6aad6b9  .....9@4.h......
 124ec 4d464542 6feb3eb4 46c56623 50fb19ac  MFEBo.>.F.f#P...
 124fc f5e5931b 42895d40 8e854388 0b225c72  ....B.]@..C.."\r
 1250c 4516873b 814cef65 3c16f03e 336d3028  E..;.L.e<..>3m0(
 1251c 1d578081 29d64ccb ad914003 3ca29bfd  .W..).L...@.<...
 1252c fc461e97 5d3604c6 e24e3cad b4d44203  .F..]6...N<...B.
 1253c 325258e8 0bf51b4f affc95ba 973d9701  2RX....O.....=..
 1254c 540dff92 7d181b09 a4d4020f ffdece09  T...}...........
 1255c cdc83adc e2685f80 b0e7ab25 1bc7c30d  ..:..h_....%....
 1256c da539194 fc8bfdb9 e1452ecf 6986ac68  .S.......E..i..h
 1257c 2ea65ad8 8db79a02 53a44514 99f58be8  ..Z.....S.E.....
 1258c 11809470 bc3d93e3 ea817051 d40ad155  ...p.=....pQ...U
 1259c c0266d97 342b2111 fc4e421d eb5f638a  .&m.4+!..NB.._c.
 125ac cd271885 0ea4aa6d 284ef109 4747423d  .'.....m(N..GGB=
 125bc a8bb2bee 77c0bcbe cf0dbd26 a07d4a1b  ..+.w......&.}J.
 125cc 405c6dc7 b9fd4a42 2053e08d 738dc7fd  @\m...JB S..s...
 125dc 3a6cc336 43ce4974 3da16b31 989c9ced  :l.6C.It=.k1....
 125ec 1acc290a 7ee70792 d17d9f64 707ae2ee  ..).~....}.dpz..
 125fc 1909f101 4a7769d7 e9ebe979 e28b930f  ....Jwi....y....
 1260c 250dd584 7cf4e7c5 d68cdbff 6d412a2c  %...|.......mA*,
 1261c a617fd49 ad7fd2fb 8ead095a 11b96a85  ...I.......Z..j.
 1262c eeb7c89b be042eb7 1ccd6245 05dd66f4  ..........bE..f.
 1263c 7160700f 45807298 d7fd1066 a600128c  q`p.E.r....f....
 1264c 98fe55a3 9eabc6f4 06b5e69e fd4a3fcc  ..U..........J?.
 1265c 621d4e96 1275fa51 19ca6509 e196b15f  b.N..u.Q..e...._
 1266c 38b4f2e7 6c8eeea6 186086a7 c36451f8  8...l....`...dQ.
 1267c 1ba1db33 d4baabd3 d3ce3215 200b6b42  ...3......2. .kB
 1268c 3d595a41 2abe4ea1 07e4820e dfdd04c7  =YZA*.N.........
 1269c d94eb2ea af231d45 0847ffc4 f0c21d06  .N...#.E.G......
 126ac b7fd707e 329c39a4 460eedd5 6edae85e  ..p~2.9.F...n..^
 126bc 26378fe5 08ee042c f966bb70 0173935c  &7.....,.f.p.s.\
 126cc 07ddcb34 b24690c1 80ee7b9a e23a5b7a  ...4.F....{..:[z
 126dc 5183b36a f1b0d3b7 48b026a9 1988ae4e  Q..j....H.&....N
 126ec 0d252373 dc21df96 8ccfc8dc 53fe3bdf  .%#s.!......S.;.
 126fc a21c4216 c2f33080 818d57d8 ac391468  ..B...0...W..9.h
 1270c 3aac8068 6ccdce75 e489c0a4 c9ce88da  :..hl..u........
 1271c d251907b b14e7f5f 85f8f830 13910c76  .Q.{.N._...0...v
 1272c 43093a92 de1f35a9 42e8730c b97db678  C.:...5.B.s..}.x
 1273c 76acf845 8cc9557a 74b5b4d2 d98fa4cc  v..E..Uzt.......
 1274c c4575d0b d1db9415 3c2c8b55 ff342ef6  .W].....<,.U.4..
 1275c 28c02b58 5ea5650f 670f6e46 c6bc6f70  (.+X^.e.g.nF..op
 1276c 6d04f0f1 34a29215 424e1cd4 85d0d13b  m...4...BN.....;
 1277c ebbba69b e7fb761f a667d993 bdc3cb8e  ......v..g......
 1278c 52ade35e d0a5c1e6 f929eeae 4b98a451  R..^.....)..K..Q
 1279c 87c4ee77 7d10306b 60d37c87 5607d766  ...w}.0k`.|.V..f
 127ac 9973744c fe4adf81 a3c64f2a 520f00f5  .stL.J....O*R...
 127bc 6a1cdde8 48ead920 9dae758b be4108bb  j...H.. ..u..A..
 127cc 6aad3bf3 a618181e 6902bd91 9cae75d1  j.;.....i.....u.
 127dc d122d251 66ab1b1e a32c02d2 c97f7f89  .".Qf....,......
 127ec c4b5bc58 3cf0daf6 4f5a1cff 3ccc824e  ...X<...OZ..<..N
 127fc e054209f e6518d79 e319b3dc f8245d4d  .T ..Q.y.....$]M
 1280c 004115ce ad9371fe 3ae02deb 77adbc89  .A....q.:.-.w...
 1281c 3c9d393e 827b1a36 5cf4a982 931c786e  <.9>.{.6\.....xn
 1282c 88b31cc9 333ceb56 aab06542 40024ff8  ....3<.V..eB@.O.
 1283c ceb1d12f ea180ced 3f2dd6ae 978d03a9  .../....?-......
 1284c e93767b4 e057611d 524a4ea3 9c9b4642  .7g..Wa.RJN...FB
 1285c b88d6c16 4b804039 6167b7e1 524bfde1  ..l.K.@9ag..RK..
 1286c 8676171c 33e2827b 4039f515 f1ff6ddb  .v..3..{@9....m.
 1287c c9134b50 6fc56159 68e02d10 24155b01  ..KPo.aYh.-.$.[.
 1288c c530efb6 8eded5bb 6e9874bb 9262f1ca  .0......n.t..b..
 1289c 2bbd0efc 9c959a35 6746458e 50bd056f  +......5gFE.P..o
 128ac 1ca50861 57abf43e 06917022 b40489eb  ...aW..>..p"....
 128bc a425f37d f3d74517 526cb9cb 9236d905  .%.}..E.Rl...6..
 128cc ae9013d9 d1ec407c 6f3652c9 b6f29629  ......@|o6R....)
 128dc bb8be91b 968bb221 37621205 8d74be0c  .......!7b...t..
 128ec 10328d95 8f559a24 763abe2c ae37ba75  .2...U.$v:.,.7.u
 128fc 9469ae2d 83750c5f 5dc6847d d2ec9706  .i.-.u._]..}....
 1290c cb4d517a b1d637e5 13d64afc 8ea2d0bc  .MQz..7...J.....
 1291c cbcd1802 7c05187d aac56c6c a2725a1a  ....|..}..ll.rZ.
 1292c 4df8a8ed d14a10eb b8ea44d2 c21be6e2  M....J....D.....
 1293c a27e7e4a db808be5 30e52e46 c76035e2  .~~J....0..F.`5.
 1294c 54fdf302 df0de1e8 899ea245 c5a16576  T..........E..ev
 1295c 21eaac44 fc161cf3 a68439fe 54bf5fc3  !..D......9.T._.
 1296c 6eec5313 f3276024 72a4e7a6 98a93ec0  n.S..'`$r.....>.
 1297c 26638452 a0523366 aff7cacd f04fda97  &c.R.R3f.....O..
 1298c 1724593a bca27a33 e5dbcd1f b80b99a9  .$Y:..z3........
 1299c ef5dd509 e9db0904 41faae17 2fbb475d  .]......A.../.G]
 129ac 01e05d1e 8765763d 5c618618 d68e86a9  ..]..ev=\a......
 129bc fb0fd6d3 d156298d 1937e8b0 f50c942c  .....V)..7.....,
 129cc 3e41f906 ce536111 65f1d88f e38ee55e  >A...Sa.e......^
 129dc 7de7a001 cd4e771a 6709f166 a2491d61  }....Nw.g..f.I.a
 129ec 3e775dc8 e4fc4553 8e6fc86a df075c5c  >w]...ES.o.j..\\
 129fc fe619a5c 67b5c40f ed0af209 aeb989f5  .a.\g...........
 12a0c 4ca9a307 1fd6b297 7aca8de3 5d36669e  L.......z...]6f.
 12a1c 165c6c11 3fa8af28 9a86d01a 99216fba  .\l.?..(.....!o.
 12a2c afb54839 cb003354 7bc8c220 fafe6e6b  ..H9..3T{.. ..nk
 12a3c 067c91db 4269d0f0 2ed9e23b 179c0e74  .|..Bi.....;...t
 12a4c fdf6de75 308a53f3 450711bd ded432ff  ...u0.S.E.....2.
 12a5c 65effde3 8abe2633 0f9ff91d c949f631  e.....&3.....I.1
 12a6c b2b71da3 c13a77da b7187758 97c240fd  .....:w...wX..@.
 12a7c da9ad0ec d1b00558 2a7200ca f5607242  .......X*r...`rB
 12a8c bb5ce0f8 107b97ce 1c661ec9 f0cf207c  .\...{...f.... |
 12a9c dd613946 756a459f b9b00662 c8ae69a3  .a9FujE....b..i.
 12aac 655b8c80 0fc25ffc 272bd07f 6a90225d  e[...._.'+..j."]
 12abc bd4d0b94 18a93be6 aa82a702 7b64aae2  .M....;.....{d..
 12acc 81b1f0fe 2fead96a 94d3515a f20dc182  ..../..j..QZ....
 12adc 1fa8c2da 4987fc9a 5961a968 a35e6c2c  ....I...Ya.h.^l,
 12aec 1311f09d a32efaea 06254b8f e1ea22a0  .........%K...".
 12afc 07cf26bb 66542cd1 224bfb2c 89562e84  ..&.fT,."K.,.V..
 12b0c 8c3ee7b9 f0ad2e10 b24fc5ad 799d83a9  .>.......O..y...
 12b1c 1a8fa505 500cf590 d6cc0808 1324762a  ....P........$v*
 12b2c 6f41d85d 0fa602b0 ad1014b6 a1aeabf5  oA.]............
 12b3c 8a34568f 00197a8b a1a185a4 adc6a9da  .4V...z.........
 12b4c e64d932f c4bee1b8 fc9f6973 b0407cbc  .M./......is.@|.
 12b5c b6c11b33 decebce8 abbd5ac8 a6043034  ...3......Z...04
 12b6c 009d7c3f bb4fdd7a 7632e8e7 c1e944b3  ..|?.O.zv2....D.
 12b7c 797d68ca a7eafcbf 519cbe8e c9532628  y}h.....Q....S&(
 12b8c 7632915e 6089b94f 496fa679 30448344  v2.^`..OIo.y0D.D
 12b9c f479a166 b0a444db abcddce3 1cbc7262  .y.f..D.......rb
 12bac 171b2467 92fe2a77 f838c16c 2f22f0de  ..$g..*w.8.l/"..
 12bbc 52f7eb05 4b9a9bd3 a5838e0d 8ca1ac32  R...K..........2
 12bcc 145e18de b992dbec 897a403a 4eb4280e  .^.......z@:N.(.
 12bdc 4347f525 b866e680 84e997ed 6c8930ba  CG.%.f......l.0.
 12bec b6d0452a 36b119e1 0b09581b 5303e0e9  ..E*6.....X.S...
 12bfc 6b52b9b2 8737201e 69b5877a 7dc952bc  kR...7 .i..z}.R.
 12c0c 0f1a0b34 546fe521 588458e6 8c39124e  ...4To.!X.X..9.N
 12c1c a931732e 92c2088d 92cf73c1 69da3b2b  .1s.......s.i.;+
 12c2c 203022bc 3d08da60 65bcc21e 864b5875   0".=..`e....KXu
 12c3c 761e8980 d5b93a74 213b2564 3ff371cc  v.....:t!;%d?.q.
 12c4c 3a8338be 6984801f dbd5c69b 8d69281f  :.8.i........i(.
 12c5c e145f96c 05b608ce 7cef5189 74f8176b  .E.l....|.Q.t..k
 12c6c e5cd5199 0b1ba7e7 d0725869 22c68727  ..Q......rXi"..'
 12c7c fee726a0 3734f030 5bd67866 1e17e2f6  ..&.74.0[.xf....
 12c8c c3c73dd4 c87ddba0 0f82f8e4 0fddc8d3  ..=..}..........
 12c9c 03088fc9 0c56b27e 98895493 670dd2d0  .....V.~..T.g...
 12cac 7ddcacf3 2fd64e4f 29c83770 8ae3273a  }.../.NO).7p..':
 12cbc 99246e72 30020e91 ed21090d 5de11076  .$nr0....!..]..v
 12ccc b861fbe5 ea13c1c9 f1c9e22b b0835c34  .a.........+..\4
 12cdc ddc37288 2e08400e 3715538e 641b0201  ..r...@.7.S.d...
 12cec ab7f4bd9 1f5dfd08 74fc50d4 30ea11f9  ..K..]..t.P.0...
 12cfc e32d04df 018114ff 55f3cc48 db4c96f9  .-......U..H.L..
 12d0c 3760fd52 2ad782c8 d793e6a3 30ce64a5  7`.R*.......0.d.
 12d1c 5116b555 b66953f4 0e9fe41a cccfe946  Q..U.iS........F
 12d2c aee8d3ec c1d23b9c 223e6bf0 35588bb8  ......;.">k.5X..
 12d3c 1070c8ae 1136e7ee 5de5ed3b fb88c83a  .p...6..]..;...:
 12d4c 0f736e6d 18913cd9 07982b05 a2fb0fdb  .snm..<...+.....
 12d5c 241c759d f6b3f2f8 bdded19f 04a64de2  $.u...........M.
 12d6c 54256c58 a0bd1612 e0ea91a3 4de289b5  T%lX........M...
 12d7c 1e536268 e917fc34 e8afdd78 503f0aed  .Sbh...4...xP?..
 12d8c 7e6e2140 e7872e85 64a76b1b 6e03a3c3  ~n!@....d.k.n...
 12d9c 47ef29b7 25bb3e81 728f36ee 86f0e09e  G.).%.>.r.6.....
 12dac 1529f784 24a24ad9 1a5f769e 148d4513  .)..$.J.._v...E.
 12dbc 72c05a9b 2406fad2 2b7f2b0a f95e0cb8  r.Z.$...+.+..^..
 12dcc 28321892 27411447 1bce4e4b dd1184c6  (2..'A.G..NK....
 12ddc 8839e9d4 7dc9b9b6 44cec475 d2c41c2f  .9..}...D..u.../
 12dec fb1fbcf3 71b90a86 5c4808ef 6d97779f  ....q...\H..m.w.
 12dfc a41722cc d7805c5c e990ca1d bbb74a9b  .."...\\......J.
 12e0c b0e2c85c c792dd42 bf3930d0 5f53c320  ...\...B.90._S. 
 12e1c bb1a7418 b7f560fe b0e87184 5c300b99  ..t...`...q.\0..
 12e2c c317a062 58e7d75d bedcc2c6 4e377e6c  ...bX..]....N7~l
 12e3c f5d1d9eb 7e1d526d 84de7cc0 bc6cfbd6  ....~.Rm..|..l..
 12e4c d2e91c5c 0ef8c302 c85764e4 26a00182  ...\.....Wd.&...
 12e5c 4149fee1 d61fb669 71aaa593 175698aa  AI.....iq....V..
 12e6c d4d884f1 f70bdffd fc09acde 50611492  ............Pa..
 12e7c 15590eef 53824b16 c8ef9d0a 62aa0306  .Y..S.K.....b...
 12e8c 9fc142d9 9587c5bc bca2a3ba 650ff69a  ..B.........e...
 12e9c df35fa46 4e30ab9c 24da001e 3b1a57a1  .5.FN0..$...;.W.
 12eac 92b035b6 98e85ab5 cbef0ca3 d5a768f1  ..5...Z.......h.
 12ebc 8c82ba28 24c15369 5b20c007 c080296e  ...($.Si[ ....)n
 12ecc 5e3078ab 5b3c6049 f4c53b0a 57db2455  ^0x.[<`I..;.W.$U
 12edc 3a1486fc f5258bff e7165d53 4c4640ab  :....%....]SLF@.
 12eec 7e5cdcd0 4d44c36c 32776c31 af90dce5  ~\..MD.l2wl1....
 12efc 25c7b13d ece3ed94 b387769b 96607929  %..=......v..`y)
 12f0c 006b04e6 40377383 90ea450d 872fec3e  .k..@7s...E../.>
 12f1c 43c1b9a6 41789eb8 2ba8502b f794bff1  C...Ax..+.P+....
 12f2c 74bb57bc b2bb9fb9 8a723d23 481f7c8d  t.W......r=#H.|.
 12f3c e3248203 7bcb583e dd710f8e a27517ff  .$..{.X>.q...u..
 12f4c 763f95f4 8853c8ca f94b4dd2 3817ccfb  v?...S...KM.8...
 12f5c b8107fa2 eec33f01 774ce02f 8cf7fbb0  ......?.wL./....
 12f6c f7da78fb 94e36a1d 42c6e265 626712b4  ..x...j.B..ebg..
 12f7c db888474 a7b9f11a 526a3f80 9ec8da9e  ...t....Rj?.....
 12f8c c56733af 1adc5870 0484fe09 6e33c486  .g3...Xp....n3..
 12f9c 3ae3b125 a37a4768 1e0b2d30 7a884e72  :..%.zGh..-0z.Nr
 12fac 0f453cec 72b9e020 8adfa0ad 1b8cd3ba  .E<.r.. ........
 12fbc c9262cdd a6a3e87f 8924089d afb339d7  .&,......$....9.
 12fcc 442d76a4 cc521a5f 8d6b8f45 633cdc1b  D-v..R._.k.Ec<..
 12fdc bb490be1 31eb1ed4 4f6e4e3b 46b46dca  .I..1...OnN;F.m.
 12fec 5f2b5822 09f38039 73e676b5 3fe0c164  _+X"...9s.v.?..d
 12ffc a957178e d1f87afe 12b3067b 07a510d6  .W....z....{....
 1300c df6b1343 351400bd dd49b0b4 9bf833e1  .k.C5....I....3.
 1301c cd1fc960 3b235c53 4a69b39c b33e79f2  ...`;#\SJi...>y.
 1302c 712766a7 b28ea2ec 692a3c1d e7a74f8a  q'f.....i*<...O.
 1303c 41a74211 b0890d1e 10db71da d18aa0be  A.B.......q.....
 1304c 8262200b 3b5bf2d2 e2ddc528 afb2ce13  .b .;[.....(....
 1305c 29656923 e221bbe9 284e712a abd9b616  )ei#.!..(Nq*....
 1306c 9a7d78b9 62b0446f d7c5b048 8b6c1d48  .}x.b.Do...H.l.H
 1307c 25e0cbfc e842d0d3 7e209c9a 01f28f32  %....B..~ .....2
 1308c 037ca5d5 c6d1be8f c89dbb56 e26fadce  .|.........V.o..
 1309c 293e6cb8 58503842 c673586b 808039e6  )>l.XP8B.sXk..9.
 130ac 3977f037 fc0040b5 b6db66f7 83d8250c  9w.7..@...f...%.
 130bc 26446ac4 6187da91 9ec4d03f ffa951fb  &Dj.a......?..Q.
 130cc 886b73fb ff32d65a 0ee08d3f 915ded40  .ks..2.Z...?.].@
 130dc cdb852e6 b24c1014 016e6ca5 608c9bb8  ..R..L...nl.`...
 130ec 49b79400 8857425a d8bc3064 0c7d4755  I....WBZ..0d.}GU
 130fc 2d786ceb 912fdc8c cb573c45 f386ca8c  -xl../...W<E....
 1310c c2439351 287e1981 ef658919 cc53d459  .C.Q(~...e...S.Y
 1311c 3843fd72 eebed561 4732f27d faeb21d7  8C.r...aG2.}..!.
 1312c 76ffd62c 71529085 bdb96e14 b9feda54  v..,qR....n....T
 1313c a35810b6 d9c7c21c 94e69c07 1c061ec1  .X..............
 1314c 6d2f06ee 676aea19 c5f817a0 c9f1de05  m/..gj..........
 1315c 0ce9e387 42722519 3070b494 ed2ba12a  ....Br%.0p...+.*
 1316c 5308b739 1db5448d 89e16aa5 411e85c0  S..9..D...j.A...
 1317c d4bdb135 2fefc1ae 522c838d db42518e  ...5/...R,...BQ.
 1318c 1f20fcd3 8c233d0c 47fb410b 3bc8e73f  . ...#=.G.A.;..?
 1319c 84ce9a33 b6f27951 e0eb503d fd583404  ...3..yQ..P=.X4.
 131ac 982f6b03 7ef7fda1 9d3b5180 f6b27cd1  ./k.~....;Q...|.
 131bc 8f7a6365 cac6f273 c6af3bca bcc8e4c6  .zce...s..;.....
 131cc 5f664fed f805e604 814e6892 0adcbf1f  _fO......Nh.....
 131dc 6179233f 2f94d699 a19eabe7 a711c139  ay#?/..........9
 131ec de62d0f6 a1c5b49a 5dd108c7 c2f46755  .b......].....gU
 131fc 583a3718 2ff88e5d 7300aad4 bf6f2e63  X:7./..]s....o.c
 1320c edebcfe2 196e3cd7 83cae597 f2b6257b  .....n<.......%{
 1321c bcbfc80d a1b20f4c 7cb7896b 2a160700  .......L|..k*...
 1322c 7173085f 20cb9fd0 397de0b2 9974fe1d  qs._ ...9}...t..
 1323c cabaa0ab a2ae642a b94c6cd7 e2a652ad  ......d*.Ll...R.
 1324c 275f12af 6bc28701 2d2441ca 276e1549  '_..k...-$A.'n.I
 1325c 5a34b714 199aa36c 2b5aa68c c64a1004  Z4.....l+Z...J..
 1326c b0dec6c0 e3e0423c 08ab19eb ad1bde2f  ......B<......./
 1327c 674f69da a916c1d5 20c039ea b12c224f  gOi..... .9..,"O
 1328c de383e22 3d3e19f8 605cf27b 3a881ca2  .8>"=>..`\.{:...
 1329c d26d8a09 dfbb0217 9ab19bd1 4662ea21  .m..........Fb.!
 132ac a14004b3 7e4fe537 5e4492cc 55413882  .@..~O.7^D..UA8.
 132bc 0b0b4944 28e88139 89ce6cd2 56f7eb0b  ..ID(..9..l.V...
 132cc e26f19f5 d1fa0d58 fd4d93f3 0698b39d  .o.....X.M......
 132dc 4a5137ea 62076ac1 ddd00cf3 dc46697a  JQ7.b.j......Fiz
 132ec d05f1f53 9d9942c7 458b7bb0 94fc620c  ._.S..B.E.{...b.
 132fc c90f0f8e 4e644eb3 39c5f96d 91c96fc9  ....NdN.9..m..o.
 1330c 6736e4c9 f2954bf3 927947ae cdc25df9  g6....K..yG...].
 1331c 83423334 0fa289eb 60352cec 405741ea  .B34....`5,.@WA.
 1332c b0622c99 8960f32f 018cf7d5 a414326f  .b,..`./......2o
 1333c beab781e 114a9c83 9fdfb794 28b28f99  ..x..J......(...
 1334c 8eea9211 31d838c4 6675f677 57d35f43  ....1.8.fu.wW._C
 1335c eb4c9213 39f8fa63 5225eebc 24558b0a  .L..9..cR%..$U..
 1336c 76ba850a 37d98fe8 f618462b 7f7a7ad2  v...7.....F+.zz.
 1337c 10ebe4f2 ea7a7ade 20d3a4ce 952e854c  .....zz. ......L
 1338c 397f70d6 d4b56701 69647868 6c596d48  9.p...g.idxhlYmH
 1339c f6a0c8ae ed5734ed aa816100 5ff03e6a  .....W4...a._.>j
 133ac 575bdd7c 79415b78 11ae7762 680a6498  W[.|yA[x..wbh.d.
 133bc 38cda3dd 3a1b124a f53875fb 857a4c00  8...:..J.8u..zL.
 133cc d4abef72 e5238394 5cd5e32e 61ab9866  ...r.#..\...a..f
 133dc f805b0f2 e19b47c1 6e117e68 fc0fd788  ......G.n.~h....
 133ec 14a4eba9 e9188eed 4d16b669 5cdd9c56  ........M..i\..V
 133fc 6299c1f1 a8d05f3d 03b06a5b d1fd7299  b....._=..j[..r.
 1340c 14867059 a0a2f6bd 00986fb6 5e193ff6  ..pY......o.^.?.
 1341c 091e978e 29aca694 82f70d66 043d047f  ....)......f.=..
 1342c 2a257438 82439c02 e7202c0e 3c4f1a5e  *%t8.C... ,.<O.^
 1343c dac8e3cc 3b95cdc4 78a52e8c 68c9343a  ....;...x...h.4:
 1344c 5ad53f0c ef2349f2 726c029c 9cdc15f0  Z.?..#I.rl......
 1345c 139f341c a8fb97c4 67777ef7 032b5186  ..4.....gw~..+Q.
 1346c fc7f5ff2 d9647339 3fa088dd 34ec0704  .._..ds9?...4...
 1347c e57e8a2e 7eafa315 e5999ac3 fdfac10c  .~..~...........
 1348c 774ede04 8ee41908 0cdb0b24 ba5530b8  wN.........$.U0.
 1349c bb8ccad5 7de2e221 e46ad6d8 7feba74e  ....}..!.j.....N
 134ac 2de4f6f7 837fcb70 98bcab0c dc10ac45  -......p.......E
 134bc 65e7a779 f5db248f d8cf1072 d1b5b436  e..y..$....r...6
 134cc 4b51faf3 8fc3a2ad 5d590ecb 59242e1d  KQ......]Y..Y$..
 134dc f5704328 6fc01fd9 03d9c40a 700962f6  .pC(o.......p.b.
 134ec fcc86c2c bf58c91b 9c40cd89 983a083a  ..l,.X...@...:.:
 134fc 0a89d2b8 564622f9 21c5d238 fc24bcd4  ....VF".!..8.$..
 1350c 609ef87b 42492ef4 13878a0b a94fe976  `..{BI.......O.v
 1351c 34d89864 a8a1dc66 390de802 ebc3a4f8  4..d...f9.......
 1352c 52f9efe6 e13fbf7b e45d8068 c8fec2a2  R....?.{.].h....
 1353c d47052a1 378dba88 c99d8f91 a4ff6d63  .pR.7.........mc
 1354c 18b79889 07c22094 2b7ae078 edd1a8e6  ...... .+z.x....
 1355c e35163a6 4a7f2cf2 1d88a3a4 dd616cf5  .Qc.J.,......al.
 1356c 518891eb f1a02702 4f49c418 1603463a  Q.....'.OI....F:
 1357c 57371d33 3c8e6fb0 2ec8b5ec f09661a0  W7.3<.o.......a.
 1358c 6019a617 7c0c4ee0 b4b014ec c8782331  `...|.N......x#1
 1359c 2b6f895b b6b14247 2391d446 7d920d56  +o.[..BG#..F}..V
 135ac 91ac0995 a278bf14 7911c3f0 e01aaf35  .....x..y......5
 135bc 00608c9e 846acc8c f0e4dbf1 e808770c  .`...j........w.
 135cc e56129a1 75dd89b1 5bcba8a2 e56d30e2  .a).u...[....m0.
 135dc 23d2d355 4032bf83 88753dd9 c3497d12  #..U@2...u=..I}.
 135ec df877ee2 7ab57bd4 fe918323 abc3daad  ..~.z.{....#....
 135fc 6876fc42 ad3737f7 514f3802 5c91c8f2  hv.B.77.QO8.\...
 1360c de804b52 f6774019 61e27a6b fc70d3b8  ..KR.w@.a.zk.p..
 1361c f913df6c 0ea3c620 13262206 e453f9b9  ...l... .&"..S..
 1362c 36f2f10f faed1aae 450ce413 3e9465fb  6.......E...>.e.
 1363c ab1bf995 9c85b3d0 22042d3f 208d16eb  ........".-? ...
 1364c 751ddffd de99f38e 51f591f8 a9d65306  u.......Q.....S.
 1365c 5e1fdfa2 1203f3c9 c9232879 f10623e1  ^........#(y..#.
 1366c d8681e97 353c57a3 dbe72e3f a4a1275c  .h..5<W....?..'\
 1367c 147b72b6 5cb031cd 623173a3 971a5f25  .{r.\.1.b1s..._%
 1368c 7837e23e 4f6251be 9f6b08c9 8f68d8fa  x7.>ObQ..k...h..
 1369c 34b89b25 aa47f8f3 df9bfa97 1adfc67a  4..%.G.........z
 136ac 6566b128 ea2e4c3c 04d6f2d6 bed3a9bb  ef.(..L<........
 136bc a2503841 84e57d42 122b8b3c d1102c57  .P8A..}B.+.<..,W
 136cc 44ae27e8 9cbc10ae 36ec4a7d 84299acc  D.'.....6.J}.)..
 136dc dea0c5c2 28ddb7ee 51ff7928 6903b7be  ....(...Q.y(i...
 136ec 84f8bd19 35dd1a5f d69b5fc0 1d7951bd  ....5.._.._..yQ.
 136fc 9f4cfa72 efb1b802 65a7dc87 d9dcf5f9  .L.r....e.......
 1370c 67dfd905 7062a455 8bcbac23 b55bfa16  g...pb.U...#.[..
 1371c 0863623a abac0c2f b5c2ecdd a84e6a7c  .cb:.../.....Nj|
 1372c 0ce73540 160a330c fbe65793 ef9c13ba  ..5@..3...W.....
 1373c 906db190 2f1c1845 eaca259b 4e9020ef  .m../..E..%.N. .
 1374c 115d5a9f 50baa061 91599e38 0713a7a6  .]Z.P..a.Y.8....
 1375c 3327880c b834264b 5eeead1f 974a44d1  3'...4&K^....JD.
 1376c 6c14435f c88868fd 80cee888 15118670  l.C_..h........p
 1377c 0a180f94 1bb59425 ed9ad8db 46afcbdc  .......%....F...
 1378c a120fffa e83bc050 ce574e54 a6a9bf5d  . ...;.P.WNT...]
 1379c bb95209e 3efc11f3 c0338e21 262bca3e  .. .>....3.!&+.>
 137ac e9d68805 ecfee24a 7b0be8e9 80ff5b19  .......J{.....[.
 137bc 4b470014 cebe61e6 e0b99ef6 22da30fb  KG....a.....".0.
 137cc 5be7c9a7 0087ce2b f38f082b 7c66dbc5  [......+...+|f..
 137dc bddae2ab 4e5b7379 79e5cc74 b0709588  ....N[syy..t.p..
 137ec 6e973506 f7157bc7 78905959 e9145e8b  n.5...{.x.YY..^.
 137fc 8f57e602 27b37f15 a9a469c4 0b8349fe  .W..'.....i...I.
 1380c 39bfe0ae 1a5a00e0 7fc2e6c1 eeaa42fc  9....Z........B.
 1381c f047ce61 3dddcfd0 4f34c251 cb63d70f  .G.a=...O4.Q.c..
 1382c aeb42846 df48f40c 09abbdd1 1d957a21  ..(F.H........z!
 1383c 72c8b457 fcd0a2b2 c7e1c267 63e89ffb  r..W.......gc...
 1384c 139a82c4 0b9704b7 dd5e5acd 622fc3c5  .........^Z.b/..
 1385c 9e50a5b5 65f0245e 9223f963 973eec75  .P..e.$^.#.c.>.u
 1386c ad6a9f12 bdf0c997 821d92e2 43b14e2d  .j..........C.N-
 1387c 4d273097 c2abd0ea f2263ece e4dae2f7  M'0......&>.....
 1388c a6feff7b 954664ab a066a604 e45a4168  ...{.Fd..f...ZAh
 1389c deb64b7d c7a5d9af 3a971413 e1b8f7ac  ..K}....:.......
 138ac db7f1d86 00fde30d 5ab3debf 993810cb  ........Z....8..
 138bc 4ed0a830 6347f8dc affe4cb6 ffccc590  N..0cG....L.....
 138cc 897205a2 b814d74b 75d5889e af57e95a  .r.....Ku....W.Z
 138dc 48abbc6d d45ee6ee 93b8725a 35328a2e  H..m.^....rZ52..
 138ec 52ef7678 e530dd8e 776238c6 917e2656  R.vx.0..wb8..~&V
 138fc 3039efaf 544534d3 134f334c 6e7c1c99  09..TE4..O3Ln|..
 1390c b8fe6eb5 ab01ecd3 271f122e f528b929  ..n.....'....(.)
 1391c 6dfd1676 ff8abf7e 49940d31 bf66beb4  m..v...~I..1.f..
 1392c 64c9dc9a bc397f78 35eabbad b2f4e269  d....9.x5......i
 1393c 04f5ce5c 1281584b 509ce83c db670ed4  ...\..XKP..<.g..
 1394c f51bae60 47da4028 e71a6bdf b9819ce3  ...`G.@(..k.....
 1395c 5a9ee437 322cf9d5 24917b94 bbaa9d4b  Z..72,..$.{....K
 1396c 07d35405 866f4b49 3b29bf68 44a26a89  ..T..oKI;).hD.j.
 1397c e0f4fdc9 18054e3a acacb7a6 b958e81c  ......N:.....X..
 1398c 9d166b1e 890e28ac e39bab87 32fb02ec  ..k...(.....2...
 1399c 6d2de31c 5a928a3c 7b770bd9 8e4b6969  m-..Z..<{w...Kii
 139ac 280a6cbf 1cd23d66 ae6bae30 bb02a9f9  (.l...=f.k.0....
 139bc f1f82774 8bc5488f 8e224797 62a8304d  ..'t..H.."G.b.0M
 139cc b3e11dff 83dc67d4 e69480b0 d40a0eff  ......g.........
 139dc c0924f10 93799513 f66fbb79 1fd3308e  ..O..y...o.y..0.
 139ec 75964d93 9076fa05 b1fccfee bd817a75  u.M..v........zu
 139fc bc01391d e92e5097 155f9beb ed3d29b7  ..9...P.._...=).
 13a0c a2e0c2e3 115a08cf 69e24b2d 95614e4a  .....Z..i.K-.aNJ
 13a1c 2a23dbff fce44c2f 75389c90 7d5a18ad  *#....L/u8..}Z..
 13a2c 093f115a 3fbe880b cf30aff1 597cafa5  .?.Z?....0..Y|..
 13a3c eae896ac 66b6f2de de5334b0 55eb81a7  ....f....S4.U...
 13a4c ae1ca854 bc96e8d2 08a59683 cd90200f  ...T.......... .
 13a5c a2569f41 1250d512 5772a82c 1e3017e2  .V.A.P..Wr.,.0..
 13a6c 0987f1a1 ec109b4e 072f0c48 5fe55baa  .......N./.H_.[.
 13a7c 683921d9 79447eb6 fa2f2c98 2aa9a3d0  h9!.yD~../,.*...
 13a8c 02ccd571 01aec0e7 ecb8f45f aa5e8943  ...q......._.^.C
 13a9c e9a7822f 3c953dd6 d998129d 52c7b9ef  .../<.=.....R...
 13aac 4515baa4 1755acbd 50d777be e4b1a136  E....U..P.w....6
 13abc 57ef6eb4 cdef4f34 bbf49576 25b2f590  W.n...O4...v%...
 13acc 87ac0b45 b31e9b7b bf6928db b686ea44  ...E...{.i(....D
 13adc 196e8f21 2a1f1f88 b3792741 1cdaa6ec  .n.!*....y'A....
 13aec 647c9417 a6104b92 703ee1d8 e41f5fce  d|....K.p>...._.
 13afc d0ef339e 1a6d9f8c 2f4bb244 aacf546d  ..3..m../K.D..Tm
 13b0c df8cf3f6 f5ecccfa 70905d3a ea2cc38c  ........p.]:.,..
 13b1c 49d33e74 cabc84ff d731c402 47e64d91  I.>t.....1..G.M.
 13b2c caabd72f a0df9e90 e830ec4d 896a71b1  .../.....0.M.jq.
 13b3c 82c510f7 442b34fc 29336044 6281de0d  ....D+4.)3`Db...
 13b4c 9c20c5df 48ea070a 52d86137 ff8bfaf4  . ..H...R.a7....
 13b5c 6dee49ea da7e4f03 94b68da7 eb78e54e  m.I..~O......x.N
 13b6c 9ce56b37 ada0b6a7 64a107c2 84285325  ..k7....d....(S%
 13b7c a46747d7 ec0b411f 42f4e356 5197b9a2  .gG...A.B..VQ...
 13b8c 6ce35ece a55bfd09 0b5a3197 5cd912fb  l.^..[...Z1.\...
 13b9c a2fd8520 f3644fb9 61271c6d 9f00f6c3  ... .dO.a'.m....
 13bac cd3533a3 c144dfa1 77449816 5f85f4be  .53..D..wD.._...
 13bbc 5c7ff1c2 3f0bb3e3 5b9a8875 f5131ce4  \...?...[..u....
 13bcc 46c9954e affb9248 71d2ccfd 69171249  F..N...Hq...i..I
 13bdc a53f7c80 3fa1e6b3 cead713d 4c97d626  .?|.?.....q=L..&
 13bec 486d9da7 07c63549 bc9a6c0c 4592d166  Hm....5I..l.E..f
 13bfc d95f1205 ff5bd55c 9e0f22b3 c9f6f016  ._...[.\..".....
 13c0c 20256ac1 a7c5cce4 ae8e65d6 55ac7a8b   %j.......e.U.z.
 13c1c e2760dc4 f0f1b018 37c1ef1b 6315e90c  .v......7...c...
 13c2c 6937dee0 2d2353e4 48f55faa c82019e7  i7..-#S.H._.. ..
 13c3c 22d722b5 7cdeaf16 0f63e79e c3a00cde  ".".|....c......
 13c4c d3db8eed d5a6294d 713ff6f1 62324e29  ......)Mq?..b2N)
 13c5c e6c8e958 150e1029 8971fe64 53cbd8da  ...X...).q.dS...
 13c6c f75e3d77 e7ed0967 4d021356 f52dff7a  .^=w...gM..V.-.z
 13c7c 539d3dd7 f9cfe9e7 a4131874 291d2ce0  S.=........t).,.
 13c8c 0ad63d84 aad3c974 f69d267d 422b9ded  ..=....t..&}B+..
 13c9c 5c1c4ec5 75ab4c29 5036410f b9629978  \.N.u.L)P6A..b.x
 13cac 1daff664 364c68a9 74fea6ad 5b025b75  ...d6Lh.t...[.[u
 13cbc 9fd03fef d00fc4a9 f6efbe2e 15007815  ..?...........x.
 13ccc 68c37371 bb1fa582 47db4556 0da5b0ad  h.sq....G.EV....
 13cdc 537e31c4 46f9e333 8dc949e5 1c0c5e02  S~1.F..3..I...^.
 13cec f87b7dc7 dfc624f3 49356e53 094c47c1  .{}...$.I5nS.LG.
 13cfc aeb4226e 5021b763 2c90bab1 3aa782ed  .."nP!.c,...:...
 13d0c e3f9f26c 33b068c9 cd95fe22 b0f845ed  ...l3.h...."..E.
 13d1c fc55a199 8f7ffa84 7755e87e 40071819  .U......wU.~@...
 13d2c 4a5569c1 93fbc856 d7b2fdc3 f37498c2  JUi....V.....t..
 13d3c 834b4d28 caaba923 01360a2c b94940c4  .KM(...#.6.,.I@.
 13d4c 64fe7d5b ec7b5937 ab2735ca 0abade30  d.}[.{Y7.'5....0
 13d5c 7c4c3b84 3621a6eb e9667a25 f4c69fc2  |L;.6!...fz%....
 13d6c 2cc1e769 e12de4f4 24e4c04f 9aa126e0  ,..i.-..$..O..&.
 13d7c feaa7e0e c31e5716 f7d02e16 f18ae5f1  ..~...W.........
 13d8c 403669fc 69184e34 ad62dd83 998da1df  @6i.i.N4.b......
 13d9c bef2e133 91b3cad5 02b74fbf e5e06dea  ...3......O...m.
 13dac 5fc8ad42 e942d4b5 29b0b583 5a6a644b  _..B.B..)...ZjdK
 13dbc fc8acd19 a73e2004 e705343e 8c541274  .....> ...4>.T.t
 13dcc c074630f 327d373c 861a8210 321bf399  .tc.2}7<....2...
 13ddc bc025c36 c154d2d4 35f2204f 49ff1941  ..\6.T..5. OI..A
 13dec 8f97ec70 04f3d97d cd3d44ce c383bff2  ...p...}.=D.....
 13dfc 9a56b622 3cbdb058 feeb789a a39e8781  .V."<..X..x.....
 13e0c a0aa96ad 525689ed 992d66ce eaa6fc75  ....RV...-f....u
 13e1c ba91939b ad9efaae d02c430d ef4ea548  .........,C..N.H
 13e2c 605b24d7 5640cfa8 962d2c2c f1b746f8  `[$.V@...-,,..F.
 13e3c 03f8327f 056c8ef0 65947e95 3cea12f3  ..2..l..e.~.<...
 13e4c 706360f1 b6bad2c8 83513863 067e8c87  pc`......Q8c.~..
 13e5c 4373714f fbee2bee 5d716b3f c436635e  CsqO..+.]qk?.6c^
 13e6c 2092d233 914f4ea1 dbf784d4 a958316d   ..3.ON......X1m
 13e7c 7d283123 e1717f71 9516d7f5 67a9c888  }(1#.q.q....g...
 13e8c 2d9b2d8a 78fc7c2e 08a45c88 fdef4506  -.-.x.|...\...E.
 13e9c 38f8bdd3 f199412e 5ac787a5 e0618f17  8.....A.Z....a..
 13eac e2f0ad5d 56a5576a 95785591 4edb8b46  ...]V.Wj.xU.N..F
 13ebc 7fada1ec 47d9d91c d8899f44 c9c51091  ....G......D....
 13ecc b716338b 4d4f7429 1288c716 43d70db4  ..3.MOt)....C...
 13edc 3ed00a39 59c3c6ee 94eb6615 35b125be  >..9Y.....f.5.%.
 13eec a0589354 edf2f2c3 52def193 cc25fb64  .X.T....R....%.d
 13efc dc0c6deb 0b44fd6a 6f45f615 585405f9  ..m..D.joE..XT..
 13f0c eb60ac0e fb60b3aa c4aa1211 b57d6a5a  .`...`.......}jZ
 13f1c 8f3d075e 53d5dd54 f6e69dba 1bb2551c  .=.^S..T......U.
 13f2c f6f97136 09004294 a1b70bda c34d9d5f  ..q6..B......M._
 13f3c 4a27a75d 62a2cad4 46c8a287 61fc3cac  J'.]b...F...a.<.
 13f4c e5f35fb5 4fde45a9 f326b465 5b5952a4  .._.O.E..&.e[YR.
 13f5c 5752bb18 b148a67a c59a18a2 82b2f899  WR...H.z........
 13f6c ea6b77d8 5608b6ed 55ecb023 69a2e332  .kw.V...U..#i..2
 13f7c 530289f1 a428947b 5770e005 aef659e1  S....(.{Wp....Y.
 13f8c a63db0a2 1ccc9960 4bd32164 24479933  .=.....`K.!d$G.3
 13f9c 84ab38e4 26fffebe 8a4197e4 95ff67ca  ..8.&....A....g.
 13fac facf9ee2 8baddef1 c6fc7431 5d7d6c7b  ..........t1]}l{
 13fbc 645638e2 52d18492 a39846c8 3abf911d  dV8.R.....F.:...
 13fcc ac6b1b06 02182f9f 1448ec5c 3ae0691a  .k..../..H.\:.i.
 13fdc fb071142 be5f474e 9df8e20b 883b1639  ...B._GN.....;.9
 13fec 633d5341 216fc288 f486f568 0177dd4b  c=SA!o.....h.w.K
 13ffc 64e864a8 3ef91687 2426d57f 8b090c63  d.d.>...$&.....c
 1400c e2d25757 cde34cca 20568734 d94e1ded  ..WW..L. V.4.N..
 1401c d010d995 601716af 377f8445 9e16c434  ....`...7..E...4
 1402c 6fc8a1ef a2aa89e2 f59047ed 6d55d6ef  o.........G.mU..
 1403c eb6d0682 5c9910d8 cec970de 535ec10c  .m..\.....p.S^..
 1404c 1c558a9c 7d46e166 642cb577 8374a1a4  .U..}F.fd,.w.t..
 1405c b9047fbb 79c1e424 f6416959 92e29dc9  ....y..$.AiY....
 1406c 5464441a 306c76c1 e3fc8ed2 d9497c00  TdD.0lv......I|.
 1407c 60bc570b fb0e25e8 1cfe6c10 67e7f46c  `.W...%...l.g..l
 1408c f7d65d17 efef491a 83e712ef 4790fa6a  ..]...I.....G..j
 1409c 039dba79 a5864e39 c0206bfb 34881b66  ...y..N9. k.4..f
 140ac 388eb3ac 04a47445 8e0fedb9 12fa6ecb  8.....tE......n.
 140bc a4d0fd94 a9259a29 aa9f43fe aa5bcead  .....%.)..C..[..
 140cc 413ea334 64678098 88f49c3d bd202f5d  A>.4dg.....=. /]
 140dc c5599d04 2847d999 6551bb6e 1087ead6  .Y..(G..eQ.n....
 140ec 4c17ae13 55b3a278 52d434d3 930b5fba  L...U..xR.4..._.
 140fc 51ca7eb3 6ff9cb2e 107a91c9 e9f306a6  Q.~.o....z......
 1410c 16360de6 01165311 e6260ac2 6b52beea  .6....S..&..kR..
 1411c a908213b 110ac99a 3fb7f57e 9bf57c73  ..!;....?..~..|s
 1412c 0466b8fe f945c136 cc2addfd e10aff38  .f...E.6.*.....8
 1413c 60a495c6 5f39ba3a b1c1d39d 74f0b2d9  `..._9.:....t...
 1414c 597ba83c 347d1b17 9f7327c6 7d6d6b9e  Y{.<4}...s'.}mk.
 1415c 11dac9bf 26b02c16 1781d391 88350cbc  ....&.,......5..
 1416c 9d5c0ae6 82fe2517 bfb43ee8 7b771fc0  .\....%...>.{w..
 1417c 9256a021 5fb89be6 d4a65ee3 bf2d8509  .V.!_.....^..-..
 1418c df132b34 00ccef60 09f79e1c 6d66163c  ..+4...`....mf.<
 1419c 669a1658 cfe8d328 39de6d5e 56b88ee3  f..X...(9.m^V...
 141ac 4b3334bd d2c404af 03d6ce2e 526407f3  K34.........Rd..
 141bc b6a88fa7 c75ccc70 b5d8fba7 529ca2fa  .....\.p....R...
 141cc 136bd028 c63de197 1964d3c2 2cdc007b  .k.(.=...d..,..{
 141dc 6a9e9e45 b795939c 260505ef a1fefae7  j..E....&.......
 141ec 8609a4c3 7b57c9ac 41aee78e 56f6cbe5  ....{W..A...V...
 141fc d9e9be25 6beb1bab 5722185f 1aaa4640  ...%k...W"._..F@
 1420c b53e5668 7807a4a5 883b2b72 6e50facf  .>Vhx....;+rnP..
 1421c 836df360 e16fae45 ce4dc300 8ab8fea0  .m.`.o.E.M......
 1422c 8c635564 f835d19e bca306d0 5a4369fb  .cUd.5......ZCi.
 1423c a7fb46d0 a5af8391 4da355af ee70c081  ..F.....M.U..p..
 1424c be39f272 7f70035d 724b847d 60977ba4  .9.r.p.]rK.}`.{.
 1425c 3f595252 af78aeac ccdf65e6 f4d6d55b  ?YRR.x....e....[
 1426c 8770e167 1dab171c ea843278 37e5376b  .p.g......2x7.7k
 1427c 706776d3 df7633a3 10d83d58 7ea2f387  pgv..v3...=X~...
 1428c a34a0209 cfbd57a0 2371b9c1 53bdea98  .J....W.#q..S...
 1429c 8c61aee9 af36da0c ecef19f8 98076035  .a...6........`5
 142ac ce5022f7 17ddded1                    .P".....        
Contents of section .comment:
 0000 4743433a 20282920 31342e32 2e3000    GCC: () 14.2.0. 
Contents of section .riscv.attributes:
 0000 41630000 00726973 63760001 59000000  Ac...riscv..Y...
 0010 04100572 76333269 3270315f 6d327030  ...rv32i2p1_m2p0
 0020 5f663270 325f7a69 63737232 70305f7a  _f2p2_zicsr2p0_z
 0030 6d6d756c 3170305f 7a766533 32783170  mmul1p0_zve32x1p
 0040 305f7a76 65363478 3170305f 7a766c33  0_zve64x1p0_zvl3
 0050 32623170 305f7a76 6c363462 31703000  2b1p0_zvl64b1p0.
 0060 08010a0b                             ....            

Disassembly of section .text0:

00000000 <_start>:
   0:	00000093          	li	ra,0
   4:	00000113          	li	sp,0
   8:	00000193          	li	gp,0
   c:	00000213          	li	tp,0
  10:	00000293          	li	t0,0
  14:	00000313          	li	t1,0
  18:	00000393          	li	t2,0
  1c:	00000413          	li	s0,0
  20:	00000493          	li	s1,0
  24:	00000513          	li	a0,0
  28:	00000593          	li	a1,0
  2c:	00000613          	li	a2,0
  30:	00000693          	li	a3,0
  34:	00000713          	li	a4,0
  38:	00000793          	li	a5,0
  3c:	00000813          	li	a6,0
  40:	00000893          	li	a7,0
  44:	00000913          	li	s2,0
  48:	00000993          	li	s3,0
  4c:	00000a13          	li	s4,0
  50:	00000a93          	li	s5,0
  54:	00000b13          	li	s6,0
  58:	00000b93          	li	s7,0
  5c:	00000c13          	li	s8,0
  60:	00000c93          	li	s9,0
  64:	00000d13          	li	s10,0
  68:	00000d93          	li	s11,0
  6c:	00000e13          	li	t3,0
  70:	00000e93          	li	t4,0
  74:	00000f13          	li	t5,0
  78:	00000f93          	li	t6,0
  7c:	00020197          	auipc	gp,0x20
  80:	78418193          	addi	gp,gp,1924 # 20800 <_gp>

00000084 <init_bss>:
  84:	00020517          	auipc	a0,0x20
  88:	f7c50513          	addi	a0,a0,-132 # 20000 <__sbss_end>
  8c:	00020597          	auipc	a1,0x20
  90:	f7058593          	addi	a1,a1,-144 # 1fffc <__rodata_end+0xbd48>
  94:	00000613          	li	a2,0
  98:	070000ef          	jal	ra,108 <fill_block>

0000009c <init_sbss>:
  9c:	00020517          	auipc	a0,0x20
  a0:	f6450513          	addi	a0,a0,-156 # 20000 <__sbss_end>
  a4:	00020597          	auipc	a1,0x20
  a8:	f5858593          	addi	a1,a1,-168 # 1fffc <__rodata_end+0xbd48>
  ac:	00000613          	li	a2,0
  b0:	058000ef          	jal	ra,108 <fill_block>

000000b4 <write_stack_pattern>:
  b4:	00020517          	auipc	a0,0x20
  b8:	f4c50513          	addi	a0,a0,-180 # 20000 <__sbss_end>
  bc:	00021597          	auipc	a1,0x21
  c0:	f4058593          	addi	a1,a1,-192 # 20ffc <_gp+0x7fc>
  c4:	00000613          	li	a2,0
  c8:	040000ef          	jal	ra,108 <fill_block>

000000cc <init_stack>:
  cc:	00021117          	auipc	sp,0x21
  d0:	f3410113          	addi	sp,sp,-204 # 21000 <__stack>

000000d4 <write_test_pattern>:
  d4:	20100517          	auipc	a0,0x20100
  d8:	f2c50513          	addi	a0,a0,-212 # 20100000 <_test_start>
  dc:	20101597          	auipc	a1,0x20101
  e0:	f2058593          	addi	a1,a1,-224 # 20100ffc <_test_start+0xffc>
  e4:	00000613          	li	a2,0
  e8:	020000ef          	jal	ra,108 <fill_block>

000000ec <SystemInit>:
  ec:	030000ef          	jal	ra,11c <boot>
  f0:	0e8100ef          	jal	ra,101d8 <main>

000000f4 <SystemExit>:
  f4:	00040297          	auipc	t0,0x40
  f8:	f0828293          	addi	t0,t0,-248 # 3fffc <_sim_end>
  fc:	fff00313          	li	t1,-1
 100:	0062a023          	sw	t1,0(t0)

00000104 <dead_loop>:
 104:	0000006f          	j	104 <dead_loop>

00000108 <fill_block>:
 108:	00a5e863          	bltu	a1,a0,118 <fb_end>
 10c:	00c52023          	sw	a2,0(a0)
 110:	00450513          	addi	a0,a0,4
 114:	ff5ff06f          	j	108 <fill_block>

00000118 <fb_end>:
 118:	00008067          	ret

0000011c <boot>:
 11c:	fe010113          	addi	sp,sp,-32
 120:	00112e23          	sw	ra,28(sp)
 124:	00812c23          	sw	s0,24(sp)
 128:	02010413          	addi	s0,sp,32
 12c:	100207b7          	lui	a5,0x10020
 130:	fef42623          	sw	a5,-20(s0)
 134:	30046073          	csrsi	mstatus,8
 138:	00001fb7          	lui	t6,0x1
 13c:	800f8f93          	addi	t6,t6,-2048 # 800 <boot+0x6e4>
 140:	304fa073          	csrs	mie,t6
 144:	fec42783          	lw	a5,-20(s0)
 148:	20078793          	addi	a5,a5,512 # 10020200 <_end+0xffe0200>
 14c:	20000737          	lui	a4,0x20000
 150:	00070713          	mv	a4,a4
 154:	00e7a023          	sw	a4,0(a5)
 158:	fec42783          	lw	a5,-20(s0)
 15c:	30078793          	addi	a5,a5,768
 160:	00010737          	lui	a4,0x10
 164:	00070713          	mv	a4,a4
 168:	00e7a023          	sw	a4,0(a5)
 16c:	200047b7          	lui	a5,0x20004
 170:	2b478713          	addi	a4,a5,692 # 200042b4 <_dram_i_end>
 174:	200007b7          	lui	a5,0x20000
 178:	00078793          	mv	a5,a5
 17c:	40f707b3          	sub	a5,a4,a5
 180:	0027d713          	srli	a4,a5,0x2
 184:	fec42783          	lw	a5,-20(s0)
 188:	40078793          	addi	a5,a5,1024 # 20000400 <_dram_i_start+0x400>
 18c:	00170713          	addi	a4,a4,1 # 10001 <_imem_start+0x1>
 190:	00e7a023          	sw	a4,0(a5)
 194:	fec42783          	lw	a5,-20(s0)
 198:	10078793          	addi	a5,a5,256
 19c:	00100713          	li	a4,1
 1a0:	00e7a023          	sw	a4,0(a5)
 1a4:	10500073          	wfi
 1a8:	fec42783          	lw	a5,-20(s0)
 1ac:	20078793          	addi	a5,a5,512
 1b0:	20101737          	lui	a4,0x20101
 1b4:	00070713          	mv	a4,a4
 1b8:	00e7a023          	sw	a4,0(a5)
 1bc:	fec42783          	lw	a5,-20(s0)
 1c0:	30078793          	addi	a5,a5,768
 1c4:	00020737          	lui	a4,0x20
 1c8:	00070713          	mv	a4,a4
 1cc:	00e7a023          	sw	a4,0(a5)
 1d0:	000207b7          	lui	a5,0x20
 1d4:	00078713          	mv	a4,a5
 1d8:	000207b7          	lui	a5,0x20
 1dc:	00078793          	mv	a5,a5
 1e0:	40f707b3          	sub	a5,a4,a5
 1e4:	0027d713          	srli	a4,a5,0x2
 1e8:	fec42783          	lw	a5,-20(s0)
 1ec:	40078793          	addi	a5,a5,1024 # 20400 <__sbss_end+0x400>
 1f0:	00170713          	addi	a4,a4,1 # 20001 <__sbss_end+0x1>
 1f4:	00e7a023          	sw	a4,0(a5)
 1f8:	fec42783          	lw	a5,-20(s0)
 1fc:	10078793          	addi	a5,a5,256
 200:	00100713          	li	a4,1
 204:	00e7a023          	sw	a4,0(a5)
 208:	10500073          	wfi
 20c:	fec42783          	lw	a5,-20(s0)
 210:	20078793          	addi	a5,a5,512
 214:	20101737          	lui	a4,0x20101
 218:	00070713          	mv	a4,a4
 21c:	00e7a023          	sw	a4,0(a5)
 220:	fec42783          	lw	a5,-20(s0)
 224:	30078793          	addi	a5,a5,768
 228:	00020737          	lui	a4,0x20
 22c:	00070713          	mv	a4,a4
 230:	00e7a023          	sw	a4,0(a5)
 234:	000207b7          	lui	a5,0x20
 238:	00078713          	mv	a4,a5
 23c:	000207b7          	lui	a5,0x20
 240:	00078793          	mv	a5,a5
 244:	40f707b3          	sub	a5,a4,a5
 248:	0027d713          	srli	a4,a5,0x2
 24c:	fec42783          	lw	a5,-20(s0)
 250:	40078793          	addi	a5,a5,1024 # 20400 <__sbss_end+0x400>
 254:	00170713          	addi	a4,a4,1 # 20001 <__sbss_end+0x1>
 258:	00e7a023          	sw	a4,0(a5)
 25c:	fec42783          	lw	a5,-20(s0)
 260:	10078793          	addi	a5,a5,256
 264:	00100713          	li	a4,1
 268:	00e7a023          	sw	a4,0(a5)
 26c:	10500073          	wfi
 270:	00000013          	nop
 274:	01c12083          	lw	ra,28(sp)
 278:	01812403          	lw	s0,24(sp)
 27c:	02010113          	addi	sp,sp,32
 280:	00008067          	ret

Disassembly of section .text1:

00010000 <_imem_start>:
   10000:	f8410113          	addi	sp,sp,-124
   10004:	00112023          	sw	ra,0(sp)
   10008:	00212223          	sw	sp,4(sp)
   1000c:	00312423          	sw	gp,8(sp)
   10010:	00412623          	sw	tp,12(sp)
   10014:	00512823          	sw	t0,16(sp)
   10018:	00612a23          	sw	t1,20(sp)
   1001c:	00712c23          	sw	t2,24(sp)
   10020:	00812e23          	sw	s0,28(sp)
   10024:	02912023          	sw	s1,32(sp)
   10028:	02a12223          	sw	a0,36(sp)
   1002c:	02b12423          	sw	a1,40(sp)
   10030:	02c12623          	sw	a2,44(sp)
   10034:	02d12823          	sw	a3,48(sp)
   10038:	02e12a23          	sw	a4,52(sp)
   1003c:	02f12c23          	sw	a5,56(sp)
   10040:	03012e23          	sw	a6,60(sp)
   10044:	05112023          	sw	a7,64(sp)
   10048:	05212223          	sw	s2,68(sp)
   1004c:	05312423          	sw	s3,72(sp)
   10050:	05412623          	sw	s4,76(sp)
   10054:	05512823          	sw	s5,80(sp)
   10058:	05612a23          	sw	s6,84(sp)
   1005c:	05712c23          	sw	s7,88(sp)
   10060:	05812e23          	sw	s8,92(sp)
   10064:	07912023          	sw	s9,96(sp)
   10068:	07a12223          	sw	s10,100(sp)
   1006c:	07b12423          	sw	s11,104(sp)
   10070:	07c12623          	sw	t3,108(sp)
   10074:	07d12823          	sw	t4,112(sp)
   10078:	07e12a23          	sw	t5,116(sp)
   1007c:	07f12c23          	sw	t6,120(sp)
   10080:	104000ef          	jal	ra,10184 <trap_handler>
   10084:	00012083          	lw	ra,0(sp)
   10088:	00412103          	lw	sp,4(sp)
   1008c:	00812183          	lw	gp,8(sp)
   10090:	00c12203          	lw	tp,12(sp)
   10094:	01012283          	lw	t0,16(sp)
   10098:	01412303          	lw	t1,20(sp)
   1009c:	01812383          	lw	t2,24(sp)
   100a0:	01c12403          	lw	s0,28(sp)
   100a4:	02012483          	lw	s1,32(sp)
   100a8:	02412503          	lw	a0,36(sp)
   100ac:	02812583          	lw	a1,40(sp)
   100b0:	02c12603          	lw	a2,44(sp)
   100b4:	03012683          	lw	a3,48(sp)
   100b8:	03412703          	lw	a4,52(sp)
   100bc:	03812783          	lw	a5,56(sp)
   100c0:	03c12803          	lw	a6,60(sp)
   100c4:	04012883          	lw	a7,64(sp)
   100c8:	04412903          	lw	s2,68(sp)
   100cc:	04812983          	lw	s3,72(sp)
   100d0:	04c12a03          	lw	s4,76(sp)
   100d4:	05012a83          	lw	s5,80(sp)
   100d8:	05412b03          	lw	s6,84(sp)
   100dc:	05812b83          	lw	s7,88(sp)
   100e0:	05c12c03          	lw	s8,92(sp)
   100e4:	06012c83          	lw	s9,96(sp)
   100e8:	06412d03          	lw	s10,100(sp)
   100ec:	06812d83          	lw	s11,104(sp)
   100f0:	06c12e03          	lw	t3,108(sp)
   100f4:	07012e83          	lw	t4,112(sp)
   100f8:	07412f03          	lw	t5,116(sp)
   100fc:	07812f83          	lw	t6,120(sp)
   10100:	07c10113          	addi	sp,sp,124
   10104:	30200073          	mret

00010108 <timer_interrupt_handler>:
   10108:	fe010113          	addi	sp,sp,-32
   1010c:	00112e23          	sw	ra,28(sp)
   10110:	00812c23          	sw	s0,24(sp)
   10114:	02010413          	addi	s0,sp,32
   10118:	100107b7          	lui	a5,0x10010
   1011c:	fef42623          	sw	a5,-20(s0)
   10120:	30006073          	csrsi	mstatus,0
   10124:	fec42783          	lw	a5,-20(s0)
   10128:	10078793          	addi	a5,a5,256 # 10010100 <_end+0xffd0100>
   1012c:	0007a023          	sw	zero,0(a5)
   10130:	ed1ef06f          	j	0 <_start>
   10134:	00000013          	nop
   10138:	01c12083          	lw	ra,28(sp)
   1013c:	01812403          	lw	s0,24(sp)
   10140:	02010113          	addi	sp,sp,32
   10144:	00008067          	ret

00010148 <external_interrupt_handler>:
   10148:	fe010113          	addi	sp,sp,-32
   1014c:	00112e23          	sw	ra,28(sp)
   10150:	00812c23          	sw	s0,24(sp)
   10154:	02010413          	addi	s0,sp,32
   10158:	100207b7          	lui	a5,0x10020
   1015c:	fef42623          	sw	a5,-20(s0)
   10160:	30006073          	csrsi	mstatus,0
   10164:	fec42783          	lw	a5,-20(s0)
   10168:	10078793          	addi	a5,a5,256 # 10020100 <_end+0xffe0100>
   1016c:	0007a023          	sw	zero,0(a5)
   10170:	00000013          	nop
   10174:	01c12083          	lw	ra,28(sp)
   10178:	01812403          	lw	s0,24(sp)
   1017c:	02010113          	addi	sp,sp,32
   10180:	00008067          	ret

00010184 <trap_handler>:
   10184:	fe010113          	addi	sp,sp,-32
   10188:	00112e23          	sw	ra,28(sp)
   1018c:	00812c23          	sw	s0,24(sp)
   10190:	02010413          	addi	s0,sp,32
   10194:	344027f3          	csrr	a5,mip
   10198:	fef42623          	sw	a5,-20(s0)
   1019c:	fec42783          	lw	a5,-20(s0)
   101a0:	0807f793          	andi	a5,a5,128
   101a4:	00078463          	beqz	a5,101ac <trap_handler+0x28>
   101a8:	f61ff0ef          	jal	ra,10108 <timer_interrupt_handler>
   101ac:	fec42703          	lw	a4,-20(s0)
   101b0:	000017b7          	lui	a5,0x1
   101b4:	80078793          	addi	a5,a5,-2048 # 800 <boot+0x6e4>
   101b8:	00f777b3          	and	a5,a4,a5
   101bc:	00078463          	beqz	a5,101c4 <trap_handler+0x40>
   101c0:	f89ff0ef          	jal	ra,10148 <external_interrupt_handler>
   101c4:	00000013          	nop
   101c8:	01c12083          	lw	ra,28(sp)
   101cc:	01812403          	lw	s0,24(sp)
   101d0:	02010113          	addi	sp,sp,32
   101d4:	00008067          	ret

000101d8 <main>:
   101d8:	fd010113          	addi	sp,sp,-48
   101dc:	02112623          	sw	ra,44(sp)
   101e0:	02812423          	sw	s0,40(sp)
   101e4:	03010413          	addi	s0,sp,48
   101e8:	000107b7          	lui	a5,0x10
   101ec:	2b078793          	addi	a5,a5,688 # 102b0 <array1_addr>
   101f0:	fef42423          	sw	a5,-24(s0)
   101f4:	000127b7          	lui	a5,0x12
   101f8:	2b478793          	addi	a5,a5,692 # 122b4 <array2_addr>
   101fc:	fef42223          	sw	a5,-28(s0)
   10200:	201007b7          	lui	a5,0x20100
   10204:	00078793          	mv	a5,a5
   10208:	fef42023          	sw	a5,-32(s0)
   1020c:	000107b7          	lui	a5,0x10
   10210:	2ac7a783          	lw	a5,684(a5) # 102ac <__rodata_start>
   10214:	00279713          	slli	a4,a5,0x2
   10218:	201007b7          	lui	a5,0x20100
   1021c:	00078793          	mv	a5,a5
   10220:	00f707b3          	add	a5,a4,a5
   10224:	fcf42e23          	sw	a5,-36(s0)
   10228:	fe042623          	sw	zero,-20(s0)
   1022c:	0580006f          	j	10284 <main+0xac>
   10230:	fec42783          	lw	a5,-20(s0)
   10234:	fe842703          	lw	a4,-24(s0)
   10238:	00f707b3          	add	a5,a4,a5
   1023c:	fec42703          	lw	a4,-20(s0)
   10240:	fe442683          	lw	a3,-28(s0)
   10244:	00e68733          	add	a4,a3,a4
   10248:	fec42683          	lw	a3,-20(s0)
   1024c:	fe042603          	lw	a2,-32(s0)
   10250:	00d606b3          	add	a3,a2,a3
   10254:	00010637          	lui	a2,0x10
   10258:	2ac62583          	lw	a1,684(a2) # 102ac <__rodata_start>
   1025c:	fec42603          	lw	a2,-20(s0)
   10260:	40c58633          	sub	a2,a1,a2
   10264:	000672d7          	0x672d7
   10268:	02078087          	0x2078087
   1026c:	02070107          	0x2070107
   10270:	961121d7          	0x961121d7
   10274:	020681a7          	0x20681a7
   10278:	fec42783          	lw	a5,-20(s0)
   1027c:	00878793          	addi	a5,a5,8 # 20100008 <_test_start+0x8>
   10280:	fef42623          	sw	a5,-20(s0)
   10284:	fec42703          	lw	a4,-20(s0)
   10288:	000107b7          	lui	a5,0x10
   1028c:	2ac7a783          	lw	a5,684(a5) # 102ac <__rodata_start>
   10290:	faf760e3          	bltu	a4,a5,10230 <main+0x58>
   10294:	00000793          	li	a5,0
   10298:	00078513          	mv	a0,a5
   1029c:	02c12083          	lw	ra,44(sp)
   102a0:	02812403          	lw	s0,40(sp)
   102a4:	03010113          	addi	sp,sp,48
   102a8:	00008067          	ret
