
main:     file format elf32-littleriscv
main
architecture: riscv:rv32, flags 0x00000112:
EXEC_P, HAS_SYMS, D_PAGED
start address 0x00000000

Program Header:
0x70000003 off    0x0000700f vaddr 0x00000000 paddr 0x00000000 align 2**0
         filesz 0x00000064 memsz 0x00000000 flags r--
    LOAD off    0x00001000 vaddr 0x00000000 paddr 0x00000000 align 2**12
         filesz 0x00000284 memsz 0x00000284 flags r-x
    LOAD off    0x00002000 vaddr 0x00010000 paddr 0x20000000 align 2**12
         filesz 0x000042a9 memsz 0x000042a9 flags r-x
    LOAD off    0x00000000 vaddr 0x20100000 paddr 0x20100000 align 2**12
         filesz 0x00000000 memsz 0x00001000 flags rw-
    LOAD off    0x00007000 vaddr 0x00020000 paddr 0x20101000 align 2**12
         filesz 0x00000000 memsz 0x00001000 flags rw-
   STACK off    0x00000000 vaddr 0x00000000 paddr 0x00000000 align 2**4
         filesz 0x00000000 memsz 0x00000000 flags rw-

Sections:
Idx Name          Size      VMA       LMA       File off  Algn
  0 .text0        00000284  00000000  00000000  00001000  2**2
                  CONTENTS, ALLOC, LOAD, READONLY, CODE
  1 .text1        000002a4  00010000  20000000  00002000  2**2
                  CONTENTS, ALLOC, LOAD, READONLY, CODE
  2 .rodata       00004005  000102a4  200002a4  000022a4  2**2
                  CONTENTS, ALLOC, LOAD, READONLY, DATA
  3 _test         00001000  20100000  20100000  00007000  2**0
                  ALLOC
  4 .data         00000000  00020000  20101000  00007000  2**0
                  CONTENTS, ALLOC, LOAD, DATA
  5 .bss          00000000  00020000  20101000  00007000  2**0
                  ALLOC
  6 .stack        00001000  00020000  20101000  00007000  2**0
                  ALLOC
  7 .comment      0000000f  00000000  00000000  00007000  2**0
                  CONTENTS, READONLY
  8 .riscv.attributes 00000064  00000000  00000000  0000700f  2**0
                  CONTENTS, READONLY
SYMBOL TABLE:
00000000 l    d  .text0	00000000 .text0
00010000 l    d  .text1	00000000 .text1
000102a4 l    d  .rodata	00000000 .rodata
20100000 l    d  _test	00000000 _test
00020000 l    d  .data	00000000 .data
00020000 l    d  .bss	00000000 .bss
00020000 l    d  .stack	00000000 .stack
00000000 l    d  .comment	00000000 .comment
00000000 l    d  .riscv.attributes	00000000 .riscv.attributes
00000000 l    df *ABS*	00000000 setup.o
00000000 l       .text0	00000000 $xrv32i2p1_m2p0_f2p2_zicsr2p0_zmmul1p0_zve32x1p0_zve64x1p0_zvl32b1p0_zvl64b1p0
00000084 l       .text0	00000000 init_bss
00000108 l       .text0	00000000 fill_block
0000009c l       .text0	00000000 init_sbss
000000b4 l       .text0	00000000 write_stack_pattern
000000cc l       .text0	00000000 init_stack
000000d4 l       .text0	00000000 write_test_pattern
000000ec l       .text0	00000000 SystemInit
000000f4 l       .text0	00000000 SystemExit
00000104 l       .text0	00000000 dead_loop
00000118 l       .text0	00000000 fb_end
00000000 l    df *ABS*	00000000 boot.c
0000011c l       .text0	00000000 $xrv32i2p1_m2p0_f2p2_zicsr2p0_zmmul1p0_zve32x1p0_zve64x1p0_zvl32b1p0_zvl64b1p0
00000000 l    df *ABS*	00000000 isr.o
00010000 l       .text1	00000000 $xrv32i2p1_m2p0_f2p2_zicsr2p0_zmmul1p0_zve32x1p0_zve64x1p0_zvl32b1p0_zvl64b1p0
00000000 l    df *ABS*	00000000 main.c
00010108 l       .text1	00000000 $xrv32i2p1_m2p0_f2p2_zicsr2p0_zmmul1p0_zve32x1p0_zve64x1p0_zvl32b1p0_zvl64b1p0
20100000 g       _test	00000000 _test_start
20101000 g       *ABS*	00000000 __data_paddr_start
00020000 g       _test	00000000 __sbss_start
00020800 g       _test	00000000 _gp
20101000 g       _test	00000000 _test_end
00010000 g       .text1	00000000 _imem_start
00001000 g       *ABS*	00000000 _TEST_SIZE
20101000 g       *ABS*	00000000 __sdata_paddr_start
00020000 g       _test	00000000 __sdata_start
000142a9 g       .rodata	00000000 __rodata_end
0000011c g     F .text0	00000168 boot
00020000 g       .bss	00000000 __bss_end
00010184 g     F .text1	00000054 trap_handler
00020000 g       _test	00000000 __sbss_end
00000000 g       .text0	00000000 _start
000102a4 g       .rodata	00000000 __rodata_start
000102a8 g       .rodata	00000000 x_addr
00010108 g     F .text1	00000040 timer_interrupt_handler
00010148 g     F .text1	0000003c external_interrupt_handler
00020000 g       .data	00000000 __data_end
20000000 g       .rodata	00000000 _dram_i_start
00020000 g       .bss	00000000 __bss_start
00001000 g       *ABS*	00000000 _STACK_SIZE
0003fffc g       .stack	00000000 _sim_end
000101d8 g     F .text1	000000cc main
00010000 g       .text1	00000000 trap_entry
00020000 g       .stack	00000000 _stack_end
00020000 g       _test	00000000 __sdata_end
000102a4 g       .rodata	00000000 x_size
200042a9 g       .rodata	00000000 _dram_i_end
00021000 g       .stack	00000000 __stack
00040000 g       .stack	00000000 _end
00021000 g       .stack	00000000 _stack
00020000 g       .data	00000000 __data_start
000122a8 g       .rodata	00000000 y_addr
000142a8 g       .rodata	00000000 alpha


Contents of section .text0:
 0000 93000000 13010000 93010000 13020000  ................
 0010 93020000 13030000 93030000 13040000  ................
 0020 93040000 13050000 93050000 13060000  ................
 0030 93060000 13070000 93070000 13080000  ................
 0040 93080000 13090000 93090000 130a0000  ................
 0050 930a0000 130b0000 930b0000 130c0000  ................
 0060 930c0000 130d0000 930d0000 130e0000  ................
 0070 930e0000 130f0000 930f0000 97010200  ................
 0080 93814178 17050200 1305c5f7 97050200  ..Ax............
 0090 938505f7 13060000 ef000007 17050200  ................
 00a0 130545f6 97050200 938585f5 13060000  ..E.............
 00b0 ef008005 17050200 1305c5f4 97150200  ................
 00c0 938505f4 13060000 ef000004 17110200  ................
 00d0 130141f3 17051020 1305c5f2 97151020  ..A.... ....... 
 00e0 938505f2 13060000 ef000002 ef000003  ................
 00f0 ef00810e 97020400 938282f0 1303f0ff  ................
 0100 23a06200 6f000000 63e8a500 2320c500  #.b.o...c...# ..
 0110 13054500 6ff05fff 67800000 130101fe  ..E.o._.g.......
 0120 232e1100 232c8100 13040102 b7070210  #...#,..........
 0130 2326f4fe 73600430 b71f0000 938f0f80  #&..s`.0........
 0140 73a04f30 8327c4fe 93870720 37070020  s.O0.'..... 7.. 
 0150 13070700 23a0e700 8327c4fe 93870730  ....#....'.....0
 0160 37070100 13070700 23a0e700 b7470020  7.......#....G. 
 0170 1387972a b7070020 93870700 b307f740  ...*... .......@
 0180 13d72700 8327c4fe 93870740 13071700  ..'..'.....@....
 0190 23a0e700 8327c4fe 93870710 13071000  #....'..........
 01a0 23a0e700 73005010 8327c4fe 93870720  #...s.P..'..... 
 01b0 37171020 13070700 23a0e700 8327c4fe  7.. ....#....'..
 01c0 93870730 37070200 13070700 23a0e700  ...07.......#...
 01d0 b7070200 13870700 b7070200 93870700  ................
 01e0 b307f740 13d72700 8327c4fe 93870740  ...@..'..'.....@
 01f0 13071700 23a0e700 8327c4fe 93870710  ....#....'......
 0200 13071000 23a0e700 73005010 8327c4fe  ....#...s.P..'..
 0210 93870720 37171020 13070700 23a0e700  ... 7.. ....#...
 0220 8327c4fe 93870730 37070200 13070700  .'.....07.......
 0230 23a0e700 b7070200 13870700 b7070200  #...............
 0240 93870700 b307f740 13d72700 8327c4fe  .......@..'..'..
 0250 93870740 13071700 23a0e700 8327c4fe  ...@....#....'..
 0260 93870710 13071000 23a0e700 73005010  ........#...s.P.
 0270 13000000 8320c101 03248101 13010102  ..... ...$......
 0280 67800000                             g...            
Contents of section .text1:
 10000 130141f8 23201100 23222100 23243100  ..A.# ..#"!.#$1.
 10010 23264100 23285100 232a6100 232c7100  #&A.#(Q.#*a.#,q.
 10020 232e8100 23209102 2322a102 2324b102  #...# ..#"..#$..
 10030 2326c102 2328d102 232ae102 232cf102  #&..#(..#*..#,..
 10040 232e0103 23201105 23222105 23243105  #...# ..#"!.#$1.
 10050 23264105 23285105 232a6105 232c7105  #&A.#(Q.#*a.#,q.
 10060 232e8105 23209107 2322a107 2324b107  #...# ..#"..#$..
 10070 2326c107 2328d107 232ae107 232cf107  #&..#(..#*..#,..
 10080 ef004010 83200100 03214100 83218100  ..@.. ...!A..!..
 10090 0322c100 83220101 03234101 83238101  ."..."...#A..#..
 100a0 0324c101 83240102 03254102 83258102  .$...$...%A..%..
 100b0 0326c102 83260103 03274103 83278103  .&...&...'A..'..
 100c0 0328c103 83280104 03294104 83298104  .(...(...)A..)..
 100d0 032ac104 832a0105 032b4105 832b8105  .*...*...+A..+..
 100e0 032cc105 832c0106 032d4106 832d8106  .,...,...-A..-..
 100f0 032ec106 832e0107 032f4107 832f8107  ........./A../..
 10100 1301c107 73002030 130101fe 232e1100  ....s. 0....#...
 10110 232c8100 13040102 b7070110 2326f4fe  #,..........#&..
 10120 73600030 8327c4fe 93870710 23a00700  s`.0.'......#...
 10130 6ff01eed 13000000 8320c101 03248101  o........ ...$..
 10140 13010102 67800000 130101fe 232e1100  ....g.......#...
 10150 232c8100 13040102 b7070210 2326f4fe  #,..........#&..
 10160 73600030 8327c4fe 93870710 23a00700  s`.0.'......#...
 10170 13000000 8320c101 03248101 13010102  ..... ...$......
 10180 67800000 130101fe 232e1100 232c8100  g.......#...#,..
 10190 13040102 f3274034 2326f4fe 8327c4fe  .....'@4#&...'..
 101a0 93f70708 63840700 eff01ff6 0327c4fe  ....c........'..
 101b0 b7170000 93870780 b377f700 63840700  .........w..c...
 101c0 eff09ff8 13000000 8320c101 03248101  ......... ...$..
 101d0 13010102 67800000 130101fd 23261102  ....g.......#&..
 101e0 23248102 13040103 b7070100 9387872a  #$.............*
 101f0 2324f4fe b7270100 9387872a 2322f4fe  #$...'.....*#"..
 10200 b7071020 93870700 2320f4fe b7470100  ... ....# ...G..
 10210 9387872a 83c70700 a30ff4fc 232604fe  ...*........#&..
 10220 6f00c005 8327c4fe 032784fe b307f700  o....'...'......
 10230 0327c4fe 832644fe 3387e600 8326c4fe  .'...&D.3....&..
 10240 032604fe b306d600 37060100 8325462a  .&......7....%F*
 10250 0326c4fe 3386c540 8345f4fd d7723600  .&..3..@.E...r6.
 10260 07840702 07080702 57e885b6 27880602  ........W...'...
 10270 8327c4fe 93870704 2326f4fe 0327c4fe  .'......#&...'..
 10280 b7070100 83a7472a e36ef7f8 93070000  ......G*.n......
 10290 13850700 8320c102 03248102 13010103  ..... ...$......
 102a0 67800000                             g...            
Contents of section .rodata:
 102a4 00200000 4cad3ada a508a1d5 c2c9228a  . ..L.:.......".
 102b4 61a44eff 221b8f46 5f8e5e4a 7cb5c196  a.N."..F_.^J|...
 102c4 385de2f8 c6d96eb9 cce75e87 32c904c6  8]....n...^.2...
 102d4 a097207f 7bf72636 665bf74e 1bff0855  .. .{.&6f[.N...U
 102e4 ab743bd7 c89a65fc 59105b7e f97f9aed  .t;...e.Y.[~....
 102f4 3641d0c2 44866c86 aadbaf79 48473695  6A..D.l....yHG6.
 10304 57c05b49 e5c1528a 0716f540 442f7639  W.[I..R....@D/v9
 10314 cea86cce 52c02dcd 2348a186 33f9f19d  ..l.R.-.#H..3...
 10324 cd2f0b5b bac91154 5684b1dd c6485a7f  ./.[...TV....HZ.
 10334 c1608068 559a0598 cae9e7cb 8b89ae20  .`.hU.......... 
 10344 6a2dc4dd 31e71084 0e50310b 49441b3f  j-..1....P1.ID.?
 10354 4987c2bc fbb7cf75 f95d2e0f 4c02fe10  I......u.]..L...
 10364 67a6b9d1 fe4399ce ee868d3a 88738cfb  g....C.....:.s..
 10374 ba19ce06 309c29d2 1000a50f 5da369cd  ....0.).....].i.
 10384 2c84d2a7 89c8654b d20339fd 95d761a9  ,.....eK..9...a.
 10394 989e1710 30921558 acc9fde0 4f70318d  ....0..X....Op1.
 103a4 fd801002 b89d08d0 e0c948e9 19448e97  ..........H..D..
 103b4 6c8a2c21 c3555696 7761efe3 561dd865  l.,!.UV.wa..V..e
 103c4 c65d2c41 20f4a332 13695944 14b1ea14  .],A ..2.iYD....
 103d4 8a78e745 4a11e87a 90d6342c 04d4615c  .x.EJ..z..4,..a\
 103e4 f6baee4a 71c6020e f31903a0 28dbee13  ...Jq.......(...
 103f4 72d7dac5 53a78334 d27f7ea7 72cd5ae6  r...S..4..~.r.Z.
 10404 5385993c aa83a57a 6761219f 3c77daa4  S..<...zga!.<w..
 10414 af3b17a7 8f6ee16c fe98c41b 6d4f2dc8  .;...n.l....mO-.
 10424 1b3a5e18 8da95377 72694131 07ea0d26  .:^...SwriA1...&
 10434 d1f8c1bf a550acb3 79d6d6fc a2e4e6ba  .....P..y.......
 10444 ab91c933 c40b2858 c7898bf0 989e79d5  ...3..(X......y.
 10454 12ad34e0 1bac49f1 fa01ba9f 30139825  ..4...I.....0..%
 10464 c009fcd3 54e27062 7602e8eb 8ed3d80a  ....T.pbv.......
 10474 31056a66 621aae69 40b4943d 7fa97af1  1.jfb..i@..=..z.
 10484 5fde2ac5 9a98b3db 767b24a7 92fb3a17  _.*.....v{$...:.
 10494 c01ba3d2 ce5a86ea f38f13a3 2ff4ac13  .....Z....../...
 104a4 715c4f97 7ff86fe5 15cb91f7 c304f720  q\O...o........ 
 104b4 9a0572be 0e454ee4 5a86cb6e d5a11d7a  ..r..EN.Z..n...z
 104c4 4d0f6a3e 11c4a82c 43f47931 eb189313  M.j>...,C.y1....
 104d4 b1d5369a fa674931 490bc19b 67c4574d  ..6..gI1I...g.WM
 104e4 4fa813d3 b7cf7343 7a581d0f 495785aa  O.....sCzX..IW..
 104f4 adc72d92 d7c0db71 a4944b03 f071155c  ..-....q..K..q.\
 10504 7b882281 6db9561d 0cdae9d0 a27fe17e  {.".m.V........~
 10514 82333c9e 645ff2a9 687b1bc5 9c72709f  .3<.d_..h{...rp.
 10524 4ab18d0b 60f0fbc8 df9a38f9 430cbdce  J...`.....8.C...
 10534 8723a0fb 121715e2 cc850485 c8657147  .#...........eqG
 10544 07af31dc 7d9736cc defcfe2c 6ac56848  ..1.}.6....,j.hH
 10554 ece0a91e e3773dda 6f2d15d7 85a520c6  .....w=.o-.... .
 10564 9b79451d bc34fec5 74ffe3a1 73f23413  .yE..4..t...s.4.
 10574 55ae52f8 8c574005 0f8fd45a 09eff4c7  U.R..W@....Z....
 10584 caed9252 ed461d7a 6dbdf3f0 279a55b1  ...R.F.zm...'.U.
 10594 9d02dde9 a01680e6 11ef81dd b5285777  .............(Ww
 105a4 3a492cc1 5e6d72d3 88061a79 c2cd9097  :I,.^mr....y....
 105b4 3f256ac6 7571979d 3b890022 ed7e8d4b  ?%j.uq..;..".~.K
 105c4 570a95ef 5f211e41 22dc3a06 e87e7621  W..._!.A".:..~v!
 105d4 8038c3d2 df82023c 8de8aafa 9d1feb68  .8.....<.......h
 105e4 363a945a b4a989d6 b82f45e0 6a24488b  6:.Z...../E.j$H.
 105f4 dbe82cb0 67368497 da14c30d 299587ea  ..,.g6......)...
 10604 ab8952f4 57bcb840 98c24420 90c9ee8e  ..R.W..@..D ....
 10614 ecc99da6 a450664d d9850a8e bd806e81  .....PfM......n.
 10624 1b036058 535bc144 d55bc806 35b1d126  ..`XS[.D.[..5..&
 10634 8d71e7e1 b2fe2a85 db2d7ff7 23d95f51  .q....*..-..#._Q
 10644 dd39b43f b9e7e3f6 88fddb77 87ef16b1  .9.?.......w....
 10654 133b5807 d8750792 8f2aad1a 28f479be  .;X..u...*..(.y.
 10664 de612d1a 8b36631f 67b60408 87ebba2d  .a-..6c.g......-
 10674 0b5204d4 8ba6d0bd 6c0f405e c4a1555c  .R......l.@^..U\
 10684 76b82280 622afa84 edd6a6d8 43b1f869  v.".b*......C..i
 10694 cd583207 12456cde 2f571f6a daccc9ac  .X2..El./W.j....
 106a4 f63dc6e4 abb37d27 1b1263fb f347801d  .=....}'..c..G..
 106b4 f5b7d75a fb359bd8 0e3752a1 60f5084c  ...Z.5...7R.`..L
 106c4 7b2488ce 34f59a0f 49ac309d c03238ac  {$..4...I.0..28.
 106d4 50b6fa97 1b0f669c 4b4dc5b2 3ea60992  P.....f.KM..>...
 106e4 b536e18e c2323d6c f0cd3d4e 587df0ac  .6...2=l..=NX}..
 106f4 eb4b4c92 7065debb c1dabae6 ef870e1b  .KL.pe..........
 10704 1acdc3cb a435f88b a606c7cd 7d6038d7  .....5......}`8.
 10714 3554765a 478f2b11 6353232e 33cf8d40  5TvZG.+.cS#.3..@
 10724 1f5c3072 1138b0d3 01b18fcf 28914c0d  .\0r.8......(.L.
 10734 f3122c86 53ce1c5a 0e5477c8 995e8974  ..,.S..Z.Tw..^.t
 10744 bc7d9814 3145b6d8 0149e34e 421057a9  .}..1E...I.NB.W.
 10754 16f267d5 6caa2a0f f2284558 27345f6e  ..g.l.*..(EX'4_n
 10764 a812d906 35b2a2f2 008b042b 696f4e99  ....5......+ioN.
 10774 8d815f0d 7df2d2dc 57b6ba5a dcd44ef2  .._.}...W..Z..N.
 10784 38727362 1a6d218b 5caa472a d4058304  8rsb.m!.\.G*....
 10794 323b41e4 7cd87a58 12131255 a0ef5dc0  2;A.|.zX...U..].
 107a4 7a2721ab e5c4d681 7b877165 1b5ce12f  z'!.....{.qe.\./
 107b4 37211e71 8f5eab22 29f63559 fbf23373  7!.q.^.").5Y..3s
 107c4 c43a30ae e90cc010 78032e6d 7e58ebbe  .:0.....x..m~X..
 107d4 a6a1d646 684c2f30 869d274c f46078f1  ...FhL/0..'L.`x.
 107e4 498b1d57 f96f7a7b ed926a2c debc63c0  I..W.oz{..j,..c.
 107f4 0ea9c4be 4604f993 f1f31f2c ecaff28c  ....F......,....
 10804 5058d51e a43a8e00 a22098b5 1751b55a  PX...:... ...Q.Z
 10814 165c73f4 c51dee88 e2223155 5c0743b6  .\s......"1U\.C.
 10824 cd43e6a4 4c07be65 0ebf4be1 8271f903  .C..L..e..K..q..
 10834 3b30a893 fc484068 4d423823 f2558dce  ;0...H@hMB8#.U..
 10844 d061271c 91b6e10f 27de66aa bc53bc09  .a'.....'.f..S..
 10854 da4e5e16 9c334cfc 3a9d1bb1 6ec79929  .N^..3L.:...n..)
 10864 2430c9e7 c5760f6b a54a8d03 76c9767f  $0...v.k.J..v.v.
 10874 14aab6b2 13aa80fb 8e971094 0195f8e6  ................
 10884 471e5e33 942dd99e dbaa8ad5 1bf65541  G.^3.-........UA
 10894 a121e288 27b12b86 4c1cb42f 21f04a67  .!..'.+.L../!.Jg
 108a4 029b4a5b 56d68b0e 67c05b3b 6c732f55  ..J[V...g.[;ls/U
 108b4 dbf208e9 520b4852 f7b076f5 a23c2aa3  ....R.HR..v..<*.
 108c4 72c560f8 8566f721 ea092a6e 9868655e  r.`..f.!..*n.he^
 108d4 ed16007a 00052fe5 9fadf258 ed2a3b8f  ...z../....X.*;.
 108e4 9f6e1967 b3da2af9 44d5ab4e 14c843a8  .n.g..*.D..N..C.
 108f4 a1142b1a 3009f49c 70514645 949b0440  ..+.0...pQFE...@
 10904 9c395a6a 53b93c60 947de84d 4fe61806  .9ZjS.<`.}.MO...
 10914 d6b738c6 e66d5465 486dc905 fdc8b444  ..8..mTeHm.....D
 10924 3701ec51 19736299 66037526 27ad1b34  7..Q.sb.f.u&'..4
 10934 0e07ef16 9165bda1 2006515d 341e46c5  .....e.. .Q]4.F.
 10944 0be3897c 8d9d849c 7ede9180 e26da4cd  ...|....~....m..
 10954 141098df 6060960d 2d24c33f 01fdb6c0  ....``..-$.?....
 10964 6fb41a18 b415ac7c 27b3d691 379a0409  o......|'...7...
 10974 453de2b2 d58d8bca acad6e3f 54f67d5c  E=........n?T.}\
 10984 b99d2355 393c800b 2aacb8b1 b3f27ced  ..#U9<..*.....|.
 10994 ba06f69f 1ce0b840 c504dc97 2db3f1d9  .......@....-...
 109a4 13ed48e5 4a046b81 d76a8adf 7f3eb1a7  ..H.J.k..j...>..
 109b4 855c5738 6b3f5405 ce370277 7f22f3a7  .\W8k?T..7.w."..
 109c4 98bb2f9a 8c2884a7 c4f58d1b 0d0fff6e  ../..(.........n
 109d4 0de6f07c f17ede26 1c052df9 2404f363  ...|.~.&..-.$..c
 109e4 7f174dbf 8eb68975 dcfc4ec4 14101115  ..M....u..N.....
 109f4 c7cbc826 130bdb57 f9ad6350 071e3ea5  ...&...W..cP..>.
 10a04 30d42411 c8688b06 61032c98 37da3151  0.$..h..a.,.7.1Q
 10a14 32fb191c f0cd2e85 38da57f3 a4a322c2  2.......8.W...".
 10a24 38ef315f 1602410b e9ef057a be80c592  8.1_..A....z....
 10a34 203783d5 65a2ce34 3b794b71 b3346514   7..e..4;yKq.4e.
 10a44 2e34bddf 3ab9ac87 acf0a61a c91565c4  .4..:.........e.
 10a54 30003613 b8506e54 84e79571 e5af4c39  0.6..PnT...q..L9
 10a64 edc0ea31 1b1e4d83 be518570 fcf6c930  ...1..M..Q.p...0
 10a74 8bc517fe 587ec0da edc4b0c5 24ebd700  ....X~......$...
 10a84 ce528d9c 20892748 1e568761 1e04cf95  .R.. .'H.V.a....
 10a94 f30e1fbf c4b2565e 4d1fc75e 0f6acecf  ......V^M..^.j..
 10aa4 db062eb5 dde1069e 441ea0d6 1f63c3e2  ........D....c..
 10ab4 788f6b09 b15327ad 491703ea 434cd7a7  x.k..S'.I...CL..
 10ac4 4b109c63 b4031506 99fb6ccc 83c9196e  K..c......l....n
 10ad4 645482ed 64695e12 2fa4efdc 9f480e82  dT..di^./....H..
 10ae4 d4ed6055 293de469 5b13a7d5 3bc99ac7  ..`U)=.i[...;...
 10af4 d5c5381b dc0da1d3 6ec23f67 1b42c6e5  ..8.....n.?g.B..
 10b04 b7a1a65c 3d079d31 09d4565a b8c47b1b  ...\=..1..VZ..{.
 10b14 707cf481 51826c78 1a047bf1 713abb37  p|..Q.lx..{.q:.7
 10b24 5480f60c 5dd8b500 77613227 1272f06a  T...]...wa2'.r.j
 10b34 4e973162 ab5404cf 0bbfde30 71d09174  N.1b.T.....0q..t
 10b44 317edd9d 5045a954 ff589611 15350f8a  1~..PE.T.X...5..
 10b54 bbd0dd12 e68d975d ffb7f62e a303e041  .......].......A
 10b64 9670b06e 6cebe198 abf2c854 73a5be2c  .p.nl......Ts..,
 10b74 7342d4e3 64e049e5 0302f24d 5c3b16cd  sB..d.I....M\;..
 10b84 f6ceb001 4aae4149 9535b02c 60a3f141  ....J.AI.5.,`..A
 10b94 467f374d d4e45a98 788eee53 0527683c  F.7M..Z.x..S.'h<
 10ba4 9127863f bc7fc397 a851111a 44a30089  .'.?.....Q..D...
 10bb4 a87a4c9c ab994841 1c50d02b c24389db  .zL...HA.P.+.C..
 10bc4 333217e1 76e4bd91 cfb091ae e4e4bd0c  32..v...........
 10bd4 7dafbd26 6dac3a4d da9d7a9b a103035c  }..&m.:M..z....\
 10be4 ddad788b 70087a8a a637bb41 d599987d  ..x.p.z..7.A...}
 10bf4 1617b9b6 84da233a 5e8c4494 be640c09  ......#:^.D..d..
 10c04 e0b568c0 de8b7f85 47dde809 c58520ac  ..h.....G..... .
 10c14 cd2462d7 fbf4d254 113fac95 3a8841d2  .$b....T.?..:.A.
 10c24 30812515 9aa2292f 45545090 d8e6b421  0.%...)/ETP....!
 10c34 3bb5f23d 65dfddf4 0d1cd427 4e516b98  ;..=e......'NQk.
 10c44 f3a05e4a 8e3f5be4 0ffbe0bd f91d496f  ..^J.?[.......Io
 10c54 1019f90f 0c7bf2db f132ae9b a143be33  .....{...2...C.3
 10c64 b8caac96 13884c3f 883264f3 f94afe02  ......L?.2d..J..
 10c74 c1986d94 67c8e066 a6a14a67 3ca315cd  ..m.g..f..Jg<...
 10c84 d89a868c e3f2cdf6 681d1fe1 7d4b4646  ........h...}KFF
 10c94 8c347e3c 221f6fa4 3820c10b 108c768c  .4~<".o.8 ....v.
 10ca4 b96d07c4 ba524337 ad80b503 49ec04f6  .m...RC7....I...
 10cb4 8990201d fb4a8913 4a86b648 803db928  .. ..J..J..H.=.(
 10cc4 a50045f0 cd39c713 79283c7c f91bbf97  ..E..9..y(<|....
 10cd4 bad87ffe 25b17217 cb2564dc 238d3e41  ....%.r..%d.#.>A
 10ce4 9763abb7 de4d9049 d1ec4f6d 5ce8296e  .c...M.I..Om\.)n
 10cf4 94d35368 cafaa59a 7e641282 5fb03e77  ..Sh....~d.._.>w
 10d04 8276773d c23f5181 516d1803 5e83dcbf  .vw=.?Q.Qm..^...
 10d14 ece4db31 be953d21 83472f59 9d3822f2  ...1..=!.G/Y.8".
 10d24 b8f864c0 4a18d274 e20e7993 7cbb2832  ..d.J..t..y.|.(2
 10d34 b0626a34 f8216a13 8b2bae7d 60aa6878  .bj4.!j..+.}`.hx
 10d44 9280d046 80b5ee0b 3ad8528c aaf8fd42  ...F....:.R....B
 10d54 0f1eb475 cd8948b5 55950a84 1a99b2aa  ...u..H.U.......
 10d64 6d786f3f 24118312 12e41ecd 0eefc2d3  mxo?$...........
 10d74 a0717e32 f2cfbc86 4796ea4a 2c621dfc  .q~2....G..J,b..
 10d84 74dbe30d 63f307ec 7c20a77b 32a9b95b  t...c...| .{2..[
 10d94 2bf038b4 e1cb109f 42294a90 90c4a0c3  +.8.....B)J.....
 10da4 ea70e617 f94f153f 39484bf7 421411e8  .p...O.?9HK.B...
 10db4 7b5b89ad b4cd1635 1e2faa60 e8bd5125  {[.....5./.`..Q%
 10dc4 23329a86 4e194714 5702f307 7de19be6  #2..N.G.W...}...
 10dd4 423b5164 5602ebc3 9a6db9f7 76fc97b9  B;QdV....m..v...
 10de4 b29f2150 bca76f86 e6311f6b f44fcce1  ..!P..o..1.k.O..
 10df4 00b132f2 bbb3dc33 cabf9cbf 79ceccd9  ..2....3....y...
 10e04 363aa7e1 3d92fe38 dd45a2ef fa2bded9  6:..=..8.E...+..
 10e14 26cf6658 7e3a7d3a f638f4b1 19407019  &.fX~:}:.8...@p.
 10e24 8a12a0d8 bf10fc59 5281dc79 1049fc06  .......YR..y.I..
 10e34 31f6c30d 49e7f238 04b1a474 78baa8c4  1...I..8...tx...
 10e44 91ed3bc7 793ad2f5 0a93bb6c 0a62456e  ..;.y:.....l.bEn
 10e54 512459bb c5c6ddec 9756e922 a6772e36  Q$Y......V.".w.6
 10e64 d321f30a b498eac1 0718e2fa 868d664b  .!............fK
 10e74 ab5062ec c8c6aadd 501840aa df7f4c56  .Pb.....P.@...LV
 10e84 ef05d166 1a417357 60b073d5 090bf8a2  ...f.AsW`.s.....
 10e94 ddceb833 aefb9b7d 45090ea6 28624894  ...3...}E...(bH.
 10ea4 822b9afd 556fcc7b 5a1a29c0 b295fc86  .+..Uo.{Z.).....
 10eb4 69984f07 5d8fcaf7 a3b3e204 86f00a31  i.O.]..........1
 10ec4 0c11022b a1fa137a a7d860b1 48c2b47f  ...+...z..`.H...
 10ed4 27dd92ca 4fae3abe e171415d ba60f85e  '...O.:..qA].`.^
 10ee4 399f102f 38efe8e9 ca7d8d9f 4570e747  9../8....}..Ep.G
 10ef4 29366a26 d5f0c8b8 038ae0bd 226d41eb  )6j&........"mA.
 10f04 a11bf3a3 4cf115d6 7c24d906 4035852e  ....L...|$..@5..
 10f14 bf813073 37580cbd 0d501611 91f7de12  ..0s7X...P......
 10f24 3f3c7154 888f2adb 3d98fd51 5b22b69f  ?<qT..*.=..Q["..
 10f34 36d17f5d e73c6946 eedf3ccf 39d36e7b  6..].<iF..<.9.n{
 10f44 0588cc69 04ea4692 3d2b7045 802b2a70  ...i..F.=+pE.+*p
 10f54 eb229c2e 2a8ff5b5 0c9afb1e 75572e15  ."..*.......uW..
 10f64 fd38ef5d e38560eb eb6124a6 9d040cbc  .8.]..`..a$.....
 10f74 d01c7c52 70e15fa2 58626ad2 e1d72843  ..|Rp._.Xbj...(C
 10f84 a9b7adc7 ec5d0449 7f307be8 7ba6ccb1  .....].I.0{.{...
 10f94 4d2ec7b2 8222151d 9c3b9c34 741a5855  M...."...;.4t.XU
 10fa4 2bfa84a3 c76eff35 5c36667b e325460a  +....n.5\6f{.%F.
 10fb4 0b86314b 11df93e6 cc8c0dbd f5d7762a  ..1K..........v*
 10fc4 982aea2a 0188faaa c2cde03c c163a2b1  .*.*.......<.c..
 10fd4 f613de6e 525d3684 5a14c8ad 47bee429  ...nR]6.Z...G..)
 10fe4 d0702661 c8c37db0 0285726f 482939c5  .p&a..}...roH)9.
 10ff4 2b409be9 3961067f bac96813 78b1dab6  +@..9a....h.x...
 11004 34533949 bdc5d6ef 4c2aeab4 aec41b2a  4S9I....L*.....*
 11014 6d75b023 6518e6ba 4bfe9505 4f36a6f6  mu.#e...K...O6..
 11024 57dcc121 0724c267 5b41c338 50065916  W..!.$.g[A.8P.Y.
 11034 d8361453 558032d4 0547aaa6 923a7bcf  .6.SU.2..G...:{.
 11044 e8b736d5 329902e2 e1c63ba6 f3e0e149  ..6.2.....;....I
 11054 a73b4b04 14a5e644 5fedbc07 48edf145  .;K....D_...H..E
 11064 9e224ebf c66f5085 f2a15453 752900a3  ."N..oP...TSu)..
 11074 ac0de17b 0a042d8f cd99d625 f8ef6739  ...{..-....%..g9
 11084 d6654aae fd439e8e 45245b77 a1da8e48  .eJ..C..E$[w...H
 11094 f786e404 85cb1e94 77498cd1 8549669c  ........wI...If.
 110a4 e70ac5e5 84ef969b 26faceba 34418133  ........&...4A.3
 110b4 03141f4d f0526f3d 1ef94605 a92e9870  ...M.Ro=..F....p
 110c4 ed772332 c158be8f 3b1214e9 ef6bb606  .w#2.X..;....k..
 110d4 bddaf8e4 5fd966c0 866f318f e6f768b4  ...._.f..o1...h.
 110e4 98fac295 0562b026 2a3b8dd7 546230ac  .....b.&*;..Tb0.
 110f4 c1029c37 f5b1b05b 00a82a9b b596e58a  ...7...[..*.....
 11104 d1079700 cabc07da 00e75acb ee403b3d  ..........Z..@;=
 11114 01b36f86 e36e1281 c18426f1 5ed75a92  ..o..n....&.^.Z.
 11124 89035625 e6c2eb23 1f3e1330 c464a171  ..V%...#.>.0.d.q
 11134 9e3e7c3d 153470ae 702edaf8 27f26e0f  .>|=.4p.p...'.n.
 11144 9cc4da7f 4431e990 bd833471 9c5d7b05  ....D1....4q.]{.
 11154 1d85911c 9dbe1886 98a0a597 adcbbf56  ...............V
 11164 cb726a06 d631eb48 d549fc91 f8215b51  .rj..1.H.I...![Q
 11174 f22c91d7 1f9a7051 2d28ac91 dd80218d  .,....pQ-(....!.
 11184 0ed3acaf dd4f9dfd ab85b2a9 f0d081c4  .....O..........
 11194 0c87f171 018039e0 a946f8f3 6d52b570  ...q..9..F..mR.p
 111a4 bb736120 37056552 505eaa7b f3e55dc0  .sa 7.eRP^.{..].
 111b4 974a98fc 1d5532c4 bdb5fdce 394f4fca  .J...U2.....9OO.
 111c4 31dc2e1d 9e5a0282 7421cee9 4d848a26  1....Z..t!..M..&
 111d4 8d1af231 6639546a 1997da5d 2858da0e  ...1f9Tj...](X..
 111e4 07036a4b 7a98d912 5e7b9d1d 5de7fb84  ..jKz...^{..]...
 111f4 66ddf99a e1e550f8 4c3276d6 befb592b  f.....P.L2v...Y+
 11204 9c8a95a9 5831e937 cf8fd36c 48e2e6cf  ....X1.7...lH...
 11214 6319b9eb 26c8df29 b51f987f 0de01b20  c...&..)....... 
 11224 237b9b70 84738608 1ea0172f 15e6cc61  #{.p.s...../...a
 11234 be2374ad a78582e3 c928ae34 17421438  .#t......(.4.B.8
 11244 b77934ba 49021663 e66c9f6f 29b11502  .y4.I..c.l.o)...
 11254 6d00b035 175a05fe a15ac5e0 20c4bacc  m..5.Z...Z.. ...
 11264 f78e425c f39e5f02 292f3448 ddc77df9  ..B\.._.)/4H..}.
 11274 5b74ec95 39e3f2fa 967943d0 e8c9d3d8  [t..9....yC.....
 11284 51b0e85f 7c174ba9 591aa91d 1582f4da  Q.._|.K.Y.......
 11294 784741a9 394c630a a894d7ad b8a74d4e  xGA.9Lc.......MN
 112a4 19a65983 1d33ee60 1288676f 74ac9e65  ..Y..3.`..got..e
 112b4 9e8d5846 396a4095 c7d857c1 6816eb27  ..XF9j@...W.h..'
 112c4 e9fc7ebc fa79cc6d cbb83ea8 577816a1  ..~..y.m..>.Wx..
 112d4 9d9c0403 8746edb2 55f7a8d9 f1bba230  .....F..U......0
 112e4 d6e6576c dc6792ac 29a8e828 993b9223  ..Wl.g..)..(.;.#
 112f4 bd46766b d510d5c8 93fd5cb6 2dfafb70  .Fvk......\.-..p
 11304 dc455309 d09f206e 55c3e10e b546457d  .ES... nU....FE}
 11314 e44b5f4a eed0f388 5ed6c549 b87ca595  .K_J....^..I.|..
 11324 7f5385ca b1d26f1d aeaed715 bfd5a505  .S....o.........
 11334 54c6ed64 32209082 7d5ba875 ffcb8bd0  T..d2 ..}[.u....
 11344 e2e4de34 0e5dc635 255b314f a04facc9  ...4.].5%[1O.O..
 11354 aaa47e6e 3317d72d 51bd1a29 6c25bcfe  ..~n3..-Q..)l%..
 11364 2e09c4b4 e6dbfe83 7c879412 a94c9e78  ........|....L.x
 11374 41ce4c2c d9156543 0ef920ba 864fb246  A.L,..eC.. ..O.F
 11384 3d401dfb 5c04484c d2d84829 aec4062c  =@..\.HL..H)...,
 11394 3dc9f59a 961df61e 1fba0d5f 7e454ffa  =.........._~EO.
 113a4 47daf626 f3c3f9c4 f31974a2 a72f56b5  G..&......t../V.
 113b4 7ef5a65e 984f6b45 0a51fbe5 69ca5d27  ~..^.OkE.Q..i.]'
 113c4 71aaa265 37f770ef bfdcafc0 50c714bf  q..e7.p.....P...
 113d4 a2ce0fd8 1c11f1d3 ddec0644 8560f142  ...........D.`.B
 113e4 40105468 a3c2bb02 0ff33a54 acd63675  @.Th......:T..6u
 113f4 a099c90b 53c0df2f 4813c9c8 e31d519e  ....S../H.....Q.
 11404 a6a23cd0 79dcd617 adb6e526 23544ec5  ..<.y......&#TN.
 11414 b059c94e 43ae4afd 71c81098 7a1ed3ff  .Y.NC.J.q...z...
 11424 2af82c68 73dcb669 2b547fb0 7690fa94  *.,hs..i+T..v...
 11434 0028220c 8f58e513 00120725 0da6ac53  .("..X.....%...S
 11444 9018da5c 56332fee e5097471 1c96d46a  ...\V3/...tq...j
 11454 6139332a b7085eb5 2c552eea b688bf43  a93*..^.,U.....C
 11464 a2ff10ae e0ecdfd5 9806ce73 6ede6098  ...........sn.`.
 11474 2b9ee516 38296a26 ba739af0 3fd32121  +...8)j&.s..?.!!
 11484 4652df00 2f24b71d 3436e686 1cdacdf8  FR../$..46......
 11494 5dab6515 7eb5ab6b cb1b7ea0 4265c315  ].e.~..k..~.Be..
 114a4 a59f831f abfd66ad 0697dd71 f57f604b  ......f....q..`K
 114b4 59e79e3f ae7fd845 c2db337f c62e46e3  Y..?...E..3...F.
 114c4 844d9166 2057054e a36902bb f7b0f49f  .M.f W.N.i......
 114d4 c82d1d16 1960fced 6fab24e7 067b20a0  .-...`..o.$..{ .
 114e4 aa15cab5 bc8c1858 9a1f046d 08f8cd4a  .......X...m...J
 114f4 9f4b23d1 0ff97cdb a0a67495 7b8923cd  .K#...|...t.{.#.
 11504 0206e645 5d636c57 a7e73c55 3af277ac  ...E]clW..<U:.w.
 11514 994960b5 17db1bad 0a9de23d 84a465ee  .I`........=..e.
 11524 a62c0ec3 24ec7241 99f5edd2 d6c331f0  .,..$.rA......1.
 11534 31e09761 82ddd394 4a7ec608 6633c1f4  1..a....J~..f3..
 11544 534442e4 52bdb86e ad3e2b0f b76d6241  SDB.R..n.>+..mbA
 11554 90814ce1 24718e99 bc84196c c8491530  ..L.$q.....l.I.0
 11564 fa038116 b60cd98e 68989693 7553df9f  ........h...uS..
 11574 08702a11 19eef55d 14d530b0 be994e69  .p*....]..0...Ni
 11584 62fce676 86c2027f 62c887c0 d7ab2181  b..v....b.....!.
 11594 f6657f76 8851e99c cf7672fc 07721913  .e.v.Q...vr..r..
 115a4 ca312a10 cbc2efb3 0f898302 caa62976  .1*...........)v
 115b4 5ea0d41c e1b6f102 09dfe5a6 10faf993  ^...............
 115c4 43c8dbf0 f86e497d d3a08d09 f17d8d75  C....nI}.....}.u
 115d4 6f3f9b37 8578fba9 bc7b689b 10c1d081  o?.7.x...{h.....
 115e4 8015c895 95315e05 3a473e62 ed2ed0bf  .....1^.:G>b....
 115f4 7ad90008 ecd702fc 94fd2922 f0eda671  z.........)"...q
 11604 a5b33130 f36ca387 1f90cb57 841ce7d6  ..10.l.....W....
 11614 4d0696a7 e3db4d5b a54422bb b5c013cd  M.....M[.D".....
 11624 d89933c7 e33f2194 1f6de61a 611ff746  ..3..?!..m..a..F
 11634 752bc44d d6727ac9 a64da399 3668b319  u+.M.rz..M..6h..
 11644 73a59fb0 d78e9111 f44e6c08 e1fa7c7e  s........Nl...|~
 11654 a8a3c3e6 3f1aa93a d92d90c2 fecbddb4  ....?..:.-......
 11664 6632d407 1a866c52 04f70197 766ac2a7  f2....lR....vj..
 11674 3794a5d5 530b6d23 1ef34b13 feafdfe2  7...S.m#..K.....
 11684 09148623 14a5d389 3e5e8ad5 8cee6f8a  ...#....>^....o.
 11694 917d9830 e742fdbe 092d0f46 707dcafd  .}.0.B...-.Fp}..
 116a4 2746ee9f 172e5898 18e12b96 d0488d80  'F....X...+..H..
 116b4 a16d1288 213175ae 4e704eab 3da7e5b9  .m..!1u.NpN.=...
 116c4 d85dc1d2 aa6f8a5f a8b29ee0 f923cb85  .]...o._.....#..
 116d4 69e44a6c d61688e0 9359281a 63b902ff  i.Jl.....Y(.c...
 116e4 9f8518d3 5ed204eb fcaf421d c2fb8b0d  ....^.....B.....
 116f4 dffd8c8d ea08b9ba 39523e90 83522bea  ........9R>..R+.
 11704 a8bd5d4a 5605908b 99847cf4 903fd454  ..]JV.....|..?.T
 11714 29dcfec2 99faf23b 0baed6b7 03ff975a  )......;.......Z
 11724 ce78c2b5 6ea55f8b 950a033c 1d34ecee  .x..n._....<.4..
 11734 91869caa 108e75f7 596089ba e5663cd4  ......u.Y`...f<.
 11744 53d5feaf 90405db9 590f449c 731e3e5f  S....@].Y.D.s.>_
 11754 607aabfb 22a51f54 67e1dc78 5d133a04  `z.."..Tg..x].:.
 11764 f0024d71 78b5e3f9 e7f2c61a 21af2303  ..Mqx.......!.#.
 11774 489f3531 2e5d52a1 dca02787 208eb453  H.51.]R...'. ..S
 11784 9da35a36 ba7e26d2 dfc76646 c3718782  ..Z6.~&...fF.q..
 11794 c3a14d9b cc489e41 a110fc5a 40d054c6  ..M..H.A...Z@.T.
 117a4 b59a0152 525e0a9d 323c291f 43a8503d  ...RR^..2<).C.P=
 117b4 12afe25e 9fabc87f 58266f24 62c84e01  ...^....X&o$b.N.
 117c4 7bf709c5 1b32c047 960e6ee0 4b6b13c9  {....2.G..n.Kk..
 117d4 74377999 869f512e e8ec30ff 7f737248  t7y...Q...0..srH
 117e4 f76abdef 20d5f679 f09ca6c5 d4b2cbf9  .j.. ..y........
 117f4 1c703655 1cb814db dd81898f c48a2769  .p6U..........'i
 11804 0c81bbe9 7a9b0b48 e5738a1c 0f7cd7d5  ....z..H.s...|..
 11814 50581188 5f24eb8a 1b2bfce0 53b1d7d6  PX.._$...+..S...
 11824 1653dfde 628e0703 fc84d018 e433fc5f  .S..b........3._
 11834 9561cb6a cc5ae4dc 72cb5100 b25a992b  .a.j.Z..r.Q..Z.+
 11844 ce2ba418 b2c007f9 6177f49b 2af687ce  .+......aw..*...
 11854 1bbf6e32 c9c86cac 6f2e2dff 1f7071c2  ..n2..l.o.-..pq.
 11864 b94f9e90 6e67763c cadbb81f e9d65a75  .O..ngv<......Zu
 11874 96aa9a72 3e3a0c67 86c2c86e feda9f03  ...r>:.g...n....
 11884 e25911a1 f7bc5c3c c7d5743d 781fee6b  .Y....\<..t=x..k
 11894 67c2bf6e 6792bea9 0772bc6a 13ce0b13  g..ng....r.j....
 118a4 5ccbf66e ffabdb05 58cf3638 08955ebb  \..n....X.68..^.
 118b4 c3a8ce1d aa122675 252cdc10 c9153f78  ......&u%,....?x
 118c4 01b4aa3e b21d118e fcfc945e fcee1e32  ...>.......^...2
 118d4 b1c2c692 94c79a15 172ea7e9 f2deaaba  ................
 118e4 06bc4f2d 27cc5fcb e6555a55 9d03d577  ..O-'._..UZU...w
 118f4 6e43fc16 b8949482 80b7be1c c85bd428  nC...........[.(
 11904 952a4466 1bcdcfce 65125f8a 2886e9ac  .*Df....e._.(...
 11914 a3e7b092 d5c1ea8d f8dc79ff c1593222  ..........y..Y2"
 11924 03d1b727 b5d76c32 dc18fca3 a55d3bba  ...'..l2.....];.
 11934 6737c04d a42dca1b 46d2ac23 ab5bd7d7  g7.M.-..F..#.[..
 11944 47ebb7b4 a910e716 a2ee7b8d 2334a141  G.........{.#4.A
 11954 62a4ac5a 7604a60e e577db90 33403ed3  b..Zv....w..3@>.
 11964 b747b5e4 c1ade9e0 03ed47d0 9d2e5a55  .G........G...ZU
 11974 b2a1b9db cc795e00 c2b8d20e 6fbad08d  .....y^.....o...
 11984 391bcfc1 843e8959 a5630b27 83b2c502  9....>.Y.c.'....
 11994 a4d72790 9732e61e 342a1a9a eeae8298  ..'..2..4*......
 119a4 16619bcd a701b89e 2663d845 05b26e2a  .a......&c.E..n*
 119b4 e52cecf7 c5e53980 90d724f2 9d063216  .,....9...$...2.
 119c4 31c96ce1 fa119290 e2096715 8d55d4ec  1.l.......g..U..
 119d4 4ddcd54a 41b97e7a 28e96fc8 68b66eff  M..JA.~z(.o.h.n.
 119e4 57dcafa4 65db16eb 3c9c5dfd e9bc025e  W...e...<.]....^
 119f4 6e4ba0c9 f589a2f9 900f68d3 84c6820f  nK........h.....
 11a04 68b8c3e1 afb5b5af cdc1e66c 9c5cdd26  h..........l.\.&
 11a14 4b5f9138 d2a49969 8c5b1d48 afdc04b1  K_.8...i.[.H....
 11a24 bac8325f fd364760 24e1cb1d dafce35b  ..2_.6G`$......[
 11a34 324fafa0 3b27c266 af9031cd b2f18bb8  2O..;'.f..1.....
 11a44 357d7d34 9376f991 978aeb0c 28d64da6  5}}4.v......(.M.
 11a54 3b558f0f e3e910cb 35a91370 65d4ba66  ;U......5..pe..f
 11a64 5f4fe146 51a9545d e87d9ab1 7f074fb6  _O.FQ.T].}....O.
 11a74 cc5ac937 d85b060d 683dab62 7927315f  .Z.7.[..h=.by'1_
 11a84 b4c9f746 e994998d c2b61b67 e337ed19  ...F.......g.7..
 11a94 22fa2cb2 ffae082f a8741e79 3973eecf  ".,..../.t.y9s..
 11aa4 67c5d71c f404da86 ed34688d 9f37cc6e  g........4h..7.n
 11ab4 c65f157c cb29fbff 29552bba fb3fe5b8  ._.|.)..)U+..?..
 11ac4 3f5df61a 8f01ff03 d0932ccd 15e2eca3  ?]........,.....
 11ad4 985f1ab1 a4881860 47feca8c fc79dc0e  ._.....`G....y..
 11ae4 3e54ffc8 a566c40b 058e3c3a a32d3d9b  >T...f....<:.-=.
 11af4 9f2f8c1d c50dfe36 e7919f42 baefaa42  ./.....6...B...B
 11b04 c10ab1e8 2dd8980f f9eae356 93e3dac0  ....-......V....
 11b14 c82cb74c 8c018261 41ac55b1 da64859e  .,.L...aA.U..d..
 11b24 be9fe758 94c71e5f 4307195a 4bd53d0a  ...X..._C..ZK.=.
 11b34 0f69f33e 122aaed5 de6cc5b6 b7356306  .i.>.*...l...5c.
 11b44 218556ce 131a728f 3e6d167a 61afbab4  !.V...r.>m.za...
 11b54 1d721394 c1c4db45 dc7a89e3 a0d56196  .r.....E.z....a.
 11b64 ed439c89 cea2eaf5 4dd17221 1fa883db  .C......M.r!....
 11b74 1014c317 d5f53012 9464a28a 93c4117b  ......0..d.....{
 11b84 af741031 bb5f04de 9f79c1d8 1e4dd260  .t.1._...y...M.`
 11b94 398ee772 c1bf658a 16d1ebfa 2ae060de  9..r..e.....*.`.
 11ba4 48624830 5c5a28b3 704f67d4 811438fa  HbH0\Z(.pOg...8.
 11bb4 387d66ca 0cebe18e b82f0eb2 aba8a05a  8}f....../.....Z
 11bc4 9e7f57d9 20be523a fe573813 224c7c48  ..W. .R:.W8."L|H
 11bd4 def6f8ea 67427393 c8b08703 a730652f  ....gBs......0e/
 11be4 b7ab26d6 1289fd8f 9bbc91fa 6475a9a7  ..&.........du..
 11bf4 2c030c56 14da99cf 772faa4a 8149eb15  ,..V....w/.J.I..
 11c04 2df0c520 5980fd07 4b022c11 1db88c0b  -.. Y...K.,.....
 11c14 c85f8f37 611c713b 5ef904f1 bae15256  ._.7a.q;^.....RV
 11c24 b2d75112 61c65868 8e5d83c1 1826d8f2  ..Q.a.Xh.]...&..
 11c34 a01c2f5c c03b90d1 551e1c7e fec58f66  ../\.;..U..~...f
 11c44 e2cc914a 1e42f3e7 68e78c80 1b87a467  ...J.B..h......g
 11c54 a9219063 f1cc5048 dff14b8b 5a11f460  .!.c..PH..K.Z..`
 11c64 0dafeef9 744ef181 10caa73f 3947c9c8  ....tN.....?9G..
 11c74 1de6a3f9 c7c63100 5a386ce7 6f3a5b2f  ......1.Z8l.o:[/
 11c84 cb21a3de d5872b5e 9a58ae39 e26c30f3  .!....+^.X.9.l0.
 11c94 44d87d13 e063d53a 7fdd57be 27855a7b  D.}..c.:..W.'.Z{
 11ca4 110be925 b02bf762 c581f7ec 15da5829  ...%.+.b......X)
 11cb4 f525ba8a 1c4227e2 1caa86d0 ec309019  .%...B'......0..
 11cc4 fc777c8c 8b1a15f6 96138731 9adec6ef  .w|........1....
 11cd4 28cb28ae 3b8dcb4c 9c2e83b2 e5a93fe1  (.(.;..L......?.
 11ce4 7f77c9fa 3506f61b 63876f41 432d536f  .w..5...c.oAC-So
 11cf4 9b1b188c 898a9e4e bec2fc57 5a28d366  .......N...WZ(.f
 11d04 26ee1780 6bc3ffed 5e434c70 746ac30a  &...k...^CLptj..
 11d14 23ec3caf 631b1033 b7c73c29 4763f3e9  #.<.c..3..<)Gc..
 11d24 b8e55c53 62aa83ee a9f93b7b 2f925ef6  ..\Sb.....;{/.^.
 11d34 9ea2f131 a1f4438e dd35cb6c c62f384d  ...1..C..5.l./8M
 11d44 efd293b2 8b01d977 b7607664 3186e91e  .......w.`vd1...
 11d54 761d08e5 7919a28a c31d3927 ae13bab1  v...y.....9'....
 11d64 0609d67e 0d33c07a 26382ed4 ed205ff9  ...~.3.z&8... _.
 11d74 204db933 2468a456 02235729 25545c42   M.3$h.V.#W)%T\B
 11d84 c671d720 e9f577d4 8d0e0f9d 8d2560a1  .q. ..w......%`.
 11d94 75bda303 6655f196 d36c7279 9949f8b1  u...fU...lry.I..
 11da4 0c186683 2e213069 cd6e5955 b274311a  ..f..!0i.nYU.t1.
 11db4 8c451655 84630190 559b28ea a1ed02b7  .E.U.c..U.(.....
 11dc4 8468d35d 0da7fa3f 45fc48c5 12b94699  .h.]...?E.H...F.
 11dd4 e751358e 99e354d1 ca0ae16e ed195e8a  .Q5...T....n..^.
 11de4 40339bc5 e340b768 11459883 f32af212  @3...@.h.E...*..
 11df4 feec85ed 30e31a47 8aa4156a e6e734b6  ....0..G...j..4.
 11e04 a2193e72 0e3afc17 1717d87a af63f87a  ..>r.:.....z.c.z
 11e14 29567d9b dec88ad0 cb1fb511 6cd9fc20  )V}.........l.. 
 11e24 6c22fcfb 1f3e902f 3c14519b 30aa8c7e  l"...>./<.Q.0..~
 11e34 499c6473 1bdd4d8a 6f8fe7e9 3ee1d1f1  I.ds..M.o...>...
 11e44 de4a2d29 1893828e 62b15c8b bd0469b4  .J-)....b.\...i.
 11e54 28c7875f a1407204 91c1429d ce208efe  (.._.@r...B.. ..
 11e64 04530109 90de77ef 226c5b69 1ef80a12  .S....w."l[i....
 11e74 c42829e1 524e01f3 adac6bd3 39e54f34  .().RN....k.9.O4
 11e84 7e967e30 a7a0dc85 f8e5e5d5 2e404843  ~.~0.........@HC
 11e94 8d4b3eba 9681d8fb 471fdcf8 843f2b6d  .K>.....G....?+m
 11ea4 629893e6 2ea7f368 897abd7b 19c99c20  b......h.z.{... 
 11eb4 42e0238a fc9070ac 73517a61 968e24a1  B.#...p.sQza..$.
 11ec4 35aa0d9b 45a4ca65 2481ad8c dc6588ec  5...E..e$....e..
 11ed4 ec609988 35fcd372 76e29777 cf32fc2b  .`..5..rv..w.2.+
 11ee4 397eea3b ac1c2e43 b4467cae 81f88369  9~.;...C.F|....i
 11ef4 15d92327 3dc111d9 5645ddd8 708a19c7  ..#'=...VE..p...
 11f04 089f1285 995487e2 f9036b08 62a114ff  .....T....k.b...
 11f14 9ae7f17c e70dd87c 3a550ff4 23738142  ...|...|:U..#s.B
 11f24 2c1d7d30 4a026456 e535d917 c502cbb5  ,.}0J.dV.5......
 11f34 95e061d9 f622b5ea 00bbe29b 1a6ad3cf  ..a..".......j..
 11f44 cf4751e1 b4b28103 8ca107a0 86dd793f  .GQ...........y?
 11f54 62f40288 11bb859f 2a9ecc56 82392d3a  b.......*..V.9-:
 11f64 5022831a d8edbb6f 1cb86ef1 1d297fca  P".....o..n..)..
 11f74 bfa34d4a aee56020 bb4c35ea 6d89b8e1  ..MJ..` .L5.m...
 11f84 a24c818c 43399957 38805ea7 1e21bb29  .L..C9.W8.^..!.)
 11f94 2a966112 f109090c b5b54172 9a894c53  *.a.......Ar..LS
 11fa4 e4c29990 5e04813e b7a7e689 2efe6d82  ....^..>......m.
 11fb4 795c79e4 1bc01791 995b3b90 50ca6def  y\y......[;.P.m.
 11fc4 8e007c0b 9365c1e8 5d4d15d9 1896d38f  ..|..e..]M......
 11fd4 a6b946f8 818a4584 4b66da55 edbf803a  ..F...E.Kf.U...:
 11fe4 5c2b8ecf 98e4f3df dcf0212e d03a678a  \+........!..:g.
 11ff4 5fc62739 c89ce205 e8583796 ed744d80  _.'9.....X7..tM.
 12004 a4f1e551 927d4170 92b642ae 9e85ce84  ...Q.}Ap..B.....
 12014 8e10f350 eb79cc07 105f6b60 e7fad0a2  ...P.y..._k`....
 12024 0e9d8925 92cb6111 af1ace86 deb9fa00  ...%..a.........
 12034 ccab1bbd 53821de6 0f2bae24 5d77f984  ....S....+.$]w..
 12044 d9360de3 25ca38c1 61df1e7c fcbd8c91  .6..%.8.a..|....
 12054 09ef3d5a 99475f9f 472aeee9 7808212a  ..=Z.G_.G*..x.!*
 12064 e54b5d05 a972f63a 8907eb95 44312e0e  .K]..r.:....D1..
 12074 45f4990e 7dab9716 85db2f7b 28ced945  E...}...../{(..E
 12084 a3f4785c e15d54b8 243ef03f 7f6d1b27  ..x\.]T.$>.?.m.'
 12094 107ec65b 618787a3 d8518b07 f314cf80  .~.[a....Q......
 120a4 087e5205 0ae23b18 5c3dc6f1 eca23ffc  .~R...;.\=....?.
 120b4 391440f0 5eff6f34 5d5f1326 34cffe0e  9.@.^.o4]_.&4...
 120c4 49a1a039 0c46ced7 2a3f6da0 d9e77206  I..9.F..*?m...r.
 120d4 1cd15e4c 696b3756 59f1894a 2158d029  ..^Lik7VY..J!X.)
 120e4 a5c058c6 d074caf8 b95ea126 448979c5  ..X..t...^.&D.y.
 120f4 39427e7b 96d224d1 02dd34c9 3b634acf  9B~{..$...4.;cJ.
 12104 859b092c e970f400 19f8c199 33218640  ...,.p......3!.@
 12114 e11e8437 223565b0 b9f54f9c 8b5d3103  ...7"5e...O..]1.
 12124 70934bc0 82992292 4257dd58 95ab8861  p.K...".BW.X...a
 12134 f8bdec08 27ec5736 31724bcb 90b04a9c  ....'.W61rK...J.
 12144 4820436c 4679f4ec 0cbb18eb 712e5159  H ClFy......q.QY
 12154 0629f2ce 9daaf637 385a68ba cb796777  .).....78Zh..ygw
 12164 fbaf2799 0cd65442 67e92b0b 47681c46  ..'...TBg.+.Gh.F
 12174 d02ca5a9 9e49dc81 fdd11e90 84719443  .,...I.......q.C
 12184 8200b793 68cd852a 6fc174c9 d74c0bd4  ....h..*o.t..L..
 12194 e36b1f32 8bf201ee c206de3d 789e546a  .k.2.......=x.Tj
 121a4 6615d43c 6e3d2f23 e5e25574 870d42c9  f..<n=/#..Ut..B.
 121b4 0270e72d de475074 d1decdce 049bc211  .p.-.GPt........
 121c4 68ef38fe 883352e3 9e90ceae d750a882  h.8..3R......P..
 121d4 0da6a4b8 b903c8fd 230ddcdd 0e4ff92d  ........#....O.-
 121e4 3f62029e c0ceb22c 7d852cda 4b7b367c  ?b.....,}.,.K{6|
 121f4 90c6cc7b 6e42c266 b6195896 c06246a5  ...{nB.f..X..bF.
 12204 d6d8fccf bdee86d5 71bf9f82 e434b6a1  ........q....4..
 12214 c2bd6fa3 51fbc35f 03346b83 1de34f0b  ..o.Q.._.4k...O.
 12224 c70cc4d7 be343f9e b46711f6 03acbcb5  .....4?..g......
 12234 d26fff06 b82fbe4f dc886e04 e32432f5  .o.../.O..n..$2.
 12244 73eb4a19 e44dceaa 11367c8d 714a9d78  s.J..M...6|.qJ.x
 12254 afa8b77b 73e3fefb 45c80f25 d83784fc  ...{s...E..%.7..
 12264 13b5aed0 1e3c689c 2b458e54 7a3f2211  .....<h.+E.Tz?".
 12274 0475270c e1dff74c f7d6846b e091bc43  .u'....L...k...C
 12284 a38ea91c 061ccdf0 98025a10 635213ef  ..........Z.cR..
 12294 2cd927a4 bd80e29d bf93d1c1 735144ea  ,.'.........sQD.
 122a4 a7fbe297 be595804 c622f6ad 9155385c  .....YX.."...U8\
 122b4 7bc19dee f44d2ad6 e6a219ea 2c60394d  {....M*.....,`9M
 122c4 e6687fad 44b05569 99d4a4a8 5edc1e8b  .h..D.Ui....^...
 122d4 844dbaa5 402356d8 393cccb5 d50bd7d5  .M..@#V.9<......
 122e4 0e318cd9 c287394c f5988792 7f3ce362  .1....9L.....<.b
 122f4 cc568966 e6c46468 8c7d15c3 7f976d59  .V.f..dh.}....mY
 12304 ad168174 1a3c9af0 2d37a6ce f796ee90  ...t.<..-7......
 12314 d7bf86f4 54a60641 53bd8802 1bc36ea5  ....T..AS.....n.
 12324 ca2559a8 e31afb62 abb39540 4fbc8907  .%Y....b...@O...
 12334 09edd95d a7fc84b6 68bde36e 742d0d95  ...]....h..nt-..
 12344 ce3a54de 09175a5f 824b7dc8 36055ff2  .:T...Z_.K}.6._.
 12354 addc50fd 0946ef93 42d28be2 d52470b4  ..P..F..B....$p.
 12364 9317f637 ba400de3 25371fe4 9c7ca85e  ...7.@..%7...|.^
 12374 70ec7a22 c9a1dab0 41b8af11 7b503c71  p.z"....A...{P<q
 12384 77f84342 79f5b035 82197676 933dc1b8  w.CBy..5..vv.=..
 12394 e640c08d 8e7e02fd 7e373721 16b8deca  .@...~..~77!....
 123a4 a74c1157 13a8c3c9 95179731 369401f3  .L.W.......16...
 123b4 96dc87fc da8a850f 56fe5e94 f3619a2c  ........V.^..a.,
 123c4 cf213910 eae9b189 ea5b716b 7a4f122e  .!9......[qkzO..
 123d4 1636cd0c cd922e93 ba54604b d8c5b00d  .6.......T`K....
 123e4 7df2c85d 5c871b3b 4963b8c2 6994e690  }..]\..;Ic..i...
 123f4 73db5201 b8daaa35 1f699798 32cf00f8  s.R....5.i..2...
 12404 3d9b73c9 6ec26329 dcb4ca75 4bcef110  =.s.n.c)...uK...
 12414 5bea1050 eeafaa02 9399cb48 519707f5  [..P.......HQ...
 12424 445be9c5 32a07a37 37cc997e 39a4de03  D[..2.z77..~9...
 12434 4861dbec 9ff79d7c 085d6a23 393df293  Ha.....|.]j#9=..
 12444 b7eb1155 b0906103 0aa8b50e fd225d90  ...U..a......"].
 12454 1d57c035 42c60e01 d7c8d70e b5c51878  .W.5B..........x
 12464 ff3a2f7a 90784430 cd3d399c 9a19597b  .:/z.xD0.=9...Y{
 12474 0f1e5cff 325a5035 ccb16403 433318f6  ..\.2ZP5..d.C3..
 12484 dd21b811 72e3a27b bdf7520c 004bb08e  .!..r..{..R..K..
 12494 53506e09 7ec236c5 07afb063 13b23a33  SPn.~.6....c..:3
 124a4 08756580 64ff1817 e2213ab1 744438ee  .ue.d....!:.tD8.
 124b4 066ab9dd 0b362b4f 55aa758f 6c4a1877  .j...6+OU.u.lJ.w
 124c4 1d3e7dd2 90b11a31 45d15ae7 fa58a519  .>}....1E.Z..X..
 124d4 ea97e814 2e68df95 cfa8423d 70b9ee31  .....h....B=p..1
 124e4 d3440ad6 c4c011cf 17f021c4 b638e812  .D........!..8..
 124f4 896eaf20 7da63c9d 693c5a89 ec487d2e  .n. }.<.i<Z..H}.
 12504 d68927a0 82d0ad97 00d968df 625ef9ae  ..'.......h.b^..
 12514 5ca47e64 f8ffa7b7 b7198a57 8e4eb4b6  \.~d.......W.N..
 12524 5a948b75 055e4d3c 118bd33c 1d01ad97  Z..u.^M<...<....
 12534 c2402563 17e73fda 64ea9cdf 6c8f7343  .@%c..?.d...l.sC
 12544 a8cd3cd9 27d26926 123c72f5 b3370fb7  ..<.'.i&.<r..7..
 12554 5c8b3265 3d21a84a c8502f40 725c4678  \.2e=!.J.P/@r\Fx
 12564 1fc87ff8 d8d0c76f 3d5ce43f 9199e883  .......o=\.?....
 12574 a8b4d668 e9d8d4a7 0328f5ba 5c8b101f  ...h.....(..\...
 12584 be056b58 9259e17b c1f2f7d7 36da5d7a  ..kX.Y.{....6.]z
 12594 eedf10b8 c1199fe5 b89b6971 5eb3f274  ..........iq^..t
 125a4 b7fc568d 24027603 1ce356c6 72b36179  ..V.$.v...V.r.ay
 125b4 14d25fa9 d9af6e4c e350e29e 4ce8393d  .._...nL.P..L.9=
 125c4 b781386e 82ed2dc0 a8d0f456 6bf14a33  ..8n..-....Vk.J3
 125d4 624290f8 810051c0 6082779d d3130af0  bB....Q.`.w.....
 125e4 620c6096 f9aad403 1e681e52 84dea14f  b.`......h.R...O
 125f4 858a64e7 6dc5457b adc3904e 22ff9641  ..d.m.E{...N"..A
 12604 fccffb13 434a0bff 5feb3fef 56cbbfdd  ....CJ.._.?.V...
 12614 621889fa 4e2131d4 b03a6428 933a6ce3  b...N!1..:d(.:l.
 12624 a882175e 335af0c8 c9c90ba8 2f7fdf09  ...^3Z....../...
 12634 4dd77600 0702d91e 79299df3 9972eb29  M.v.....y)...r.)
 12644 84fe7cbe 019bfd1e cae8b42d 98765ff8  ..|........-.v_.
 12654 2c34c81f 0c272079 343e162e 6a355d62  ,4...' y4>..j5]b
 12664 ad438c51 27dba628 b67e3afd 6a16801e  .C.Q'..(.~:.j...
 12674 dfa18501 c8cee728 e912a8d1 342e4eb7  .......(....4.N.
 12684 b8162195 09824dec 6320f23f 5b2726ab  ..!...M.c .?['&.
 12694 0128538d 7423931d eb35378c a85e3564  .(S.t#...57..^5d
 126a4 03c9bf4b b04899d9 475ffd61 4c5d8526  ...K.H..G_.aL].&
 126b4 b86f428c 891317b9 dfe584f9 edd6c276  .oB............v
 126c4 ca65f2bb eff8ed98 8d6a3a5a 6ba36002  .e.......j:Zk.`.
 126d4 466d58c3 e34e9668 acb1f995 4388a251  FmX..N.h....C..Q
 126e4 6833d2b2 0fba9358 ca7d3f7f 18971aa7  h3.....X.}?.....
 126f4 fc72047b 62a50797 4c60a4db 1237f3a5  .r.{b...L`...7..
 12704 49d5d968 e41c1789 c9153688 a311d240  I..h......6....@
 12714 1ba331e3 7b1a578c fe900243 3a8c2cf3  ..1.{.W....C:.,.
 12724 4f331b4e 41e8bc13 bd049952 64509852  O3.NA......RdP.R
 12734 4bfa99f8 39fb9a57 e8a61a55 ffdc1885  K...9..W...U....
 12744 e28284f3 398ad6de b32001dd eed322f2  ....9.... ....".
 12754 37c9ab61 d3701daa 0c649b17 ed19b1f3  7..a.p...d......
 12764 d7e076c7 3900a021 4f196964 8964d49d  ..v.9..!O.id.d..
 12774 b169b418 a2614c24 a539e627 0f45070e  .i...aL$.9.'.E..
 12784 c35581d0 3cf98dd7 6b4ca20c b9d71921  .U..<...kL.....!
 12794 eb2ba338 f562c6d0 3361cce9 0d522906  .+.8.b..3a...R).
 127a4 195f3645 fd807aa4 7d7858b3 c06c1114  ._6E..z.}xX..l..
 127b4 a20577b7 0bd7d215 803ab228 a15d42f0  ..w......:.(.]B.
 127c4 9da3ff5d 8ec5f1f5 9e4e9b8b 286d038e  ...].....N..(m..
 127d4 8ee6e635 9a108c5c 7e980d03 dd66a756  ...5...\~....f.V
 127e4 79a064e9 0f26191d 4c18d02c 42c3196e  y.d..&..L..,B..n
 127f4 52b3e4d1 fac7503a 524451b9 864cb08d  R.....P:RDQ..L..
 12804 68a75d5c 5c8d5a0f 954a3fe5 c963e7e8  h.]\\.Z..J?..c..
 12814 656796a8 5740b392 d39f7120 d14010b0  eg..W@....q .@..
 12824 e895cd58 fb94e8c7 580f6ac6 543cf874  ...X....X.j.T<.t
 12834 5e23c551 e335d2e3 42caa008 122fdf17  ^#.Q.5..B..../..
 12844 a0222f64 6f1210dc abeb8c95 81dc1dc3  ."/do...........
 12854 71c198fa cccf74d8 25c7b058 9a87d0e4  q.....t.%..X....
 12864 1f4fe1b5 f62095d6 a301a99d e7f87b82  .O... ........{.
 12874 7dd040c6 6bdc20c4 51296d61 ea9018fd  }.@.k. .Q)ma....
 12884 3e01ae99 86f3d719 b8ea55b4 cd194331  >.........U...C1
 12894 16fdcc97 aa9aaea3 314f9fb0 d2300959  ........1O...0.Y
 128a4 cc22c492 c8fce066 442835e5 a9a16f37  .".....fD(5...o7
 128b4 1962486f c23d482a 0fa19226 99609e8c  .bHo.=H*...&.`..
 128c4 b9b1f4cf 6523f4ab c534198d 48db31ea  ....e#...4..H.1.
 128d4 e8e443bb f248a464 04a0072e d895dcd5  ..C..H.d........
 128e4 a8ca85c5 454b73ca 3f28f620 25b8681a  ....EKs.?(. %.h.
 128f4 e293ed3d 7eba0b0d 84d291ea 10648ca6  ...=~........d..
 12904 87241c0c a272482d 750f51cb b0f9a1e5  .$...rH-u.Q.....
 12914 9f751a96 027dd94c 437b4777 31d51935  .u...}.LC{Gw1..5
 12924 9d31bb3d 4368573d 7e9bfc72 741f62cd  .1.=ChW=~..rt.b.
 12934 f0324915 e1f10546 269a3af2 3611623c  .2I....F&.:.6.b<
 12944 f0d1ebd6 00646656 da579736 3b1c25e9  .....dfV.W.6;.%.
 12954 938f5b59 b20c9fd9 e79c0002 95999415  ..[Y............
 12964 57c0a476 fc4dd540 5b374392 af7940b0  W..v.M.@[7C..y@.
 12974 bbcad607 5abbb167 d1e57f49 c8ad4051  ....Z..g...I..@Q
 12984 689ce512 d4b8140e e4d35a70 575e53d8  h.........ZpW^S.
 12994 43712354 f68c4b6d 105ee7ea d024da20  Cq#T..Km.^...$. 
 129a4 07dbc914 8eed1e83 7d957577 b9bf74a7  ........}.uw..t.
 129b4 36dabb9e 7fe3df58 582e702e 95a0b824  6......XX.p....$
 129c4 b690fe37 af5778db 1b9e33ff 4d3c62e3  ...7.Wx...3.M<b.
 129d4 ed37d7f2 a0d192cc d49a577b 0d87733b  .7........W{..s;
 129e4 c01c4ee5 721c2dfc 5811a24a a58b24ad  ..N.r.-.X..J..$.
 129f4 623f22b9 48d08696 3a29bc9a fbebcf1d  b?".H...:)......
 12a04 dbb7e189 f354d6b1 54e491a8 e7cd7977  .....T..T.....yw
 12a14 e614c23e 069856d0 8b6662f4 fad712b0  ...>..V..fb.....
 12a24 f4ce61e3 caefb857 99259f0d 0e3bd06f  ..a....W.%...;.o
 12a34 48cefc7b 2157bacf 8bef677d a8884139  H..{!W....g}..A9
 12a44 3de8ca8a 3238a374 aab7acc9 84fa4359  =...28.t......CY
 12a54 2dad1613 f22dee2e 3fd8d63b 9e270a30  -....-..?..;.'.0
 12a64 9d0957cb 652c51f0 27a63ca5 0b25576f  ..W.e,Q.'.<..%Wo
 12a74 b0292b69 2bddf1e4 55593f29 96339423  .)+i+...UY?).3.#
 12a84 9e543f44 83b5ccbf da5905c0 32b9e423  .T?D.....Y..2..#
 12a94 24d8af30 71c1a079 2997bdc7 ebe15071  $..0q..y).....Pq
 12aa4 b8bb07aa 8c513578 3739b362 84539556  .....Q5x79.b.S.V
 12ab4 102fdbaf fa13893b 2ad8e259 f613f64b  ./.....;*..Y...K
 12ac4 fbae1247 42a8cf22 0d49b481 e7c4ea59  ...GB..".I.....Y
 12ad4 5611b546 1a76753b 1bcf58f6 aa66cc58  V..F.vu;..X..f.X
 12ae4 1b5d0687 8381c298 7e6e5ed0 93132f54  .]......~n^.../T
 12af4 75e293ed 41870ef5 756a95cb b0a06087  u...A...uj....`.
 12b04 eaef95f2 40f8cec9 91db5c6a a8535607  ....@.....\j.SV.
 12b14 40255780 14237045 b46f3aab ab26c35a  @%W..#pE.o:..&.Z
 12b24 ef290c7c 4d6e6351 4eccd097 dac2a989  .).|MncQN.......
 12b34 b8334dfc 9f7b7d5a dd9c153c a137e271  .3M..{}Z...<.7.q
 12b44 877777f5 5563681e 03a01d34 088c449b  .ww.Uch....4..D.
 12b54 9113048e 86f31d22 a754ce96 79e7d96b  .......".T..y..k
 12b64 9c73a23b 41d2721e a0ab3780 e9f53355  .s.;A.r...7...3U
 12b74 0023be99 9e9cfb5d 9a508d44 ac3ffdac  .#.....].P.D.?..
 12b84 4e078d23 8ee5b1ce f478d07c fa974be3  N..#.....x.|..K.
 12b94 745a3e5c b23e81be b1cf7280 266a5898  tZ>\.>....r.&jX.
 12ba4 fda54e50 5edc428b 8b8e7eb1 774db0ea  ..NP^.B...~.wM..
 12bb4 a29ba77c 62c27d74 c7248103 109de850  ...|b.}t.$.....P
 12bc4 b078c628 f8060bda 648f92e9 90a68b2b  .x.(....d......+
 12bd4 1d51dcd5 c6882439 4987f96e 27107617  .Q....$9I..n'.v.
 12be4 83353467 f9b5149f d706d206 f308542a  .54g..........T*
 12bf4 7986e9c3 6a4b04b9 60451c2c 3019d149  y...jK..`E.,0..I
 12c04 9f110421 cb8f49ba b47ac4e1 47059379  ...!..I..z..G..y
 12c14 a5a1ce00 4f45dd1a b3e1719f 85ab00e3  ....OE....q.....
 12c24 875bd6c9 63c285d8 5bac170b a826c92d  .[..c...[....&.-
 12c34 9367e8d7 a4c39fa8 2b5d5e08 f859df88  .g......+]^..Y..
 12c44 16a0b26f 13ce73bf 1960e555 c4b26452  ...o..s..`.U..dR
 12c54 b4044c94 f0d27950 5cc2da46 c74f5da3  ..L...yP\..F.O].
 12c64 f56c31fd 423ce490 87447562 87645263  .l1.B<...Dub.dRc
 12c74 d648ff81 7ebf426e 28de9117 6bdf69aa  .H..~.Bn(...k.i.
 12c84 80f0ed83 5159ea4e 757416a8 396963c6  ....QY.Nut..9ic.
 12c94 1c73be50 c5da97ac 925dd4aa cb05b9fc  .s.P.....]......
 12ca4 5cc8f654 71b749f2 771974d1 d8ffa251  \..Tq.I.w.t....Q
 12cb4 f964f231 79c06adc 6a5c0dfc f12a59bf  .d.1y.j.j\...*Y.
 12cc4 8a2db05f 8a5b7acb ae7a47ef c3dc1490  .-._.[z..zG.....
 12cd4 4586af21 55954820 1de169a4 321d1b7b  E..!U.H ..i.2..{
 12ce4 13604572 a9df7693 bc53f4e5 237abea4  .`Er..v..S..#z..
 12cf4 0a23be5f c5bf2e93 d5a82369 2ba6507e  .#._......#i+.P~
 12d04 124ce4ef 70ef4a15 ff5c4186 2bc351c1  .L..p.J..\A.+.Q.
 12d14 a875ffdf 82bb2630 b75ec201 e25df37d  .u....&0.^...].}
 12d24 4e81803a 0ba09ce8 d5231067 3dc31d89  N..:.....#.g=...
 12d34 e56f2341 6a218e80 280ac49e f2d29f6f  .o#Aj!..(......o
 12d44 7ad61de8 cef75580 dd2bdd7c a98387d1  z.....U..+.|....
 12d54 6fb7d5c7 dbb359c4 d1229c1c dc9cd7c8  o.....Y.."......
 12d64 2d9d4d25 2f208a37 e9f03c58 57f4bd29  -.M%/ .7..<XW..)
 12d74 3a5689c5 aa35937c 6e19bf75 6a8c7b57  :V...5.|n..uj.{W
 12d84 224cb24e 2f41839e f9ca1edd 1b1b9972  "L.N/A.........r
 12d94 15154821 52b899e4 c8ac407e 82e2fa48  ..H!R.....@~...H
 12da4 8a99adfb 9b4c5bc6 ab8692a5 0af4cfe4  .....L[.........
 12db4 1a5b3d31 3a25a069 ceb13f17 c726820f  .[=1:%.i..?..&..
 12dc4 64701a8e 732c4be4 74196836 2102800c  dp..s,K.t.h6!...
 12dd4 81c16959 c854a547 117cf4d8 c8a75886  ..iY.T.G.|....X.
 12de4 03fb16ee cd053f1c ac3f9df7 bb70f672  ......?..?...p.r
 12df4 e1a1f335 890387e8 b4038fb2 fe17f36e  ...5...........n
 12e04 6566d38c 906076be 6754855a 582c3a7d  ef...`v.gT.ZX,:}
 12e14 3bd585b8 4839e8a4 16025b55 f23e51ef  ;...H9....[U.>Q.
 12e24 8720ae7d 4b16f4a1 e006229e 4eeac47a  . .}K.....".N..z
 12e34 a2928b7e a81d32ee ca92d14a b1a834b7  ...~..2....J..4.
 12e44 3ed1034a 0d3b5183 d43ed3f0 696a1214  >..J.;Q..>..ij..
 12e54 d0d54238 41eb661b a5656700 cf21b913  ..B8A.f..eg..!..
 12e64 d3534cd0 34f73645 5975fcd3 7dc70139  .SL.4.6EYu..}..9
 12e74 63e0f067 9a62e8c4 12048a60 111857ca  c..g.b.....`..W.
 12e84 8fcf6d75 c9cbabc6 cc97792b 2e7d1f00  ..mu......y+.}..
 12e94 8f13c317 a609145a 0a7dd6e4 e616b425  .......Z.}.....%
 12ea4 ebbf0522 78c8e423 1d96d1d0 a188c427  ..."x..#.......'
 12eb4 9c952778 de72a6db 5588c498 f38b578e  ..'x.r..U.....W.
 12ec4 a9b4ae91 a5e20edb a1c5aa9e 893b733d  .............;s=
 12ed4 f6de89d5 06ada1b7 3b7d674a 88847ba3  ........;}gJ..{.
 12ee4 a1867c36 fc994c64 b40a84cc 610a3d1d  ..|6..Ld....a.=.
 12ef4 6c0fdb60 222f51bc 057483e8 23e4ad4d  l..`"/Q..t..#..M
 12f04 7803cd4b f41423f6 84b400ba e8fd8dda  x..K..#.........
 12f14 602accbb f6b7b925 f75e7b58 d9a3020b  `*.....%.^{X....
 12f24 1ea1b76c 38cbfa90 064faff8 5a0687b2  ...l8....O..Z...
 12f34 8e514763 4eea2661 07958b4e 7ba62a6d  .QGcN.&a...N{.*m
 12f44 27391e27 3391292a 96f53b4c e411ced3  '9.'3.)*..;L....
 12f54 498f0f4d bf1f7d3e 5b68fe11 d1944c33  I..M..}>[h....L3
 12f64 705a8eb2 e596e34b 7a8ea89f bf0d0580  pZ.....Kz.......
 12f74 a657c6ed 7ecbe1cd dc2fb7d6 6976e35c  .W..~..../..iv.\
 12f84 54afbe36 dcb949b4 18ff0eac 62684fcd  T..6..I.....bhO.
 12f94 6a1e1ebe 66acfe16 f6306890 5e8ce59e  j...f....0h.^...
 12fa4 92188868 aea17438 344b3ec9 e446e32c  ...h..t84K>..F.,
 12fb4 baf3e99e 5bc9f0b2 cddd127e 7919fc69  ....[......~y..i
 12fc4 00ff8c44 d9b6cdee d6f94dbe 4a9f4e21  ...D......M.J.N!
 12fd4 db782567 a3b0ecff 6347003e 9ea319a2  .x%g....cG.>....
 12fe4 74ba1513 caae0488 697beaac ea67e37d  t.......i{...g.}
 12ff4 539f7b1a d279d324 246db4a9 6ac431e2  S.{..y.$$m..j.1.
 13004 79b5bf32 ae342137 d7e0402a 9376e659  y..2.4!7..@*.v.Y
 13014 a942e112 c82e6ce1 6f59ac9d ef570ab4  .B....l.oY...W..
 13024 1056768e 4483ebdf 61215e36 cd7dcd22  .Vv.D...a!^6.}."
 13034 bfb9ba5a 1115213f 786003d8 7f737420  ...Z..!?x`...st 
 13044 d16c6510 88ad3f7b 992eba0b 795f2476  .le...?{....y_$v
 13054 737a4b49 bd7ffb0a 530a7a96 5f73b551  szKI....S.z._s.Q
 13064 b0cafbd1 caa43d3d b77139ae 7aa71245  ......==.q9.z..E
 13074 accd6d62 9db52c62 3591c856 17c3312a  ..mb..,b5..V..1*
 13084 356640d4 fcd8f091 cd7c62eb b8545b02  5f@......|b..T[.
 13094 be4b1c68 5f191fb2 22e675a3 7d488ddb  .K.h_...".u.}H..
 130a4 b664adfd 9bb1eef3 568ed02b c18a193c  .d......V..+...<
 130b4 25e71d59 19192329 51686fe4 cd946d73  %..Y..#)Qho...ms
 130c4 6b94174a 9c28ac5b e2adfb87 85484310  k..J.(.[.....HC.
 130d4 4359f589 7fbcc2bf dee669af c3c1cf70  CY........i....p
 130e4 ebfed73a 4ccf2509 dc114a2e 2f09fec6  ...:L.%...J./...
 130f4 f9ced802 ed856eb8 490a3abf 74ff0f99  ......n.I.:.t...
 13104 c5e47647 d0eca8a6 a31bf6d7 52dae23b  ..vG........R..;
 13114 72a50ea9 89e325b4 75d48d91 575e1827  r.....%.u...W^.'
 13124 41d8aee4 9093671e 07a465a4 7ac72498  A.....g...e.z.$.
 13134 030e4107 56e710f5 6eb2a356 b73504df  ..A.V...n..V.5..
 13144 ac4e2f9d e6929413 dc076f41 0ce90597  .N/.......oA....
 13154 9e130bf7 f31804cd 72635339 4f41cd17  ........rcS9OA..
 13164 8e8721e8 23d8ffe8 9020e3df d07cbc93  ..!.#.... ...|..
 13174 7a81e30a 51638165 c2844275 3e723f46  z...Qc.e..Bu>r?F
 13184 400c8690 937c8edb d031b78d 1271bb88  @....|...1...q..
 13194 211a8f6c e52546d1 1282ed5f 41c427fa  !..l.%F...._A.'.
 131a4 87efce1d 844a7b59 16c8be81 247d7839  .....J{Y....$}x9
 131b4 19e46ffc 0b5711a1 50cc9d50 4db0472d  ..o..W..P..PM.G-
 131c4 f57c9c2b 65cf9abc c1851310 a594f4b6  .|.+e...........
 131d4 6367cb88 c855fb92 c37fed7d da5f73d0  cg...U.....}._s.
 131e4 2fc0ce65 dbb63ed0 3fca22ef 451eb7ec  /..e..>.?.".E...
 131f4 f4df4d1e aa0d5256 a182e6a2 d1cd11e1  ..M...RV........
 13204 1a01d777 aae7a129 d8b5c01a 549887bd  ...w...)....T...
 13214 2649fa25 50009291 72a6468b 24985dc3  &I.%P...r.F.$.].
 13224 f0749499 50643f09 fb50f637 6285960b  .t..Pd?..P.7b...
 13234 8722dcdf fda4d5f9 d43518fb 77310990  .".......5..w1..
 13244 c8e4bf73 cfe5ea89 1404dde3 2819e29e  ...s........(...
 13254 1aab85dc 9e1ffc97 bf8abc64 bf03a0b3  ...........d....
 13264 448cc4c3 bf702b3c 046aa2a9 ca0f05de  D....p+<.j......
 13274 3608bc75 60435277 971df946 cbe3950d  6..u`CRw...F....
 13284 d4117de4 038f6108 4d28d403 760959d2  ..}...a.M(..v.Y.
 13294 2d21631c 9c7b7246 2c96bd9a 0dcbf1e7  -!c..{rF,.......
 132a4 b2ecfb42 48a73d9c a99453b7 6e3b7d56  ...BH.=...S.n;}V
 132b4 3b12ac1a e228f0d6 bbc19bfa eec657cc  ;....(........W.
 132c4 3cb97470 ffc91b17 505515f6 68814878  <.tp....PU..h.Hx
 132d4 8ca2de6e 4a92aadf f8b747af b93beab6  ...nJ.....G..;..
 132e4 fcb93bfc 812b8131 e7b82678 63eeb288  ..;..+.1..&xc...
 132f4 fae726a0 d8f9a0e5 7f190f33 b502d3bc  ..&........3....
 13304 fa081012 739265e2 30aee0d6 2197b2ae  ....s.e.0...!...
 13314 50ee3ff2 03e5cc3a 849ff630 fb3e9e21  P.?....:...0.>.!
 13324 ef904d03 4e93671b 66ac3dfd 1f56eef2  ..M.N.g.f.=..V..
 13334 332f518f 7fdcf8f0 7a640958 13672c17  3/Q.....zd.X.g,.
 13344 f1be5d68 04c9cf7d 0cb0e115 854df5de  ..]h...}.....M..
 13354 e0866b39 11138ea0 c4db78f5 7ba8e8ca  ..k9......x.{...
 13364 36639716 5af66b99 f60fe828 375cbf6a  6c..Z.k....(7\.j
 13374 4d74ab6c 69cf18e3 b6456271 b83d9ab0  Mt.li....Ebq.=..
 13384 17975fec f6ffacf2 ff442ada 32c837c7  .._......D*.2.7.
 13394 aa6bf3ea 8762adbc 83e9599c 7134f5f5  .k...b....Y.q4..
 133a4 826725e2 24c343f1 f71a50b2 35604cd3  .g%.$.C...P.5`L.
 133b4 fbd079a4 162581af fd770684 1e52c9f2  ..y..%...w...R..
 133c4 3c984b56 c96f1a18 195b1a08 8bc76fe2  <.KV.o...[....o.
 133d4 78b6b9b5 908fd772 eb7cdd80 d75607bb  x......r.|...V..
 133e4 6a37d081 d379c382 44c72d1b 581cff03  j7...y..D.-.X...
 133f4 7a7264a3 82c788f8 6fc9a309 3afebaa0  zrd.....o...:...
 13404 e6b2db52 a90666d9 4438e1df f8e33893  ...R..f.D8....8.
 13414 ad714c40 16ceac57 8d0394e7 3498a2a4  .qL@...W....4...
 13424 f8981cd2 90b8b8e9 7d6a2b28 535425e5  ........}j+(ST%.
 13434 5dfec5c5 1701cc31 a4fd5caa d7c7fa71  ]......1..\....q
 13444 13dd6dce a0832f2a 09e4ac26 e1acef5f  ..m.../*...&..._
 13454 afcd1c20 856d3d78 8a3382fd c1501d6c  ... .m=x.3...P.l
 13464 539fb06f 8cd34177 aaf424b9 dc503373  S..o..Aw..$..P3s
 13474 bd1c6683 94f7ea0d b5be9dbf 71a8505b  ..f.........q.P[
 13484 72b0a68c 265ee4bc dd25fde4 7b7ca294  r...&^...%..{|..
 13494 09203b95 c4106883 57bf4c8b 4ec98149  . ;...h.W.L.N..I
 134a4 adbd744c d07bd56a fb5f3101 0c2a39f3  ..tL.{.j._1..*9.
 134b4 9db650b0 2ac37211 5e0267d3 dbc1b8d8  ..P.*.r.^.g.....
 134c4 6f33326a 01f7f834 466e63d6 bdaf9389  o32j...4Fnc.....
 134d4 1eb1aeca 2d4097e0 5bacb9ea 8418b642  ....-@..[......B
 134e4 063f8651 432e8d66 9ca39629 73fa1269  .?.QC..f...)s..i
 134f4 78a040c7 0a4eb926 6b2238db 957ca559  x.@..N.&k"8..|.Y
 13504 f888d1d1 2dc5661f 71fe7a38 b09129ef  ....-.f.q.z8..).
 13514 39444818 2298a075 3453b157 6070f5a6  9DH."..u4S.W`p..
 13524 f23e3065 5af23f2c 86be0964 1d2f641d  .>0eZ.?,...d./d.
 13534 fb7f7275 55c906cf a132ad07 2883ac8d  ..ruU....2..(...
 13544 153a3d3e d95455a4 ed73cc28 15861f92  .:=>.TU..s.(....
 13554 45acd5e6 d2e17212 780daeb8 a547fc13  E.....r.x....G..
 13564 9f9036a9 fc6cc627 3835e4ef bd8b326b  ..6..l.'85....2k
 13574 2e9ff3e4 d5546735 ac9359df d0a2069d  .....Tg5..Y.....
 13584 7640631c 9ce971de e1d721b5 55fce9ac  v@c...q...!.U...
 13594 9d9b8589 b6a70671 e2a185d2 0547995e  .......q.....G.^
 135a4 bb68414d 70acf46d 008c8d22 7abce930  .hAMp..m..."z..0
 135b4 6e17ae49 380608cc edb8313b 17a95a52  n..I8.....1;..ZR
 135c4 1b4b061d 83c3d3f9 1c462a6c a610a7cc  .K.......F*l....
 135d4 968f2a3c 6dbb1d14 9b095f0b 8e91a7b7  ..*<m....._.....
 135e4 3e03b8c5 322c4100 7f102be5 7a5139d6  >...2,A...+.zQ9.
 135f4 a3803a0e 1ced76ed d9b3a60b 211887de  ..:...v.....!...
 13604 9e28993a 3c59988c 6b61e22b 477b4e24  .(.:<Y..ka.+G{N$
 13614 1326d467 593cfe16 0bb6cd5a 65e1599a  .&.gY<.....Ze.Y.
 13624 489f1c20 807cab8a 573073c7 5e3abdd9  H.. .|..W0s.^:..
 13634 2e5035b8 28d2c1b2 14e5d8bb a257343c  .P5.(........W4<
 13644 73eb9d40 edc7872b 1d93a089 0a6c540c  s..@...+.....lT.
 13654 636cc859 f93840aa 1f013c86 629a66d3  cl.Y.8@...<.b.f.
 13664 6611abff 5135cc11 94466be3 0cb71170  f...Q5...Fk....p
 13674 817fed2d 86ce4c89 1f86ee43 756be9fe  ...-..L....Cuk..
 13684 c7bde18c 2374afda bc1460c8 28f3e5a4  ....#t....`.(...
 13694 b62eac29 cdaa1118 adf51c0a e0dbb3ea  ...)............
 136a4 4d6d03a2 c75280a4 aa7ba965 f9f0f1c5  Mm...R...{.e....
 136b4 88e33a2a 15fbd608 74270318 aa1954b0  ..:*....t'....T.
 136c4 f460a1ce 74bd0a83 e96f7700 9e81a903  .`..t....ow.....
 136d4 121236a9 d35d6c92 d4b91b3a 6aa1fe0b  ..6..]l....:j...
 136e4 561254a8 e76d43e5 380dc67d 696cec19  V.T..mC.8..}il..
 136f4 fd059ba2 b91eaabc f3e6e4dc 0b2826b0  .............(&.
 13704 bbe1bd9c 62dda439 ef7aa9b5 84479ca6  ....b..9.z...G..
 13714 41528ca1 825a4bb2 1f04b322 d3ea1fb0  AR...ZK...."....
 13724 f54e6a42 e66b1508 38e331db 6a7c0f95  .NjB.k..8.1.j|..
 13734 9be9b238 bc9cd6b3 d19eb496 0c02a99e  ...8............
 13744 b0c79145 c1e5bc2d 66de6ce9 74d64997  ...E...-f.l.t.I.
 13754 23ca4beb 77a20f02 87160867 4e08ecd1  #.K.w......gN...
 13764 77bbb05b 068f8f56 163e09a9 03cb39da  w..[...V.>....9.
 13774 4abc0bee d88742f0 3e72b1ce 59041697  J.....B.>r..Y...
 13784 045665f9 e8785e5d b392d836 f5a32397  .Ve..x^]...6..#.
 13794 28a32827 af5534b3 76e6ba7e 7c501321  (.('.U4.v..~|P.!
 137a4 4a8a4bcc 443fca45 9bf93fdf d9b2a279  J.K.D?.E..?....y
 137b4 2bf400b6 e86cf131 0763f2bb 34d93781  +....l.1.c..4.7.
 137c4 e848ea3d 427b6797 965bf786 a3856644  .H.=B{g..[....fD
 137d4 d5dd7173 434c854c 47d43cd3 e13a172f  ..qsCL.LG.<..:./
 137e4 ff2766ab 123d3383 2d52cddc 44cec705  .'f..=3.-R..D...
 137f4 10e1fdda 18f813bb 17704240 79d97c8b  .........pB@y.|.
 13804 0b81ff84 941eab64 e3b7a18e ac04250b  .......d......%.
 13814 807272f3 adc32f13 cb396eae 612097dc  .rr.../..9n.a ..
 13824 0fec4607 ee699f36 0ef6e5d5 ba1a299f  ..F..i.6......).
 13834 4107d46d e03b0d3c d3c2e8d7 4c155fcc  A..m.;.<....L._.
 13844 4b8bde71 b3021d71 14a467a9 a58b46d6  K..q...q..g...F.
 13854 fce76993 6f29ed81 e7383e92 2160a983  ..i.o)...8>.!`..
 13864 50c0aa4e a2af2840 7b6921ab 9c875094  P..N..(@{i!...P.
 13874 3aece3d6 6f0bf589 d88201ca 12327c10  :...o........2|.
 13884 d392bc1f 8eda28ac ab5830d9 ffa1ca7e  ......(..X0....~
 13894 cdf3cabc 20a7607d bb295d0f 749838d3  .... .`}.)].t.8.
 138a4 f0492334 e911c789 de1996c0 1f83329e  .I#4..........2.
 138b4 bd64e26a 88cfefc0 3c77b88d 1d9450f4  .d.j....<w....P.
 138c4 6f469f55 0fb37a8f c02f58ee c611ee8a  oF.U..z../X.....
 138d4 46ec86d6 82f30fb7 dc310177 743c3167  F........1.wt<1g
 138e4 f1601eb0 77a0252f 3bcbf98d 8d79dcab  .`..w.%/;....y..
 138f4 b204ae61 8138fabd 2e9a7c58 a823ef15  ...a.8....|X.#..
 13904 7e35b28c 7f6cfd4b 33b60149 e6fc287e  ~5...l.K3..I..(~
 13914 55f7ed75 5a616ffa 725a5bb6 8dcbf0b5  U..uZao.rZ[.....
 13924 ee37cfc2 637b7970 69a299be b220bf08  .7..c{ypi.... ..
 13934 55cb9b37 d4fe24d2 6301cfc4 ec564cfc  U..7..$.c....VL.
 13944 7996ffe5 8723c5cb 9cef2d51 ecc75dcf  y....#....-Q..].
 13954 ce6326e3 c3f1d5b6 56bf26e7 d39fc679  .c&.....V.&....y
 13964 212b656c 589c7088 32fec70d a374a78d  !+elX.p.2....t..
 13974 081e3543 0f82ddc5 3e97770e 306fba78  ..5C....>.w.0o.x
 13984 d964bc0d 9b7b975b ab5435cd 7893184d  .d...{.[.T5.x..M
 13994 5b0731ab 0ef45d0c 15a98d00 c6a4e9dc  [.1...].........
 139a4 58727336 a0a01069 78507bbf 57862894  Xrs6...ixP{.W.(.
 139b4 42abb0e4 48bf7e5a eefd0c65 5089eff9  B...H.~Z...eP...
 139c4 1880ec17 81ec7054 f0e90813 4a12a25b  ......pT....J..[
 139d4 603da155 a3acbf43 6c05f3c3 a3659a7e  `=.U...Cl....e.~
 139e4 11bf2eb1 5610b80a 4e798520 4fe0027a  ....V...Ny. O..z
 139f4 ed995d3b b3013888 0a75ea66 254cbe14  ..];..8..u.f%L..
 13a04 a273e19b e637872c 8536be8f 5c831ce4  .s...7.,.6..\...
 13a14 eb6ccd0d 04038758 99035846 de011906  .l.....X..XF....
 13a24 b6d9258a 1ed905b5 bb6e2363 5da1e08c  ..%......n#c]...
 13a34 1793f791 4d3450c6 cb90cb5c 3f74085b  ....M4P....\?t.[
 13a44 b3f41de1 3b9937c5 741e8fea 0c327829  ....;.7.t....2x)
 13a54 357da248 6e6d5db1 c91540ed 30e8cf40  5}.Hnm]...@.0..@
 13a64 b8bc6bc4 3952ca26 8144c405 1a5a9508  ..k.9R.&.D...Z..
 13a74 22df02e6 fff9fbb5 abe03df6 4dad71c6  ".........=.M.q.
 13a84 ed920563 a9ea41b9 389e3138 43bc0363  ...c..A.8.18C..c
 13a94 3ffad55f b51c5a30 2bf3e2e3 c6284367  ?.._..Z0+....(Cg
 13aa4 30914108 07faf1d2 70dd3069 6db570d0  0.A.....p.0im.p.
 13ab4 67d00c94 8f09211a 571cf147 b018c355  g.....!.W..G...U
 13ac4 ce5abd31 55de8a6b ee883f80 b8bffe44  .Z.1U..k..?....D
 13ad4 194a0549 7448c848 13ad524c 4afa58f1  .J.ItH.H..RLJ.X.
 13ae4 05c0050f 79af4ad9 7eadcbb8 ada1ba8d  ....y.J.~.......
 13af4 f20137d5 69b2d7ec bd656a9f e68c4bae  ..7.i....ej...K.
 13b04 33f7daa2 ddc0b719 f79f3694 38ec13b5  3.........6.8...
 13b14 51030b10 8ab1b5de be6431e7 03da20ca  Q........d1... .
 13b24 e5d27bdb 546c06dd 9b35e3c5 3e9ce74b  ..{.Tl...5..>..K
 13b34 e435768e b3840a10 c8e9b1fa 796e9290  .5v.........yn..
 13b44 5d4e358c 7019432b 48aa89f8 dcab9d1f  ]N5.p.C+H.......
 13b54 1edbcc7c abce8665 080721d0 2e566d12  ...|...e..!..Vm.
 13b64 76fc3643 79ecb749 76344ed2 1b5b6f75  v.6Cy..Iv4N..[ou
 13b74 aed22880 ab44f122 0c8699a4 fb098700  ..(..D."........
 13b84 d7bc008a 3cc942a0 99765afb c5a3e17e  ....<.B..vZ....~
 13b94 594e8957 ab8a3476 fde46f5e 83334594  YN.W..4v..o^.3E.
 13ba4 a788beac 04146624 d2fe3e22 f926010d  ......f$..>".&..
 13bb4 6bc0a44c 9bd7b15f e890fc19 36386245  k..L..._....68bE
 13bc4 cba486a4 eb4f6455 a3742fc5 6de7110d  .....OdU.t/.m...
 13bd4 e13b1fde e5d2eb51 ce72be04 2eebacd9  .;.....Q.r......
 13be4 2635108e b67a53d4 8481cf9d acf41035  &5...zS........5
 13bf4 82c2a40a 806508ba 38da39dc 582f7ea1  .....e..8.9.X/~.
 13c04 718dfbeb aea9b582 b0aebd10 71e1c7b2  q...........q...
 13c14 0da70697 007e43cf 4771dbaf 0b1a6f46  .....~C.Gq....oF
 13c24 e95fb92d 1c7b2fc7 13fe08c7 fefa7a13  ._.-.{/.......z.
 13c34 960bd790 8c707f23 ef16a26e 9a60c47b  .....p.#...n.`.{
 13c44 e9a5cc22 5abf003d 7c11b6a5 a80425ca  ..."Z..=|.....%.
 13c54 e6f387c3 b507055e f427968b 130dd211  .......^.'......
 13c64 d49e36ff 0160f54c 1f047300 fa451c89  ..6..`.L..s..E..
 13c74 352703ad 89f8585f 7644e210 4c3d365a  5'....X_vD..L=6Z
 13c84 53975a5b b62a1980 93b036b7 145b4a91  S.Z[.*....6..[J.
 13c94 8f888bbf d43ec577 5b1ad0f0 67a10719  .....>.w[...g...
 13ca4 21ed7cec db2f1454 06e5e007 567ba9bb  !.|../.T....V{..
 13cb4 32d386dc a839c937 425d59ae 0e1d6a83  2....9.7B]Y...j.
 13cc4 aefc9f63 2de6cb14 938b6442 35275c99  ...c-.....dB5'\.
 13cd4 95dcbf3f 1c9585ab e3c44d4d 87472300  ...?......MM.G#.
 13ce4 71f85cae 03a6a43e cb182e0a 4a5c7b0c  q.\....>....J\{.
 13cf4 03dcdd71 c9548312 0c428099 ef6e5604  ...q.T...B...nV.
 13d04 b0d118a4 2cac27d9 0329f752 a13b0b4a  ....,.'..).R.;.J
 13d14 83d080f3 ac13745c b97615bc 66f23d9c  ......t\.v..f.=.
 13d24 9ff29f0d dc71dde5 9d5685bc 99c40808  .....q...V......
 13d34 12efd996 8a51c3fb 1bf9b43f 6e08662d  .....Q.....?n.f-
 13d44 5e8e3b2c 68bcce5a 376a01d5 3dbd7b6e  ^.;,h..Z7j..=.{n
 13d54 c99c5ef2 925469dd 6767db03 2846e8ca  ..^..Ti.gg..(F..
 13d64 ce2acfed 02626175 754f004e 55d9d137  .*...bauuO.NU..7
 13d74 275aade2 7da6bb7b 7dc9af22 3e254274  'Z..}..{}..">%Bt
 13d84 bacefba2 f9f210c4 14e9b592 33903a3e  ............3.:>
 13d94 5f7b4808 e7b3d11a 00670204 7f01746f  _{H......g....to
 13da4 bcd76bdb 4da7b1a1 c01577d8 bcf30813  ..k.M.....w.....
 13db4 83ec4553 5b79e972 3592bdba 8309ec1e  ..ES[y.r5.......
 13dc4 e9f835cc 2f60a44b 347b8860 f935f550  ..5./`.K4{.`.5.P
 13dd4 76f48e05 0356943f e03938b8 b0a0ea9f  v....V.?.98.....
 13de4 8acad755 fda706b4 e4944ee6 4a31202e  ...U......N.J1 .
 13df4 b6d4f3ba 22006e03 bc064759 566986a1  ....".n...GYVi..
 13e04 d62b1e3f cd2c5663 6623240b afef4a1a  .+.?.,Vcf#$...J.
 13e14 0cbd0c2b 59ec6afc 452c9ad4 2f9aae1d  ...+Y.j.E,../...
 13e24 5c3fcfd9 934b737f 83729a14 ac2fa174  \?...Ks..r.../.t
 13e34 36679553 49b28fb9 d67ab271 27f1f9a3  6g.SI....z.q'...
 13e44 48d41d82 167c42c5 a2c48194 cdc4055f  H....|B........_
 13e54 f0625977 2b2e0e41 933f9d39 c35a493b  .bYw+..A.?.9.ZI;
 13e64 47ab7d77 5cb2394e f3e9945b 46f34dfb  G.}w\.9N...[F.M.
 13e74 9c008368 1ad132d5 63d4d0a1 8f5b12bc  ...h..2.c....[..
 13e84 fe3013cd 25645c2a f02d069e 2c33e60e  .0..%d\*.-..,3..
 13e94 a432e394 b9e2cb97 4a6c3b32 33ee72a0  .2......Jl;23.r.
 13ea4 9f6f9de8 2d76bf00 50129334 6ee4cf8e  .o..-v..P..4n...
 13eb4 4be06649 5f327bf9 2ec8c060 1704d65e  K.fI_2{....`...^
 13ec4 1eafbd27 b18fc670 ebde1350 7e56a47c  ...'...p...P~V.|
 13ed4 8a4ca5e8 7f8a77a2 261e9f9c 783f391a  .L....w.&...x?9.
 13ee4 862b76fe bb038826 55eeab8b 4523b05c  .+v....&U...E#.\
 13ef4 c89b38bc 0965e2ec a2693014 28d3c177  ..8..e...i0.(..w
 13f04 943720d7 5bea6276 bff0939c a9ac0ae0  .7 .[.bv........
 13f14 9a24e4c1 68b485f4 0c78c8dd e2d1f9cd  .$..h....x......
 13f24 1eccfbd4 12d911f5 2d0c32d4 1f53eb1a  ........-.2..S..
 13f34 b84585a4 022a58fc f5dc4922 7f545d30  .E...*X...I".T]0
 13f44 33caad82 f6aa4b6c f8638686 c715328b  3.....Kl.c....2.
 13f54 eb541350 5e58af38 033d9de3 252c7b3e  .T.P^X.8.=..%,{>
 13f64 2be6b3d5 bc39dc36 ef81de6d 89f68ef8  +....9.6...m....
 13f74 f9a8a9e4 b42e34a1 5639486f dfe0dd48  ......4.V9Ho...H
 13f84 61499adf 9d5c5903 79f2e7f2 9015e573  aI...\Y.y......s
 13f94 4185c941 de28977f d68890d8 2474e9fc  A..A.(......$t..
 13fa4 23733dfe 329990d6 1fd295cd 29792179  #s=.2.......)y!y
 13fb4 35df9038 7507a6a3 db736699 b099f03e  5..8u....sf....>
 13fc4 5e9006b2 c3ae4ad3 fb9c77b0 915d76d2  ^.....J...w..]v.
 13fd4 2b5218af 65a5ac0a 9b2881dd fb3efc00  +R..e....(...>..
 13fe4 7a2a8ad9 1e306361 a5a289ee d434dac8  z*...0ca.....4..
 13ff4 84937567 c55e1a1e 69e07658 cb6f21bb  ..ug.^..i.vX.o!.
 14004 56003110 aab7057f a2415745 4d77d289  V.1......AWEMw..
 14014 284623b7 a6663b2c 3f6dee9e 6aba930a  (F#..f;,?m..j...
 14024 fb707a2f b2685d35 c430ecfe 3cdc4b15  .pz/.h]5.0..<.K.
 14034 e17325e4 7040353d 63c81913 ccd3008f  .s%.p@5=c.......
 14044 a6d443fc e15acbcc 8028e292 f6c27771  ..C..Z...(....wq
 14054 468bca12 af88c858 5f413947 5ca6cb45  F......X_A9G\..E
 14064 77417b34 51875ec4 fe698430 3261db51  wA{4Q.^..i.02a.Q
 14074 36409aa0 0ff9c57b 9dfa986c 3b199b5d  6@.....{...l;..]
 14084 aea3af69 f0135ab4 f5248c7d 47ebea2b  ...i..Z..$.}G..+
 14094 017ffad8 d035ac20 c9f69901 fc367faf  .....5. .....6..
 140a4 556e7dfb 23baa161 fd4a43ae 8a33276c  Un}.#..a.JC..3'l
 140b4 75105443 2affcaaa 06ecea9e 06c9686f  u.TC*.........ho
 140c4 5fe8d43b f4da3999 4ac3a56f 52b20557  _..;..9.J..oR..W
 140d4 52e48dbf dadfa659 8f1e66bd f5399f7f  R......Y..f..9..
 140e4 3ecd8798 a5542c82 b16d81ed 0a1fe973  >....T,..m.....s
 140f4 dc1a8fcd 9dbd2373 fb4b5fca b1acfdee  ......#s.K_.....
 14104 d1dacd6f 6a351df4 967f74bb a224ed36  ...oj5....t..$.6
 14114 24797749 f2c96d5f de0db7af 89564ac7  $ywI..m_.....VJ.
 14124 ba5a77c5 7994bbe6 b0c4aec6 2241c5d7  .Zw.y......."A..
 14134 255f10e0 85c603d5 4dd377e8 557066e7  %_......M.w.Upf.
 14144 8cef39ef 23cc13fd b839fd56 1c1a9bf6  ..9.#....9.V....
 14154 a55a9fa6 0abae18b 95ea3e4f a2bfbb2e  .Z........>O....
 14164 9ecde8e8 86b103e9 b7961e4a 80249343  ...........J.$.C
 14174 3b63b940 080d4c30 7f801f7e 357a5325  ;c.@..L0...~5zS%
 14184 9b2747be b05955fa 436c08ef 991c2a25  .'G..YU.Cl....*%
 14194 9f6e38cc 7937f300 07680c8a 2ac58be4  .n8.y7...h..*...
 141a4 58679992 840fe647 eaff9930 a972b9bb  Xg.....G...0.r..
 141b4 ab8eaada 4e93b54a 4dd36c5a 1859c3a1  ....N..JM.lZ.Y..
 141c4 3fc2206b baae7244 9e99f05f 116524d0  ?. k..rD..._.e$.
 141d4 23956664 c363f518 e00dbfa6 0fc5d3b7  #.fd.c..........
 141e4 8e9842c0 64cacdf0 ccef0778 9ceb56e4  ..B.d......x..V.
 141f4 9b979e6c ed01560b 4c450ee5 edd8564d  ...l..V.LE....VM
 14204 2ba1abaf 8ef52c44 6d1ebbdc bd9ab9ae  +.....,Dm.......
 14214 dbb6cd82 deb011e2 a760a338 ea381cef  .........`.8.8..
 14224 566171f6 eeb38d9f daf1e507 b62c986d  Vaq..........,.m
 14234 a2d699c7 da214509 df104d31 963e6998  .....!E...M1.>i.
 14244 f6422844 f5faf99d 071d4112 21f632de  .B(D......A.!.2.
 14254 6a608035 45b8662e 214640a0 ca909a72  j`.5E.f.!F@....r
 14264 caf89f6b a2783e80 6fdf9798 7df4dac7  ...k.x>.o...}...
 14274 46730a61 ba3b757e 7e406eb5 97af04c6  Fs.a.;u~~@n.....
 14284 aede86f7 796685ca aca24d6b b3eb874b  ....yf....Mk...K
 14294 a599e4a7 61419521 1d2a3c94 d56076ac  ....aA.!.*<..`v.
 142a4 a4e7cbd1 4a                          ....J           
Contents of section .comment:
 0000 4743433a 20282920 31342e32 2e3000    GCC: () 14.2.0. 
Contents of section .riscv.attributes:
 0000 41630000 00726973 63760001 59000000  Ac...riscv..Y...
 0010 04100572 76333269 3270315f 6d327030  ...rv32i2p1_m2p0
 0020 5f663270 325f7a69 63737232 70305f7a  _f2p2_zicsr2p0_z
 0030 6d6d756c 3170305f 7a766533 32783170  mmul1p0_zve32x1p
 0040 305f7a76 65363478 3170305f 7a766c33  0_zve64x1p0_zvl3
 0050 32623170 305f7a76 6c363462 31703000  2b1p0_zvl64b1p0.
 0060 08010a0b                             ....            

Disassembly of section .text0:

00000000 <_start>:
   0:	00000093          	li	ra,0
   4:	00000113          	li	sp,0
   8:	00000193          	li	gp,0
   c:	00000213          	li	tp,0
  10:	00000293          	li	t0,0
  14:	00000313          	li	t1,0
  18:	00000393          	li	t2,0
  1c:	00000413          	li	s0,0
  20:	00000493          	li	s1,0
  24:	00000513          	li	a0,0
  28:	00000593          	li	a1,0
  2c:	00000613          	li	a2,0
  30:	00000693          	li	a3,0
  34:	00000713          	li	a4,0
  38:	00000793          	li	a5,0
  3c:	00000813          	li	a6,0
  40:	00000893          	li	a7,0
  44:	00000913          	li	s2,0
  48:	00000993          	li	s3,0
  4c:	00000a13          	li	s4,0
  50:	00000a93          	li	s5,0
  54:	00000b13          	li	s6,0
  58:	00000b93          	li	s7,0
  5c:	00000c13          	li	s8,0
  60:	00000c93          	li	s9,0
  64:	00000d13          	li	s10,0
  68:	00000d93          	li	s11,0
  6c:	00000e13          	li	t3,0
  70:	00000e93          	li	t4,0
  74:	00000f13          	li	t5,0
  78:	00000f93          	li	t6,0
  7c:	00020197          	auipc	gp,0x20
  80:	78418193          	addi	gp,gp,1924 # 20800 <_gp>

00000084 <init_bss>:
  84:	00020517          	auipc	a0,0x20
  88:	f7c50513          	addi	a0,a0,-132 # 20000 <__sbss_end>
  8c:	00020597          	auipc	a1,0x20
  90:	f7058593          	addi	a1,a1,-144 # 1fffc <__rodata_end+0xbd53>
  94:	00000613          	li	a2,0
  98:	070000ef          	jal	ra,108 <fill_block>

0000009c <init_sbss>:
  9c:	00020517          	auipc	a0,0x20
  a0:	f6450513          	addi	a0,a0,-156 # 20000 <__sbss_end>
  a4:	00020597          	auipc	a1,0x20
  a8:	f5858593          	addi	a1,a1,-168 # 1fffc <__rodata_end+0xbd53>
  ac:	00000613          	li	a2,0
  b0:	058000ef          	jal	ra,108 <fill_block>

000000b4 <write_stack_pattern>:
  b4:	00020517          	auipc	a0,0x20
  b8:	f4c50513          	addi	a0,a0,-180 # 20000 <__sbss_end>
  bc:	00021597          	auipc	a1,0x21
  c0:	f4058593          	addi	a1,a1,-192 # 20ffc <_gp+0x7fc>
  c4:	00000613          	li	a2,0
  c8:	040000ef          	jal	ra,108 <fill_block>

000000cc <init_stack>:
  cc:	00021117          	auipc	sp,0x21
  d0:	f3410113          	addi	sp,sp,-204 # 21000 <__stack>

000000d4 <write_test_pattern>:
  d4:	20100517          	auipc	a0,0x20100
  d8:	f2c50513          	addi	a0,a0,-212 # 20100000 <_test_start>
  dc:	20101597          	auipc	a1,0x20101
  e0:	f2058593          	addi	a1,a1,-224 # 20100ffc <_test_start+0xffc>
  e4:	00000613          	li	a2,0
  e8:	020000ef          	jal	ra,108 <fill_block>

000000ec <SystemInit>:
  ec:	030000ef          	jal	ra,11c <boot>
  f0:	0e8100ef          	jal	ra,101d8 <main>

000000f4 <SystemExit>:
  f4:	00040297          	auipc	t0,0x40
  f8:	f0828293          	addi	t0,t0,-248 # 3fffc <_sim_end>
  fc:	fff00313          	li	t1,-1
 100:	0062a023          	sw	t1,0(t0)

00000104 <dead_loop>:
 104:	0000006f          	j	104 <dead_loop>

00000108 <fill_block>:
 108:	00a5e863          	bltu	a1,a0,118 <fb_end>
 10c:	00c52023          	sw	a2,0(a0)
 110:	00450513          	addi	a0,a0,4
 114:	ff5ff06f          	j	108 <fill_block>

00000118 <fb_end>:
 118:	00008067          	ret

0000011c <boot>:
 11c:	fe010113          	addi	sp,sp,-32
 120:	00112e23          	sw	ra,28(sp)
 124:	00812c23          	sw	s0,24(sp)
 128:	02010413          	addi	s0,sp,32
 12c:	100207b7          	lui	a5,0x10020
 130:	fef42623          	sw	a5,-20(s0)
 134:	30046073          	csrsi	mstatus,8
 138:	00001fb7          	lui	t6,0x1
 13c:	800f8f93          	addi	t6,t6,-2048 # 800 <boot+0x6e4>
 140:	304fa073          	csrs	mie,t6
 144:	fec42783          	lw	a5,-20(s0)
 148:	20078793          	addi	a5,a5,512 # 10020200 <_end+0xffe0200>
 14c:	20000737          	lui	a4,0x20000
 150:	00070713          	mv	a4,a4
 154:	00e7a023          	sw	a4,0(a5)
 158:	fec42783          	lw	a5,-20(s0)
 15c:	30078793          	addi	a5,a5,768
 160:	00010737          	lui	a4,0x10
 164:	00070713          	mv	a4,a4
 168:	00e7a023          	sw	a4,0(a5)
 16c:	200047b7          	lui	a5,0x20004
 170:	2a978713          	addi	a4,a5,681 # 200042a9 <_dram_i_end>
 174:	200007b7          	lui	a5,0x20000
 178:	00078793          	mv	a5,a5
 17c:	40f707b3          	sub	a5,a4,a5
 180:	0027d713          	srli	a4,a5,0x2
 184:	fec42783          	lw	a5,-20(s0)
 188:	40078793          	addi	a5,a5,1024 # 20000400 <_dram_i_start+0x400>
 18c:	00170713          	addi	a4,a4,1 # 10001 <_imem_start+0x1>
 190:	00e7a023          	sw	a4,0(a5)
 194:	fec42783          	lw	a5,-20(s0)
 198:	10078793          	addi	a5,a5,256
 19c:	00100713          	li	a4,1
 1a0:	00e7a023          	sw	a4,0(a5)
 1a4:	10500073          	wfi
 1a8:	fec42783          	lw	a5,-20(s0)
 1ac:	20078793          	addi	a5,a5,512
 1b0:	20101737          	lui	a4,0x20101
 1b4:	00070713          	mv	a4,a4
 1b8:	00e7a023          	sw	a4,0(a5)
 1bc:	fec42783          	lw	a5,-20(s0)
 1c0:	30078793          	addi	a5,a5,768
 1c4:	00020737          	lui	a4,0x20
 1c8:	00070713          	mv	a4,a4
 1cc:	00e7a023          	sw	a4,0(a5)
 1d0:	000207b7          	lui	a5,0x20
 1d4:	00078713          	mv	a4,a5
 1d8:	000207b7          	lui	a5,0x20
 1dc:	00078793          	mv	a5,a5
 1e0:	40f707b3          	sub	a5,a4,a5
 1e4:	0027d713          	srli	a4,a5,0x2
 1e8:	fec42783          	lw	a5,-20(s0)
 1ec:	40078793          	addi	a5,a5,1024 # 20400 <__sbss_end+0x400>
 1f0:	00170713          	addi	a4,a4,1 # 20001 <__sbss_end+0x1>
 1f4:	00e7a023          	sw	a4,0(a5)
 1f8:	fec42783          	lw	a5,-20(s0)
 1fc:	10078793          	addi	a5,a5,256
 200:	00100713          	li	a4,1
 204:	00e7a023          	sw	a4,0(a5)
 208:	10500073          	wfi
 20c:	fec42783          	lw	a5,-20(s0)
 210:	20078793          	addi	a5,a5,512
 214:	20101737          	lui	a4,0x20101
 218:	00070713          	mv	a4,a4
 21c:	00e7a023          	sw	a4,0(a5)
 220:	fec42783          	lw	a5,-20(s0)
 224:	30078793          	addi	a5,a5,768
 228:	00020737          	lui	a4,0x20
 22c:	00070713          	mv	a4,a4
 230:	00e7a023          	sw	a4,0(a5)
 234:	000207b7          	lui	a5,0x20
 238:	00078713          	mv	a4,a5
 23c:	000207b7          	lui	a5,0x20
 240:	00078793          	mv	a5,a5
 244:	40f707b3          	sub	a5,a4,a5
 248:	0027d713          	srli	a4,a5,0x2
 24c:	fec42783          	lw	a5,-20(s0)
 250:	40078793          	addi	a5,a5,1024 # 20400 <__sbss_end+0x400>
 254:	00170713          	addi	a4,a4,1 # 20001 <__sbss_end+0x1>
 258:	00e7a023          	sw	a4,0(a5)
 25c:	fec42783          	lw	a5,-20(s0)
 260:	10078793          	addi	a5,a5,256
 264:	00100713          	li	a4,1
 268:	00e7a023          	sw	a4,0(a5)
 26c:	10500073          	wfi
 270:	00000013          	nop
 274:	01c12083          	lw	ra,28(sp)
 278:	01812403          	lw	s0,24(sp)
 27c:	02010113          	addi	sp,sp,32
 280:	00008067          	ret

Disassembly of section .text1:

00010000 <_imem_start>:
   10000:	f8410113          	addi	sp,sp,-124
   10004:	00112023          	sw	ra,0(sp)
   10008:	00212223          	sw	sp,4(sp)
   1000c:	00312423          	sw	gp,8(sp)
   10010:	00412623          	sw	tp,12(sp)
   10014:	00512823          	sw	t0,16(sp)
   10018:	00612a23          	sw	t1,20(sp)
   1001c:	00712c23          	sw	t2,24(sp)
   10020:	00812e23          	sw	s0,28(sp)
   10024:	02912023          	sw	s1,32(sp)
   10028:	02a12223          	sw	a0,36(sp)
   1002c:	02b12423          	sw	a1,40(sp)
   10030:	02c12623          	sw	a2,44(sp)
   10034:	02d12823          	sw	a3,48(sp)
   10038:	02e12a23          	sw	a4,52(sp)
   1003c:	02f12c23          	sw	a5,56(sp)
   10040:	03012e23          	sw	a6,60(sp)
   10044:	05112023          	sw	a7,64(sp)
   10048:	05212223          	sw	s2,68(sp)
   1004c:	05312423          	sw	s3,72(sp)
   10050:	05412623          	sw	s4,76(sp)
   10054:	05512823          	sw	s5,80(sp)
   10058:	05612a23          	sw	s6,84(sp)
   1005c:	05712c23          	sw	s7,88(sp)
   10060:	05812e23          	sw	s8,92(sp)
   10064:	07912023          	sw	s9,96(sp)
   10068:	07a12223          	sw	s10,100(sp)
   1006c:	07b12423          	sw	s11,104(sp)
   10070:	07c12623          	sw	t3,108(sp)
   10074:	07d12823          	sw	t4,112(sp)
   10078:	07e12a23          	sw	t5,116(sp)
   1007c:	07f12c23          	sw	t6,120(sp)
   10080:	104000ef          	jal	ra,10184 <trap_handler>
   10084:	00012083          	lw	ra,0(sp)
   10088:	00412103          	lw	sp,4(sp)
   1008c:	00812183          	lw	gp,8(sp)
   10090:	00c12203          	lw	tp,12(sp)
   10094:	01012283          	lw	t0,16(sp)
   10098:	01412303          	lw	t1,20(sp)
   1009c:	01812383          	lw	t2,24(sp)
   100a0:	01c12403          	lw	s0,28(sp)
   100a4:	02012483          	lw	s1,32(sp)
   100a8:	02412503          	lw	a0,36(sp)
   100ac:	02812583          	lw	a1,40(sp)
   100b0:	02c12603          	lw	a2,44(sp)
   100b4:	03012683          	lw	a3,48(sp)
   100b8:	03412703          	lw	a4,52(sp)
   100bc:	03812783          	lw	a5,56(sp)
   100c0:	03c12803          	lw	a6,60(sp)
   100c4:	04012883          	lw	a7,64(sp)
   100c8:	04412903          	lw	s2,68(sp)
   100cc:	04812983          	lw	s3,72(sp)
   100d0:	04c12a03          	lw	s4,76(sp)
   100d4:	05012a83          	lw	s5,80(sp)
   100d8:	05412b03          	lw	s6,84(sp)
   100dc:	05812b83          	lw	s7,88(sp)
   100e0:	05c12c03          	lw	s8,92(sp)
   100e4:	06012c83          	lw	s9,96(sp)
   100e8:	06412d03          	lw	s10,100(sp)
   100ec:	06812d83          	lw	s11,104(sp)
   100f0:	06c12e03          	lw	t3,108(sp)
   100f4:	07012e83          	lw	t4,112(sp)
   100f8:	07412f03          	lw	t5,116(sp)
   100fc:	07812f83          	lw	t6,120(sp)
   10100:	07c10113          	addi	sp,sp,124
   10104:	30200073          	mret

00010108 <timer_interrupt_handler>:
   10108:	fe010113          	addi	sp,sp,-32
   1010c:	00112e23          	sw	ra,28(sp)
   10110:	00812c23          	sw	s0,24(sp)
   10114:	02010413          	addi	s0,sp,32
   10118:	100107b7          	lui	a5,0x10010
   1011c:	fef42623          	sw	a5,-20(s0)
   10120:	30006073          	csrsi	mstatus,0
   10124:	fec42783          	lw	a5,-20(s0)
   10128:	10078793          	addi	a5,a5,256 # 10010100 <_end+0xffd0100>
   1012c:	0007a023          	sw	zero,0(a5)
   10130:	ed1ef06f          	j	0 <_start>
   10134:	00000013          	nop
   10138:	01c12083          	lw	ra,28(sp)
   1013c:	01812403          	lw	s0,24(sp)
   10140:	02010113          	addi	sp,sp,32
   10144:	00008067          	ret

00010148 <external_interrupt_handler>:
   10148:	fe010113          	addi	sp,sp,-32
   1014c:	00112e23          	sw	ra,28(sp)
   10150:	00812c23          	sw	s0,24(sp)
   10154:	02010413          	addi	s0,sp,32
   10158:	100207b7          	lui	a5,0x10020
   1015c:	fef42623          	sw	a5,-20(s0)
   10160:	30006073          	csrsi	mstatus,0
   10164:	fec42783          	lw	a5,-20(s0)
   10168:	10078793          	addi	a5,a5,256 # 10020100 <_end+0xffe0100>
   1016c:	0007a023          	sw	zero,0(a5)
   10170:	00000013          	nop
   10174:	01c12083          	lw	ra,28(sp)
   10178:	01812403          	lw	s0,24(sp)
   1017c:	02010113          	addi	sp,sp,32
   10180:	00008067          	ret

00010184 <trap_handler>:
   10184:	fe010113          	addi	sp,sp,-32
   10188:	00112e23          	sw	ra,28(sp)
   1018c:	00812c23          	sw	s0,24(sp)
   10190:	02010413          	addi	s0,sp,32
   10194:	344027f3          	csrr	a5,mip
   10198:	fef42623          	sw	a5,-20(s0)
   1019c:	fec42783          	lw	a5,-20(s0)
   101a0:	0807f793          	andi	a5,a5,128
   101a4:	00078463          	beqz	a5,101ac <trap_handler+0x28>
   101a8:	f61ff0ef          	jal	ra,10108 <timer_interrupt_handler>
   101ac:	fec42703          	lw	a4,-20(s0)
   101b0:	000017b7          	lui	a5,0x1
   101b4:	80078793          	addi	a5,a5,-2048 # 800 <boot+0x6e4>
   101b8:	00f777b3          	and	a5,a4,a5
   101bc:	00078463          	beqz	a5,101c4 <trap_handler+0x40>
   101c0:	f89ff0ef          	jal	ra,10148 <external_interrupt_handler>
   101c4:	00000013          	nop
   101c8:	01c12083          	lw	ra,28(sp)
   101cc:	01812403          	lw	s0,24(sp)
   101d0:	02010113          	addi	sp,sp,32
   101d4:	00008067          	ret

000101d8 <main>:
   101d8:	fd010113          	addi	sp,sp,-48
   101dc:	02112623          	sw	ra,44(sp)
   101e0:	02812423          	sw	s0,40(sp)
   101e4:	03010413          	addi	s0,sp,48
   101e8:	000107b7          	lui	a5,0x10
   101ec:	2a878793          	addi	a5,a5,680 # 102a8 <x_addr>
   101f0:	fef42423          	sw	a5,-24(s0)
   101f4:	000127b7          	lui	a5,0x12
   101f8:	2a878793          	addi	a5,a5,680 # 122a8 <y_addr>
   101fc:	fef42223          	sw	a5,-28(s0)
   10200:	201007b7          	lui	a5,0x20100
   10204:	00078793          	mv	a5,a5
   10208:	fef42023          	sw	a5,-32(s0)
   1020c:	000147b7          	lui	a5,0x14
   10210:	2a878793          	addi	a5,a5,680 # 142a8 <alpha>
   10214:	0007c783          	lbu	a5,0(a5)
   10218:	fcf40fa3          	sb	a5,-33(s0)
   1021c:	fe042623          	sw	zero,-20(s0)
   10220:	05c0006f          	j	1027c <main+0xa4>
   10224:	fec42783          	lw	a5,-20(s0)
   10228:	fe842703          	lw	a4,-24(s0)
   1022c:	00f707b3          	add	a5,a4,a5
   10230:	fec42703          	lw	a4,-20(s0)
   10234:	fe442683          	lw	a3,-28(s0)
   10238:	00e68733          	add	a4,a3,a4
   1023c:	fec42683          	lw	a3,-20(s0)
   10240:	fe042603          	lw	a2,-32(s0)
   10244:	00d606b3          	add	a3,a2,a3
   10248:	00010637          	lui	a2,0x10
   1024c:	2a462583          	lw	a1,676(a2) # 102a4 <__rodata_start>
   10250:	fec42603          	lw	a2,-20(s0)
   10254:	40c58633          	sub	a2,a1,a2
   10258:	fdf44583          	lbu	a1,-33(s0)
   1025c:	003672d7          	0x3672d7
   10260:	02078407          	0x2078407
   10264:	02070807          	0x2070807
   10268:	b685e857          	0xb685e857
   1026c:	02068827          	0x2068827
   10270:	fec42783          	lw	a5,-20(s0)
   10274:	04078793          	addi	a5,a5,64
   10278:	fef42623          	sw	a5,-20(s0)
   1027c:	fec42703          	lw	a4,-20(s0)
   10280:	000107b7          	lui	a5,0x10
   10284:	2a47a783          	lw	a5,676(a5) # 102a4 <__rodata_start>
   10288:	f8f76ee3          	bltu	a4,a5,10224 <main+0x4c>
   1028c:	00000793          	li	a5,0
   10290:	00078513          	mv	a0,a5
   10294:	02c12083          	lw	ra,44(sp)
   10298:	02812403          	lw	s0,40(sp)
   1029c:	03010113          	addi	sp,sp,48
   102a0:	00008067          	ret
