
main:     file format elf32-littleriscv
main
architecture: riscv:rv32, flags 0x00000112:
EXEC_P, HAS_SYMS, D_PAGED
start address 0x00000000

Program Header:
    LOAD off    0x00001000 vaddr 0x00000000 paddr 0x00000000 align 2**12
         filesz 0x0000027c memsz 0x0000027c flags r-x
    LOAD off    0x00002000 vaddr 0x00010000 paddr 0x20000000 align 2**12
         filesz 0x0000044c memsz 0x0000044c flags r-x
    LOAD off    0x00003000 vaddr 0x20100000 paddr 0x20100000 align 2**12
         filesz 0x00000000 memsz 0x00004000 flags rw-
    LOAD off    0x00003000 vaddr 0x00020000 paddr 0x20104000 align 2**12
         filesz 0x0000303e memsz 0x00003040 flags rw-
    LOAD off    0x00006040 vaddr 0x00023040 paddr 0x2010703e align 2**12
         filesz 0x00000000 memsz 0x00001000 flags rw-

Sections:
Idx Name          Size      VMA       LMA       File off  Algn
  0 .text0        0000027c  00000000  00000000  00001000  2**2
                  CONTENTS, ALLOC, LOAD, READONLY, CODE
  1 .text1        0000044c  00010000  20000000  00002000  2**2
                  CONTENTS, ALLOC, LOAD, READONLY, CODE
  2 _test         00004000  20100000  20100000  00003000  2**0
                  ALLOC
  3 .sdata        00000008  00020000  20104000  00003000  2**2
                  CONTENTS, ALLOC, LOAD, DATA
  4 .data         00003036  00020008  20104008  00003008  2**0
                  CONTENTS, ALLOC, LOAD, DATA
  5 .bss          00000002  0002303e  2010703e  0000603e  2**0
                  ALLOC
  6 .stack        00001000  00023040  2010703e  00006040  2**0
                  ALLOC
  7 .comment      0000001a  00000000  00000000  0000603e  2**0
                  CONTENTS, READONLY
  8 .debug_line   00000191  00000000  00000000  00006058  2**0
                  CONTENTS, READONLY, DEBUGGING
  9 .debug_info   000000f0  00000000  00000000  000061e9  2**0
                  CONTENTS, READONLY, DEBUGGING
 10 .debug_abbrev 00000014  00000000  00000000  000062d9  2**0
                  CONTENTS, READONLY, DEBUGGING
 11 .debug_aranges 00000020  00000000  00000000  000062f0  2**3
                  CONTENTS, READONLY, DEBUGGING
SYMBOL TABLE:
00000000 l    d  .text0	00000000 .text0
00010000 l    d  .text1	00000000 .text1
20100000 l    d  _test	00000000 _test
00020000 l    d  .sdata	00000000 .sdata
00020008 l    d  .data	00000000 .data
0002303e l    d  .bss	00000000 .bss
00023040 l    d  .stack	00000000 .stack
00000000 l    d  .comment	00000000 .comment
00000000 l    d  .debug_line	00000000 .debug_line
00000000 l    d  .debug_info	00000000 .debug_info
00000000 l    d  .debug_abbrev	00000000 .debug_abbrev
00000000 l    d  .debug_aranges	00000000 .debug_aranges
00000000 l    df *ABS*	00000000 setup.o
00000084 l       .text0	00000000 init_bss
00000108 l       .text0	00000000 fill_block
0000009c l       .text0	00000000 init_sbss
000000b4 l       .text0	00000000 write_stack_pattern
000000cc l       .text0	00000000 init_stack
000000d4 l       .text0	00000000 write_test_pattern
000000ec l       .text0	00000000 SystemInit
000000f4 l       .text0	00000000 SystemExit
00000104 l       .text0	00000000 dead_loop
00000118 l       .text0	00000000 fb_end
00000000 l    df *ABS*	00000000 boot.c
00000000 l    df *ABS*	00000000 main.c
00020004 g     O .sdata	00000004 dma_addr_boot
20100000 g       _test	00000000 _test_start
20104008 g       *ABS*	00000000 __data_paddr_start
00003036 g       *ABS*	00000000 _binary_image_bmp_size
00020008 g       .data	00000000 _binary_image_bmp_start
00020000 g       _test	00000000 __sbss_start
00020800 g       .sdata	00000000 _gp
20104000 g       _test	00000000 _test_end
00010000 g       .text1	00000000 _imem_start
00004000 g       *ABS*	00000000 _TEST_SIZE
20104000 g       *ABS*	00000000 __sdata_paddr_start
00020000 g       .sdata	00000000 __sdata_start
0001044c g       .text1	00000000 __rodata_end
000103a0 g       .text1	00000000 .hidden __udivsi3
0000011c g     F .text0	00000160 boot
00023040 g       .bss	00000000 __bss_end
00010170 g     F .text1	00000054 trap_handler
00020000 g       _test	00000000 __sbss_end
000103e8 g       .text1	00000000 .hidden __umodsi3
00000000 g       .text0	00000000 _start
0001044c g       .text1	00000000 __rodata_start
00010108 g     F .text1	00000034 timer_interrupt_handler
0001013c g     F .text1	00000034 external_interrupt_handler
0002303e g       .data	00000000 __data_end
20000000 g       .text1	00000000 _dram_i_start
00023040 g       .bss	00000000 __bss_start
00001000 g       *ABS*	00000000 _STACK_SIZE
0003fffc g       .stack	00000000 _sim_end
000101c4 g     F .text1	000001d4 main
00010000 g       .text1	00000000 trap_entry
00023040 g       .stack	00000000 _stack_end
00010398 g       .text1	00000000 .hidden __divsi3
00020008 g       .sdata	00000000 __sdata_end
2000044c g       .text1	00000000 _dram_i_end
00024040 g       .stack	00000000 __stack
00040000 g       .stack	00000000 _end
0001041c g       .text1	00000000 .hidden __modsi3
0002303e g       .data	00000000 _binary_image_bmp_end
00024040 g       .stack	00000000 _stack
00020000 g     O .sdata	00000004 WDT_addr
00020008 g       .data	00000000 __data_start


Contents of section .text0:
 0000 93000000 13010000 93010000 13020000  ................
 0010 93020000 13030000 93030000 13040000  ................
 0020 93040000 13050000 93050000 13060000  ................
 0030 93060000 13070000 93070000 13080000  ................
 0040 93080000 13090000 93090000 130a0000  ................
 0050 930a0000 130b0000 930b0000 130c0000  ................
 0060 930c0000 130d0000 930d0000 130e0000  ................
 0070 930e0000 130f0000 930f0000 97010200  ................
 0080 93814178 17350200 1305c5fb 97350200  ..Ax.5.......5..
 0090 938505fb 13060000 ef000007 17050200  ................
 00a0 130545f6 97050200 938585f5 13060000  ..E.............
 00b0 ef008005 17350200 1305c5f8 97450200  .....5.......E..
 00c0 938505f8 13060000 ef000004 17410200  .............A..
 00d0 130141f7 17051020 1305c5f2 97451020  ..A.... .....E. 
 00e0 938505f2 13060000 ef000002 ef000003  ................
 00f0 ef00410d 97020400 938282f0 1303f0ff  ..A.............
 0100 23a06200 6f000000 63e8a500 2320c500  #.b.o...c...# ..
 0110 13054500 6ff05fff 67800000 130101fe  ..E.o._.g.......
 0120 232e8100 13040102 b7070210 2326f4fe  #...........#&..
 0130 73600430 b71f0000 938f0f80 73a04f30  s`.0........s.O0
 0140 8327c4fe 93870720 37070020 13070700  .'..... 7.. ....
 0150 23a0e700 8327c4fe 93870730 37070100  #....'.....07...
 0160 13070700 23a0e700 b7070020 1387c744  ....#...... ...D
 0170 b7070020 93870700 b307f740 13d72700  ... .......@..'.
 0180 8327c4fe 93870740 13071700 23a0e700  .'.....@....#...
 0190 8327c4fe 93870710 13071000 23a0e700  .'..........#...
 01a0 73005010 8327c4fe 93870720 37471020  s.P..'..... 7G. 
 01b0 13070700 23a0e700 8327c4fe 93870730  ....#....'.....0
 01c0 37070200 13070700 23a0e700 b7070200  7.......#.......
 01d0 13878700 b7070200 93870700 b307f740  ...............@
 01e0 13d72700 8327c4fe 93870740 13071700  ..'..'.....@....
 01f0 23a0e700 8327c4fe 93870710 13071000  #....'..........
 0200 23a0e700 73005010 8327c4fe 93870720  #...s.P..'..... 
 0210 37471020 13078700 23a0e700 8327c4fe  7G. ....#....'..
 0220 93870730 37070200 13078700 23a0e700  ...07.......#...
 0230 b7370200 1387e703 b7070200 93878700  .7..............
 0240 b307f740 13d72700 8327c4fe 93870740  ...@..'..'.....@
 0250 13071700 23a0e700 8327c4fe 93870710  ....#....'......
 0260 13071000 23a0e700 73005010 13000000  ....#...s.P.....
 0270 0324c101 13010102 67800000           .$......g...    
Contents of section .text1:
 10000 130141f8 23201100 23222100 23243100  ..A.# ..#"!.#$1.
 10010 23264100 23285100 232a6100 232c7100  #&A.#(Q.#*a.#,q.
 10020 232e8100 23209102 2322a102 2324b102  #...# ..#"..#$..
 10030 2326c102 2328d102 232ae102 232cf102  #&..#(..#*..#,..
 10040 232e0103 23201105 23222105 23243105  #...# ..#"!.#$1.
 10050 23264105 23285105 232a6105 232c7105  #&A.#(Q.#*a.#,q.
 10060 232e8105 23209107 2322a107 2324b107  #...# ..#"..#$..
 10070 2326c107 2328d107 232ae107 232cf107  #&..#(..#*..#,..
 10080 ef00000f 83200100 03214100 83218100  ..... ...!A..!..
 10090 0322c100 83220101 03234101 83238101  ."..."...#A..#..
 100a0 0324c101 83240102 03254102 83258102  .$...$...%A..%..
 100b0 0326c102 83260103 03274103 83278103  .&...&...'A..'..
 100c0 0328c103 83280104 03294104 83298104  .(...(...)A..)..
 100d0 032ac104 832a0105 032b4105 832b8105  .*...*...+A..+..
 100e0 032cc105 832c0106 032d4106 832d8106  .,...,...-A..-..
 100f0 032ec106 832e0107 032f4107 832f8107  ........./A../..
 10100 1301c107 73002030 130101ff 23268100  ....s. 0....#&..
 10110 13040101 73600030 b7070200 83a70700  ....s`.0........
 10120 93870710 23a00700 6ff09eed 13000000  ....#...o.......
 10130 0324c100 13010101 67800000 130101fe  .$......g.......
 10140 232e8100 13040102 b7070210 2326f4fe  #...........#&..
 10150 73600030 8327c4fe 93870710 23a00700  s`.0.'......#...
 10160 13000000 0324c101 13010102 67800000  .....$......g...
 10170 130101fe 232e1100 232c8100 13040102  ....#...#,......
 10180 f3274034 2326f4fe 8327c4fe 93f70708  .'@4#&...'......
 10190 63840700 eff05ff7 0327c4fe b7170000  c....._..'......
 101a0 93870780 b377f700 63840700 eff01ff9  .....w..c.......
 101b0 13000000 8320c101 03248101 13010102  ..... ...$......
 101c0 67800000 130101fd 23261102 23248102  g.......#&..#$..
 101d0 13040103 b7070200 93878700 2324f4fe  ............#$..
 101e0 b7071020 93870700 2322f4fe b7370000  ... ....#"...7..
 101f0 93876703 2320f4fe 232604fe 6f008017  ..g.# ..#&..o...
 10200 0327c4fe 93075003 63cce706 8327c4fe  .'....P.c....'..
 10210 032784fe 3307f700 8327c4fe 832644fe  .'..3....'...&D.
 10220 b387f600 03470700 2380e700 8327c4fe  .....G..#....'..
 10230 93871700 032784fe 3307f700 8327c4fe  .....'..3....'..
 10240 93871700 832644fe b387f600 03470700  .....&D......G..
 10250 2380e700 8327c4fe 93872700 032784fe  #....'....'..'..
 10260 3307f700 8327c4fe 93872700 832644fe  3....'....'..&D.
 10270 b387f600 03470700 2380e700 6f00c00e  .....G..#...o...
 10280 8327c4fe 032784fe b307f700 83c70700  .'...'..........
 10290 a30ff4fc 8327c4fe 93871700 032784fe  .....'.......'..
 102a0 b307f700 83c70700 230ff4fc 8327c4fe  ........#....'..
 102b0 93872700 032784fe b307f700 83c70700  ..'..'..........
 102c0 a30ef4fc 0347f4fd 93070700 93971700  .....G..........
 102d0 b387e700 93972700 b386e740 0347e4fd  ......'....@.G..
 102e0 93070700 93974700 b387e740 93972700  ......G....@..'.
 102f0 b387e740 b386f600 0347d4fd 93070700  ...@.....G......
 10300 93974700 b387e740 93971700 b387f600  ..G....@........
 10310 93054006 13850700 ef000008 93070500  ..@.............
 10320 230ef4fc 8327c4fe 032744fe b307f700  #....'...'D.....
 10330 0347c4fd 2380e700 8327c4fe 93871700  .G..#....'......
 10340 032744fe b307f700 0347c4fd 2380e700  .'D......G..#...
 10350 8327c4fe 93872700 032744fe b307f700  .'....'..'D.....
 10360 0347c4fd 2380e700 8327c4fe 93873700  .G..#....'....7.
 10370 2326f4fe 8327c4fe 032704fe e3e2e7e8  #&...'...'......
 10380 93070000 13850700 8320c102 03248102  ......... ...$..
 10390 13010103 67800000 63400506 63c60506  ....g...c@..c...
 103a0 13860500 93050500 1305f0ff 630c0602  ............c...
 103b0 93061000 637ab600 6358c000 13161600  ....cz..cX......
 103c0 93961600 e36ab6fe 13050000 63e6c500  .....j......c...
 103d0 b385c540 3365d500 93d61600 13561600  ...@3e.......V..
 103e0 e39606fe 67800000 93820000 eff05ffb  ....g........._.
 103f0 13850500 67800200 3305a040 63d80500  ....g...3..@c...
 10400 b305b040 6ff0dff9 b305b040 93820000  ...@o......@....
 10410 eff01ff9 3305a040 67800200 93820000  ....3..@g.......
 10420 63ca0500 634c0500 eff09ff7 13850500  c...cL..........
 10430 67800200 b305b040 e35805fe 3305a040  g......@.X..3..@
 10440 eff01ff6 3305b040 67800200           ....3..@g...    
Contents of section .sdata:
 20000 00000110 00000210                    ........        
Contents of section .data:
 20008 424d3630 00000000 00003600 00002800  BM60......6...(.
 20018 00004000 00004000 00000100 18000000  ..@...@.........
 20028 00000030 0000c40e 0000c40e 00000000  ...0............
 20038 00000000 0000ffff ffffffff ffffffff  ................
 20048 ffffffff ffffffff ffffffff ffffffff  ................
 20058 ffffffff ffffffff ffffffff ffffffff  ................
 20068 ffffffff ffffffff ffffffff ffffffff  ................
 20078 ffffffff ffffffff ffffffff ffffffff  ................
 20088 ffffffff ffffffff ffffffff ffffffff  ................
 20098 ffffffff ffffffff ffffffff ffffffff  ................
 200a8 ffffffff ffffffff d3d4d597 94939a92  ................
 200b8 8e969798 e6e9eabd bdbde5e5 e5ffffff  ................
 200c8 ffffffff ffffffff ffffffff ffffffff  ................
 200d8 ffffffff ffffffff ffffffff ffffffff  ................
 200e8 ffffffff ffffffff ffffffff ffffffff  ................
 200f8 ffffffff ffffffff ffffffff ffffffff  ................
 20108 ffffffff ffffffff ffffffff ffffffff  ................
 20118 ffffffff ffffffff ffffffff ffffffff  ................
 20128 ffffffff ffffffff ffffffff ffffffff  ................
 20138 ffffffff ffffffff ffffffff ffffffff  ................
 20148 ffffffff ffffffff ffffffff ffffffff  ................
 20158 ffffffff ffffffff ffffffff ffffffff  ................
 20168 ffff9e9b 97455060 907e74ff ffff4e4b  .....EP`.~t...NK
 20178 488a7b75 b49b8fd4 c0b68d8d 8cffffff  H.{u............
 20188 ffffffff ffffffff ffffffff ffffffff  ................
 20198 ffffffff ffffffff ffffffff ffffffff  ................
 201a8 ffffffff ffffffff ffffffff ffffffff  ................
 201b8 ffffffff ffffffff ffffffff ffffffff  ................
 201c8 ffffffff ffffffff fffffff9 fafb6862  ..............hb
 201d8 5fc1bcba 696a6a9a 918ebcbd beffffff  _...ijj.........
 201e8 ffffffff ffffffff ffffffff ffffffff  ................
 201f8 ffffffff ffffffff ffffffff ffffffff  ................
 20208 ffffffff ffffffff ffffffff ffffffff  ................
 20218 ffffffff ffffffff ffffffff ffffff88  ................
 20228 8d975473 a96b8fcc bab4af5f 666f546b  ..Ts.k....._foTk
 20238 94f7d1bb e7dcd64e 4541bcb1 aca7a5a5  .......NEA......
 20248 ffffffff ffffffff ffffffff ffffffff  ................
 20258 ffffffff ffffffff ffffffff ffffffff  ................
 20268 ffffffff ffffffff ffffffff ffffffff  ................
 20278 ffffffff ffffffff ffffffff ffffffff  ................
 20288 ffffffff ffffffff aaababc1 b5b06767  ..............gg
 20298 66fff7ef a99e99cf cac7f0dc d27c7570  f............|up
 202a8 88909ad1 cec9ffff ffffffff ffffffff  ................
 202b8 ffffffff ffffffff ffffffff ffffffff  ................
 202c8 ffffffff ffffffff ffffffff ffffffff  ................
 202d8 ffffffff ffffffff ffffffff ffffff4f  ...............O
 202e8 668d7594 c97290c2 6584b770 8fc27395  f.u..r..e..p..s.
 202f8 cc687083 0c1422ff eddf807c 7aebecec  .hp..."....|z...
 20308 ffffffff ffffffff ffffffff ffffffff  ................
 20318 ffffffff ffffffff ffffffff ffffffff  ................
 20328 ffffffff ffffffff ffffffff ffffffff  ................
 20338 ffffffff ffffffff ffffffff ffffffff  ................
 20348 ffffffff ffffffff ffffff92 8f8df0dd  ................
 20358 d5aaa6a2 fff9eb5b 5b63b7b6 b65f7091  .......[[c..._p.
 20368 6f90c85a 78a94357 78667288 7c8189b1  o..Zx.CWxfr.|...
 20378 afaaffff ffffffff ffffffff ffffffff  ................
 20388 ffffffff ffffffff ffffffff ffffffff  ................
 20398 ffffffff ffffffff ffffffff bab9b666  ...............f
 203a8 88c07290 c2728ec0 728fbe72 8fbf728f  ..r..r..r..r..r.
 203b8 c17496cc 7094d042 4141fcfc fcffffff  .t..p..BAA......
 203c8 ffffffff ffffffff ffffffff ffffffff  ................
 203d8 ffffffff ffffffff ffffffff ffffffff  ................
 203e8 ffffffff ffffffff ffffffff ffffffff  ................
 203f8 ffffffff ffffffff ffffffff ffffffff  ................
 20408 ffffffff ffffffff ffffffff ffffacab  ................
 20418 a8586784 8b98af64 85bc5773 a17595cc  .Xg....d..Ws.u..
 20428 7290c271 8fbe7391 c2718fc1 7394ce44  r..q..s..q..s..D
 20438 6296c2c0 bcffffff ffffffff ffffffff  b...............
 20448 ffffffff ffffffff ffffffff ffffffff  ................
 20458 ffffffff ffffffff ffffffff 586a8a74  ............Xj.t
 20468 93ca7190 c17190c2 728ebf71 8ebf7290  ..q..q..r..q..r.
 20478 c47293c8 606f8bff ffffffff ffffffff  .r..`o..........
 20488 ffffffff ffffffff ffffffff ffffffff  ................
 20498 ffffffff ffffffff ffffffff ffffffff  ................
 204a8 ffffffff ffffffff ffffffff ffffffff  ................
 204b8 ffffffff ffffffff ffffffff ffffffff  ................
 204c8 ffffffff ffffffff ffffffff ffffffff  ................
 204d8 ffc6c8ca 6f91c94d 6388728f c0718ebe  ....o..Mc.r..q..
 204e8 7391c671 8ebe708d bc728fc0 7594c94d  s..q..p..r..u..M
 204f8 6793d1cf caffffff ffffffff ffffffff  g...............
 20508 ffffffff ffffffff ffffffff ffffffff  ................
 20518 ffffffff ffffffff ff7d828a 6c8dc673  .........}..l..s
 20528 91c47392 c5718fc2 7290c271 8fc17391  ..s..q..r..q..s.
 20538 c46e8ec6 a5aebcff ffffffff ffffffff  .n..............
 20548 ffffffff ffffffff ffffffff ffffffff  ................
 20558 ffffffff ffffffff ffffffff ffffffff  ................
 20568 ffffffff ffffffff ffffffff ffffffff  ................
 20578 ffffffff ffffffff ffffffff ffffffff  ................
 20588 ffffffff ffffffff ffffffff ffffffff  ................
 20598 ffffffff 8e8b8864 82b77390 c2718fbf  .......d..s..q..
 205a8 7391c473 91c3718f c07390c4 7493c766  s..s..q..s..t..f
 205b8 82b35760 6fccc9c4 fffffaff ffffffff  ..W`o...........
 205c8 ffffffff ffffffff ffffffff fffcfaf9  ................
 205d8 e1dfdedd dbd87376 7a6283bb 7492c672  ......svzb..t..r
 205e8 90c37290 c37391c4 7390c372 90c37390  ..r..s..s..r..s.
 205f8 c37797ce 444d5ba6 a9aab7b6 b5ffffff  .w..DM[.........
 20608 ffffffff ffffffff ffffffff ffffffff  ................
 20618 ffffffff ffffffff ffffffff ffffffff  ................
 20628 ffffffff ffffffff ffffffff ffffffff  ................
 20638 ffffffff ffffffff ffffffff ffffffff  ................
 20648 ffffffff ffffffff ffffffff ffffffff  ................
 20658 fffffffd 35486976 94c67391 c57390c5  ....5Hiv..s..s..
 20668 7392c572 8fc1718f c17290c3 7392c474  s..r..q..r..s..t
 20678 92c57494 cc5e7eb2 4a638d5b 6c8b7180  ..t..^~.Jc.[l.q.
 20688 9a5f6166 9697979b a1a78793 9b8b9aa5  ._af............
 20698 95a6b250 575b607e b37593c6 7391c472  ...PW[`~.u..s..r
 206a8 90c3728f c37492c5 7392c473 90c47290  ..r..t..s..s..r.
 206b8 c27392c8 5f6a75af c0c69dab b272797d  .s.._ju......ry}
 206c8 929393f4 f3f2ffff ffffffff ffffffff  ................
 206d8 ffffffff ffffffff ffffffff ffffffff  ................
 206e8 ffffffff ffffffff ffffffff ffffffff  ................
 206f8 ffffffff ffffffff ffffffff ffffffff  ................
 20708 ffffffff ffffffff ffffffff ffffffff  ................
 20718 ffafaca6 6486c076 96c9718d bc718fbe  ....d..v..q..q..
 20728 728fc171 8ebf7190 c1718fc2 7492c572  r..q..q..q..t..r
 20738 8fc37493 c77798d1 51699360 7189808d  ..t..w..Qi.`q...
 20748 98becfdb c9dbe9c8 d8e7c4d6 e6c6d8e7  ................
 20758 cbd8e24b 60817593 c67290c1 7290c174  ...K`.u..r..r..t
 20768 92c67290 c37290c1 7391c472 91c4718e  ..r..r..s..r..q.
 20778 be7695c7 36415855 6584636f 82838a90  .v..6AXUe.co....
 20788 b6c1c572 7c829192 92ffffff ffffffff  ...r|...........
 20798 ffffffff ffffffff ffffffff ffffffff  ................
 207a8 ffffffff ffffffff ffffffff ffffffff  ................
 207b8 ffffffff ffffffff ffffffff ffffffff  ................
 207c8 ffffffff ffffffff ffffffff ffffffff  ................
 207d8 ff979693 80aef881 acf07da4 e47493c6  ..........}..t..
 207e8 708cbb71 8ebf7190 c27390c3 7492c577  p..q..q..s..t..w
 207f8 96cc5a75 a55f6d7b c2cfd7cd ddeac2d5  ..Zu._m{........
 20808 e3c3d4e2 bccfddbe d0dec0d2 e0cbdce8  ................
 20818 707a847c a5e681a8 e882acec 82aced83  pz.|............
 20828 aef083ad ef7b9fdb 7290c473 91c3718e  .....{..r..s..q.
 20838 bd7694c7 48556f6e 85af6b81 aa677eaa  .v..HUon..k..g~.
 20848 4b5b7e74 7f8aaebc c1747a7d fdfbfaff  K[~t.....tz}....
 20858 ffffffff ffffffff ffffffff ffffffff  ................
 20868 ffffffff ffffffff ffffffff ffffffff  ................
 20878 ffffffff ffffffff ffffffff ffffffff  ................
 20888 ffffffff ffffffff ffffffff ffffffff  ................
 20898 ffa4a29e 93b9f89d bbee87af ee81acf0  ................
 208a8 7a9ed970 8dbe718f c27390c3 7898cf4d  z..p..q..s..x..M
 208b8 638793a1 a8d2e2ee c6d5e2b8 cbd9b8cd  c...............
 208c8 dbc2d2e0 b9cddcbb cedcc5d4 e1cadae6  ................
 208d8 637b9d85 b5fe84b0 f482aced 81abeb83  c{..............
 208e8 aef085b2 f485b2f6 7fa6e673 92c67390  ...........s..s.
 208f8 c26c88b5 47556f6e 82ab6b80 a86b80aa  .l..GUon..k..k..
 20908 6c82ae6a 81b15565 819ba7ac 71797ff7  l..j..Ue....qy..
 20918 f5f4ffff ffffffff ffffffff ffffffff  ................
 20928 ffffffff ffffffff ffffffff ffffffff  ................
 20938 ffffffff ffffffff ffffffff ffffffff  ................
 20948 ffffffff ffffffff ffffffff ffffffff  ................
 20958 ffd4d2cd 889fc5bc d3f8a9c2 ec8db1ed  ................
 20968 85b0f47f a5e6718e c17695ca 4c6184a6  ......q..v..La..
 20978 b7bfc8d9 e6c3d3e0 bed0deb5 cadab9cd  ................
 20988 dbc0d1df bed0deb7 ccdbbfd0 decddce6  ................
 20998 5d779c98 befa8eb5 f282aef3 82aef084  ]w..............
 209a8 b0f384b1 f384b0f2 84aef17b a0de7594  ...........{..u.
 209b8 c74f6485 6275996c 81ab6b80 aa6b80aa  .Od.bu.l..k..k..
 209c8 6a7fa96c 81ac6e84 b2546689 88969d78  j..l..n..Tf....x
 209d8 8085ffff ffffffff ffffffff ffffffff  ................
 209e8 ffffffff ffffffff ffffffff ffffffff  ................
 209f8 ffffffff ffffffff ffffffff ffffffff  ................
 20a08 ffffffff ffffffff ffffffff ffffffff  ................
 20a18 ffffffff 738098bd d6feb9cf f3a8c4f1  ....s...........
 20a28 8cb4f58a b5f880a7 e859729e a4b6bfc1  .........Yr.....
 20a38 d4e1c3d3 e1c2d3e0 bdcfddb8 ccdab9cd  ................
 20a48 dcbdcedd bed0deb5 cad9c4d3 e1c4d6e1  ................
 20a58 6981a6b6 d0fbb1c9 f192b8f4 82aff385  i...............
 20a68 b1f284b1 f383b0f3 83aff283 adf07999  ..............y.
 20a78 d03e4e68 6f85b16c 83ae6b82 ad6b80aa  .>Nho..l..k..k..
 20a88 6a81aa6c 80ac6c81 ac6d82ad 576b938e  j..l..l..m..Wk..
 20a98 99a0797b 7cffffff ffffffff ffffffff  ..y{|...........
 20aa8 ffffffff ffffffff ffffffff ffffffff  ................
 20ab8 ffffffff ffffffff ffffffff ffffffff  ................
 20ac8 ffffffff ffffffff ffffffff ffffffff  ................
 20ad8 ffffffff aeafb2a9 c6f4bcd3 f7b2cdf5  ................
 20ae8 91b7f58f b5f586b0 f672818c bfd4e2c5  .........r......
 20af8 d4e1c4d3 e0c1d2e0 bfd1dfbb cedcb7cb  ................
 20b08 dabacddc c2d3e0bf d0debccf dcb8cdd9  ................
 20b18 7288a5b4 d0fdb0cc f4adc9f5 86b2f384  r...............
 20b28 b0f283af f284b1f3 84b0f385 b2f67d9f  ..............}.
 20b38 db394761 5e75a24f 648d566d 986279a8  .9Ga^u.Od.Vm.by.
 20b48 6c83b26f 86b26c82 ae6b80ab 6d81aa53  l..o..l..k..m..S
 20b58 678b838f 96a9a8a8 ffffffff ffffffff  g...............
 20b68 ffffffff ffffffff ffffffff ffffffff  ................
 20b78 ffffffff ffffffff ffffffff ffffffff  ................
 20b88 ffffffff ffffffff ffffffff ffffffff  ................
 20b98 ffffffff ffffff7e 8ea69cc3 ff97bbf5  .......~........
 20ba8 8fb5f594 bbfd637b a3bbcfd9 bdcedcc2  ......c{........
 20bb8 d2dfc2d2 e0c3d4e2 c1d2dfb8 ccdab4c9  ................
 20bc8 d8baccdb becfdcb8 cbd9b1c5 d4b4cad8  ................
 20bd8 8498aba5 c3f6b2cb f4b3cdf4 94b9f582  ................
 20be8 aff283af f183aff1 84b0f387 b5f96588  ..............e.
 20bf8 c37b776f d7d6d4d7 d4cfc4c2 bd9c9b9a  .{wo............
 20c08 5a606d35 46676c85 b67088b7 6c82ab6d  Z`m5Fgl..p..l..m
 20c18 84af5d73 946d797d ffffffff ffffffff  ..]s.my}........
 20c28 ffffffff ffffffff ffffffff ffffffff  ................
 20c38 ffffffff ffffffff ffffffff ffffffff  ................
 20c48 ffffffff ffffffff ffffffff ffffffff  ................
 20c58 ffffffff fffffffe f9f2718f bd92bbff  ..........q.....
 20c68 90b5f493 bbff7482 8ecadfec d3e7f3d7  ......t.........
 20c78 ebf7d8ec f7daedf8 d5eaf6cc e4f1c9e0  ................
 20c88 eebdd3e2 b4cad8af c4d3afc4 d4b0c5d6  ................
 20c98 b1c4ce6a 8bc0abc6 f3b4cef5 94baf482  ...j............
 20ca8 b0f284b0 f282aced 82adee88 b8ff5867  ..............Xg
 20cb8 80ffffff ffffffff ffffffff ffffffff  ................
 20cc8 fffffffa f7f37475 76415276 728cbd6f  ......tuvARvr..o
 20cd8 89b5718f c3758aa0 a1a09dff ffffffff  ..q..u..........
 20ce8 ffffffff ffffffff ffffffff ffffffff  ................
 20cf8 ffffffff ffffffff ffffffff ffffffff  ................
 20d08 ffffffff ffffffff ffffffff ffffffff  ................
 20d18 ffffffff ffffffff ffffefeb e46885b6  .............h..
 20d28 97c0ff67 86bdc9dd e3dcf1fe dcf0fddd  ...g............
 20d38 f0fcdff0 fcdef0fc ddf0fcdc f0fcd1e9  ................
 20d48 f5c9e3f2 c8e2f1c4 ddecbdd5 e4b5ccda  ................
 20d58 bbcfdb7c 8fa386b3 fa91b8f5 85b1f384  ...|............
 20d68 b0f385b0 f282aced 84aff158 80bdbbb7  ...........X....
 20d78 afffffff ffffffff ffffffff ffffffff  ................
 20d88 ffffffff ffffffff ffe5e3dd 3c465b72  ............<F[r
 20d98 8fc2718e bd6b8bc0 5a5e5eff ffffffff  ..q..k..Z^^.....
 20da8 ffffffff ffffffff ffffffff ffffffff  ................
 20db8 ffffffff ffffffff ffffffff ffffffff  ................
 20dc8 ffffffff ffffffff ffffffff ffffffff  ................
 20dd8 ffffffff ffffffff ffffffff fff9f5ee  ................
 20de8 5b6e8e69 84ade9fd ffdcf0fc dbeffcde  [n.i............
 20df8 f0fbddf0 fcdef0fc d8ecf8db eefac8e3  ................
 20e08 f1c9e4f2 cae4f2ca e6f4cae5 f3cbe4f1  ................
 20e18 d1e8f5b2 bec35374 a885b4f9 84b0f285  ......St........
 20e28 b1f383b0 f383adef 83b2fa60 666fffff  ...........`fo..
 20e38 ffffffff ffffffff ffffffff ffffffff  ................
 20e48 ffffffff ffffffff ffffffff fffff93a  ...............:
 20e58 45597595 c87695c8 324765f8 f6f2ffff  EYu..v..2Ge.....
 20e68 ffffffff ffffffff ffffffff ffffffff  ................
 20e78 ffffffff ffffffff ffffffff ffffffff  ................
 20e88 ffffffff ffffffff ffffffff ffffffff  ................
 20e98 ffffffff ffffffff ffffffff ffffffff  ................
 20ea8 ffffff80 878ae6fa ffddf0fb ddf0fbdd  ................
 20eb8 f0fcdef0 fbd5ebf6 d0e9f6d3 eaf6c8e3  ................
 20ec8 f1c9e4f2 cae3f1c9 e4f2cce6 f2d6edf9  ................
 20ed8 dff6ff9b aaae82b1 fc84b1f3 85b1f385  ................
 20ee8 b1f284b1 f388b7fd 4b6691ff fbf4ffff  ........Kf......
 20ef8 ffffffff ffffffff ffffffff ffffffff  ................
 20f08 ffffffff ffffffff ffffffff ffffffed  ................
 20f18 eae3445b 817594c8 6c96d9ab a8a2ffff  ..D[.u..l.......
 20f28 ffffffff ffffffff ffffffff ffffffff  ................
 20f38 ffffffff ffffffff ffffffff ffffffff  ................
 20f48 ffffffff ffffffff ffffffff ffffffff  ................
 20f58 ffffffff ffffffff ffffffff ffffffff  ................
 20f68 ffffffb2 babee3f5 ffdef0fc ddf0fbdd  ................
 20f78 f0fcd8ec f8c8e4f2 daedf9cc e5f3cae3  ................
 20f88 f1cae3f1 c9e3f1ca e4f1d2eb f8d6ecf9  ................
 20f98 dcf4ff8a 9eb183b2 fa85b1f2 85b1f384  ................
 20fa8 b1f284b2 f572a2ea a7a5a2ff ffffffff  .....r..........
 20fb8 ffffffff ffffffff ffffffff ffffffff  ................
 20fc8 ffffffff ffffffff ffffffff ffffffff  ................
 20fd8 ffff898a 8a6b8dc6 84b4ff86 8e98ffff  .....k..........
 20fe8 ffffffff ffffffff ffffffff ffffffff  ................
 20ff8 ffffffff ffffffff ffffffff ffffffff  ................
 21008 ffffffff ffffffff ffffffff ffffffff  ................
 21018 ffffffff ffffffff ffffffff ffffffff  ................
 21028 ffffffb0 b9bee2f5 ffddf0fb dcf0fcdc  ................
 21038 effacae5 f4d8ecf8 d1e9f5cc e6f4cbe6  ................
 21048 f3c9e3f1 c9e3f1cd e6f4d4ec f8d0e9f6  ................
 21058 def6ff6f 87a684b4 fa85b1f2 85b1f285  ...o............
 21068 b1f287b8 ff586a83 ffffffff ffffffff  .....Xj.........
 21078 ffffffff ffffffff ffffffff ffffffff  ................
 21088 ffffffff ffffffff ffffffff ffffffff  ................
 21098 ffffffff ff496187 88baff7f 8da2ffff  .....Ia.........
 210a8 ffffffff ffffffff ffffffff ffffffff  ................
 210b8 ffffffff ffffffff ffffffff ffffffff  ................
 210c8 ffffffff ffffffff ffffffff ffffffff  ................
 210d8 ffffffff ffffffff ffffffff ffffffff  ................
 210e8 ffffff8f 989ce5f8 ffdff0fb dff0fbd4  ................
 210f8 ecf8d8ec f9d6ecf8 cee8f6cf e8f5cbe5  ................
 21108 f3c9e3f1 cbe4f1d1 e9f7cee8 f5cfe9f6  ................
 21118 d9eff656 75a487b5 fa85b1f3 85b1f287  ...Vu...........
 21128 b5f95d83 bdeae4dc ffffffff ffffffff  ..].............
 21138 ffffffff ffffffff ffffffff ffffffff  ................
 21148 ffffffff ffffffff ffffffff ffffffff  ................
 21158 ffffffff ff908f8e 7eb2ff7b 8ca4ffff  ........~..{....
 21168 ffffffff ffffffff ffffffff ffffffff  ................
 21178 ffffffff ffffffff ffffffff ffffffff  ................
 21188 ffffffff ffffffff ffffffff ffffffff  ................
 21198 ffffffff ffffffff ffffffff ffffffff  ................
 211a8 ffffff90 999de4f8 ffddf0fb ddeffade  ................
 211b8 f0fbd7ec f9d0e9f7 d1eaf7ce e8f4cae4  ................
 211c8 f2cbe4f1 cde7f5ce e7f5cde7 f4d6effd  ................
 211d8 9cacb073 9fe286b2 f583b0f2 84b1f47c  ...s...........|
 211e8 adf7999b 9fffffff ffffffff ffffffff  ................
 211f8 ffffffff ffffffff ffffffff ffffffff  ................
 21208 ffffffff ffffffff ffffffff ffffffff  ................
 21218 ffffffff fffff8ee 557bb889 94aaffff  ........U{......
 21228 ffffffff ffffffff ffffffff ffffffff  ................
 21238 ffffffff ffffffff ffffffff ffffffff  ................
 21248 ffffffff ffffffff ffffffff ffffffff  ................
 21258 ffffffff ffffffff ffffffff ffffffff  ................
 21268 ffffff9d a4a7e2f7 ffdeeffb ddf0fbd5  ................
 21278 ecf8d1ea f7d4ebf9 d0e9f6cb e6f3cbe5  ................
 21288 f3cde7f5 cce6f4cb e6f3cee8 f5ddf6ff  ................
 21298 6e829586 b5fd83af f283aeef 86b5fe58  n..............X
 212a8 6f93ffff ffffffff ffffffff ffffffff  o...............
 212b8 ffffffff ffffffff ffffffff ffffffff  ................
 212c8 ffffffff ffffffff ffffffff ffffffff  ................
 212d8 fffffaee f3bad3e9 5383b04c 87cc7a92  ........S..L..z.
 212e8 ddc4c2db ffffffff ffffffff ffffffff  ................
 212f8 ffffffff ffffffff ffffffff ffffffff  ................
 21308 ffffffff ffffffff ffffffff ffffffff  ................
 21318 ffffffff ffffffff ffffffff ffffffff  ................
 21328 ffffffa5 a9aadcf4 ffdceffa d3eaf6d0  ................
 21338 eaf7d3eb f8d2ebf8 cde6f4cc e6f4cee8  ................
 21348 f6cce5f3 c9e4f2cd e6f3d5ed f9d6edf5  ................
 21358 4e699489 b8ff7ea5 e37898ce 526e9cec  Ni....~..x..Rn..
 21368 e7e0ffff ffffffff ffffffff ffffffff  ................
 21378 ffffffff ffffffff ffffffff ffffffff  ................
 21388 ffffffff ffffffff ffffffff ffffffb3  ................
 21398 aed052b6 e780edff 7ac0dd6d d3f63d88  ..R.....z..m..=.
 213a8 fa427af4 3355c0ff ffffffff ffffffff  .Bz.3U..........
 213b8 ffffffff ffffffff ffffffff ffffffff  ................
 213c8 ffffffff ffffffff 757c8880 8081d4d0  ........u|......
 213d8 c9d7d4cf c8c7c4c2 bfbbc8c6 c2dbd7d2  ................
 213e8 f3f0eab4 b2aed9f4 ffd0e9f6 d0e9f7d3  ................
 213f8 ebf7d3eb f8cfe8f6 cee7f4d0 e9f7cde6  ................
 21408 f4c9e4f1 cbe4f1d5 ecf8e1f8 ff7b8a91  .............{..
 21418 82b2fb7f a5e37592 c56683b2 7e7b78d4  ......u..f..~{x.
 21428 d0cabbb9 b5d3d0ca f8f5f1ff ffffffff  ................
 21438 ffffffff ffffffff ffffffff ffffffff  ................
 21448 ffffffff ffffffff ffffffff ffffff6c  ...............l
 21458 7cc96fc9 ff8ee8fe 6be3ff9c edff427e  |.o.....k.....B~
 21468 f43b75f6 6a7dcfff ffffffff ffffffff  .;u.j}..........
 21478 ffffffff ffffffff ffffffff ffffffff  ................
 21488 ffffffff ffffffff 8e9aae87 b5fb6891  ..............h.
 21498 d26082b9 5f7eaf5e 7db05e7c b15875a7  .`.._~.^}.^|.Xu.
 214a8 526e9d26 3551c1d8 e1d3ecfb d3eaf7d4  Rn.&5Q..........
 214b8 ecf9d0e9 f6cfe8f6 d1eaf7ce e8f5cae5  ................
 214c8 f2cae4f2 d4ebf7da f0fce0f6 fe4a6389  .............Jc.
 214d8 7ca3e349 5a784f62 854c5f7f 5c77a45c  |..IZxOb.L_.\w.\
 214e8 7aab5e7b ac526c99 41577d4f 5f7a7f84  z.^{.Rl.AW}O_z..
 214f8 8ed8d5cf ffffffff ffffffff ffffffff  ................
 21508 ffffffff ffffffff ffffffff d2c5da5b  ...............[
 21518 b4ea73c4 ff73e1fe 78e2fe77 e9ff6bab  ..s..s..x..w..k.
 21528 f83169f4 3569dcff fff8ffff ffffffff  .1i.5i..........
 21538 ffffffff ffffffff ffffffff ffffffff  ................
 21548 ffffffff fffffcf2 60779c82 aef383ad  ........`w......
 21558 ee84aef1 84aff083 adef83ae f083aced  ................
 21568 7fa7e67e a5e65158 56def8ff d4ecf9d1  ...~..QXV.......
 21578 eaf7cfe9 f6d2ebf7 d1e9f7cc e6f4cce5  ................
 21588 f3d3ebf7 d8eefae6 fdff707e 8684aff8  ..........p~....
 21598 6688ba87 b4f889b7 fc8ab8ff 85b1f484  f...............
 215a8 aef284af f082abec 7b9fda4c 6083495f  ........{..L`.I_
 215b8 854c6898 4b5464a2 a09bfcfb f9ffffff  .Lh.KTd.........
 215c8 ffffffff ffffffff ffa5a2c7 4db9e46c  ............M..l
 215d8 eaff6ddb ff5fbdfb 9eebff61 e3ff8dd2  ..m.._.....a....
 215e8 fc3f79f3 2e74f6aa b6dcffff ffffffff  .?y..t..........
 215f8 ffffffff ffffffff ffffffff ffffffff  ................
 21608 ffffe6e2 dd526d95 84b2f982 abed82ab  .....Rm.........
 21618 ec82aaeb 81abec82 adef84b0 f385b2f4  ................
 21628 84b2f58c bdff2e3c 53d8f1fb d4ecf9d1  .......<S.......
 21638 eaf7d3eb f8d3ebf8 cfe9f6cf e8f5d5ec  ................
 21648 f9d6edfa dbf3ffbb cccf5b7e b586aff2  ..........[~....
 21658 85aef084 b0f283af f182aced 85b2f582  ................
 21668 acec81ab ec82abec 83b0f397 bffe556a  ..............Uj
 21678 8c7593c7 7594cb68 90d37d85 90ffffff  .u..u..h..}.....
 21688 ffffffff ffffdcd3 e348a3dc 6ee6ff6a  .........H..n..j
 21698 e1fe6de9 ff458af5 a7ddfd75 e6fe7ae2  ..m..E.....u..z.
 216a8 fe6896f5 3c8ffc5d a2d9ffff ffffffff  .h..<..]........
 216b8 ffffffff ffffffff ffffffff ffffffca  ................
 216c8 c9c74966 9482b4ff 85b1f481 aaeb82ab  ..If............
 216d8 ec81aaeb 82adee83 aff183af f385b1f3  ................
 216e8 84b1f387 b6fa5c80 b7889aa5 d9f3ffd4  ......\.........
 216f8 ebf7d7ed f9d4ecf8 d4ebf8db eefadaef  ................
 21708 fbd4ecf9 dff6fd4e 66888ab9 ff81aaeb  .......Nf.......
 21718 82abeb84 aff183af f181a9ea 81abed84  ................
 21728 b1f381ab eb81aaeb 85b1f474 9bd7718e  ...........t..q.
 21738 c17391c4 7493c65b 76a3a09e 9cffffff  .s..t..[v.......
 21748 ffffffff ffffe6d9 e754caf2 6cddff6b  .........T..l..k
 21758 e6fe74e9 ff67b1f8 728af07f e6ff87e8  ..t..g..r.......
 21768 ff8bc0fb 5d79d55b c5e8e0d7 e6ffffff  ....]y.[........
 21778 ffffffff ffffffff ffffffff ffffffff  ................
 21788 ffffebe7 e069717f 6794d981 b0f881ae  .....iq.g.......
 21798 f485aff2 84b0f384 b0f384b1 f385b1f2  ................
 217a8 85b1f389 b7fb5672 9e6080b1 d8edf3dd  ......Vr.`......
 217b8 f0fcdef0 fcddf0fc daeefadf f1fcd6ed  ................
 217c8 f9e5ffff 5f707f83 b2fb85b2 f483aef0  ...._p..........
 217d8 82acee84 aff284b0 f381abeb 81abeb84  ................
 217e8 b0f283ae f081aced 84b0f285 b4f784af  ................
 217f8 f27492c6 647da84e 6d9f2d49 78c5c3c0  .t..d}.Nm.-Ix...
 21808 ffffffff ffffffff ff74abd5 64ddff5c  .........t..d..\
 21818 abfa6fed ff6fbbfa 3a70f152 a7f988da  ..o..o..:p.R....
 21828 feacefff 9195c17e 8ec0eeed f4ffffff  .......~........
 21838 ffffffff ffffffff ffffffff ffffffff  ................
 21848 ffffffff ffc1c0bf cbc6be7d 838d7680  ...........}..v.
 21858 8e4f70a5 80b0f989 b8fd86b1 f485b1f3  .Op.............
 21868 84b1f287 b5f96081 b27eacf4 7c91a8e5  ......`..~..|...
 21878 fdffd0e5 f2c4dbe8 bed5e4c8 dbe8d3eb  ................
 21888 fa78888f 76a2ea86 b5f884b0 f384b0f2  .x..v...........
 21898 83b0f285 b1f383b0 f383b0f2 83aef184  ................
 218a8 b1f383ae f083aef0 86b4f984 b5fe628a  ..............b.
 218b8 c77dabf5 6183bddd d8d0ffff ffffffff  .}..a...........
 218c8 ffffffff ffffffff fffef0f4 5ec4e342  ............^..B
 218d8 86f754b0 fa5f8af1 4679f23b 5df060b7  ..T.._..Fy.;].`.
 218e8 faa1f0ff 95c4e4cf c6dbffff ffffffff  ................
 218f8 ffffffff ffffffff ffffffff ffffffff  ................
 21908 ffffffff ffffffff ffffffff ffffffff  ................
 21918 fff7f2eb 80838744 608b7faf f887b7fd  .......D`.......
 21928 86b3f585 b1f5779f db6f95ce 76a0e479  ......w..o..v..y
 21938 8996bed5 e3b1c7d6 c5d5e2c6 dbe96874  ..............ht
 21948 7b5a74a4 7797cd7e a3e184b1 f483b0f2  {Zt.w..~........
 21958 83aff285 b1f383b1 f284b0f3 84b0f386  ................
 21968 b3f783b3 fa6d99dd 526a9089 8c92e6e0  .....m..Rj......
 21978 d8aeb0b3 6f82a06d 7581ffff ffffffff  ....o..mu.......
 21988 ffffffff ffffffff ffffffff b8bada67  ...............g
 21998 9ff84281 f4397ff4 5a87f136 52ef55a4  ..B..9..Z..6R.U.
 219a8 f8a9efff 5ddafdca ccdfffff ffffffff  ....]...........
 219b8 ffffffff ffffffff ffffffff ffffffff  ................
 219c8 ffffffff ffffffff ffffffff ffffffff  ................
 219d8 ffffffff ffffffff fffb8b8c 8c48628a  .............Hb.
 219e8 6f9ce187 b7ff87b3 f77193c9 7491c166  o........q..t..f
 219f8 83b75f72 86b0bdc5 919ea448 5563607c  .._r.......HUc`|
 21a08 aa7492c3 718dbc70 8cba799c d584b1f4  .t..q..p..y.....
 21a18 84b1f384 b1f384b2 f586b4fa 82b5fe60  ...............`
 21a28 89c97383 9abebbb6 ffffffff ffffffff  ..s.............
 21a38 ffffffff ffffffff ffffffff ffffffff  ................
 21a48 ffffffff ffffffff ffffffff fffcf752  ...............R
 21a58 6dda628b f24682f3 5189f335 5ff15ba1  m.b..F..Q..5_.[.
 21a68 f887eeff 62b5fe58 91d0ffff ffffffff  ....b..X........
 21a78 ffffffff ffffffff ffffffff ffffffff  ................
 21a88 ffffffff ffffffff ffffffff ffffffff  ................
 21a98 ffffffff ffffffff ffffffff ffffffff  ................
 21aa8 beb9b361 728a6086 c37a99cd 718ebe73  ...ar.`..z..q..s
 21ab8 90c06d8b c1506893 4e648c76 94cb7390  ..m..Ph.Nd.v..s.
 21ac8 c0708dbe 708dbd70 8ebd708d be7a9eda  .p..p..p..p..z..
 21ad8 88b6fb84 b5fc73a3 eb58759f 8e96a2ef  ......s..Xu.....
 21ae8 e9e1ffff ffffffff ffffffff ffffffff  ................
 21af8 ffffffff ffffffff ffffffff ffffffff  ................
 21b08 ffffffff ffffffff ffffffff ffffff31  ...............1
 21b18 5ed46b90 f45f89f1 648cf03f 73f262c6  ^.k.._..d..?s.b.
 21b28 fb59b5fb 4480f955 65b8ffff ffffffff  .Y..D..Ue.......
 21b38 ffffffff ffffffff ffffffff ffffffff  ................
 21b48 ffffffff ffffffff ffffffff ffffffff  ................
 21b58 ffffffff ffffffff ffffffff ffffffff  ................
 21b68 ffffffff ffffc9c3 b82e3b53 7695c773  ..........;Sv..s
 21b78 93c66685 b66f8fc4 7291c476 94c87390  ..f..o..r..v..s.
 21b88 c0708dbc 718ebd71 8ebd7491 c4708ec3  .p..q..q..t..p..
 21b98 5677ab75 869ec0bd b8ffffff ffffffff  Vw.u............
 21ba8 ffffffff ffffffff ffffffff ffffffff  ................
 21bb8 ffffffff ffffffff ffffffff ffffffff  ................
 21bc8 ffffffff ffffffff ffffffff fffffc30  ...............0
 21bd8 71df61a0 f8808dee 5f89f147 7bf274da  q.a....._..G{.t.
 21be8 ff3681f8 777cbfff ffffffff ffffffff  .6..w|..........
 21bf8 ffffffff ffffffff ffffffff ffffffff  ................
 21c08 ffffffff ffffffff ffffffff ffffffff  ................
 21c18 ffffffff ffffffff ffffffff ffffffff  ................
 21c28 cecbc671 7a8b516a 937397ca 4b628457  ...qz.Qj.s..Kb.W
 21c38 5f747173 88777a92 57658059 78a67898  _tqs.wz.We.Yx.x.
 21c48 d0728fbf 718ebd72 90c36f8e c4444a53  .r..q..r..o..DJS
 21c58 ffffffff ffffffff ffffffff ffffffff  ................
 21c68 ffffffff ffffffff ffffffff ffffffff  ................
 21c78 ffffffff ffffffff ffffffff ffffffff  ................
 21c88 ffffffff ffffffff ffffffff fffffd54  ...............T
 21c98 c4ea72d8 ff70b0fb 4a7ef33a 79f36bad  ..r..p..J~.:y.k.
 21ca8 fc6176cd ffffffff ffffffff ffffffff  .av.............
 21cb8 ffffffff ffffffff ffffffff ffffffff  ................
 21cc8 ffffffff ffffffff ffffffff ffffffff  ................
 21cd8 ffffffff ffffffff ffffcdc9 c35c6a82  .............\j.
 21ce8 5c7db56e 94cf5d6a 85675172 d0bdcdd4  \}.n..]j.gQr....
 21cf8 c3d5cfbe d1cebccf d4c1d4b1 9fac5158  ..............QX
 21d08 6d6c8ec3 7391c373 90c37493 ca586a89  ml..s..s..t..Xj.
 21d18 ffffffff ffffffff ffffffff ffffffff  ................
 21d28 ffffffff ffffffff ffffffff ffffffff  ................
 21d38 ffffffff ffffffff ffffffff ffffffff  ................
 21d48 ffffffff ffffffff ffffffff ffffff35  ...............5
 21d58 5ca470ea ff4b9ed9 6b87ee3d 7cf4377e  \.p..K..k..=|.7~
 21d68 f7a5aedc ffffffff ffffffff ffffffff  ................
 21d78 ffffffff ffffffff ffffffff ffffffff  ................
 21d88 ffffffff ffffffff ffffffff ffffffff  ................
 21d98 ffffffff ffffff67 6e7b5777 ab799ed7  .......gn{Ww.y..
 21da8 58729a64 5176997a 9a916fa5 9274a4b4  Xr.dQv.z..o..t..
 21db8 a0bcc6b7 cac9bbcd c8bacccb bccfd9c7  ................
 21dc8 d84d4a4a 7193c772 90c37391 c55976a8  .MJJq..r..s..Yv.
 21dd8 cccac5ff ffffffff ffffffff ffffffff  ................
 21de8 ffffffff ffffffff ffffffff ffffffff  ................
 21df8 ffffffff ffffffff ffffffff ffffffff  ................
 21e08 ffffffff ffffffff ffffffff ffffffd2  ................
 21e18 c3da6bc8 ed8aa2c5 3974e868 8ef22768  ..k.....9t.h..'h
 21e28 f4c0c3df ffffffff ffffffff ffffffff  ................
 21e38 ffffffff ffffffff ffffffff ffffffff  ................
 21e48 ffffffff ffffffff ffffffff ffffffff  ................
 21e58 fff1ede6 4c5d7b70 93cf7b9f da526181  ....L]{p..{..Ra.
 21e68 78607396 70a08f69 9b906b9b 936ea18f  x`s.p..i..k..n..
 21e78 6ba09473 a6a085af ab94b6b3 9fbcb7a3  k..s............
 21e88 c2a28a95 37395179 9ad0728f c06f8fc3  ....79Qy..r..o..
 21e98 828994ff ffffffff ffffffff ffffffff  ................
 21ea8 ffffffff ffffffff ffffffff ffffffff  ................
 21eb8 ffffffff ffffffff ffffffff ffffffff  ................
 21ec8 ffffffff ffffffff ffffffff ffffffff  ................
 21ed8 ffff779f cdd5cedb 3468dc3d 7df54378  ..w.....4h.=}.Cx
 21ee8 f1d2d1e2 ffffffff ffffffff ffffffff  ................
 21ef8 ffffffff ffffffff ffffffff ffffffff  ................
 21f08 ffffffff ffffffff ffffffff fffff8f4  ................
 21f18 ee485f85 789ad566 799b544e 4d4c3840  .H_.x..fy.TNML8@
 21f28 585e7859 729a6586 b46281ad 55668a5b  X^xYr.e..b..Uf.[
 21f38 5e805d4d 6e6d4c71 926b9f90 6ca28f6d  ^.]MnmLq.k..l..m
 21f48 a29170a7 90689c35 4b6b7896 ca7291c1  ..p..h.5Kkx..r..
 21f58 4a628afb f8f2ffff ffffffff ffffffff  Jb..............
 21f68 ffffffff ffffffff ffffffff ffffffff  ................
 21f78 ffffffff ffffffff ffffffff ffffffff  ................
 21f88 ffffffff ffffffff ffffffff ffffffff  ................
 21f98 ffffc8c4 dcffffff 5a7ed931 6af63c75  ........Z~.1j.<u
 21fa8 ece7e1e6 ffffffff ffffffff ffffffff  ................
 21fb8 ffffffff ffffffff ffffffff ffffffff  ................
 21fc8 ffffffff ffffffff ffffffff ffff6f7c  ..............o|
 21fd8 937698d3 6381b182 78715f72 927eabee  .v..c...xq_r.~..
 21fe8 89b8fe85 b1f684af f285b0f3 86b2f685  ................
 21ff8 b4f684b3 f6719bd3 4d648955 5272604a  .....q..Md.URr`J
 22008 6a815c8b 7c72789c 86756384 b8728fc0  j.\.|rx..uc..r..
 22018 6a8bc198 9a9effff ffffffff ffffffff  j...............
 22028 ffffffff ffffffff ffffffff ffffffff  ................
 22038 ffffffff ffffffff ffffffff ffffffff  ................
 22048 ffffffff ffffffff ffffffff ffffffff  ................
 22058 ffffffff ffffffff 8e9dda39 79f91d47  ...........9y..G
 22068 cdf0eced ffffffff ffffffff ffffffff  ................
 22078 ffffffff ffffffff ffffffff ffffffff  ................
 22088 ffffffff ffffffff ffffffed eae55370  ..............Sp
 22098 a2576d92 556f9881 b1f988b8 ff87b4f8  .Wm.Uo..........
 220a8 6889bc82 a8e482ac ed81abeb 83acee73  h..............s
 220b8 97cf7ca6 e388b5f9 89b8fe87 b9ff7da9  ..|...........}.
 220c8 e7536f97 63748d86 7b773039 527a99cd  .So.ct..{w09Rz..
 220d8 7291c345 556dffff ffffffff ffffffff  r..EUm..........
 220e8 ffffffff ffffffff ffffffff ffffffff  ................
 220f8 ffffffff ffffffff ffffffff ffffffff  ................
 22108 ffffffff ffffffff ffffffff ffffffff  ................
 22118 ffffffff ffffffff a3afe040 7df18083  ...........@}...
 22128 b8fdfbfb ffffffff ffffffff ffffffff  ................
 22138 ffffffff ffffffff ffffffff ffffffff  ................
 22148 ffffffff ffffffff ffffffee ece65b77  ..............[w
 22158 a86586b9 8bbbff84 b2f484b1 f383aff2  .e..............
 22168 8cb2ee94 b9f282af f283aef0 82acec7e  ...............~
 22178 a7e67da6 e585b2f4 85b1f385 b1f386b3  ..}.............
 22188 f785b1f5 7697cf74 97d0546b 90597096  ....v..t..Tk.Yp.
 22198 7795c746 608bf0ed e9ffffff ffffffff  w..F`...........
 221a8 ffffffff ffffffff ffffffff ffffffff  ................
 221b8 ffffffff ffffffff ffffffff ffffffff  ................
 221c8 ffffffff ffffffff ffffffff ffffffff  ................
 221d8 ffffffff ffffffff ced2ea65 73b8ffff  ...........es...
 221e8 ffffffff ffffffff ffffffff ffffffff  ................
 221f8 ffffffff ffffffff ffffffff ffffffff  ................
 22208 ffffffff ffffffff ffffffff ffff6880  ..............h.
 22218 a687b4fa 87b4f886 b4f784b0 f282acec  ................
 22228 82acec8b b2f083b0 f384b0f3 83aff184  ................
 22238 b0f285b1 f385b1f3 85b1f285 b0f384b1  ................
 22248 f386b3f7 7ea2de72 8fc17797 cb6984b3  ....~..r..w..i..
 22258 7391c467 88bfc5c2 bdffffff ffffffff  s..g............
 22268 ffffffff ffffffff ffffffff ffffffff  ................
 22278 ffffffff ffffffff ffffffff ffffffff  ................
 22288 ffffffff ffffffff ffffffff ffffffff  ................
 22298 ffffffff ffffffff fbfafbf2 f0f5ffff  ................
 222a8 ffffffff ffffffff ffffffff ffffffff  ................
 222b8 ffffffff ffffffff ffffffff ffffffff  ................
 222c8 ffffffff ffffffff ffffffff ffff8490  ................
 222d8 a185b5ff 6d97da74 99d184b1 f481abeb  ....m..t........
 222e8 81abeb81 abed84af f284b1f3 84b1f385  ................
 222f8 b0f384b1 f383b1f3 84b0f385 b1f383ae  ................
 22308 f186b3f9 83b3ff7a 9fde7593 c67492c5  .......z..u..t..
 22318 7290c367 87bbaeab a6ffffff ffffffff  r..g............
 22328 ffffffff ffffffff ffffffff ffffffff  ................
 22338 ffffffff ffffffff ffffffff ffffffff  ................
 22348 ffffffff ffffffff ffffffff ffffffff  ................
 22358 ffffffff ffffffff ffffffff ffffffff  ................
 22368 ffffffff ffffffff ffffffff ffffffff  ................
 22378 ffffffff ffffffff ffffffff ffffffff  ................
 22388 ffffffff ffffffff ffffffff ffffbdc0  ................
 22398 c4536785 7f570067 675187b8 ff81abec  .Sg..W.ggQ......
 223a8 81abeb81 abec82af f185b0f3 85b1f283  ................
 223b8 b0f283b0 f384aff2 83b0f384 b1f386b3  ................
 223c8 f9556e8f 7e6b2c61 6c745d7d ba7798d2  .Un.~k,alt]}.w..
 223d8 7493c75c 78a8c6c3 beffffff ffffffff  t..\x...........
 223e8 ffffffff ffffffff ffffffff ffffffff  ................
 223f8 ffffffff ffffffff ffffffff ffffffff  ................
 22408 ffffffff ffffffff ffffffff ffffffff  ................
 22418 ffffffff ffffffff ffffffff ffffffff  ................
 22428 ffffffff ffffffff ffffffff ffffffff  ................
 22438 ffffffff ffffffff ffffffff ffffffff  ................
 22448 ffffffff ffffffff ffffffff ffffe5e7  ................
 22458 ea74633a 5b45005e 665e89ba ff83aef0  .tc:[E.^f^......
 22468 81abec81 acec82ae ef84b0f3 85b1f383  ................
 22478 b1f384b0 f383aef1 81abec83 aff188b9  ................
 22488 ff5a5735 b19641ac 9135785b 00565e64  .ZW5..A..5x[.V^d
 22498 7798d440 5983f6f3 efffffff ffffffff  w..@Y...........
 224a8 ffffffff ffffffff ffffffff ffffffff  ................
 224b8 ffffffff ffffffff ffffffff ffffffff  ................
 224c8 ffffffff ffffffff ffffffff ffffffff  ................
 224d8 ffffffff ffffffff ffffffff ffffffff  ................
 224e8 ffffffff ffffffff ffffffff ffffffff  ................
 224f8 ffffffff ffffffff ffffffff ffffffff  ................
 22508 ffffffff ffffffff ffffffff ffffe8e9  ................
 22518 ef594912 03000042 55748bba ff84b0f2  .YI....BUt......
 22528 82aef083 acee82ad ee83b0f3 85b1f284  ................
 22538 b1f383b1 f482adf0 81aaeb81 aaec88ba  ................
 22548 ff55470b 76600b30 2d2b8771 2386722e  .UG.v`.0-+.q#.r.
 22558 789ada40 5476ffff ffffffff ffffffff  x..@Tv..........
 22568 ffffffff ffffffff ffffffff ffffffff  ................
 22578 ffffffff ffffffff ffffffff ffffffff  ................
 22588 ffffffff ffffffff ffffffff ffffffff  ................
 22598 ffffffff ffffffff ffffffff ffffffff  ................
 225a8 ffffffff ffffffff ffffffff ffffffff  ................
 225b8 ffffffff ffffffff ffffffff ffffffff  ................
 225c8 ffffffff ffffffff ffffffff ffffd7d9  ................
 225d8 de382500 7d737063 7ba287b5 fb84b0f2  .8%.}spc{.......
 225e8 84b0f282 aff182ae f183b0f1 84b0f384  ................
 225f8 b1f285b1 f384b0f3 82abed81 aaed8abb  ................
 22608 ff32290b 2c230211 1011624f 08736222  .2).,#....bO.sb"
 22618 6e92d374 8094ffff ffffffff ffffffff  n..t............
 22628 ffffffff ffffffff ffffffff ffffffff  ................
 22638 ffffffff ffffffff ffffffff ffffffff  ................
 22648 ffffffff ffffffff ffffffff ffffffff  ................
 22658 ffffffff ffffffff ffffffff ffffffff  ................
 22668 ffffffff ffffffff ffffffff ffffffff  ................
 22678 ffffffff ffffffff ffffffff ffffffff  ................
 22688 ffffffff ffffffff ffffffff fffff1f2  ................
 22698 f7231200 ffffff5e 7caa85b4 f983aff2  .#.....^|.......
 226a8 83aff283 b0f283b0 f284b0f2 84aff284  ................
 226b8 b0f283af f184b0f1 85b1f484 b0f38dbe  ................
 226c8 ff020000 8075701e 1a18614c 00454127  .....up...aL.EA'
 226d8 7297d8a4 a9b2ffff ffffffff ffffffff  r...............
 226e8 ffffffff ffffffff ffffffff ffffffff  ................
 226f8 ffffffff ffffffff ffffffff ffffffff  ................
 22708 ffffffff ffffffff ffffffff ffffffff  ................
 22718 ffffffff ffffffff ffffffff ffffffff  ................
 22728 ffffffff ffffffff ffffffff ffffffff  ................
 22738 ffffffff ffffffff ffffffff ffffffff  ................
 22748 ffffffff ffffffff ffffffff ffffffff  ................
 22758 ff16110f fff8ef66 90cf87b3 f781aced  .......f........
 22768 82acec82 adee83b0 f284b0f1 83b0f182  ................
 22778 aff181aa eb81aaea 82abec85 b1f485b5  ................
 22788 fd312a24 ffffff6a 605a1812 013d4e6c  .1*$...j`Z...=Nl
 22798 6687bfc0 bdb9ffff ffffffff ffffffff  f...............
 227a8 ffffffff ffffffff ffffffff ffffffff  ................
 227b8 ffffffff ffffffff ffffffff ffffffff  ................
 227c8 ffffffff ffffffff ffffffff ffffffff  ................
 227d8 ffffffff ffffffff ffffffff ffffffff  ................
 227e8 ffffffff ffffffff ffffffff ffffffff  ................
 227f8 ffffffff ffffffff ffffffff ffffffff  ................
 22808 ffffffff ffffffff ffffffff ffffffff  ................
 22818 ff4e4944 c0b7b38c b9fd7ba1 dc82aced  .NID......{.....
 22828 81aaeb81 aaeb82ad ee84b0f2 84b0f383  ................
 22838 aef081aa eb82acec 82abec85 aff178a1  ..............x.
 22848 e2787577 ffffff7c 77730300 006f8ec3  .xuw...|ws...o..
 22858 4f6893ff fffeffff ffffffff ffffffff  Oh..............
 22868 ffffffff ffffffff ffffffff ffffffff  ................
 22878 ffffffff ffffffff ffffffff ffffffff  ................
 22888 ffffffff ffffffff ffffffff ffffffff  ................
 22898 ffffffff ffffffff ffffffff ffffffff  ................
 228a8 ffffffff ffffffff ffffffff ffffffff  ................
 228b8 ffffffff ffffffff ffffffff ffffffff  ................
 228c8 ffffffff ffffffff ffffffff ffffffff  ................
 228d8 ff51565c 36445aa2 cbff6b8e c383adef  .QV\6DZ...k.....
 228e8 82abed81 aaeb82ac ed84b0f3 84b1f285  ................
 228f8 b0f381ab eb82abec 83aef07b 9dd380a7  ...........{....
 22908 e78e94a5 ffffff5c 544c1218 217da0dc  .......\TL..!}..
 22918 738198ff ffffffff ffffffff ffffffff  s...............
 22928 ffffffff ffffffff ffffffff ffffffff  ................
 22938 ffffffff ffffffff ffffffff ffffffff  ................
 22948 ffffffff ffffffff ffffffff ffffffff  ................
 22958 ffffffff ffffffff ffffffff ffffffff  ................
 22968 ffffffff ffffffff ffffffff ffffffff  ................
 22978 ffffffff ffffffff ffffffff ffffffff  ................
 22988 ffffffff ffffffff ffffffff ffffffff  ................
 22998 ff8799b6 87b9ff81 adef6f94 ce82aef0  ..........o.....
 229a8 81aaeb81 aaec82ac ee85b0f3 83b0f383  ................
 229b8 b1f383ae f081aaeb 85aff25a 749c92bb  ...........Zt...
 229c8 fc6781ac f1decf00 00006985 b66f90cb  .g........i..o..
 229d8 a5a8acff ffffffff ffffffff ffffffff  ................
 229e8 ffffffff ffffffff ffffffff ffffffff  ................
 229f8 ffffffff ffffffff ffffffff ffffffff  ................
 22a08 ffffffff ffffffff ffffffff ffffffff  ................
 22a18 ffffffff ffffffff ffffffff ffffffff  ................
 22a28 ffffffff ffffffff ffffffff ffffffff  ................
 22a38 ffffffff ffffffff ffffffff ffffffff  ................
 22a48 ffffffff ffffffff ffffffff ffffffff  ................
 22a58 ffa2a3a4 7caef983 b0f38ab5 f78db4f2  ....|...........
 22a68 7ea9ec82 abec84ad ed86b1f3 85b1f483  ~...............
 22a78 b1f385b1 f482acec 83aeee75 9dd979a2  ...........u..y.
 22a88 e085b0f3 3c527669 85b37795 c74d6793  ....<Rvi..w..Mg.
 22a98 fcf9f3ff ffffffff ffffffff ffffffff  ................
 22aa8 ffffffff ffffffff ffffffff ffffffff  ................
 22ab8 ffffffff ffffffff ffffffff ffffffff  ................
 22ac8 ffffffff ffffffff ffffffff ffffffff  ................
 22ad8 ffffffff ffffffff ffffffff ffffffff  ................
 22ae8 ffffffff ffffffff ffffffff ffffffff  ................
 22af8 ffffffff ffffffff ffffffff ffffffff  ................
 22b08 ffffffff ffffffff ffffffff ffffffff  ................
 22b18 ffffffff 506a9186 b7ff9fc0 f5b6cdf2  ....Pj..........
 22b28 a1bfee87 aeee8bb1 ef8bb2f2 8ab3f486  ................
 22b38 b1f483ae f182aded 83aff185 b2f684b1  ................
 22b48 f483aef0 84adef73 91c27090 c46b7380  .......s..p..ks.
 22b58 ffffffff ffffffff ffffffff ffffffff  ................
 22b68 ffffffff ffffffff ffffffff ffffffff  ................
 22b78 ffffffff ffffffff ffffffff ffffffff  ................
 22b88 ffffffff ffffffff ffffffff ffffffff  ................
 22b98 ffffffff ffffffff ffffffff ffffffff  ................
 22ba8 ffffffff ffffffff ffffffff ffffffff  ................
 22bb8 ffffffff ffffffff ffffffff ffffffff  ................
 22bc8 ffffffff ffffffff ffffffff ffffffff  ................
 22bd8 ffffffff cfcbc459 83c39cc1 fbb5ccf1  .......Y........
 22be8 b8cdf1a2 bfef8cb2 f290b4f4 8fb4f48a  ................
 22bf8 b1f083ac ec81abed 82aeef84 b0f284b1  ................
 22c08 f384b1f4 7da3dd72 8ebe4d69 98dcd9d3  ....}..r..Mi....
 22c18 ffffffff ffffffff ffffffff ffffffff  ................
 22c28 ffffffff ffffffff ffffffff ffffffff  ................
 22c38 ffffffff ffffffff ffffffff ffffffff  ................
 22c48 ffffffff ffffffff ffffffff ffffffff  ................
 22c58 ffffffff ffffffff ffffffff ffffffff  ................
 22c68 ffffffff ffffffff ffffffff ffffffff  ................
 22c78 ffffffff ffffffff ffffffff ffffffff  ................
 22c88 ffffffff ffffffff ffffffff ffffffff  ................
 22c98 ffffffff ffffff81 8386719e e5b6cef6  ..........q.....
 22ca8 b6ccf0b8 cdf193b8 f591b8f6 90b6f58e  ................
 22cb8 b2f089af ed83aced 82acee83 aff184b0  ................
 22cc8 f385b3f7 789ad272 92c55960 6dffffff  ....x..r..Y`m...
 22cd8 ffffffff ffffffff ffffffff ffffffff  ................
 22ce8 ffffffff ffffffff ffffffff ffffffff  ................
 22cf8 ffffffff ffffffff ffffffff ffffffff  ................
 22d08 ffffffff ffffffff ffffffff ffffffff  ................
 22d18 ffffffff ffffffff ffffffff ffffffff  ................
 22d28 ffffffff ffffffff ffffffff ffffffff  ................
 22d38 ffffffff ffffffff ffffffff ffffffff  ................
 22d48 ffffffff ffffffff ffffffff ffffffff  ................
 22d58 ffffffff ffffffff ffff6c74 7e81adf2  ..........lt~...
 22d68 bad3fabd d2f49dc0 f68fb6f5 91b8f68f  ................
 22d78 b5f38cb1 ee84aded 82acee83 aef184b0  ................
 22d88 f383aef1 7999d13b 5074f3f0 eaffffff  ....y..;Pt......
 22d98 ffffffff ffffffff ffffffff ffffffff  ................
 22da8 ffffffff ffffffff ffffffff ffffffff  ................
 22db8 ffffffff ffffffff ffffffff ffffffff  ................
 22dc8 ffffffff ffffffff ffffffff ffffffff  ................
 22dd8 ffffffff ffffffff ffffffff ffffffff  ................
 22de8 ffffffff ffffffff ffffffff ffffffff  ................
 22df8 ffffffff ffffffff ffffffff ffffffff  ................
 22e08 ffffffff ffffffff ffffffff ffffffff  ................
 22e18 ffffffff ffffffff ffffffff ff8d9196  ................
 22e28 6186c1a0 c7ff94bb fa90b6f4 91b7f590  a...............
 22e38 b6f48ab0 ef83adee 82adef84 b0f286b4  ................
 22e48 f87ea3e4 3c537ac0 bdb7ffff ffffffff  .~..<Sz.........
 22e58 ffffffff ffffffff ffffffff ffffffff  ................
 22e68 ffffffff ffffffff ffffffff ffffffff  ................
 22e78 ffffffff ffffffff ffffffff ffffffff  ................
 22e88 ffffffff ffffffff ffffffff ffffffff  ................
 22e98 ffffffff ffffffff ffffffff ffffffff  ................
 22ea8 ffffffff ffffffff ffffffff ffffffff  ................
 22eb8 ffffffff ffffffff ffffffff ffffffff  ................
 22ec8 ffffffff ffffffff ffffffff ffffffff  ................
 22ed8 ffffffff ffffffff ffffffff ffffffff  ................
 22ee8 dad6cf61 70896e93 d18fb9fd 92bafc94  ...ap.n.........
 22ef8 bcfe8bb5 f785b2f6 84b3f984 b4fd6991  ..............i.
 22f08 d24a5466 dedad5ff ffffffff ffffffff  .JTf............
 22f18 ffffffff ffffffff ffffffff ffffffff  ................
 22f28 ffffffff ffffffff ffffffff ffffffff  ................
 22f38 ffffffff ffffffff ffffffff ffffffff  ................
 22f48 ffffffff ffffffff ffffffff ffffffff  ................
 22f58 ffffffff ffffffff ffffffff ffffffff  ................
 22f68 ffffffff ffffffff ffffffff ffffffff  ................
 22f78 ffffffff ffffffff ffffffff ffffffff  ................
 22f88 ffffffff ffffffff ffffffff ffffffff  ................
 22f98 ffffffff ffffffff ffffffff ffffffff  ................
 22fa8 ffffffff ffffe4df d8b1b8c2 8899b45b  ...............[
 22fb8 73995a79 a7607faf 768eb193 9fafdeda  s.Zy.`..v.......
 22fc8 d5ffffff ffffffff ffffffff ffffffff  ................
 22fd8 ffffffff ffffffff ffffffff ffffffff  ................
 22fe8 ffffffff ffffffff ffffffff ffffffff  ................
 22ff8 ffffffff ffffffff ffffffff ffffffff  ................
 23008 ffffffff ffffffff ffffffff ffffffff  ................
 23018 ffffffff ffffffff ffffffff ffffffff  ................
 23028 ffffffff ffffffff ffffffff ffffffff  ................
 23038 ffffffff ffff                        ......          
Contents of section .comment:
 0000 4743433a 2028474e 55292037 2e312e31  GCC: (GNU) 7.1.1
 0010 20323031 37303530 3900                20170509.      
Contents of section .debug_line:
 0000 8d010000 02006e00 00000101 fb0e0d00  ......n.........
 0010 01010101 00000001 0000012f 6f70742f  .........../opt/
 0020 52495343 562f7269 7363762d 746f6f6c  RISCV/riscv-tool
 0030 732f7269 7363762d 676e752d 746f6f6c  s/riscv-gnu-tool
 0040 63686169 6e2f6275 696c642f 2e2e2f72  chain/build/../r
 0050 69736376 2d676363 2f6c6962 6763632f  iscv-gcc/libgcc/
 0060 636f6e66 69672f72 69736376 00006469  config/riscv..di
 0070 762e5300 01000000 00050298 03010003  v.S.............
 0080 c5000103 01090400 01030509 04000103  ................
 0090 01090400 01030109 04000103 01090400  ................
 00a0 01030109 04000103 01090400 01030209  ................
 00b0 04000103 01090400 01030109 04000103  ................
 00c0 01090400 01030209 04000103 02090400  ................
 00d0 01030109 04000103 01090400 01030209  ................
 00e0 04000103 01090400 01030109 04000103  ................
 00f0 02090400 01030509 04000103 01090400  ................
 0100 01030109 04000103 01090400 01030409  ................
 0110 04000103 01090400 01030109 04000103  ................
 0120 01090400 01030209 04000103 02090400  ................
 0130 01030109 04000103 01090400 01030109  ................
 0140 04000103 04090400 01030109 04000103  ................
 0150 01090400 01030209 04000103 01090400  ................
 0160 01030109 04000103 02090400 01030109  ................
 0170 04000103 02090400 01030109 04000103  ................
 0180 01090400 01030109 04000109 04000001  ................
 0190 01                                   .               
Contents of section .debug_info:
 0000 ec000000 02000000 00000401 00000000  ................
 0010 98030100 4c040100 2f6f7074 2f524953  ....L.../opt/RIS
 0020 43562f72 69736376 2d746f6f 6c732f72  CV/riscv-tools/r
 0030 69736376 2d676e75 2d746f6f 6c636861  iscv-gnu-toolcha
 0040 696e2f62 75696c64 2f2e2e2f 72697363  in/build/../risc
 0050 762d6763 632f6c69 62676363 2f636f6e  v-gcc/libgcc/con
 0060 6669672f 72697363 762f6469 762e5300  fig/riscv/div.S.
 0070 2f6f7074 2f524953 43562f72 69736376  /opt/RISCV/riscv
 0080 2d746f6f 6c732f72 69736376 2d676e75  -tools/riscv-gnu
 0090 2d746f6f 6c636861 696e2f62 75696c64  -toolchain/build
 00a0 2f627569 6c642d67 63632d6e 65776c69  /build-gcc-newli
 00b0 622d7374 61676532 2f726973 63763634  b-stage2/riscv64
 00c0 2d756e6b 6e6f776e 2d656c66 2f727633  -unknown-elf/rv3
 00d0 32692f69 6c703332 2f6c6962 67636300  2i/ilp32/libgcc.
 00e0 474e5520 41532032 2e32382e 30000180  GNU AS 2.28.0...
Contents of section .debug_abbrev:
 0000 01110010 06110112 0103081b 08250813  .............%..
 0010 05000000                             ....            
Contents of section .debug_aranges:
 0000 1c000000 02000000 00000400 00000000  ................
 0010 98030100 b4000000 00000000 00000000  ................

Disassembly of section .text0:

00000000 <_start>:
   0:	00000093          	li	ra,0
   4:	00000113          	li	sp,0
   8:	00000193          	li	gp,0
   c:	00000213          	li	tp,0
  10:	00000293          	li	t0,0
  14:	00000313          	li	t1,0
  18:	00000393          	li	t2,0
  1c:	00000413          	li	s0,0
  20:	00000493          	li	s1,0
  24:	00000513          	li	a0,0
  28:	00000593          	li	a1,0
  2c:	00000613          	li	a2,0
  30:	00000693          	li	a3,0
  34:	00000713          	li	a4,0
  38:	00000793          	li	a5,0
  3c:	00000813          	li	a6,0
  40:	00000893          	li	a7,0
  44:	00000913          	li	s2,0
  48:	00000993          	li	s3,0
  4c:	00000a13          	li	s4,0
  50:	00000a93          	li	s5,0
  54:	00000b13          	li	s6,0
  58:	00000b93          	li	s7,0
  5c:	00000c13          	li	s8,0
  60:	00000c93          	li	s9,0
  64:	00000d13          	li	s10,0
  68:	00000d93          	li	s11,0
  6c:	00000e13          	li	t3,0
  70:	00000e93          	li	t4,0
  74:	00000f13          	li	t5,0
  78:	00000f93          	li	t6,0
  7c:	00020197          	auipc	gp,0x20
  80:	78418193          	addi	gp,gp,1924 # 20800 <_gp>

00000084 <init_bss>:
  84:	00023517          	auipc	a0,0x23
  88:	fbc50513          	addi	a0,a0,-68 # 23040 <__bss_end>
  8c:	00023597          	auipc	a1,0x23
  90:	fb058593          	addi	a1,a1,-80 # 2303c <_gp+0x283c>
  94:	00000613          	li	a2,0
  98:	070000ef          	jal	ra,108 <fill_block>

0000009c <init_sbss>:
  9c:	00020517          	auipc	a0,0x20
  a0:	f6450513          	addi	a0,a0,-156 # 20000 <__sbss_end>
  a4:	00020597          	auipc	a1,0x20
  a8:	f5858593          	addi	a1,a1,-168 # 1fffc <__rodata_end+0xfbb0>
  ac:	00000613          	li	a2,0
  b0:	058000ef          	jal	ra,108 <fill_block>

000000b4 <write_stack_pattern>:
  b4:	00023517          	auipc	a0,0x23
  b8:	f8c50513          	addi	a0,a0,-116 # 23040 <__bss_end>
  bc:	00024597          	auipc	a1,0x24
  c0:	f8058593          	addi	a1,a1,-128 # 2403c <__bss_end+0xffc>
  c4:	00000613          	li	a2,0
  c8:	040000ef          	jal	ra,108 <fill_block>

000000cc <init_stack>:
  cc:	00024117          	auipc	sp,0x24
  d0:	f7410113          	addi	sp,sp,-140 # 24040 <__stack>

000000d4 <write_test_pattern>:
  d4:	20100517          	auipc	a0,0x20100
  d8:	f2c50513          	addi	a0,a0,-212 # 20100000 <_test_start>
  dc:	20104597          	auipc	a1,0x20104
  e0:	f2058593          	addi	a1,a1,-224 # 20103ffc <_test_start+0x3ffc>
  e4:	00000613          	li	a2,0
  e8:	020000ef          	jal	ra,108 <fill_block>

000000ec <SystemInit>:
  ec:	030000ef          	jal	ra,11c <boot>
  f0:	0d4100ef          	jal	ra,101c4 <main>

000000f4 <SystemExit>:
  f4:	00040297          	auipc	t0,0x40
  f8:	f0828293          	addi	t0,t0,-248 # 3fffc <_sim_end>
  fc:	fff00313          	li	t1,-1
 100:	0062a023          	sw	t1,0(t0)

00000104 <dead_loop>:
 104:	0000006f          	j	104 <dead_loop>

00000108 <fill_block>:
 108:	00a5e863          	bltu	a1,a0,118 <fb_end>
 10c:	00c52023          	sw	a2,0(a0)
 110:	00450513          	addi	a0,a0,4
 114:	ff5ff06f          	j	108 <fill_block>

00000118 <fb_end>:
 118:	00008067          	ret

0000011c <boot>:
 11c:	fe010113          	addi	sp,sp,-32
 120:	00812e23          	sw	s0,28(sp)
 124:	02010413          	addi	s0,sp,32
 128:	100207b7          	lui	a5,0x10020
 12c:	fef42623          	sw	a5,-20(s0)
 130:	30046073          	csrsi	mstatus,8
 134:	00001fb7          	lui	t6,0x1
 138:	800f8f93          	addi	t6,t6,-2048 # 800 <boot+0x6e4>
 13c:	304fa073          	csrs	mie,t6
 140:	fec42783          	lw	a5,-20(s0)
 144:	20078793          	addi	a5,a5,512 # 10020200 <_end+0xffe0200>
 148:	20000737          	lui	a4,0x20000
 14c:	00070713          	mv	a4,a4
 150:	00e7a023          	sw	a4,0(a5)
 154:	fec42783          	lw	a5,-20(s0)
 158:	30078793          	addi	a5,a5,768
 15c:	00010737          	lui	a4,0x10
 160:	00070713          	mv	a4,a4
 164:	00e7a023          	sw	a4,0(a5)
 168:	200007b7          	lui	a5,0x20000
 16c:	44c78713          	addi	a4,a5,1100 # 2000044c <_dram_i_end>
 170:	200007b7          	lui	a5,0x20000
 174:	00078793          	mv	a5,a5
 178:	40f707b3          	sub	a5,a4,a5
 17c:	0027d713          	srli	a4,a5,0x2
 180:	fec42783          	lw	a5,-20(s0)
 184:	40078793          	addi	a5,a5,1024 # 20000400 <_dram_i_start+0x400>
 188:	00170713          	addi	a4,a4,1 # 10001 <_imem_start+0x1>
 18c:	00e7a023          	sw	a4,0(a5)
 190:	fec42783          	lw	a5,-20(s0)
 194:	10078793          	addi	a5,a5,256
 198:	00100713          	li	a4,1
 19c:	00e7a023          	sw	a4,0(a5)
 1a0:	10500073          	wfi
 1a4:	fec42783          	lw	a5,-20(s0)
 1a8:	20078793          	addi	a5,a5,512
 1ac:	20104737          	lui	a4,0x20104
 1b0:	00070713          	mv	a4,a4
 1b4:	00e7a023          	sw	a4,0(a5)
 1b8:	fec42783          	lw	a5,-20(s0)
 1bc:	30078793          	addi	a5,a5,768
 1c0:	00020737          	lui	a4,0x20
 1c4:	00070713          	mv	a4,a4
 1c8:	00e7a023          	sw	a4,0(a5)
 1cc:	000207b7          	lui	a5,0x20
 1d0:	00878713          	addi	a4,a5,8 # 20008 <__sdata_end>
 1d4:	000207b7          	lui	a5,0x20
 1d8:	00078793          	mv	a5,a5
 1dc:	40f707b3          	sub	a5,a4,a5
 1e0:	0027d713          	srli	a4,a5,0x2
 1e4:	fec42783          	lw	a5,-20(s0)
 1e8:	40078793          	addi	a5,a5,1024 # 20400 <__sdata_end+0x3f8>
 1ec:	00170713          	addi	a4,a4,1 # 20001 <__sbss_end+0x1>
 1f0:	00e7a023          	sw	a4,0(a5)
 1f4:	fec42783          	lw	a5,-20(s0)
 1f8:	10078793          	addi	a5,a5,256
 1fc:	00100713          	li	a4,1
 200:	00e7a023          	sw	a4,0(a5)
 204:	10500073          	wfi
 208:	fec42783          	lw	a5,-20(s0)
 20c:	20078793          	addi	a5,a5,512
 210:	20104737          	lui	a4,0x20104
 214:	00870713          	addi	a4,a4,8 # 20104008 <__data_paddr_start>
 218:	00e7a023          	sw	a4,0(a5)
 21c:	fec42783          	lw	a5,-20(s0)
 220:	30078793          	addi	a5,a5,768
 224:	00020737          	lui	a4,0x20
 228:	00870713          	addi	a4,a4,8 # 20008 <__sdata_end>
 22c:	00e7a023          	sw	a4,0(a5)
 230:	000237b7          	lui	a5,0x23
 234:	03e78713          	addi	a4,a5,62 # 2303e <__data_end>
 238:	000207b7          	lui	a5,0x20
 23c:	00878793          	addi	a5,a5,8 # 20008 <__sdata_end>
 240:	40f707b3          	sub	a5,a4,a5
 244:	0027d713          	srli	a4,a5,0x2
 248:	fec42783          	lw	a5,-20(s0)
 24c:	40078793          	addi	a5,a5,1024
 250:	00170713          	addi	a4,a4,1
 254:	00e7a023          	sw	a4,0(a5)
 258:	fec42783          	lw	a5,-20(s0)
 25c:	10078793          	addi	a5,a5,256
 260:	00100713          	li	a4,1
 264:	00e7a023          	sw	a4,0(a5)
 268:	10500073          	wfi
 26c:	00000013          	nop
 270:	01c12403          	lw	s0,28(sp)
 274:	02010113          	addi	sp,sp,32
 278:	00008067          	ret

Disassembly of section .text1:

00010000 <_imem_start>:
   10000:	f8410113          	addi	sp,sp,-124
   10004:	00112023          	sw	ra,0(sp)
   10008:	00212223          	sw	sp,4(sp)
   1000c:	00312423          	sw	gp,8(sp)
   10010:	00412623          	sw	tp,12(sp)
   10014:	00512823          	sw	t0,16(sp)
   10018:	00612a23          	sw	t1,20(sp)
   1001c:	00712c23          	sw	t2,24(sp)
   10020:	00812e23          	sw	s0,28(sp)
   10024:	02912023          	sw	s1,32(sp)
   10028:	02a12223          	sw	a0,36(sp)
   1002c:	02b12423          	sw	a1,40(sp)
   10030:	02c12623          	sw	a2,44(sp)
   10034:	02d12823          	sw	a3,48(sp)
   10038:	02e12a23          	sw	a4,52(sp)
   1003c:	02f12c23          	sw	a5,56(sp)
   10040:	03012e23          	sw	a6,60(sp)
   10044:	05112023          	sw	a7,64(sp)
   10048:	05212223          	sw	s2,68(sp)
   1004c:	05312423          	sw	s3,72(sp)
   10050:	05412623          	sw	s4,76(sp)
   10054:	05512823          	sw	s5,80(sp)
   10058:	05612a23          	sw	s6,84(sp)
   1005c:	05712c23          	sw	s7,88(sp)
   10060:	05812e23          	sw	s8,92(sp)
   10064:	07912023          	sw	s9,96(sp)
   10068:	07a12223          	sw	s10,100(sp)
   1006c:	07b12423          	sw	s11,104(sp)
   10070:	07c12623          	sw	t3,108(sp)
   10074:	07d12823          	sw	t4,112(sp)
   10078:	07e12a23          	sw	t5,116(sp)
   1007c:	07f12c23          	sw	t6,120(sp)
   10080:	0f0000ef          	jal	ra,10170 <trap_handler>
   10084:	00012083          	lw	ra,0(sp)
   10088:	00412103          	lw	sp,4(sp)
   1008c:	00812183          	lw	gp,8(sp)
   10090:	00c12203          	lw	tp,12(sp)
   10094:	01012283          	lw	t0,16(sp)
   10098:	01412303          	lw	t1,20(sp)
   1009c:	01812383          	lw	t2,24(sp)
   100a0:	01c12403          	lw	s0,28(sp)
   100a4:	02012483          	lw	s1,32(sp)
   100a8:	02412503          	lw	a0,36(sp)
   100ac:	02812583          	lw	a1,40(sp)
   100b0:	02c12603          	lw	a2,44(sp)
   100b4:	03012683          	lw	a3,48(sp)
   100b8:	03412703          	lw	a4,52(sp)
   100bc:	03812783          	lw	a5,56(sp)
   100c0:	03c12803          	lw	a6,60(sp)
   100c4:	04012883          	lw	a7,64(sp)
   100c8:	04412903          	lw	s2,68(sp)
   100cc:	04812983          	lw	s3,72(sp)
   100d0:	04c12a03          	lw	s4,76(sp)
   100d4:	05012a83          	lw	s5,80(sp)
   100d8:	05412b03          	lw	s6,84(sp)
   100dc:	05812b83          	lw	s7,88(sp)
   100e0:	05c12c03          	lw	s8,92(sp)
   100e4:	06012c83          	lw	s9,96(sp)
   100e8:	06412d03          	lw	s10,100(sp)
   100ec:	06812d83          	lw	s11,104(sp)
   100f0:	06c12e03          	lw	t3,108(sp)
   100f4:	07012e83          	lw	t4,112(sp)
   100f8:	07412f03          	lw	t5,116(sp)
   100fc:	07812f83          	lw	t6,120(sp)
   10100:	07c10113          	addi	sp,sp,124
   10104:	30200073          	mret

00010108 <timer_interrupt_handler>:
   10108:	ff010113          	addi	sp,sp,-16
   1010c:	00812623          	sw	s0,12(sp)
   10110:	01010413          	addi	s0,sp,16
   10114:	30006073          	csrsi	mstatus,0
   10118:	000207b7          	lui	a5,0x20
   1011c:	0007a783          	lw	a5,0(a5) # 20000 <__sbss_end>
   10120:	10078793          	addi	a5,a5,256
   10124:	0007a023          	sw	zero,0(a5)
   10128:	ed9ef06f          	j	0 <_start>
   1012c:	00000013          	nop
   10130:	00c12403          	lw	s0,12(sp)
   10134:	01010113          	addi	sp,sp,16
   10138:	00008067          	ret

0001013c <external_interrupt_handler>:
   1013c:	fe010113          	addi	sp,sp,-32
   10140:	00812e23          	sw	s0,28(sp)
   10144:	02010413          	addi	s0,sp,32
   10148:	100207b7          	lui	a5,0x10020
   1014c:	fef42623          	sw	a5,-20(s0)
   10150:	30006073          	csrsi	mstatus,0
   10154:	fec42783          	lw	a5,-20(s0)
   10158:	10078793          	addi	a5,a5,256 # 10020100 <_end+0xffe0100>
   1015c:	0007a023          	sw	zero,0(a5)
   10160:	00000013          	nop
   10164:	01c12403          	lw	s0,28(sp)
   10168:	02010113          	addi	sp,sp,32
   1016c:	00008067          	ret

00010170 <trap_handler>:
   10170:	fe010113          	addi	sp,sp,-32
   10174:	00112e23          	sw	ra,28(sp)
   10178:	00812c23          	sw	s0,24(sp)
   1017c:	02010413          	addi	s0,sp,32
   10180:	344027f3          	csrr	a5,mip
   10184:	fef42623          	sw	a5,-20(s0)
   10188:	fec42783          	lw	a5,-20(s0)
   1018c:	0807f793          	andi	a5,a5,128
   10190:	00078463          	beqz	a5,10198 <trap_handler+0x28>
   10194:	f75ff0ef          	jal	ra,10108 <timer_interrupt_handler>
   10198:	fec42703          	lw	a4,-20(s0)
   1019c:	000017b7          	lui	a5,0x1
   101a0:	80078793          	addi	a5,a5,-2048 # 800 <boot+0x6e4>
   101a4:	00f777b3          	and	a5,a4,a5
   101a8:	00078463          	beqz	a5,101b0 <trap_handler+0x40>
   101ac:	f91ff0ef          	jal	ra,1013c <external_interrupt_handler>
   101b0:	00000013          	nop
   101b4:	01c12083          	lw	ra,28(sp)
   101b8:	01812403          	lw	s0,24(sp)
   101bc:	02010113          	addi	sp,sp,32
   101c0:	00008067          	ret

000101c4 <main>:
   101c4:	fd010113          	addi	sp,sp,-48
   101c8:	02112623          	sw	ra,44(sp)
   101cc:	02812423          	sw	s0,40(sp)
   101d0:	03010413          	addi	s0,sp,48
   101d4:	000207b7          	lui	a5,0x20
   101d8:	00878793          	addi	a5,a5,8 # 20008 <__sdata_end>
   101dc:	fef42423          	sw	a5,-24(s0)
   101e0:	201007b7          	lui	a5,0x20100
   101e4:	00078793          	mv	a5,a5
   101e8:	fef42223          	sw	a5,-28(s0)
   101ec:	000037b7          	lui	a5,0x3
   101f0:	03678793          	addi	a5,a5,54 # 3036 <_binary_image_bmp_size>
   101f4:	fef42023          	sw	a5,-32(s0)
   101f8:	fe042623          	sw	zero,-20(s0)
   101fc:	1780006f          	j	10374 <main+0x1b0>
   10200:	fec42703          	lw	a4,-20(s0)
   10204:	03500793          	li	a5,53
   10208:	06e7cc63          	blt	a5,a4,10280 <main+0xbc>
   1020c:	fec42783          	lw	a5,-20(s0)
   10210:	fe842703          	lw	a4,-24(s0)
   10214:	00f70733          	add	a4,a4,a5
   10218:	fec42783          	lw	a5,-20(s0)
   1021c:	fe442683          	lw	a3,-28(s0)
   10220:	00f687b3          	add	a5,a3,a5
   10224:	00074703          	lbu	a4,0(a4)
   10228:	00e78023          	sb	a4,0(a5)
   1022c:	fec42783          	lw	a5,-20(s0)
   10230:	00178793          	addi	a5,a5,1
   10234:	fe842703          	lw	a4,-24(s0)
   10238:	00f70733          	add	a4,a4,a5
   1023c:	fec42783          	lw	a5,-20(s0)
   10240:	00178793          	addi	a5,a5,1
   10244:	fe442683          	lw	a3,-28(s0)
   10248:	00f687b3          	add	a5,a3,a5
   1024c:	00074703          	lbu	a4,0(a4)
   10250:	00e78023          	sb	a4,0(a5)
   10254:	fec42783          	lw	a5,-20(s0)
   10258:	00278793          	addi	a5,a5,2
   1025c:	fe842703          	lw	a4,-24(s0)
   10260:	00f70733          	add	a4,a4,a5
   10264:	fec42783          	lw	a5,-20(s0)
   10268:	00278793          	addi	a5,a5,2
   1026c:	fe442683          	lw	a3,-28(s0)
   10270:	00f687b3          	add	a5,a3,a5
   10274:	00074703          	lbu	a4,0(a4)
   10278:	00e78023          	sb	a4,0(a5)
   1027c:	0ec0006f          	j	10368 <main+0x1a4>
   10280:	fec42783          	lw	a5,-20(s0)
   10284:	fe842703          	lw	a4,-24(s0)
   10288:	00f707b3          	add	a5,a4,a5
   1028c:	0007c783          	lbu	a5,0(a5)
   10290:	fcf40fa3          	sb	a5,-33(s0)
   10294:	fec42783          	lw	a5,-20(s0)
   10298:	00178793          	addi	a5,a5,1
   1029c:	fe842703          	lw	a4,-24(s0)
   102a0:	00f707b3          	add	a5,a4,a5
   102a4:	0007c783          	lbu	a5,0(a5)
   102a8:	fcf40f23          	sb	a5,-34(s0)
   102ac:	fec42783          	lw	a5,-20(s0)
   102b0:	00278793          	addi	a5,a5,2
   102b4:	fe842703          	lw	a4,-24(s0)
   102b8:	00f707b3          	add	a5,a4,a5
   102bc:	0007c783          	lbu	a5,0(a5)
   102c0:	fcf40ea3          	sb	a5,-35(s0)
   102c4:	fdf44703          	lbu	a4,-33(s0)
   102c8:	00070793          	mv	a5,a4
   102cc:	00179793          	slli	a5,a5,0x1
   102d0:	00e787b3          	add	a5,a5,a4
   102d4:	00279793          	slli	a5,a5,0x2
   102d8:	40e786b3          	sub	a3,a5,a4
   102dc:	fde44703          	lbu	a4,-34(s0)
   102e0:	00070793          	mv	a5,a4
   102e4:	00479793          	slli	a5,a5,0x4
   102e8:	40e787b3          	sub	a5,a5,a4
   102ec:	00279793          	slli	a5,a5,0x2
   102f0:	40e787b3          	sub	a5,a5,a4
   102f4:	00f686b3          	add	a3,a3,a5
   102f8:	fdd44703          	lbu	a4,-35(s0)
   102fc:	00070793          	mv	a5,a4
   10300:	00479793          	slli	a5,a5,0x4
   10304:	40e787b3          	sub	a5,a5,a4
   10308:	00179793          	slli	a5,a5,0x1
   1030c:	00f687b3          	add	a5,a3,a5
   10310:	06400593          	li	a1,100
   10314:	00078513          	mv	a0,a5
   10318:	080000ef          	jal	ra,10398 <__divsi3>
   1031c:	00050793          	mv	a5,a0
   10320:	fcf40e23          	sb	a5,-36(s0)
   10324:	fec42783          	lw	a5,-20(s0)
   10328:	fe442703          	lw	a4,-28(s0)
   1032c:	00f707b3          	add	a5,a4,a5
   10330:	fdc44703          	lbu	a4,-36(s0)
   10334:	00e78023          	sb	a4,0(a5)
   10338:	fec42783          	lw	a5,-20(s0)
   1033c:	00178793          	addi	a5,a5,1
   10340:	fe442703          	lw	a4,-28(s0)
   10344:	00f707b3          	add	a5,a4,a5
   10348:	fdc44703          	lbu	a4,-36(s0)
   1034c:	00e78023          	sb	a4,0(a5)
   10350:	fec42783          	lw	a5,-20(s0)
   10354:	00278793          	addi	a5,a5,2
   10358:	fe442703          	lw	a4,-28(s0)
   1035c:	00f707b3          	add	a5,a4,a5
   10360:	fdc44703          	lbu	a4,-36(s0)
   10364:	00e78023          	sb	a4,0(a5)
   10368:	fec42783          	lw	a5,-20(s0)
   1036c:	00378793          	addi	a5,a5,3
   10370:	fef42623          	sw	a5,-20(s0)
   10374:	fec42783          	lw	a5,-20(s0)
   10378:	fe042703          	lw	a4,-32(s0)
   1037c:	e8e7e2e3          	bltu	a5,a4,10200 <main+0x3c>
   10380:	00000793          	li	a5,0
   10384:	00078513          	mv	a0,a5
   10388:	02c12083          	lw	ra,44(sp)
   1038c:	02812403          	lw	s0,40(sp)
   10390:	03010113          	addi	sp,sp,48
   10394:	00008067          	ret

00010398 <__divsi3>:
   10398:	06054063          	bltz	a0,103f8 <__umodsi3+0x10>
   1039c:	0605c663          	bltz	a1,10408 <__umodsi3+0x20>

000103a0 <__udivsi3>:
   103a0:	00058613          	mv	a2,a1
   103a4:	00050593          	mv	a1,a0
   103a8:	fff00513          	li	a0,-1
   103ac:	02060c63          	beqz	a2,103e4 <__udivsi3+0x44>
   103b0:	00100693          	li	a3,1
   103b4:	00b67a63          	bleu	a1,a2,103c8 <__udivsi3+0x28>
   103b8:	00c05863          	blez	a2,103c8 <__udivsi3+0x28>
   103bc:	00161613          	slli	a2,a2,0x1
   103c0:	00169693          	slli	a3,a3,0x1
   103c4:	feb66ae3          	bltu	a2,a1,103b8 <__udivsi3+0x18>
   103c8:	00000513          	li	a0,0
   103cc:	00c5e663          	bltu	a1,a2,103d8 <__udivsi3+0x38>
   103d0:	40c585b3          	sub	a1,a1,a2
   103d4:	00d56533          	or	a0,a0,a3
   103d8:	0016d693          	srli	a3,a3,0x1
   103dc:	00165613          	srli	a2,a2,0x1
   103e0:	fe0696e3          	bnez	a3,103cc <__udivsi3+0x2c>
   103e4:	00008067          	ret

000103e8 <__umodsi3>:
   103e8:	00008293          	mv	t0,ra
   103ec:	fb5ff0ef          	jal	ra,103a0 <__udivsi3>
   103f0:	00058513          	mv	a0,a1
   103f4:	00028067          	jr	t0
   103f8:	40a00533          	neg	a0,a0
   103fc:	0005d863          	bgez	a1,1040c <__umodsi3+0x24>
   10400:	40b005b3          	neg	a1,a1
   10404:	f9dff06f          	j	103a0 <__udivsi3>
   10408:	40b005b3          	neg	a1,a1
   1040c:	00008293          	mv	t0,ra
   10410:	f91ff0ef          	jal	ra,103a0 <__udivsi3>
   10414:	40a00533          	neg	a0,a0
   10418:	00028067          	jr	t0

0001041c <__modsi3>:
   1041c:	00008293          	mv	t0,ra
   10420:	0005ca63          	bltz	a1,10434 <__modsi3+0x18>
   10424:	00054c63          	bltz	a0,1043c <__modsi3+0x20>
   10428:	f79ff0ef          	jal	ra,103a0 <__udivsi3>
   1042c:	00058513          	mv	a0,a1
   10430:	00028067          	jr	t0
   10434:	40b005b3          	neg	a1,a1
   10438:	fe0558e3          	bgez	a0,10428 <__modsi3+0xc>
   1043c:	40a00533          	neg	a0,a0
   10440:	f61ff0ef          	jal	ra,103a0 <__udivsi3>
   10444:	40b00533          	neg	a0,a1
   10448:	00028067          	jr	t0
