
main:     file format elf32-littleriscv
main
architecture: riscv:rv32, flags 0x00000112:
EXEC_P, HAS_SYMS, D_PAGED
start address 0x00000000

Program Header:
0x70000003 off    0x0000700f vaddr 0x00000000 paddr 0x00000000 align 2**0
         filesz 0x00000064 memsz 0x00000000 flags r--
    LOAD off    0x00001000 vaddr 0x00000000 paddr 0x00000000 align 2**12
         filesz 0x00000284 memsz 0x00000284 flags r-x
    LOAD off    0x00002000 vaddr 0x00010000 paddr 0x20000000 align 2**12
         filesz 0x000042b4 memsz 0x000042b4 flags r-x
    LOAD off    0x00000000 vaddr 0x20100000 paddr 0x20100000 align 2**12
         filesz 0x00000000 memsz 0x00001000 flags rw-
    LOAD off    0x00007000 vaddr 0x00020000 paddr 0x20101000 align 2**12
         filesz 0x00000000 memsz 0x00001000 flags rw-
   STACK off    0x00000000 vaddr 0x00000000 paddr 0x00000000 align 2**4
         filesz 0x00000000 memsz 0x00000000 flags rw-

Sections:
Idx Name          Size      VMA       LMA       File off  Algn
  0 .text0        00000284  00000000  00000000  00001000  2**2
                  CONTENTS, ALLOC, LOAD, READONLY, CODE
  1 .text1        000002ac  00010000  20000000  00002000  2**2
                  CONTENTS, ALLOC, LOAD, READONLY, CODE
  2 .rodata       00004008  000102ac  200002ac  000022ac  2**2
                  CONTENTS, ALLOC, LOAD, READONLY, DATA
  3 _test         00001000  20100000  20100000  00007000  2**0
                  ALLOC
  4 .data         00000000  00020000  20101000  00007000  2**0
                  CONTENTS, ALLOC, LOAD, DATA
  5 .bss          00000000  00020000  20101000  00007000  2**0
                  ALLOC
  6 .stack        00001000  00020000  20101000  00007000  2**0
                  ALLOC
  7 .comment      0000000f  00000000  00000000  00007000  2**0
                  CONTENTS, READONLY
  8 .riscv.attributes 00000064  00000000  00000000  0000700f  2**0
                  CONTENTS, READONLY
SYMBOL TABLE:
00000000 l    d  .text0	00000000 .text0
00010000 l    d  .text1	00000000 .text1
000102ac l    d  .rodata	00000000 .rodata
20100000 l    d  _test	00000000 _test
00020000 l    d  .data	00000000 .data
00020000 l    d  .bss	00000000 .bss
00020000 l    d  .stack	00000000 .stack
00000000 l    d  .comment	00000000 .comment
00000000 l    d  .riscv.attributes	00000000 .riscv.attributes
00000000 l    df *ABS*	00000000 setup.o
00000000 l       .text0	00000000 $xrv32i2p1_m2p0_f2p2_zicsr2p0_zmmul1p0_zve32x1p0_zve64x1p0_zvl32b1p0_zvl64b1p0
00000084 l       .text0	00000000 init_bss
00000108 l       .text0	00000000 fill_block
0000009c l       .text0	00000000 init_sbss
000000b4 l       .text0	00000000 write_stack_pattern
000000cc l       .text0	00000000 init_stack
000000d4 l       .text0	00000000 write_test_pattern
000000ec l       .text0	00000000 SystemInit
000000f4 l       .text0	00000000 SystemExit
00000104 l       .text0	00000000 dead_loop
00000118 l       .text0	00000000 fb_end
00000000 l    df *ABS*	00000000 boot.c
0000011c l       .text0	00000000 $xrv32i2p1_m2p0_f2p2_zicsr2p0_zmmul1p0_zve32x1p0_zve64x1p0_zvl32b1p0_zvl64b1p0
00000000 l    df *ABS*	00000000 isr.o
00010000 l       .text1	00000000 $xrv32i2p1_m2p0_f2p2_zicsr2p0_zmmul1p0_zve32x1p0_zve64x1p0_zvl32b1p0_zvl64b1p0
00000000 l    df *ABS*	00000000 main.c
00010108 l       .text1	00000000 $xrv32i2p1_m2p0_f2p2_zicsr2p0_zmmul1p0_zve32x1p0_zve64x1p0_zvl32b1p0_zvl64b1p0
000102b0 g       .rodata	00000000 array1_addr
000122b0 g       .rodata	00000000 array2_size
20100000 g       _test	00000000 _test_start
20101000 g       *ABS*	00000000 __data_paddr_start
00020000 g       _test	00000000 __sbss_start
00020800 g       _test	00000000 _gp
20101000 g       _test	00000000 _test_end
00010000 g       .text1	00000000 _imem_start
00001000 g       *ABS*	00000000 _TEST_SIZE
20101000 g       *ABS*	00000000 __sdata_paddr_start
00020000 g       _test	00000000 __sdata_start
000142b4 g       .rodata	00000000 __rodata_end
0000011c g     F .text0	00000168 boot
00020000 g       .bss	00000000 __bss_end
00010184 g     F .text1	00000054 trap_handler
00020000 g       _test	00000000 __sbss_end
00000000 g       .text0	00000000 _start
000102ac g       .rodata	00000000 __rodata_start
00010108 g     F .text1	00000040 timer_interrupt_handler
00010148 g     F .text1	0000003c external_interrupt_handler
00020000 g       .data	00000000 __data_end
20000000 g       .rodata	00000000 _dram_i_start
00020000 g       .bss	00000000 __bss_start
00001000 g       *ABS*	00000000 _STACK_SIZE
0003fffc g       .stack	00000000 _sim_end
000101d8 g     F .text1	000000d4 main
00010000 g       .text1	00000000 trap_entry
00020000 g       .stack	00000000 _stack_end
00020000 g       _test	00000000 __sdata_end
000102ac g       .rodata	00000000 array1_size
200042b4 g       .rodata	00000000 _dram_i_end
000122b4 g       .rodata	00000000 array2_addr
00021000 g       .stack	00000000 __stack
00040000 g       .stack	00000000 _end
00021000 g       .stack	00000000 _stack
00020000 g       .data	00000000 __data_start


Contents of section .text0:
 0000 93000000 13010000 93010000 13020000  ................
 0010 93020000 13030000 93030000 13040000  ................
 0020 93040000 13050000 93050000 13060000  ................
 0030 93060000 13070000 93070000 13080000  ................
 0040 93080000 13090000 93090000 130a0000  ................
 0050 930a0000 130b0000 930b0000 130c0000  ................
 0060 930c0000 130d0000 930d0000 130e0000  ................
 0070 930e0000 130f0000 930f0000 97010200  ................
 0080 93814178 17050200 1305c5f7 97050200  ..Ax............
 0090 938505f7 13060000 ef000007 17050200  ................
 00a0 130545f6 97050200 938585f5 13060000  ..E.............
 00b0 ef008005 17050200 1305c5f4 97150200  ................
 00c0 938505f4 13060000 ef000004 17110200  ................
 00d0 130141f3 17051020 1305c5f2 97151020  ..A.... ....... 
 00e0 938505f2 13060000 ef000002 ef000003  ................
 00f0 ef00810e 97020400 938282f0 1303f0ff  ................
 0100 23a06200 6f000000 63e8a500 2320c500  #.b.o...c...# ..
 0110 13054500 6ff05fff 67800000 130101fe  ..E.o._.g.......
 0120 232e1100 232c8100 13040102 b7070210  #...#,..........
 0130 2326f4fe 73600430 b71f0000 938f0f80  #&..s`.0........
 0140 73a04f30 8327c4fe 93870720 37070020  s.O0.'..... 7.. 
 0150 13070700 23a0e700 8327c4fe 93870730  ....#....'.....0
 0160 37070100 13070700 23a0e700 b7470020  7.......#....G. 
 0170 1387472b b7070020 93870700 b307f740  ..G+... .......@
 0180 13d72700 8327c4fe 93870740 13071700  ..'..'.....@....
 0190 23a0e700 8327c4fe 93870710 13071000  #....'..........
 01a0 23a0e700 73005010 8327c4fe 93870720  #...s.P..'..... 
 01b0 37171020 13070700 23a0e700 8327c4fe  7.. ....#....'..
 01c0 93870730 37070200 13070700 23a0e700  ...07.......#...
 01d0 b7070200 13870700 b7070200 93870700  ................
 01e0 b307f740 13d72700 8327c4fe 93870740  ...@..'..'.....@
 01f0 13071700 23a0e700 8327c4fe 93870710  ....#....'......
 0200 13071000 23a0e700 73005010 8327c4fe  ....#...s.P..'..
 0210 93870720 37171020 13070700 23a0e700  ... 7.. ....#...
 0220 8327c4fe 93870730 37070200 13070700  .'.....07.......
 0230 23a0e700 b7070200 13870700 b7070200  #...............
 0240 93870700 b307f740 13d72700 8327c4fe  .......@..'..'..
 0250 93870740 13071700 23a0e700 8327c4fe  ...@....#....'..
 0260 93870710 13071000 23a0e700 73005010  ........#...s.P.
 0270 13000000 8320c101 03248101 13010102  ..... ...$......
 0280 67800000                             g...            
Contents of section .text1:
 10000 130141f8 23201100 23222100 23243100  ..A.# ..#"!.#$1.
 10010 23264100 23285100 232a6100 232c7100  #&A.#(Q.#*a.#,q.
 10020 232e8100 23209102 2322a102 2324b102  #...# ..#"..#$..
 10030 2326c102 2328d102 232ae102 232cf102  #&..#(..#*..#,..
 10040 232e0103 23201105 23222105 23243105  #...# ..#"!.#$1.
 10050 23264105 23285105 232a6105 232c7105  #&A.#(Q.#*a.#,q.
 10060 232e8105 23209107 2322a107 2324b107  #...# ..#"..#$..
 10070 2326c107 2328d107 232ae107 232cf107  #&..#(..#*..#,..
 10080 ef004010 83200100 03214100 83218100  ..@.. ...!A..!..
 10090 0322c100 83220101 03234101 83238101  ."..."...#A..#..
 100a0 0324c101 83240102 03254102 83258102  .$...$...%A..%..
 100b0 0326c102 83260103 03274103 83278103  .&...&...'A..'..
 100c0 0328c103 83280104 03294104 83298104  .(...(...)A..)..
 100d0 032ac104 832a0105 032b4105 832b8105  .*...*...+A..+..
 100e0 032cc105 832c0106 032d4106 832d8106  .,...,...-A..-..
 100f0 032ec106 832e0107 032f4107 832f8107  ........./A../..
 10100 1301c107 73002030 130101fe 232e1100  ....s. 0....#...
 10110 232c8100 13040102 b7070110 2326f4fe  #,..........#&..
 10120 73600030 8327c4fe 93870710 23a00700  s`.0.'......#...
 10130 6ff01eed 13000000 8320c101 03248101  o........ ...$..
 10140 13010102 67800000 130101fe 232e1100  ....g.......#...
 10150 232c8100 13040102 b7070210 2326f4fe  #,..........#&..
 10160 73600030 8327c4fe 93870710 23a00700  s`.0.'......#...
 10170 13000000 8320c101 03248101 13010102  ..... ...$......
 10180 67800000 130101fe 232e1100 232c8100  g.......#...#,..
 10190 13040102 f3274034 2326f4fe 8327c4fe  .....'@4#&...'..
 101a0 93f70708 63840700 eff01ff6 0327c4fe  ....c........'..
 101b0 b7170000 93870780 b377f700 63840700  .........w..c...
 101c0 eff09ff8 13000000 8320c101 03248101  ......... ...$..
 101d0 13010102 67800000 130101fd 23261102  ....g.......#&..
 101e0 23248102 13040103 b7070100 9387072b  #$.............+
 101f0 2324f4fe b7270100 9387472b 2322f4fe  #$...'....G+#"..
 10200 b7071020 93870700 2320f4fe b7070100  ... ....# ......
 10210 83a7c72a 13972700 b7071020 93870700  ...*..'.... ....
 10220 b307f700 232ef4fc 232604fe 6f008005  ....#...#&..o...
 10230 8327c4fe 032784fe b307f700 0327c4fe  .'...'.......'..
 10240 832644fe 3387e600 8326c4fe 032604fe  .&D.3....&...&..
 10250 b306d600 37060100 8325c62a 0326c4fe  ....7....%.*.&..
 10260 3386c540 d7720600 87800702 07010702  3..@.r..........
 10270 d7011102 a7810602 8327c4fe 93878700  .........'......
 10280 2326f4fe 0327c4fe b7070100 83a7c72a  #&...'.........*
 10290 e360f7fa 93070000 13850700 8320c102  .`........... ..
 102a0 03248102 13010103 67800000           .$......g...    
Contents of section .rodata:
 102ac 00200000 55cb9f09 f59a7540 c4a888c9  . ..U.....u@....
 102bc f9981ea4 bdce8c55 32f8dac4 818197db  .......U2.......
 102cc d7989042 b4348bda b97c3b9b ed090d88  ...B.4...|;.....
 102dc 412bcbdc 10d8521e 1e5b7369 14464693  A+....R..[si.FF.
 102ec aacaf0e6 6052fc54 35445a74 97a32302  ....`R.T5DZt..#.
 102fc 95b9f0a9 8eca3f4f cad22d63 560575f2  ......?O..-cV.u.
 1030c fd3af6cd 4d5a7809 eb5f638f 76f3852f  .:..MZx.._c.v../
 1031c 0565744c c0eaa823 da65b93b d0b63596  .etL...#.e.;..5.
 1032c c75b5389 4a756fdf 5224268c 40ec2ffd  .[S.Juo.R$&.@./.
 1033c 0933f9f7 3f6f0aed 84b77ae5 10d9b31a  .3..?o....z.....
 1034c 926f641f 706934e8 5121b0bd 18fc7f95  .od.pi4.Q!......
 1035c 120fe3a3 bdd23332 6639b8c3 0d7f6087  ......32f9....`.
 1036c 483bfa64 5d7ab5da 5d21ea43 ca49f69c  H;.d]z..]!.C.I..
 1037c 2969873c 3b8290c1 e4644238 b2c52c33  )i.<;....dB8..,3
 1038c 902b9b4b de0d66b2 72e2396e f107e2f0  .+.K..f.r.9n....
 1039c ec0ea001 549fcdd7 957c1433 5ecd7dbb  ....T....|.3^.}.
 103ac 9b21dc9f 7027f1e0 711ab594 a2741238  .!..p'..q....t.8
 103bc edcefca3 cecf4912 eced9d0c 75932c35  ......I.....u.,5
 103cc 50dfe732 65438c8e 0357af37 504d00e4  P..2eC...W.7PM..
 103dc 75dde109 2cf55f97 d223a086 e03e91f3  u...,._..#...>..
 103ec 2d9359ba dc97c138 7bd0788e 8d24959e  -.Y....8{.x..$..
 103fc 65bdabef 49e49452 536344ec 8ed36d02  e...I..RScD...m.
 1040c 7da6ca78 1b9d9ef9 7750a21b f7e06094  }..x....wP....`.
 1041c f07545e6 c6e798c5 53fbc452 8ec096af  .uE.....S..R....
 1042c b1f2d343 17ffa0f0 9770ee3e 78b2645e  ...C.....p.>x.d^
 1043c ce423b36 13914cd7 5beb4678 2ce29072  .B;6..L.[.Fx,..r
 1044c f8252338 c4e27137 4d41be88 6d691bf5  .%#8..q7MA..mi..
 1045c 6de7259e a5cc4831 53ac8f10 ce09d1ff  m.%...H1S.......
 1046c cd016542 ac9ab8f3 1a72c2dc 4b8012e2  ..eB.....r..K...
 1047c 027feb78 851a03d5 7ea239ab 1137c570  ...x....~.9..7.p
 1048c 9b59a715 2786acda 52db2996 bc6ddd7e  .Y..'...R.)..m.~
 1049c 4247ab96 d07ea5ea e2081913 d6a4682b  BG...~........h+
 104ac 453c66bd 6e8948d8 63eef542 9cadf611  E<f.n.H.c..B....
 104bc bd90b2bd 5011eed2 94c25ec7 012b4357  ....P.....^..+CW
 104cc 9c64aaf2 21a25ffe 2e96adb9 d39ecca6  .d..!._.........
 104dc 2f3ba529 7cd3dab8 61630b15 b9f673ca  /;.)|...ac....s.
 104ec 7bec45a4 6e9ea11c bf59024a ebdc6f08  {.E.n....Y.J..o.
 104fc 0c608e33 f8984ea7 e8ed8730 0b037106  .`.3..N....0..q.
 1050c b475907a b7da12f0 63c3dd43 26b1851e  .u.z....c..C&...
 1051c f9fe507e e8c92f8d 0f291a52 6ffbd346  ..P~../..).Ro..F
 1052c 0e532835 d0fdd494 a568b563 413ec97a  .S(5.....h.cA>.z
 1053c 9407a082 6ae0788d 4f1ee449 dc242090  ....j.x.O..I.$ .
 1054c 56dae40d 22fb7e54 9bf2a9d1 f32de1e6  V...".~T.....-..
 1055c 6c1b5808 97d9a89d 04c10eb5 5821daef  l.X.........X!..
 1056c fcd63027 08c5d480 75ea09b7 a2f96e2a  ..0'....u.....n*
 1057c 850af379 b4267c72 b9351202 875dac38  ...y.&|r.5...].8
 1058c 1ee95dcb 36ce1a3f 3d1ca9cb 1cd31d01  ..].6..?=.......
 1059c f688c48a c6385bc6 02b85cb1 a70b929a  .....8[...\.....
 105ac df7a284b 4aaab47b 46dcf268 81e03a75  .z(KJ..{F..h..:u
 105bc da7d7fb2 ecfdb353 7a6935b4 ee255def  .}.....Szi5..%].
 105cc 8f3cde7c 23812d80 746ca913 19a60897  .<.|#.-.tl......
 105dc 59c158e5 029dc0ae 5207a943 9eae9205  Y.X.....R..C....
 105ec 915e8d92 012b1078 662ef1ac bdbd8d83  .^...+.xf.......
 105fc 97adbad0 fe9e679b cac52cf4 20fe39ff  ......g...,. .9.
 1060c fc6852e1 f1272c1d 93b2a4e9 fb5c7bc1  .hR..',......\{.
 1061c f2c116ba 99a64311 444ecb7f ed109985  ......C.DN......
 1062c 51360661 c610de63 3779648d 0ecba468  Q6.a...c7yd....h
 1063c f1924a58 1cf76886 16acb0aa f0695184  ..JX..h......iQ.
 1064c 6e5e5665 cb16e16e ed27996d 99436742  n^Ve...n.'.m.CgB
 1065c 72bb8b72 93a1b8a7 e5cdbe39 19010016  r..r.......9....
 1066c 8dc203c0 90f55ee3 e5edc147 dfbaa514  ......^....G....
 1067c db042b54 feaf62a5 1156a2ba 74422198  ..+T..b..V..tB!.
 1068c ade1c76e 487f97f2 6d43d027 126eaa7d  ...nH...mC.'.n.}
 1069c cbadea87 cd8153d3 07f489e1 584d29b9  ......S.....XM).
 106ac 4191de0b 1987fdde c1f782de 82ab99ee  A...............
 106bc bb07ac7a dfd4ed9b 86132b91 d7cc402d  ...z......+...@-
 106cc 2fe77e35 fd0adfa0 43400c58 439f03fe  /.~5....C@.XC...
 106dc c6ba6fce bd1f6c85 00456f12 f76588e3  ..o...l..Eo..e..
 106ec b0a49dc1 37f220e7 03fb89dc 6b6817e8  ....7. .....kh..
 106fc 3cb9cc1c 5476b981 efc9780e 02704906  <...Tv....x..pI.
 1070c ebc75b14 3b8f1e6a 059ca8c4 6b88792a  ..[.;..j....k.y*
 1071c ddc8bca0 40fb635c ae5ebd74 e648856c  ....@.c\.^.t.H.l
 1072c f7b9cdab 893b2f7c b5fdf599 b5b75b58  .....;/|......[X
 1073c 71c66e09 f36640a1 80ec0e1d 93cddb29  q.n..f@........)
 1074c 578b7382 02d57e9a 93edb38a 9b0a06d1  W.s...~.........
 1075c 42718a11 49eace07 0cf672d3 1fead8d5  Bq..I.....r.....
 1076c 87280935 382a8eae b332a1ad 812ee546  .(.58*...2.....F
 1077c 0700280c 5f9db25a a3318214 eba95f2f  ..(._..Z.1...._/
 1078c 8d285fff c435e6d6 caca5af7 d7adaf4a  .(_..5....Z....J
 1079c 11b998ba d7225906 55320cfc 85015e93  ....."Y.U2....^.
 107ac 4ab76c05 596df5cf 7332f619 84d0e8b0  J.l.Ym..s2......
 107bc 225e6490 645aede5 215121f2 86075063  "^d.dZ..!Q!...Pc
 107cc 9481f768 91a25a6b 90eead26 d99b4469  ...h..Zk...&..Di
 107dc 4eb22a1c 2c6cc7a6 82829043 b77dbdf3  N.*.,l.....C.}..
 107ec 444ffb55 90b751ad 1d015eff 3012e105  DO.U..Q...^.0...
 107fc 82d12a20 2694d354 4d4b2ace e5592100  ..* &..TMK*..Y!.
 1080c 0093bba3 3861c841 4c682a2e 3d98eb8b  ....8a.ALh*.=...
 1081c 4c9a73fb 2e35f340 8127525f 6d8cb54b  L.s..5.@.'R_m..K
 1082c a936de0b eaf0eeac bf922c5d b8f69f0f  .6........,]....
 1083c 3789b30e c83ea5e9 5db91011 70a53a6c  7....>..]...p.:l
 1084c 7a854e5b bc180851 33e99b65 cd7eb0b2  z.N[...Q3..e.~..
 1085c 708a8a9b 90f4df5b f4f57005 b91d7ce3  p......[..p...|.
 1086c b7384ff7 0d2c0dc7 fdcca58d aaef2414  .8O..,........$.
 1087c 94322945 7a8aabc3 9604e151 8722e96d  .2)Ez......Q.".m
 1088c bdc25c06 47d90284 b56455f4 7e817b3e  ..\.G....dU.~.{>
 1089c 6387ed2e 1552f651 d26a004b 26fcd0a8  c....R.Q.j.K&...
 108ac e5138322 cb81dc42 ebf947b2 4e2d068c  ..."...B..G.N-..
 108bc 6bffc0ab 15abc027 716f05aa f8719f6a  k......'qo...q.j
 108cc 98d0b4f8 7b1690e8 1a96eb8b f5a78e20  ....{.......... 
 108dc 92a41065 f5a377ad 55370afe cd5423a0  ...e..w.U7...T#.
 108ec d7739411 b8c96e39 91c03d87 9efbe1fb  .s....n9..=.....
 108fc c1fd1231 0515884a ac5d5936 c42c15b2  ...1...J.]Y6.,..
 1090c 73de187d 4f96b5c7 a8a07420 6ee6c9e4  s..}O.....t n...
 1091c 9a45326d 833f4523 0f0cbfa7 09f5d054  .E2m.?E#.......T
 1092c cd675874 26ea28cc 1ae457d9 cb0cd4e3  .gXt&.(...W.....
 1093c b04ea5df 6570d9a2 6b6c94a8 95aed55e  .N..ep..kl.....^
 1094c f95fddd8 38376048 0f4bbee9 3403bd1f  ._..87`H.K..4...
 1095c 1059397e dfe7b834 35e97c40 1492d65c  .Y9~...45.|@...\
 1096c 0cecfc73 9f0b82b5 6d2af5b1 58964b62  ...s....m*..X.Kb
 1097c a840d860 e2404dbe 0a1b2b13 34826dc6  .@.`.@M...+.4.m.
 1098c d691ca42 5c1e398f 786e4d90 3464cf50  ...B\.9.xnM.4d.P
 1099c ae288d0b 1ce37951 75cb8446 2d9ebfaa  .(....yQu..F-...
 109ac f836d72a 3df900c5 308b14f9 b0edc218  .6.*=...0.......
 109bc 0d9f384b 4bb82070 17984e5f d72a3331  ..8KK. p..N_.*31
 109cc cbc14f81 8bd05863 4fd79288 ff99c610  ..O...XcO.......
 109dc 48432fd7 b3d06bce b7fe2566 d062250a  HC/...k...%f.b%.
 109ec ad081eb9 6410f985 00fb6c72 e4524a28  ....d.....lr.RJ(
 109fc dc204380 73e5daed 2de734ae 01af742b  . C.s...-.4...t+
 10a0c 1ba75f6e 48b9c75f 41bab3a0 b3ba6aad  .._nH.._A.....j.
 10a1c 3426888a e5d155b6 0c5e9857 89ada0ed  4&....U..^.W....
 10a2c ede494b9 fe7e2db5 1175d631 4845780a  .....~-..u.1HEx.
 10a3c dbe721a4 9759df72 550b5ded 35d3d330  ..!..Y.rU.].5..0
 10a4c 5cffc4ee 1bb5ec99 75b42607 df5e2c22  \.......u.&..^,"
 10a5c 6c703794 6702881b b78dd1d0 89736b9f  lp7.g........sk.
 10a6c bea5b729 fde43a69 c05599a2 11d1cdf2  ...)..:i.U......
 10a7c 541fbd0f 6c1bb9a5 58cc7f9a f437e377  T...l...X....7.w
 10a8c 0a9c8596 df0fa1f7 c2aa965b fba9ec2c  ...........[...,
 10a9c d6c40cdd c6e3c641 b6177fee d18d2ca6  .......A......,.
 10aac ad6c77bd 72d0675e bbaa25ef 2814d00e  .lw.r.g^..%.(...
 10abc 9a91b84b 70bdb42b 34770cf4 79cce6f7  ...Kp..+4w..y...
 10acc e5649784 95d969a5 d1d80248 2f79b9e9  .d....i....H/y..
 10adc acdfe885 e8aa5272 5835ef4e 2fa870c8  ......RrX5.N/.p.
 10aec 9241525c 5b5cb481 e5e4a129 cd1a7303  .AR\[\.....)..s.
 10afc 469af4a6 5c6b90ea 25d0392a 9f3fd15c  F...\k..%.9*.?.\
 10b0c 1a674c56 80a126b2 a5af3b68 6af42225  .gLV..&...;hj."%
 10b1c c179134f 57e3e678 10ff2927 3e82f986  .y.OW..x..)'>...
 10b2c 1197b304 b18f8800 2c84b4d0 5e4d0b6d  ........,...^M.m
 10b3c 25021128 ff3be6fa 4e422f53 aa482e9d  %..(.;..NB/S.H..
 10b4c 7daa15f6 331f0e69 b5ddb568 20a9fc72  }...3..i...h ..r
 10b5c eb07fdcb fbf78948 93606022 d06d4596  .......H.``".mE.
 10b6c cb2a0ce3 0c885938 3481cb2c 6589c2be  .*....Y84..,e...
 10b7c 8da214b1 e9fcfb68 3589f810 41432fc5  .......h5...AC/.
 10b8c 500b6dcc 7a04cbbb 415552ed d34c59e5  P.m.z...AUR..LY.
 10b9c fefab9f5 8c19e904 6e4b4e88 c7899db4  ........nKN.....
 10bac d483c932 c5c852f0 36fbef10 3036b1f4  ...2..R.6...06..
 10bbc e87c63c6 222fca0f e5af9f93 dba874d4  .|c."/........t.
 10bcc ed6df12b 5c4c1e5e a29a76aa 68a703c4  .m.+\L.^..v.h...
 10bdc de7b6033 62bbd363 6089027a f400a909  .{`3b..c`..z....
 10bec 390b53c2 934e922b d46d4cb6 5c599e7c  9.S..N.+.mL.\Y.|
 10bfc 170c0b36 926c327d f277b347 bad41ea7  ...6.l2}.w.G....
 10c0c fafe172e ce229728 3727aff2 7c14cbbc  .....".(7'..|...
 10c1c 8b9b0d7b 65cc79f3 1b946930 b3446b5d  ...{e.y...i0.Dk]
 10c2c 086052bf f6718756 b370e08b a4f789b5  .`R..q.V.p......
 10c3c c4187c6b 02f0114f 0182f644 34e63fb3  ..|k...O...D4.?.
 10c4c 9954fd26 5088e833 876efba9 b8839f56  .T.&P..3.n.....V
 10c5c 190a1b1e 96f8d02a fc7dc2c8 29c9863b  .......*.}..)..;
 10c6c 740f0166 95a8cc6b 092c4f7b 67944a51  t..f...k.,O{g.JQ
 10c7c 14962954 2e4af2b5 ef90c66b 777ed85e  ..)T.J.....kw~.^
 10c8c d8523fa9 557b3346 bba7c203 fc83bea6  .R?.U{3F........
 10c9c a31df538 d5b0deca 57c6c60f 779b75e2  ...8....W...w.u.
 10cac 8842fc1d 203d5a4b 84fb51c1 8776cca8  .B.. =ZK..Q..v..
 10cbc 299cca49 2dd1a77f 2466c1f7 6e5e5061  )..I-...$f..n^Pa
 10ccc 14315a79 019f73b1 45411dea 6d5d8601  .1Zy..s.EA..m]..
 10cdc 992ff6c6 917559fd 9f61191b 6f1ad75c  ./...uY..a..o..\
 10cec 90612c22 38fac355 656972c7 5382ff0e  .a,"8..Ueir.S...
 10cfc 44902567 3e1c5f80 3e87838e e76dd703  D.%g>._.>....m..
 10d0c 83f2602b 7a8a4ae4 b2f1ec63 1a146cd3  ..`+z.J....c..l.
 10d1c 3a11364e c3d6f4a4 8374e71e de366e22  :.6N.....t...6n"
 10d2c 41993776 5824fe12 ba42b9aa 5d0cf19f  A.7vX$...B..]...
 10d3c 16f5280a 4edf1a05 fd002bb4 9d00e63f  ..(.N.....+....?
 10d4c bfc4dd42 01d289f8 ac98def4 e0cc5b2b  ...B..........[+
 10d5c 0bba57f4 0b87218e cbef337a 6d8f363d  ..W...!...3zm.6=
 10d6c cd32e2a8 b2a45648 500f824a e18ca581  .2....VHP..J....
 10d7c 1fe56586 7682df48 e380bacc ffad4c65  ..e.v..H......Le
 10d8c a46d2bd0 0a633276 e5768a9d 41cd0ca1  .m+..c2v.v..A...
 10d9c 28665867 7b37d55c 91516cd7 6b87ebe4  (fXg{7.\.Ql.k...
 10dac 17961f46 dc06de2b a98ec9ae 0ca527af  ...F...+......'.
 10dbc 51ddd13b 7701dcab 5b353d6b 21b8707b  Q..;w...[5=k!.p{
 10dcc f0b7c08d 4a3d4fcd 26022929 57514977  ....J=O.&.))WQIw
 10ddc 2a5e8b1d 35a80e9f ae16e550 5e494ebd  *^..5......P^IN.
 10dec 29fcd19a 4dca47d5 b6bcbb9f cdff8948  )...M.G........H
 10dfc 5fcceece 5f8785be 96852506 cace7a4d  _..._.....%...zM
 10e0c 91e3f925 e1cecdc4 50720822 847c25b5  ...%....Pr.".|%.
 10e1c 314f4d7d fefc44c2 5b89eb72 0793eb38  1OM}..D.[..r...8
 10e2c 1b0118df d60d678c 774cab41 ecf11a6c  ......g.wL.A...l
 10e3c 00a6f8f6 74913807 030751aa b08945f1  ....t.8...Q...E.
 10e4c 2cccb711 c28aafb7 8cd8c39f 2c1d2df8  ,...........,.-.
 10e5c 9a496c2b 31e54820 3d3b179a 9a1293ef  .Il+1.H =;......
 10e6c f927acc8 ab932381 e7464400 08c9fc47  .'....#..FD....G
 10e7c 636f3e6d 370e8ff8 5a26b822 1aa84772  co>m7...Z&."..Gr
 10e8c 166bf1ca ab0a856c 03779acc fa5bd817  .k.....l.w...[..
 10e9c 20d7447f 0db6ab0b bb129dbc 61d42435   .D.........a.$5
 10eac 99e670f3 89645c76 fefea9ef d70c6c09  ..p..d\v......l.
 10ebc dd8eedc6 1fe9c508 5dedc969 7e7d6a0e  ........]..i~}j.
 10ecc 35e0f85e 311801a2 dbaa2b81 1a8bfe62  5..^1.....+....b
 10edc 0f955990 b458ce66 8061f83a 8876a88a  ..Y..X.f.a.:.v..
 10eec f7d0bc00 e095399e 99114486 7a188bc2  ......9...D.z...
 10efc 60dd8a69 988c60ba 1bf7d631 38be9a04  `..i..`....18...
 10f0c 29110631 ac0e6c00 d8c3efc2 74be385a  )..1..l.....t.8Z
 10f1c 58e18283 b7cb9e68 66ec492b ab4b4e0b  X......hf.I+.KN.
 10f2c cdc53551 81249641 14cd38a5 702f56c2  ..5Q.$.A..8.p/V.
 10f3c 389c6f8b ed41f738 94183d5f 358f7c92  8.o..A.8..=_5.|.
 10f4c d723ea0a 903e1fe2 3df8ecec ed2d57f5  .#...>..=....-W.
 10f5c 38f1306b 9c96a259 b9237667 86f4ea5d  8.0k...Y.#vg...]
 10f6c bc2ac3ec 01f7fa78 33038975 58e791c7  .*.....x3..uX...
 10f7c 3f42ea2a 09adf102 f5e5f93e 6cb38328  ?B.*.......>l..(
 10f8c 77f42ce0 df648b3d 694d91f2 bc2ba202  w.,..d.=iM...+..
 10f9c 3881dcfa b80bea9c 30141104 70c91764  8.......0...p..d
 10fac e4de0c30 764ecf2d 711f84d9 f40b43f1  ...0vN.-q.....C.
 10fbc 5a57a98e 0c6eb2f0 fbc5278c 401e3722  ZW...n....'.@.7"
 10fcc 9712983e 8a5e2869 fc144682 cf56fbf1  ...>.^(i..F..V..
 10fdc a220f3b4 be9e28d9 ae3a4e51 c35cdb8f  . ....(..:NQ.\..
 10fec 70ef5730 bd575014 ec0926af 89e7f3bf  p.W0.WP...&.....
 10ffc 9023cbac 44cfc85a 4f1441f0 48feeff6  .#..D..ZO.A.H...
 1100c 6fed1f7e f0d6474c e8358b08 35a2ec96  o..~..GL.5..5...
 1101c cdd48f0f ebd34860 15cae33b 6353b1c3  ......H`...;cS..
 1102c 618b537c 8f8257ce 0e751864 bc3ae8bf  a.S|..W..u.d.:..
 1103c 840a3792 5eaee484 ff93b5ab 318fe707  ..7.^.......1...
 1104c 8e78621d 4d47354a bba311cb 4882493f  .xb.MG5J....H.I?
 1105c c6351cf7 a7b090e5 c39e27b4 76e2039b  .5........'.v...
 1106c 1d9dc47e 794ce884 9138a0d8 37534d0c  ...~yL...8..7SM.
 1107c 91815c05 7a39689c 7bee0f40 8177386f  ..\.z9h.{..@.w8o
 1108c 77ab55ed f4e9616f fd586e11 1d82960c  w.U...ao.Xn.....
 1109c db0fee33 8a247816 e7260b0e fa6de8be  ...3.$x..&...m..
 110ac 747407ba cd03cffe 9c51eb10 1523e801  tt.......Q...#..
 110bc 8c6f52b4 726e5252 b742efb7 1cee8126  .oR.rnRR.B.....&
 110cc 998fda08 6f3b4790 93aaf336 1d73263a  ....o;G....6.s&:
 110dc d4cf8de6 ff836a88 c692cc70 d23900a1  ......j....p.9..
 110ec 2247ebc2 f1245ef2 10aee8c4 f0c4e9e7  "G...$^.........
 110fc 52e0973a c1edd708 4c532fa0 895d5d14  R..:....LS/..]].
 1110c 3c07f95b aaed2b15 9742f4eb d56e937b  <..[..+..B...n.{
 1111c c6ef39ce 6c253996 9d2b4f58 226002c6  ..9.l%9..+OX"`..
 1112c 8133dcca 4225bca8 d8867959 12f0fc79  .3..B%....yY...y
 1113c 9cedf61c 5c170dfa c5a5981f 07a417e7  ....\...........
 1114c 2e56a6f4 83e8baf9 14fe24df c8de2d73  .V........$...-s
 1115c 61ab767f f196a9eb eda917b4 44a75bc5  a.v.........D.[.
 1116c 5647aac9 2ea45310 883ec303 d57ec6d8  VG....S..>...~..
 1117c 992aaf05 4d57bd5a de44efdf 843ce29a  .*..MW.Z.D...<..
 1118c f3a125f5 81daf584 a30a186a 4e870528  ..%........jN..(
 1119c e1b59171 80bd8ebf 3fd3d670 55698462  ...q....?..pUi.b
 111ac 85257236 cb9fc7d2 2d3246f5 ed29755c  .%r6....-2F..)u\
 111bc c5e6a0f5 dba44fe8 3a1cd51e 65ad4bf9  ......O.:...e.K.
 111cc f9e3967d 57dba774 7bc1982c 49e4f6ed  ...}W..t{..,I...
 111dc 2cc76163 5609df9e 94d11654 696282c2  ,.acV......Tib..
 111ec c05119be 908fce31 589e3020 511291c2  .Q.....1X.0 Q...
 111fc 0a4d5182 785ec225 45cdb819 b37a7237  .MQ.x^.%E....zr7
 1120c 2695b333 5b6df2fb 73b7dd95 ce735fa5  &..3[m..s....s_.
 1121c 4b681040 517f1bde c3bc35bf 5ee6cf34  Kh.@Q.....5.^..4
 1122c 0ab0192c aaae3869 304e5583 914c9cfb  ...,..8i0NU..L..
 1123c ddb1dbd2 a64efa0f bdf65f73 52ca6e63  .....N...._sR.nc
 1124c c7062e80 f4f12ac6 fb7aef59 65899a3d  ......*..z.Ye..=
 1125c 7b613b0f 1769007b aec1cb17 c4898946  {a;..i.{.......F
 1126c 256047ba 2d573b1a 7e1b01a0 178566ba  %`G.-W;.~.....f.
 1127c dbea6b05 07bdf1ed 7095ad0b 43a11647  ..k.....p...C..G
 1128c 0df81cba dc8ed8d4 5ac490b6 1e257218  ........Z....%r.
 1129c 72cbb9a2 4c8e4d2f 4af36511 d38cf691  r...L.M/J.e.....
 112ac 2fac1a23 c09d5c91 663f39d9 a41c6b1c  /..#..\.f?9...k.
 112bc 40968f4f 06f81e9d b910ee7c f1eef186  @..O.......|....
 112cc 1c0a42cb 6574b12f 697d0b0f 1db662a1  ..B.et./i}....b.
 112dc 038811e2 bdb6ff93 c5ee21f3 dccc0f34  ..........!....4
 112ec d6d7359a e4a6a6a3 7e26cbc4 64b4dd12  ..5.....~&..d...
 112fc 6bfa3b34 eec3ce8e 6480249b ad4b5f39  k.;4....d.$..K_9
 1130c 2ded94c9 0eecf722 ac2bf748 1b62d54d  -......".+.H.b.M
 1131c 4c7c2c00 37c01253 84efe1cd 63517eee  L|,.7..S....cQ~.
 1132c 8a3b1260 22721c6a 6d3fd7b3 0ca7d01f  .;.`"r.jm?......
 1133c c5896a33 59cdcefd 55dbc6cb d60efbbf  ..j3Y...U.......
 1134c 83049572 cf7dbf44 2aaf32cc 4b46c908  ...r.}.D*.2.KF..
 1135c 2111d135 dcd268bf 9766c14f 4d0e722e  !..5..h..f.OM.r.
 1136c 5c1e4a80 ec51b7d4 773bb6ac 924a6bc5  \.J..Q..w;...Jk.
 1137c e48d6a03 eee49c73 1c5f9888 832731d9  ..j....s._...'1.
 1138c cb1291e1 f3d3b8d6 795232e6 2945c672  ........yR2.)E.r
 1139c 9456b5e1 214647ec fde0d7d3 e06791a8  .V..!FG......g..
 113ac baddc8d0 7425467b 1c69aa94 b574d672  ....t%F{.i...t.r
 113bc b75dac52 e6f8e345 6c34b265 7adbbeea  .].R...El4.ez...
 113cc c2e8c185 19707b8a 6de12062 b12be13c  .....p{.m. b.+.<
 113dc ed3945bf 3fbc38f4 b6bb18ee f9dcd2cb  .9E.?.8.........
 113ec 747b206d 07926b6b 0b5d89e6 70114320  t{ m..kk.]..p.C 
 113fc b4cf7db6 fa48750e 2e2cd624 85980cd6  ..}..Hu..,.$....
 1140c b692fcde 6b5920bd 3980b052 9435807c  ....kY .9..R.5.|
 1141c 42b6c408 45306a65 5d94ec90 549e5e2d  B...E0je]...T.^-
 1142c 1d84ccdc 7f695e4c be791b13 20988d32  .....i^L.y.. ..2
 1143c 31ac7319 20f28668 d0bb380a 4002ac50  1.s. ..h..8.@..P
 1144c a5233aab 06128a82 7d3bd3f3 ee8734a9  .#:.....};....4.
 1145c 7ed48c55 5aba9502 fe8909b4 9032001a  ~..UZ........2..
 1146c 600f571b 8ffb3f55 adabd1e6 bb3bf73d  `.W...?U.....;.=
 1147c 12086d06 72bef889 42fa8717 6483ab35  ..m.r...B...d..5
 1148c af237860 aa0e7237 93e0a87a 3bf6c976  .#x`..r7...z;..v
 1149c 30afff07 0705b5bf dcecee23 1ebd18bb  0..........#....
 114ac 4acabfee 1f934006 155ec4f1 ab66ad16  J.....@..^...f..
 114bc 7b0cb0db 0206a5b6 6365dd54 da4c7246  {.......ce.T.LrF
 114cc 11612bac cfa9df4e aa5c7766 0db0ba41  .a+....N.\wf...A
 114dc a5d453c6 0191e099 50b5c9ce 19335b49  ..S.....P....3[I
 114ec a80fe7fd 61722dc9 c80fcad7 24b6377f  ....ar-.....$.7.
 114fc 11e81b5f 41dba9a5 1c1a6d17 654486da  ..._A.....m.eD..
 1150c 70799a3e ca61036e 48c4fd7c bef66cf1  py.>.a.nH..|..l.
 1151c 6be68772 5c45fc1f 7e56fdb1 b96b4419  k..r\E..~V...kD.
 1152c 503066eb 9ea2b6b3 4282a56f 72705c06  P0f.....B..orp\.
 1153c d9695625 d3087acb 4426f86e d03669ce  .iV%..z.D&.n.6i.
 1154c cb8efe4c 0075ee82 f93feaa5 97cc628a  ...L.u...?....b.
 1155c 0a00bfa4 fefecc6b b4b2301e 62881245  .......k..0.b..E
 1156c 4f815648 491076c2 2a9abed5 cd784c4f  O.VHI.v.*....xLO
 1157c 999891b6 aea28884 4b9bc192 779f65a8  ........K...w.e.
 1158c 299bacb9 68b939ef ecdd6248 c37f2147  )...h.9...bH..!G
 1159c c820108d 03ceb70c 5810600f 2af8bd18  . ......X.`.*...
 115ac eaeb5666 3d795f65 dd3f73eb c9a4d77b  ..Vf=y_e.?s....{
 115bc c9ebb592 e9ebc8c7 720a83a8 99d7211e  ........r.....!.
 115cc 4a822f2c 3b70abc4 16f9cecb 3489857e  J./,;p......4..~
 115dc f9f06529 7120316e 4ffd7289 3e57d3f0  ..e)q 1nO.r.>W..
 115ec 90aaf104 30dd9288 aff0ee8e aa543ef3  ....0........T>.
 115fc d85919c5 d0b964fd b6af30b6 e849941f  .Y....d...0..I..
 1160c 3c52fef9 9119e90a c501fdf7 a4ff8498  <R..............
 1161c d4e513bf 6aae8cc0 cc75ec30 08eb88e9  ....j....u.0....
 1162c 942d76cd 9629bd97 2ff2fc52 2ab301fc  .-v..)../..R*...
 1163c a9893ade fb895120 78baab7e f2483f2f  ..:...Q x..~.H?/
 1164c 1f6810e3 dedf6155 d896181a 88cfed0b  .h....aU........
 1165c e5b33621 d5b3424b 045703b8 414e2054  ..6!..BK.W..AN T
 1166c 6c013e96 d9469341 ce42dd94 cbb00cb6  l.>..F.A.B......
 1167c df53a4de 6ab6f9a8 7db69d85 68dfde91  .S..j...}...h...
 1168c 9e3e027a e396f61f 9a4377b8 2850c964  .>.z.....Cw.(P.d
 1169c ff54c315 2560e118 be1e807e 03c28c59  .T..%`.....~...Y
 116ac e144a549 47bbefc1 3fbc5b1d 2bb36b9c  .D.IG...?.[.+.k.
 116bc fe6559fd b9517252 e8b45918 80404138  .eY..QrR..Y..@A8
 116cc e62d0dde ce92df3e e06a27c6 5ae0af9f  .-.....>.j'.Z...
 116dc 868d91e9 ce5d06e8 54088466 355ea1e4  .....]..T..f5^..
 116ec cd83d26b e852ea1e 2e244a5f c4896e35  ...k.R...$J_..n5
 116fc bd635f38 9633da24 3c31431f 7d5607d7  .c_8.3.$<1C.}V..
 1170c 5b3da366 66f88816 45fe7278 e7854e76  [=.ff...E.rx..Nv
 1171c 8776f1e0 61a225ef c3b4ab1d 2ee1481e  .v..a.%.......H.
 1172c ade6d029 fd9dad4e 3febb5b6 a5846ce9  ...)...N?.....l.
 1173c f8f11ff7 2cdd8a0d b088fcb6 d2f26f63  ....,.........oc
 1174c 85b8bb4e 8db8a5a7 8b5cfd66 b4add6d0  ...N.....\.f....
 1175c 1402b67f c6a246f4 8a8e70d0 2f5eb121  ......F...p./^.!
 1176c eb9e3649 d6c9ff07 cdfbb6ca df4f0380  ..6I.........O..
 1177c e3514811 5bc6fc2d 5490bc88 24dd199a  .QH.[..-T...$...
 1178c 136297d7 590bc943 ac3710cd 385a7a29  .b..Y..C.7..8Zz)
 1179c 3b4077e0 c62faa3f 803ced9f 2a186eec  ;@w../.?.<..*.n.
 117ac 6c6e4858 822d9dda 3be024e4 a90dbab5  lnHX.-..;.$.....
 117bc bb71c8d9 c9f334c7 98719b51 fc66451e  .q....4..q.Q.fE.
 117cc a4d98092 ad135245 96d557f1 47e0399d  ......RE..W.G.9.
 117dc 4b0c7a05 7061c615 09cd0aae bbe359a3  K.z.pa........Y.
 117ec d5d604a4 3ac3fd08 cf687603 69561464  ....:....hv.iV.d
 117fc 8960914f 24952995 b2e8bf22 46298158  .`.O$.)...."F).X
 1180c 414a23eb 719a68be fea6107f 40e4e506  AJ#.q.h.....@...
 1181c 88392f46 b9935ddc 2a66089f ce0c784e  .9/F..].*f....xN
 1182c 2ba5114a 6ddb02f3 e7adeb98 b13b41c9  +..Jm........;A.
 1183c 315d4d2c de832469 416b6fbe 93e2a058  1]M,..$iAko....X
 1184c 2ddd125b 3d25c6a6 020690b0 5f381f80  -..[=%......_8..
 1185c c454b45b 5e557db4 2cfed7f5 d6b745e5  .T.[^U}.,.....E.
 1186c b98933c9 53278b24 e8df89e1 043c8551  ..3.S'.$.....<.Q
 1187c 717026d3 72d01e87 6c7fdd8f bf35d6b3  qp&.r...l....5..
 1188c d3771727 f5d015e6 f3c23e58 b2cb5444  .w.'......>X..TD
 1189c f3979a53 29222708 29009979 1c0c688c  ...S)"'.)..y..h.
 118ac 94af1fbe 0bbcc4fe 6596b731 b220d14c  ........e..1. .L
 118bc 91ec2fce 8696ce64 88f72be9 3ddc6864  ../....d..+.=.hd
 118cc f5c089f7 91f72e64 3c407f93 fba63c45  .......d<@....<E
 118dc 39b3ac77 40de29a7 63b0c637 a881bd25  9..w@.).c..7...%
 118ec 50fb5dc9 028532ea 4bca4b42 4ce913de  P.]...2.K.KBL...
 118fc ff3a73e7 7ed2a6fb f6c84efb edc6cb90  .:s.~.....N.....
 1190c e1030753 333073d9 194715ab 4a84a8e3  ...S30s..G..J...
 1191c fe70400c 879a101e 1c73b5a1 db149a6b  .p@......s.....k
 1192c 73aabaad 9cc21015 63ce2c0f ffe1eaf9  s.......c.,.....
 1193c e919afed f3e8f598 d3f654dc 33701bf9  ..........T.3p..
 1194c fd221ad5 5ca0db47 412e84f3 b4d3921f  ."..\..GA.......
 1195c dd6962ed c79d7945 431e9673 6b998d31  .ib...yEC..sk..1
 1196c 3c511816 779f0b3b 8690a3b7 c8a7f54e  <Q..w..;.......N
 1197c eae6ae1e d62a1dbe ad26095f 95053957  .....*...&._..9W
 1198c d7ace482 d5710dc7 5356a2df 12dad0a8  .....q..SV......
 1199c 37f7b550 1ba70394 303138ba a786c4c7  7..P....018.....
 119ac f7a170fc e163b54e fd07fa49 5874d43b  ..p..c.N...IXt.;
 119bc ace3591f 69925f6b 9231212a 18afd150  ..Y.i._k.1!*...P
 119cc 9864814c f60b063e d7fc395e 739780ba  .d.L...>..9^s...
 119dc 68efb058 12fb0cf2 0a2b5515 d9986488  h..X.....+U...d.
 119ec f0595cb0 cfafbfa3 b83de6c4 ec0674ab  .Y\......=....t.
 119fc c4a7a063 f8d3e740 6c349c05 0c40c2be  ...c...@l4...@..
 11a0c 1f446022 15beb035 84f3692d 6e30112c  .D`"...5..i-n0.,
 11a1c ee86e151 39fc9488 11796ff0 4febcfc3  ...Q9....yo.O...
 11a2c bfca499e 250176c8 0ab130b0 fb09a5a4  ..I.%.v...0.....
 11a3c 644b28b1 cb24b788 a54a4e5c 17e1c192  dK(..$...JN\....
 11a4c 247ce9bc 18753257 8fad6aaf 23dff844  $|...u2W..j.#..D
 11a5c a9c35147 d9e9b60d db39d983 d3e9da52  ..QG.....9.....R
 11a6c 52099f51 0d6c3551 0c60f87a 8b68891c  R..Q.l5Q.`.z.h..
 11a7c 140d3090 a5ec525f f6a8284c 2d4bbd20  ..0...R_..(L-K. 
 11a8c 8f1ed912 b62d9bb3 9e1bacba dbfe6d49  .....-........mI
 11a9c de688f27 f3cd2e4d 8f421615 ca11f4ad  .h.'...M.B......
 11aac 03af4eef 670346a9 9541dee4 c536d006  ..N.g.F..A...6..
 11abc 502d4ade d2ad7df3 ed30f6f4 a7a3b70a  P-J...}..0......
 11acc 08eaee74 dab304e0 28e12bd2 aff2faeb  ...t....(.+.....
 11adc 9a5d1cc7 4643a4fd bf0a0692 adc104ad  .]..FC..........
 11aec ddb50210 e751de86 969e04ed 1adfa675  .....Q.........u
 11afc 719eda15 5a223c1a 5e95fdda c9cd2906  q...Z"<.^.....).
 11b0c 0dedaf2b 509c00d1 8c833e6a 1da866c1  ...+P.....>j..f.
 11b1c be187dfd 656a1c84 8d27b03a aa08f23c  ..}.ej...'.:...<
 11b2c f38a1148 806141ab b09397c5 c5c430c8  ...H.aA.......0.
 11b3c 65875477 3e4fbda5 1d183ec8 534b5ba7  e.Tw>O....>.SK[.
 11b4c ce77ed57 f753a372 4d86c6f2 6a6fdb08  .w.W.S.rM...jo..
 11b5c 5a70a13a fca0988e 260511de ce370a6d  Zp.:....&....7.m
 11b6c 5b7b36bc 739fa5a4 487be33d 24c98dd9  [{6.s...H{.=$...
 11b7c 141c5838 8e6f988c c0e909a3 430ec7e7  ..X8.o......C...
 11b8c 8f27ab24 0149f9d1 473e54ee 663acd05  .'.$.I..G>T.f:..
 11b9c 974726f8 04096d2e ab7dbef1 01cf4f4b  .G&...m..}....OK
 11bac 0543ec05 ebbd8ce4 57a71245 c8376963  .C......W..E.7ic
 11bbc f001d7f5 0682c449 c4426930 30753bb7  .......I.Bi00u;.
 11bcc d1cee7b2 faf8b8c6 eff06637 777f9b5f  ..........f7w.._
 11bdc 94bef357 e731ec9f 4c8fe04c af0e923d  ...W.1..L..L...=
 11bec d9692067 981b2923 69bfff70 594ee852  .i g..)#i..pYN.R
 11bfc 74383cb9 54fc0774 a2a88dc7 48a98bd1  t8<.T..t....H...
 11c0c e8e45eb0 a99410a3 1b592064 607e42ce  ..^......Y d`~B.
 11c1c d5c2d232 c4d391a7 9f6706fd 7cfb9ef4  ...2.....g..|...
 11c2c 56b7be1e c7d4d3fd 40fad623 3fbd206b  V.......@..#?. k
 11c3c 571dab88 cef80c4e aa96f66f 91bfa3c0  W......N...o....
 11c4c a05ccc24 5eb22f59 78a20e78 f2a5f3d6  .\.$^./Yx..x....
 11c5c cd3dbdc2 12e10ca8 02333a5b 54a1f11f  .=.......3:[T...
 11c6c e2ce130d 38c6de7b 4885fabc 141411f2  ....8..{H.......
 11c7c 79ac1aef c3a4f8d2 88b35a1d d71c3707  y.........Z...7.
 11c8c 291e9232 1dab6d2b 2cf6d8a1 beb12f38  )..2..m+,...../8
 11c9c aaa2d055 7d796908 297f0da4 2ffb57ab  ...U}yi.).../.W.
 11cac d547c899 a4da6efc 9acb9301 8a6abefd  .G....n......j..
 11cbc 7517fc18 32ef7849 ed2a3645 003bf2ee  u...2.xI.*6E.;..
 11ccc b413f50f ab1f8626 ef5c5417 bdffff30  .......&.\T....0
 11cdc 4329b386 49883ad0 5f1cda20 582c92bb  C)..I.:._.. X,..
 11cec 318b3018 ea356836 c8fecb4c 1d1cd43c  1.0..5h6...L...<
 11cfc 839db436 83529e60 909e3f37 37a46de9  ...6.R.`..?77.m.
 11d0c 1e16d4b2 6e7e9d6f 9ce5cfe3 4c154ebc  ....n~.o....L.N.
 11d1c 5926f0cd 8141dc8e d78f788a 70ec388e  Y&...A....x.p.8.
 11d2c f3b850a4 3d2e1629 0080f8ea 55c7d729  ..P.=..)....U..)
 11d3c 2f5ff08d 882f1ec3 854bcfbe e0e9ea00  /_.../...K......
 11d4c 16932a3b b53495d2 a4f233a3 63975fa2  ..*;.4....3.c._.
 11d5c d97d6b2f d8db9811 45862340 905870b1  .}k/....E.#@.Xp.
 11d6c 755734b3 137bb625 072089a9 727fc727  uW4..{.%. ..r..'
 11d7c 43003400 df08cee3 92b87f76 13ee8a00  C.4........v....
 11d8c 310818f1 88559408 16dd70b6 f914c231  1....U....p....1
 11d9c c053c69d 00dabd79 1630d157 37fbfbc8  .S.....y.0.W7...
 11dac 55709910 db299e94 f893f485 ecf288e8  Up...)..........
 11dbc 379206a8 61ee5fa0 a6ecac74 9e8e3879  7...a._....t..8y
 11dcc 07d193f9 c8fb8b07 0203e497 7557601e  ............uW`.
 11ddc db059b06 2f7f9d52 9aac94c9 f8c3e2af  ..../..R........
 11dec a90aab48 afa29df8 e59b335c 649ac51f  ...H......3\d...
 11dfc 4a42bce3 77ab8ed5 4979da89 1c75c5f2  JB..w...Iy...u..
 11e0c ef1830e6 aaf03584 eec41fc1 c4887d8e  ..0...5.......}.
 11e1c 3d5624fb 3ca70416 f13b2cef 1a33e388  =V$.<....;,..3..
 11e2c 8b9eb678 ba8e02bb 04372814 b11c11b9  ...x.....7(.....
 11e3c 6e883801 638678cf 55bace75 fdb85f82  n.8.c.x.U..u.._.
 11e4c b5b9cb44 14ee2b91 29f759a1 73eb0180  ...D..+.).Y.s...
 11e5c 12ab1479 0d8e071e e94d8c1d fb34372d  ...y.....M...47-
 11e6c 9a1cabab 2c447328 c8f0e739 4de2f824  ....,Ds(...9M..$
 11e7c 8e404673 8191adfe 0275e85b 7459b81b  .@Fs.....u.[tY..
 11e8c 3acd8ffd c1c9fd0d 819e7ca1 d95ba7fd  :.........|..[..
 11e9c a6e2d378 e3c155f3 791a1954 1da4d04f  ...x..U.y..T...O
 11eac 853fd590 bab134f9 f327af50 7c7ad70a  .?....4..'.P|z..
 11ebc babe91e0 eaff57f8 9bab5464 bc85cacd  ......W...Td....
 11ecc 0fd180b3 289b9609 886e6d3b ae11c105  ....(....nm;....
 11edc 5970d8de 1e6df885 95214411 b11f3d79  Yp...m...!D...=y
 11eec 9259e9f0 4a9614e9 439cbd80 56de621f  .Y..J...C...V.b.
 11efc 7e6fad58 d013b402 45dc0543 0e126e07  ~o.X....E..C..n.
 11f0c 9dcca096 3a4e2e40 f2fdd14e 1dfa8e4b  ....:N.@...N...K
 11f1c 5efeef0f 9099cd3c 25151bf5 fd96a99f  ^......<%.......
 11f2c 33cfa8a5 4b2eb074 682890c2 49fb13c9  3...K..th(..I...
 11f3c 53eb3751 17d0caef c8553f65 d3a157d7  S.7Q.....U?e..W.
 11f4c 178f24fc 1dd0e2f3 a6055f3f 3169582f  ..$......._?1iX/
 11f5c 57a75b2a 759e26e1 8a687c36 4a0832db  W.[*u.&..h|6J.2.
 11f6c 3d5c95b0 d59c04ac 860a0442 878c4bde  =\.........B..K.
 11f7c 63da5074 dea07d32 ea75ac5c b5509eab  c.Pt..}2.u.\.P..
 11f8c 73db665e 8af77e59 cfd75ccf 93ce2089  s.f^..~Y..\... .
 11f9c 52c040a8 492863b2 b63f893d d83759a5  R.@.I(c..?.=.7Y.
 11fac 45129ee1 35d1817a c26bb40c 30016293  E...5..z.k..0.b.
 11fbc bcf67908 4e7d8ca1 384bf632 68b57614  ..y.N}..8K.2h.v.
 11fcc 7f67ac21 a32b0425 34958710 d7cfcf1a  .g.!.+.%4.......
 11fdc 6da6d8cf 702abd4b bf9b4b99 0ddc802c  m...p*.K..K....,
 11fec 05f532b9 0a1372a4 b08ed01c aad4c246  ..2...r........F
 11ffc 419cbcd7 4ccf640a b40faf66 cc7d4a8d  A...L.d....f.}J.
 1200c ee9ab3d8 fb071052 5cfcacf2 620b7ee6  .......R\...b.~.
 1201c cd4989b8 5a93ec73 b85c50dd 93c28b18  .I..Z..s.\P.....
 1202c 9ea68b36 bf1590f7 8f96d19f b2f87f14  ...6............
 1203c 6be5c7f9 a7e277c6 9c72bfff 79bc7199  k.....w..r..y.q.
 1204c fafde6fa a7167af4 a81f224d 5c23ca60  ......z..."M\#.`
 1205c b72dbd40 c67aa265 fc8b6802 7a105186  .-.@.z.e..h.z.Q.
 1206c 8c04f65d ac821463 c57ae5a3 209006f1  ...]...c.z.. ...
 1207c 15f9e453 b01c15c3 f81e39a6 0a0d868b  ...S......9.....
 1208c 00596375 c2a91354 0348c43f bd0f1b35  .Ycu...T.H.?...5
 1209c ff36098b 1ae81ec3 96ad3a13 d52e0ece  .6........:.....
 120ac 33f49d36 a9174f52 e78803fc 01837287  3..6..OR......r.
 120bc 5f6865e0 356cb274 fff08dd4 5009cbd1  _he.5l.t....P...
 120cc 17878c47 904c35b7 bec43498 a64ba6d1  ...G.L5...4..K..
 120dc 3578e0c6 338e27a0 44507b83 fd7230e9  5x..3.'.DP{..r0.
 120ec 4fd6c574 af7e2302 91a10b04 e9b67d45  O..t.~#.......}E
 120fc f4e167ce 37ec2fb6 e20e3d83 95a69cf9  ..g.7./...=.....
 1210c b2897930 e9735f92 85af67fa 14255ec0  ..y0.s_...g..%^.
 1211c d008e853 fa5f6ed0 96937a1f bf9570e9  ...S._n...z...p.
 1212c ce67e472 1c544b31 3f81950f 6d31f0e8  .g.r.TK1?...m1..
 1213c 5d342d06 aeb57f06 ccd6335b 1d7327d6  ]4-.......3[.s'.
 1214c 2994d870 76f01ea5 82ea9782 9d9e27e7  )..pv.........'.
 1215c eb1e55b6 82e1a160 cadade45 10a23414  ..U....`...E..4.
 1216c e05e984f 3ee5d2ac 91019857 9f221596  .^.O>......W."..
 1217c f615ac18 579d033a 6300ac87 e6325a17  ....W..:c....2Z.
 1218c c355edcf 9d370b92 7de65063 0da7a5d1  .U...7..}.Pc....
 1219c 19d6473c 21ec361f 5c194b60 c5857085  ..G<!.6.\.K`..p.
 121ac 39a34855 a7ac1859 46fe7d36 fe5d0fa7  9.HU...YF.}6.]..
 121bc 923355c7 7c977183 cb343186 a5fb1e35  .3U.|.q..41....5
 121cc 8c8f93bc b433a4ce 26186b66 757d9289  .....3..&.kfu}..
 121dc e253c111 be06d230 8b4c8108 05c474cd  .S.....0.L....t.
 121ec d3c37549 16dd71c8 0087985f 82ea9197  ..uI..q...._....
 121fc 9d83cece f87da4f7 bd51d116 20d0da90  .....}...Q.. ...
 1220c d5292ff0 0ff67eae 077f35cc 98dac9d8  .)/...~...5.....
 1221c 9ceaef6f cf19a900 944f753a 1e221b67  ...o.....Ou:.".g
 1222c 2c6c6694 9dbd0bf7 903c047d 81436a42  ,lf......<.}.CjB
 1223c 99acf765 1ec823a0 e0bfa64d 718182ba  ...e..#....Mq...
 1224c aac4250a 92442993 4349049a e2a5988e  ..%..D).CI......
 1225c f9a806d1 4871e876 719b4c6c 0dc2ce25  ....Hq.vq.Ll...%
 1226c 79a72328 340a575e 9e6da9a2 bcf95634  y.#(4.W^.m....V4
 1227c 6970502d 7ef7939f a510b3be dc47216d  ipP-~........G!m
 1228c 5835a850 73c8401f 52510d25 3fd35fd4  X5.Ps.@.RQ.%?._.
 1229c 58d6a6ba 9dc1a422 59b20ac4 4ad0c142  X......"Y...J..B
 122ac 8c60c4f3 00200000 bb1ab3ff 08eb30aa  .`... ........0.
 122bc 97461ef1 54c38b73 4ad50527 40259ab3  .F..T..sJ..'@%..
 122cc 6e5e5eb0 c9158328 bb150c06 705e0901  n^^....(....p^..
 122dc 0ceced9c 8723e078 72a649ec bc47d048  .....#.xr.I..G.H
 122ec f92bc820 3a36a9d4 85158c2e 037ba4af  .+. :6.......{..
 122fc 8af17f0c ec77e4c4 b5acca31 c47eeefa  .....w.....1.~..
 1230c fd1654e4 6b1e89ba 579e98b2 f8f5ea15  ..T.k...W.......
 1231c f7730e09 ee611687 e702da1f 0347a9a3  .s...a.......G..
 1232c 2b9bde2c 7b48121c ce592144 c53c0f63  +..,{H...Y!D.<.c
 1233c 8c24fde6 8bb5b10f ecb1dc26 3c79bf80  .$.........&<y..
 1234c 49a9ea2b 7b47d6bd 4b12f304 fe0282dc  I..+{G..K.......
 1235c 2ada89c3 e1251f42 c2755a81 b271db07  *....%.B.uZ..q..
 1236c 8639e3ac 07717d1b 331bf011 388a47c1  .9...q}.3...8.G.
 1237c 6426952a 65fc94e7 ff5d45df a5ac7e5a  d&.*e....]E...~Z
 1238c c23f252d f69b5d0b 266344e3 0dea1759  .?%-..].&cD....Y
 1239c 2c072ebf 0271884f 31d7ebb0 28c01655  ,....q.O1...(..U
 123ac e8ffe223 c9882278 1ee80012 7e89b891  ...#.."x....~...
 123bc 665fd7d5 e6012bc9 dd84c25f e5ff4fd4  f_....+...._..O.
 123cc 9df6732f 70bf0e39 e5a0a01c 4a6eefd7  ..s/p..9....Jn..
 123dc 1cd65456 da80b98d 7f5115b3 d3ecf0be  ..TV.....Q......
 123ec fa97fdc7 4c248e53 e610709a a238f0be  ....L$.S..p..8..
 123fc 085d8e62 da0037d6 1d9c77b2 6a71142c  .].b..7...w.jq.,
 1240c 37f011fe b08e5d19 01fdba90 10afe8b7  7.....].........
 1241c adf866d3 8d1f97a2 52c8a2a1 44407700  ..f.....R...D@w.
 1242c 913cdeaa dc717d10 10b35f90 4beaa554  .<...q}..._.K..T
 1243c eae73a2f 33d7a743 e5cf4fec 7062a415  ..:/3..C..O.pb..
 1244c 4cc47643 5e3a8c08 589c4714 97cc2963  L.vC^:..X.G...)c
 1245c a7f3e14d 81b3e336 d5e62af7 c5c83df0  ...M...6..*...=.
 1246c 2e7a75de 5599e2d3 242db64a ddc6bab4  .zu.U...$-.J....
 1247c 7966b597 23017eb0 a53ad6d5 3e7f585e  yf..#.~..:..>.X^
 1248c 3f8cb4fd 98def887 82f284c4 7ee31cbe  ?...........~...
 1249c 3878e31c 2185e676 a2a580b3 e33e921d  8x..!..v.....>..
 124ac 1b417b84 c2cc98a6 26191a8c 99de390c  .A{.....&.....9.
 124bc 3e179a90 bdca7354 2a523c4e 5d299307  >.....sT*R<N])..
 124cc 35994478 06c8309e 2f221367 0e6ee9fe  5.Dx..0./".g.n..
 124dc fcfb2ff4 4e1a0142 d0bc66fd c25bd2cd  ../.N..B..f..[..
 124ec 8ad6bb35 603b50c2 305592df 92c512b9  ...5`;P.0U......
 124fc e5108ba6 4fa9fda7 ebe018bd 69dc0004  ....O.......i...
 1250c 60a08ed5 b2e8d7ef 2e7d1f2f 3d7cd09e  `........}./=|..
 1251c ac2dbb5d 86035bda 0b5dbacd 9e2c461f  .-.]..[..]...,F.
 1252c 499ddf6d 03c5dfac 81157a01 749a98ff  I..m......z.t...
 1253c 17279930 e17eeb18 f39ea5f6 d231eb89  .'.0.~.......1..
 1254c ee182dc4 5e2bdafa 164a1b2b 37af0e4b  ..-.^+...J.+7..K
 1255c 3e9c6964 0fec8b3e 80e2a203 914e4596  >.id...>.....NE.
 1256c 536a8c54 63adf71b fb802377 47211b1f  Sj.Tc.....#wG!..
 1257c c06b5c12 7b86da85 cb7ef66e 45fb38e1  .k\.{....~.nE.8.
 1258c b461df2f b7dbd8ce d44274d2 ea08e7a0  .a./.....Bt.....
 1259c a1dda764 ff2f1465 c80bdb10 7c9f0d4d  ...d./.e....|..M
 125ac ba9360c7 77eff51d 10b6d95a 2d970afb  ..`.w......Z-...
 125bc 418630d2 813a66bb fdc7338c ec7ba88e  A.0..:f...3..{..
 125cc 82dc231d 38fab585 5075e657 55a21f1f  ..#.8...Pu.WU...
 125dc 48beeb93 fae528b0 f7df1d75 adce1cb0  H.....(....u....
 125ec 5aa70090 b2f4a04b c4c466ac b1210820  Z......K..f..!. 
 125fc 49f082c0 24b2dfdc e2cf2ca4 76a2692f  I...$.....,.v.i/
 1260c 0b65c3e9 995ae5a9 719dad17 c49e02ec  .e...Z..q.......
 1261c 6d80c6c8 6149a833 9e658d7c fc61d9fb  m...aI.3.e.|.a..
 1262c e283564b 584992a0 ae7d63c3 771fd305  ..VKXI...}c.w...
 1263c adab26a8 9b3bdd56 b7e34bac c26037ba  ..&..;.V..K..`7.
 1264c e217ff47 ae6e8424 62de7d04 b37349dc  ...G.n.$b.}..sI.
 1265c fb61dda9 145b4c63 7d42a9f5 9fc193cf  .a...[Lc}B......
 1266c 0278ebe9 cfebdb29 85b280d0 9a7a9e64  .x.....).....z.d
 1267c c98e5a43 ff9222e6 288e5e2c 5c287e76  ..ZC..".(.^,\(~v
 1268c e436fb51 28f3617f 7c83d2af 71646876  .6.Q(.a.|...qdhv
 1269c e4a63638 6550e348 a0a1ee1c d7f9382f  ..68eP.H......8/
 126ac 7475802e b1f71f75 fe819dfe fb453856  tu.....u.....E8V
 126bc a9bb1de1 c8495704 5ef2f74e cfd7da94  .....IW.^..N....
 126cc b1d1c994 4130e2ee b68f411f c2027e85  ....A0....A...~.
 126dc 818533f2 4bd52f41 e05be2e2 8f80b22c  ..3.K./A.[.....,
 126ec 4f8a9d30 2ff48642 4e332c65 c270aac9  O..0/..BN3,e.p..
 126fc 48febf27 9e1337d1 16076dac 1487b82b  H..'..7...m....+
 1270c ae9e35a4 09a1e1af 736b6fa5 2599ce1f  ..5.....sko.%...
 1271c 699ea531 f246cb0e 97f8dfc3 6bf40a41  i..1.F......k..A
 1272c c258a06a 47887182 e3510cd3 282565b1  .X.jG.q..Q..(%e.
 1273c 274bdd62 0f98e061 0b7f312f 659380c0  'K.b...a..1/e...
 1274c 0464f171 db7f305f 11627bf0 89f2c7ce  .d.q..0_.b{.....
 1275c 148a344c 094a5835 22166f43 1d8af9d9  ..4L.JX5".oC....
 1276c bbdacf39 abbaba3a 39fe218e 09c77e56  ...9...:9.!...~V
 1277c e1a43218 a8a5d998 c1563f83 0c864d27  ..2......V?...M'
 1278c 6c33874d 62b79f47 83af5aff 6f19b207  l3.Mb..G..Z.o...
 1279c c4ddbbb5 13a7d8f0 6a2e5cf1 82147c73  ........j.\...|s
 127ac 1417ed14 42143d16 a90d8c9f ad57eef1  ....B.=......W..
 127bc 4740fd88 c01bf7c8 4a5c94cb 7b68ef76  G@......J\..{h.v
 127cc 06af1a25 f4e265dc 31960118 a8a1ed86  ...%..e.1.......
 127dc 481eb74e 8fd5eef5 2f037f89 96270a1c  H..N..../....'..
 127ec 401f0854 c8c87c89 af1210ba 3a8f0d01  @..T..|.....:...
 127fc 228ca1da ded17b55 1971e33a 4ea30a91  ".....{U.q.:N...
 1280c fca63edd b94672b0 8395504b c78400f3  ..>..Fr...PK....
 1281c d84ae918 da4b701d 8eb7be0e d534080f  .J...Kp......4..
 1282c a0839d57 35bb3aa5 cc66e0ec 9f057ed8  ...W5.:..f....~.
 1283c f2fa9574 d849c1dc 058d883b f3dba900  ...t.I.....;....
 1284c 759038b5 86d31981 8a970169 dd3459bc  u.8........i.4Y.
 1285c 6b4620eb 1557695b 6e6b9042 68aacf77  kF ..Wi[nk.Bh..w
 1286c f1c6369b 9ca7a2a4 58b992ca c20a5665  ..6.....X.....Ve
 1287c 20ae7fe5 e0510325 c913ebf5 e4da6bb4   ....Q.%......k.
 1288c 5dad9c55 16ce8692 e47e5f01 12685794  ]..U.....~_..hW.
 1289c a302dd09 58ea5af2 bebd3729 f33f5c6b  ....X.Z...7).?\k
 128ac a8d89044 c5e75a4a 2b9167f7 d733f797  ...D..ZJ+.g..3..
 128bc 0affd335 635eb2b2 39c86be3 aec1ccf3  ...5c^..9.k.....
 128cc cbb66624 31445333 326a1a70 575a5c5e  ..f$1DS32j.pWZ\^
 128dc 67f695ca 5d301f6c 7e56f4fe 6c8d63d4  g...]0.l~V..l.c.
 128ec c75cd550 4e4efceb 686830f1 ea390d2e  .\.PNN..hh0..9..
 128fc 3b007f58 f8bd8464 63ec5764 a359efe5  ;..X...dc.Wd.Y..
 1290c 981d1e34 f2198b25 4ac516ae 6ee925d9  ...4...%J...n.%.
 1291c 389c271a a6e1ce94 327a332a 9c0c4411  8.'.....2z3*..D.
 1292c 77d038c4 5b9d416d 20cffd58 78dbf62b  w.8.[.Am ..Xx..+
 1293c 9fc07a86 f229c04e 41a56650 4c6618ee  ..z..).NA.fPLf..
 1294c f6b7f916 b043f8c4 9dd6532f 1c40bf3d  .....C....S/.@.=
 1295c 31e23abe d2645c36 9efe58b7 01b5f23c  1.:..d\6..X....<
 1296c 611b3867 a0bf8c7a 15bd7f88 3dbc5909  a.8g...z....=.Y.
 1297c 26ccd966 a79205c8 d482bb35 10588f66  &..f.......5.X.f
 1298c eda96426 6601bf66 38a39aad 4a008ea9  ..d&f..f8...J...
 1299c 0613c256 2d23280c ba9ab9c5 53b4181f  ...V-#(.....S...
 129ac e6bc6891 8e5ee340 043188bc e70bd7a8  ..h..^.@.1......
 129bc 85073c6b 8c29a1a5 45de410d 5cff35b3  ..<k.)..E.A.\.5.
 129cc 09cacfaf d5640ccd d8ca1ff5 42a6d7e7  .....d......B...
 129dc b4b3fbe6 4c3579dd cf5f277a 6166ea22  ....L5y.._'zaf."
 129ec 30f02ab5 44ac78ca 63cc1d3a 14d18ca1  0.*.D.x.c..:....
 129fc f51192a5 62aa828b 0108a095 c130d67f  ....b........0..
 12a0c 3a1b8ebd c5d4f0fa 677c63c2 15f97bf2  :.......g|c...{.
 12a1c 0f8a5503 645ef524 015d2c61 e2c2fec5  ..U.d^.$.],a....
 12a2c 22cb5723 93b4572f efc25ae7 bac902df  ".W#..W/..Z.....
 12a3c 6579d63b 343a6248 8d6c5816 b8d933f9  ey.;4:bH.lX...3.
 12a4c 3652e5ce 4cf8460a a29382f3 eb6e6a4d  6R..L.F......njM
 12a5c d0384945 3b430ee1 0b2fdc64 c615095e  .8IE;C.../.d...^
 12a6c 26f10c29 3726c4e5 cdc2a506 f0695b99  &..)7&.......i[.
 12a7c fca63070 297f10a5 12654078 c41e79ef  ..0p)....e@x..y.
 12a8c 52117320 bcbd402b c2ede9cc 5ca780ee  R.s ..@+....\...
 12a9c 1e2f58cc 04882d19 e50bb860 050bdbb3  ./X...-....`....
 12aac 19f2791f b5aee5c4 32bf5fd3 04d90d68  ..y.....2._....h
 12abc 188f3c63 c27226a9 14bb1c24 2cefe565  ..<c.r&....$,..e
 12acc c6915f3c 81dd1932 a5c3d7fb 6e1c707b  .._<...2....n.p{
 12adc afbb21f0 150c5f1a a997c646 12cb00ff  ..!..._....F....
 12aec f9bfbee6 8535acc4 d3b6cddf 3c12b236  .....5......<..6
 12afc 34828dc7 0b91d7f7 399f3781 2253275a  4.......9.7."S'Z
 12b0c c1d06bf7 801490c6 f45d89ed 14c160da  ..k......]....`.
 12b1c 04a13d0a 4d24db23 186d324b ec28fbeb  ..=.M$.#.m2K.(..
 12b2c 13147726 ff7b972f dc940cc5 5b48ce69  ..w&.{./....[H.i
 12b3c 72e6f1e2 8c16da1d c6fa6e63 593752f7  r.........ncY7R.
 12b4c 87fc5e3f 54de6f8d c16d6040 6f13fb27  ..^?T.o..m`@o..'
 12b5c a2778c1d 9dd1e4eb e1da8c54 a03fd206  .w.........T.?..
 12b6c 40ca4ee7 6c49869d 446244cf 1c34b8a6  @.N.lI..DbD..4..
 12b7c d4bac125 1b464c33 3945d4d0 fa8a6b3d  ...%.FL39E....k=
 12b8c b696b07a f7145c35 011bbb4e bfecd198  ...z..\5...N....
 12b9c 5bc73708 5013949a 49a5c2ae c6be8b87  [.7.P...I.......
 12bac 2d930ca4 70e8a426 7da9d969 d698e9b8  -...p..&}..i....
 12bbc fe6a1c12 aef8b317 09330642 3cc14abd  .j.......3.B<.J.
 12bcc 7c46b8c6 24de7b94 625c8bad 0fb9fa1b  |F..$.{.b\......
 12bdc cee2d29f 5ced170a 33bce2b4 18fbbcf8  ....\...3.......
 12bec ad65b815 bb0208fc 6093b2d2 5a672382  .e......`...Zg#.
 12bfc a1a753e9 ce374368 e2450ef0 7e8704e9  ..S..7Ch.E..~...
 12c0c ba678c6c f9046bc2 480f1485 240379d9  .g.l..k.H...$.y.
 12c1c e033811d 4f1f0ee3 a6b41ba4 33c31677  .3..O.......3..w
 12c2c 420f8680 7e03fa78 ab190409 463e22a2  B...~..x....F>".
 12c3c 3434ccd9 cd1c1320 fcaec21c f8c36d66  44..... ......mf
 12c4c 3d690ec3 9928cf0b efde0875 9ce18c90  =i...(.....u....
 12c5c 908ab1ee 51a3f480 313433a3 9fe30da0  ....Q...143.....
 12c6c 46d47947 53c0970c 7d05648a 91684860  F.yGS...}.d..hH`
 12c7c 75f02194 769805b6 c57491ef 57912a63  u.!.v....t..W.*c
 12c8c 361e1cc6 5e82290a c601838f 2699fef4  6...^.).....&...
 12c9c 9b1cb6f2 88fe265c d4de0bdc 1aefd66e  ......&\.......n
 12cac 9cd32cff c3f9a734 c6653430 5b006f7b  ..,....4.e40[.o{
 12cbc 94b7366b 1be9e87c d93a15f1 0966ad44  ..6k...|.:...f.D
 12ccc 4bcb2a15 1e7ca422 adb1ad9d 697e8017  K.*..|."....i~..
 12cdc b55298d4 84528ebf 808fd8f0 e09919d5  .R...R..........
 12cec b2a65e22 8e0131d6 d0f65170 3048777d  ..^"..1...Qp0Hw}
 12cfc 3a0260ac c3f9d504 630f23b0 6b54471f  :.`.....c.#.kTG.
 12d0c 95c67b76 3fe9e1d2 09cf63d3 b0c24cea  ..{v?.....c...L.
 12d1c 0fdb63c8 8d68a2ab 6dcdf64e bf120475  ..c..h..m..N...u
 12d2c 1d479c59 64cf6813 4edaaad1 a274b6ac  .G.Yd.h.N....t..
 12d3c a0d4f4e9 7025092c a0329b62 f8d1b8be  ....p%.,.2.b....
 12d4c c3faa229 252bcf39 ae019b92 3a3d5f3d  ...)%+.9....:=_=
 12d5c 8a39b0ae b0c791bf 9e3386e8 6c48231a  .9.......3..lH#.
 12d6c b77cbeee 2e51597d e3444c16 01ed7df7  .|...QY}.DL...}.
 12d7c c11451ce 920ecfc6 82bc1b10 c966616f  ..Q..........fao
 12d8c 40ce8cbf bd1bd11d 2e4247da 625c5619  @........BG.b\V.
 12d9c 4f5b6506 155a706a 8bba7887 3eadf0ad  O[e..Zpj..x.>...
 12dac 7aefb7e2 bd73732c 416df51a 9910dee1  z....ss,Am......
 12dbc 18f91fc6 f57bd0a6 a83f684e e7c55a31  .....{...?hN..Z1
 12dcc d32b40c6 45b21d97 78b69b32 d1806118  .+@.E...x..2..a.
 12ddc 70042dd8 b27df84d 6ec599d0 1ee9a6b5  p.-..}.Mn.......
 12dec 7fc747b7 6ba45c17 6a2e90d0 74e4c5d4  ..G.k.\.j...t...
 12dfc e29a7a65 63bdf5a2 2b8f7ac7 fdc2b8aa  ..zec...+.z.....
 12e0c 22687611 995b16f5 cddccf4b d1a0d321  "hv..[.....K...!
 12e1c a53bac13 8c4678a2 690ed197 b475d3ab  .;...Fx.i....u..
 12e2c 2bbe6a7b a615e631 01189eb5 777242b0  +.j{...1....wrB.
 12e3c b1dffebc 4738cb1a 87a8ffe7 f0c0b35f  ....G8........._
 12e4c 9f3be8df 94bb262a fc9306a1 bde5199f  .;....&*........
 12e5c 71eb614d cceab158 7e0e6c76 8edc5534  q.aM...X~.lv..U4
 12e6c 08c2e7a7 77af9568 dfe80305 8f49e59c  ....w..h.....I..
 12e7c b59b7e1d a42fe2c3 691a496a 08f5d87c  ..~../..i.Ij...|
 12e8c 180639a7 754e0891 4780a30c 6c47ec47  ..9.uN..G...lG.G
 12e9c 02e47576 7bb5f54e a0e3e5ab 75140b84  ..uv{..N....u...
 12eac 8222b8ce e5bba2dc e09ed812 952117c8  ."...........!..
 12ebc 850acd95 d0ed0361 137b0cf3 d1fa7467  .......a.{....tg
 12ecc 9f40630b 99d02952 77b2ae3f fb1b41c1  .@c...)Rw..?..A.
 12edc 63b2617c 80cf43b2 644540f6 d9d32499  c.a|..C.dE@...$.
 12eec 70e0f1ae d94879d8 5fca57f1 af43f746  p....Hy._.W..C.F
 12efc faebbd22 7865bc83 81a8b1ad 7f851c14  ..."xe..........
 12f0c 6b74c460 63556cad 14f8e4e6 3700905c  kt.`cUl.....7..\
 12f1c 712f984d 6bc349f3 e2c62433 919216a0  q/.Mk.I...$3....
 12f2c 0ad84ab5 45d05367 b3b12949 4276c9ce  ..J.E.Sg..)IBv..
 12f3c 6a728780 549e9862 1fd8d73c 9268d743  jr..T..b...<.h.C
 12f4c 4eefccde 0597c341 7cc2048b f3848a97  N......A|.......
 12f5c 7de946a9 8947a277 6569f4c4 8681ed74  }.F..G.wei.....t
 12f6c 55e5b4b0 398b1aee 6ca44697 5c6759b1  U...9...l.F.\gY.
 12f7c e147a639 38939dd1 0730038c c0c4f3d3  .G.98....0......
 12f8c 4409f1c8 96dbf8c0 a38e5557 0cb51fed  D.........UW....
 12f9c 5b82159a 56321d12 e58aa403 adc23a3e  [...V2........:>
 12fac 6c758447 4a69e66e bb1491d3 f31242d2  lu.GJi.n......B.
 12fbc b531a9ab 7d6dc1fd f12fa1ac 4a135805  .1..}m.../..J.X.
 12fcc 59078b9f a7fae3c7 e343d9a2 b6c2d65e  Y........C.....^
 12fdc 3ef946b8 ace734d4 b4bea14d ab0b3e50  >.F...4....M..>P
 12fec 2d3e8e47 5b92e657 12253d21 f88f89f5  ->.G[..W.%=!....
 12ffc d22d1751 959bff34 5476cb13 2361e263  .-.Q...4Tv..#a.c
 1300c 3ae38940 001612ea fe78e5b3 e3d8dafa  :..@.....x......
 1301c 61d73a24 0545c6e3 1aeca849 34640415  a.:$.E.....I4d..
 1302c 6619cab3 d21f5837 5b495705 e7798677  f.....X7[IW..y.w
 1303c 7f86cad0 520ee3b9 4a6bf7e4 4a7e8d34  ....R...Jk..J~.4
 1304c f489c907 d2647878 635c1320 465777de  .....dxxc\. FWw.
 1305c 94c6cefd 60282efe c6fea94a 8abd78a3  ....`(.....J..x.
 1306c 134c5a82 62c1701e 36dd3177 1d681f1d  .LZ.b.p.6.1w.h..
 1307c 07fb6e3e 46c67c1c 4ddd0527 425eacef  ..n>F.|.M..'B^..
 1308c 5d869ae6 20e3bb9c a31df8f4 4fbfdedb  ]... .......O...
 1309c b9417490 c5698423 d478bc69 88e4aaee  .At..i.#.x.i....
 130ac 1cc28c1d ecdc1779 7eade145 86d3f5e3  .......y~..E....
 130bc 1a8d8561 ed81b1d5 4f821b33 6f687f97  ...a....O..3oh..
 130cc 3cf8e7f4 54b3629c 1eb839d7 8903a97f  <...T.b...9.....
 130dc a486d6ec 03277c20 a151ebfc 799b62a2  .....'| .Q..y.b.
 130ec 45a558aa f7caad3c cd5d54c6 afd964b4  E.X....<.]T...d.
 130fc 4f2f1a58 1c8d53c2 bf4f5863 f1332397  O/.X..S..OXc.3#.
 1310c a9470169 9373cd37 16ecc863 3abe594a  .G.i.s.7...c:.YJ
 1311c 0b31d5d2 457bdde1 cbebdedf 869de3d0  .1..E{..........
 1312c fabd126e aebf0118 e938016b 6774f806  ...n.....8.kgt..
 1313c 0985b9ed c4c1a0eb 92b16ad2 4617c73f  ..........j.F..?
 1314c e035710b 4b496ebf eae451bb fc08034e  .5q.KIn...Q....N
 1315c 4281270c 575c7585 6af52c8f af6c02f7  B.'.W\u.j.,..l..
 1316c 00756ddd 64e722cf 190bd595 2a7a492f  .um.d.".....*zI/
 1317c bb9f61ec 77e884f7 c1d2d6bb 59aa7638  ..a.w.......Y.v8
 1318c 5164a439 b87dc20e 69f4daf9 e82a5ef5  Qd.9.}..i....*^.
 1319c e1eec6ec f768bbd9 a7b0b191 2160a24b  .....h......!`.K
 131ac 39536464 c7708cb1 db22812d 1a02ed40  9Sdd.p...".-...@
 131bc b60a3c10 2b061fbc 42089e9c 50a452f8  ..<.+...B...P.R.
 131cc b8d6df80 bafea4d1 8c2bc414 b5eb4b5c  .........+....K\
 131dc 17dacf76 c0588462 b10de169 fb1820cc  ...v.X.b...i.. .
 131ec 4f6b29bb 8ddfec90 4406724a c7d6756e  Ok).....D.rJ..un
 131fc 4a23e9fa b3cb97f6 d3dfdea4 0fabaa48  J#.............H
 1320c 7590be66 30cb9349 70b83494 6573a824  u..f0..Ip.4.es.$
 1321c 053f81fb 6c6a7942 44fa19a9 0f782342  .?..ljyBD....x#B
 1322c f3605177 9bd0cf87 f270313a 583153cc  .`Qw.....p1:X1S.
 1323c 1f34da45 c557a62c 23f7cae3 e11ef2cb  .4.E.W.,#.......
 1324c fd827a7e 50e697cc bd1b342d c9ec8948  ..z~P.....4-...H
 1325c 30fe050e b1bddc24 8cfd64c8 7e1a4bf1  0......$..d.~.K.
 1326c 9e910c20 d779c08b afba95de 17ee5b3f  ... .y........[?
 1327c da73fb8e 4a91cb22 6a4955f1 d1ec5b6f  .s..J.."jIU...[o
 1328c db15a16a 5f9d3c4a 3c0914ba 1b74823e  ...j_.<J<....t.>
 1329c 7b6877f7 2689d3fd 249a68e3 ebca82b7  {hw.&...$.h.....
 132ac d06e7c28 a8fce0c4 1eef1c9f 319f61c8  .n|(........1.a.
 132bc 9e939e1e bcf3b35b 8de73972 0a6e0ba5  .......[..9r.n..
 132cc aafff777 70ffeeb0 0a545799 01a31b47  ...wp....TW....G
 132dc 571414a5 167612a2 63dcde27 0fc8e534  W....v..c..'...4
 132ec b5da81cf 38219f02 77637154 79e582bf  ....8!..wcqTy...
 132fc 1e81c11a c686dc04 2031137b 7b36b067  ........ 1.{{6.g
 1330c b573ff60 5e06fd2d 3c0f1c0a 66c1d006  .s.`^..-<...f...
 1331c f2a0c848 97ef1377 272f0c63 1b87ece8  ...H...w'/.c....
 1332c 7743ec4c 069a3757 3ca6c1c4 cccc22b4  wC.L..7W<.....".
 1333c 2a920a93 36f78f46 b0db7696 7ab36b24  *...6..F..v.z.k$
 1334c a22cf5eb a8e5aeb9 34be4da5 898748e3  .,......4.M...H.
 1335c edca3438 02e5f715 e7bd83eb 6c376813  ..48........l7h.
 1336c eaec0f3e 5ab98e36 1830bf6f 63babc14  ...>Z..6.0.oc...
 1337c 180e0640 6b6a340c cf3a0181 a6a72310  ...@kj4..:....#.
 1338c 2a55c18b 720d2179 c943d245 56d18a06  *U..r.!y.C.EV...
 1339c 072da7e3 ba32cdc4 9273ade5 eea0f943  .-...2...s.....C
 133ac a18c2d18 16d3e88a 0ea19758 9e19f094  ..-........X....
 133bc b2cceb98 0e7103ac 3f66b389 90235443  .....q..?f...#TC
 133cc 1e483d55 ba2d11d8 55f1ea58 71f0e335  .H=U.-..U..Xq..5
 133dc 52c4a40c bef8cfc3 e7a6f558 662eadbb  R..........Xf...
 133ec fd3102e6 bc6175f7 0cb0c0b9 e0996718  .1...au.......g.
 133fc 851130a8 3bd1c843 14267c18 d0746299  ..0.;..C.&|..tb.
 1340c a3945071 bb2a4f2a b7f7cc2d b18fda4c  ..Pq.*O*...-...L
 1341c 2c34f33f d4de292f 665c0e59 0b04f41a  ,4.?..)/f\.Y....
 1342c 3d435b72 c71902d1 e6c6fee5 8be662eb  =C[r..........b.
 1343c 4047277c 203ed0e8 f52725da d18e58cc  @G'| >...'%...X.
 1344c 8639fcb2 cb3bb88f dd82af28 2cdaa807  .9...;.....(,...
 1345c eb60b65c 12592b72 24a04bd8 3fe6369a  .`.\.Y+r$.K.?.6.
 1346c 4e2087d1 2fe6e12f 5f0d177e 647d098b  N ../../_..~d}..
 1347c 7f96b9a2 307e12cf 248857d7 63424f6e  ....0~..$.W.cBOn
 1348c e5ee04f4 6eb0b511 bd4e4782 52b82137  ....n....NG.R.!7
 1349c 1f8256df 45f6821d 8c01252a 3ca19ee6  ..V.E.....%*<...
 134ac 26c0404c c9290521 aca91ff5 d9d8c41f  &.@L.).!........
 134bc 1eb08014 3ca21192 fc46c8c3 31937958  ....<....F..1.yX
 134cc b2471e65 c9790661 26a9b578 e089c618  .G.e.y.a&..x....
 134dc 44a5e950 e8ec7a61 4f39208a 9d36fa4c  D..P..zaO9 ..6.L
 134ec 5e86f8b5 79b5c1eb 7dd309a5 cb73ebf1  ^...y...}....s..
 134fc a38eb68c feac137d e8f95432 878fb054  .......}..T2...T
 1350c 030d3c2e 9a646f70 a15787a8 17530fc9  ..<..dop.W...S..
 1351c 41948fc9 4a13b99a e420da88 3b05d81e  A...J.... ..;...
 1352c 44a72f5c 5a9021a6 f778b3da 1acc4f78  D./\Z.!..x....Ox
 1353c f651c15d 787871bc 07a2967c 93a44bcd  .Q.]xxq....|..K.
 1354c 3ccdde46 e310e22e 9579aded ed1e5ea4  <..F.....y....^.
 1355c 6b112032 e1fe4e73 a20a4486 d6389c87  k. 2..Ns..D..8..
 1356c 5b84d1f5 5eb29687 79d0ad78 5a739a09  [...^...y..xZs..
 1357c 287379de dc202788 dcf02ceb 9f65d28f  (sy.. '...,..e..
 1358c 3ef70644 d0f2d0d6 0eb61847 12aa8d6f  >..D.......G...o
 1359c 8a56ba38 1fa9f620 56c229da 8ecdda0a  .V.8... V.).....
 135ac 9926f2b2 623c2883 5d61a47d e4ce7386  .&..b<(.]a.}..s.
 135bc 0c54c690 174ca5ff 73b7428d bd1024e4  .T...L..s.B...$.
 135cc 722ee63d d94701aa 5ca15cf9 ef709f21  r..=.G..\.\..p.!
 135dc 77b6c767 0aae8130 c1840e6a c92ba4f7  w..g...0...j.+..
 135ec f3527d38 60b1a440 80927eaa 974d8964  .R}8`..@..~..M.d
 135fc 2a77ff52 519724d2 d3baea98 a5e7f1f3  *w.RQ.$.........
 1360c 2c99f75f 85541ea9 bdd73394 d253cfcc  ,.._.T....3..S..
 1361c 8e806da2 d94db6b2 94e224d9 7419c6e5  ..m..M....$.t...
 1362c 0d3a6c99 4532e282 72de846b 449b77a1  .:l.E2..r..kD.w.
 1363c 954befee 1d89c612 9cc0f076 280e1290  .K.........v(...
 1364c ff0453dd 3cd4f2c9 4bfe9d68 32826396  ..S.<...K..h2.c.
 1365c b13e9980 df027366 2d928280 953cbc8a  .>....sf-....<..
 1366c dcfdcc03 65baaf09 0db1876b 511719ba  ....e......kQ...
 1367c 4e38df81 af1e64cf cdbf441d 7305edfe  N8....d...D.s...
 1368c bea57db1 f5e16067 bda00afa e4feaee6  ..}...`g........
 1369c dc88c8be f5160946 eee616d5 4456b871  .......F....DV.q
 136ac 95c87543 8b7f8505 46c3ada1 19b65af4  ..uC....F.....Z.
 136bc 2da6c103 f0464cc3 08a12c8a c6cf8e9e  -....FL...,.....
 136cc bc65d5b8 e44c838f 63776185 5674ba83  .e...L..cwa.Vt..
 136dc 2df398bb 102cc08b ae30a0e3 ca4ed0a5  -....,...0...N..
 136ec 8d905d8c 4108f9b2 124533e3 cce148e3  ..].A....E3...H.
 136fc 7f221e85 055a6c07 56a64787 8c79d130  ."...Zl.V.G..y.0
 1370c 98855764 a3a8816e 538588ca 1ea954df  ..Wd...nS.....T.
 1371c 922200f5 d3c30056 48110e15 65577e7f  .".....VH...eW~.
 1372c a0681d72 71661dad 042d340c f9e4973d  .h.rqf...-4....=
 1373c 283a395a ec6c7c2a ec4e3447 96d64e40  (:9Z.l|*.N4G..N@
 1374c c3acaf01 1b5c0b3e c97005fc 3eaa6e99  .....\.>.p..>.n.
 1375c e27ac48a acdb8813 263a2dbf 9d668276  .z......&:-..f.v
 1376c 7b5043c6 3b08c57b 060512f2 94a6e6ef  {PC.;..{........
 1377c 1f357543 631dc99e f7d78271 3cabf4bc  .5uCc......q<...
 1378c 4f62b2c4 7da022ba 4083e366 88f04a17  Ob..}.".@..f..J.
 1379c b2f08d2b c0f2b043 cf7c6c38 6bb11745  ...+...C.|l8k..E
 137ac 1e1377c8 4c84461b f1d1af7e e41e32fa  ..w.L.F....~..2.
 137bc d8daf501 8f30e916 a1c53623 00fe470c  .....0....6#..G.
 137cc fa4bb2e9 3092ac00 5e2e2db9 7b739d5d  .K..0...^.-.{s.]
 137dc 4320ee6e b9d49822 71bef908 a245a277  C .n..."q....E.w
 137ec b3dad37a 60b5693f b51a9bcd ad4f6b4f  ...z`.i?.....OkO
 137fc 012975ee d6bcb998 56f2dfe9 572e63f1  .)u.....V...W.c.
 1380c c5c1f724 f32bb8a1 cacdfca1 5ee289f8  ...$.+......^...
 1381c 5d9554e1 13c93a2b cf79d2e3 a5407eca  ].T...:+.y...@~.
 1382c 30b286bc 8e413711 9027f8fb 1e99b5df  0....A7..'......
 1383c fbb1dad3 859f8eb6 b89a448f ff759307  ..........D..u..
 1384c 99d10ec4 83a0cfc8 f621acb1 f8013022  .........!....0"
 1385c 08f3a15f 1886391f 8283bd13 ddbcb73d  ..._..9........=
 1386c 55132aaf 566d3db3 f4723bd2 3969ae5b  U.*.Vm=..r;.9i.[
 1387c 9a7f8447 5a2b1166 6b63a792 b5331cc9  ...GZ+.fkc...3..
 1388c 17375cbd 3e2a9804 3c0eb523 60621bca  .7\.>*..<..#`b..
 1389c f0412360 3c73b90d 3ef061fc f773b10a  .A#`<s..>.a..s..
 138ac be55543a fc07fab3 599a308e c3c5f313  .UT:....Y.0.....
 138bc b57832a4 a9f66ca4 8850963f 683e49a0  .x2...l..P.?h>I.
 138cc 95db34bc e8a60126 f80d3483 352d8144  ..4....&..4.5-.D
 138dc a9441e35 b975f65c 0d00fc09 5ab7d269  .D.5.u.\....Z..i
 138ec 343644da 9c2f1bf7 6ed506a2 30d69f7b  46D../..n...0..{
 138fc cac80e85 f7e42fa4 ced5d3f6 a99e79bc  ....../.......y.
 1390c 1833d9ae 52adcf47 5bb8fb72 7045b90a  .3..R..G[..rpE..
 1391c 25c3596a 3ae87e54 240143bf b44f8318  %.Yj:.~T$.C..O..
 1392c e669bb3f 77898964 aadb228c 34670e61  .i.?w..d..".4g.a
 1393c bafa7773 fa4a922b afb4b6ed 42ce486c  ..ws.J.+....B.Hl
 1394c df8860e7 a83cfa80 24a6045c 3caa2167  ..`..<..$..\<.!g
 1395c fc54ab81 eb4eaba0 e40fab0a 54f278e0  .T...N......T.x.
 1396c 130d9371 2ff474cc 2aa78789 755e0a20  ...q/.t.*...u^. 
 1397c 435b1175 0b591878 868cb45c e047a225  C[.u.Y.x...\.G.%
 1398c 41454f19 da335665 6e14e5c3 58c993b3  AEO..3Ven...X...
 1399c d410fd7e 77e46b16 737ebce1 35d3b2cc  ...~w.k.s~..5...
 139ac b393261c 18196f9e 10d9d4d6 2cc44d6a  ..&...o.....,.Mj
 139bc c62b15c0 5a9f79c0 bb4f17b8 32f5057b  .+..Z.y..O..2..{
 139cc 9ec10649 45af7b21 029eda13 ea5d75b5  ...IE.{!.....]u.
 139dc c53afd31 9810558e 9e2a18b3 5eaab076  .:.1..U..*..^..v
 139ec 45a1c94b 610bae0b 03993cea f739133b  E..Ka.....<..9.;
 139fc abe0097c c40fe48c 7204cdaa 0a496f7e  ...|....r....Io~
 13a0c 7dcec5eb 180bef8b 29b3d2d0 9f762d59  }.......)....v-Y
 13a1c a05ada0c 0071d96c 9636f6e6 eabb310c  .Z...q.l.6....1.
 13a2c 6089c285 75e5e7dd 3c690b05 61b30a91  `...u...<i..a...
 13a3c f8cf5577 a726c21c 2587a56d 372a0318  ..Uw.&..%..m7*..
 13a4c 6e6cb1d2 85072557 43a69ef4 fa884723  nl....%WC.....G#
 13a5c 326cae1e bcd08ee6 d99897f6 e1b95381  2l............S.
 13a6c 8d39bcb9 f16c795c 2c2adefe 3674b8e2  .9...ly\,*..6t..
 13a7c 4d5d73dd c2dfeffc b5b9c677 2043bc78  M]s........w C.x
 13a8c 2ea65f2c e0272c0d 2c9245c9 7dbd9ef7  .._,.',.,.E.}...
 13a9c b62700ab 997e21cd 97a0ef2b 33c224e1  .'...~!....+3.$.
 13aac f1f83e8c 366e5eb0 eafe0144 8cd351b9  ..>.6n^....D..Q.
 13abc 6a304eed c85ac77a 0d82f01a 4148e0de  j0N..Z.z....AH..
 13acc a20e8626 710461af 080e2262 4e24b033  ...&q.a..."bN$.3
 13adc f25a3d85 6b3131cf ad8d5b8d 083f8442  .Z=.k11...[..?.B
 13aec 97b23f03 a9339f84 c38578b0 4ba539c5  ..?..3....x.K.9.
 13afc 6dd2361e 760e2fbc acc7ff34 f6595f4a  m.6.v./....4.Y_J
 13b0c 97f8d097 02175b29 97baa9d8 0132976e  ......[).....2.n
 13b1c eee182dc 11a9995c 05ffb68d e94020c2  .......\.....@ .
 13b2c d7a9d3c6 9b603997 49b34547 9a6c99e4  .....`9.I.EG.l..
 13b3c 012e0215 10650bc6 7251a14b cb3af329  .....e..rQ.K.:.)
 13b4c 05c2ea99 029bb418 eeaf4d0a c31e93a1  ..........M.....
 13b5c b92a727f 6fa1215f fe0d1606 0ea413b2  .*r.o.!_........
 13b6c 964167d8 3dcba3d5 778836aa 230a5851  .Ag.=...w.6.#.XQ
 13b7c 1259fce9 fde79548 a47a3e7a a8d714cc  .Y.....H.z>z....
 13b8c 26e4439d b74e3232 4d972ce3 3781e9b3  &.C..N22M.,.7...
 13b9c 6cccc5db 612a8c31 67039aeb b561123f  l...a*.1g....a.?
 13bac b0bac5a9 a9c6ca6d 214a311d 81b40e6d  .......m!J1....m
 13bbc aaa75c07 d17b000a 518e40c2 d1c43455  ..\..{..Q.@...4U
 13bcc 9b1f0a99 9903a62c 7b377348 4792b0c2  .......,{7sHG...
 13bdc 018a1a46 a3f29cf3 526f800e b9797666  ...F....Ro...yvf
 13bec 120c2c4b 82f0b2b5 244c765a 7454090c  ..,K....$LvZtT..
 13bfc 2bb05228 82fa57e9 c4f3ee54 b401f881  +.R(..W....T....
 13c0c f50dc3b5 465e311b 04c49e57 7b87b6e3  ....F^1....W{...
 13c1c d5c40248 8eb26525 58f6698c 7eb06da5  ...H..e%X.i.~.m.
 13c2c 1efb7ab4 68efc0f7 e4fb4c59 7969c691  ..z.h.....LYyi..
 13c3c 95e1ddcc 8ff47289 73794c26 8e5a7e5e  ......r.syL&.Z~^
 13c4c aad6c3ca ffa48b22 1f787849 0eeb18f8  .......".xxI....
 13c5c 9b9517f6 318bc8f2 2bcfca75 5332d51f  ....1...+..uS2..
 13c6c ced42c66 d9212898 5e548cf8 2437fa52  ..,f.!(.^T..$7.R
 13c7c 050bebf0 9a2f6430 371a6993 ede3ed65  ...../d07.i....e
 13c8c 76fbfcfb ac2f3a60 843d73f3 d5888fe8  v..../:`.=s.....
 13c9c a914a289 24f5c323 c2e86bf2 b9d68fcb  ....$..#..k.....
 13cac 9abf107b a76c1e9d c3389d41 a0f5b0f1  ...{.l...8.A....
 13cbc 9853ae66 4e32e13f d3b99c07 9c1029dd  .S.fN2.?......).
 13ccc 28e58fa8 eb6d1ae7 10a77d48 e590980d  (....m....}H....
 13cdc a804e277 1bd61a84 6b19b5d4 0f9f684d  ...w....k.....hM
 13cec 10697007 0a0a7496 3ba0c7ab cb383af9  .ip...t.;....8:.
 13cfc 3a32fc7f b0f1bfe4 2074fc50 5c54a909  :2...... t.P\T..
 13d0c c01166ee 5d3dff85 ef7c5783 dcd9d728  ..f.]=...|W....(
 13d1c 0e571f9e 26718db7 f4f8ef4f 87ef2b2d  .W..&q.....O..+-
 13d2c 9c0b5f7b b96df546 09527b3c b043f44c  .._{.m.F.R{<.C.L
 13d3c f9691aa7 ad4acf55 111c8881 c06e62cc  .i...J.U.....nb.
 13d4c 4e853809 2a2cf127 4d77ff4c b27e58da  N.8.*,.'Mw.L.~X.
 13d5c 7a65964e b5a47325 fa6748f4 307537f1  ze.N..s%.gH.0u7.
 13d6c 09e536e6 227b2656 014fa4e6 90dc2cb5  ..6."{&V.O....,.
 13d7c 31498476 aaa382f7 db057502 347d14e9  1I.v......u.4}..
 13d8c c8332295 709445e1 7f2c07a5 61099e32  .3".p.E..,..a..2
 13d9c 12ce6e6a f0a21f74 a2778899 89e5a5d7  ..nj...t.w......
 13dac 88098863 fd3c2668 5a585abb 2619c69e  ...c.<&hZXZ.&...
 13dbc a1e134f7 f5e40235 3c8f9ffd a3a1c9cc  ..4....5<.......
 13dcc af1bdc74 547029c6 bfef1c7f a9871f2c  ...tTp)........,
 13ddc e2f6625e 444b47fd 70a10516 10199673  ..b^DKG.p......s
 13dec 0fdb707e d7834f95 548ee56c fc7691d5  ..p~..O.T..l.v..
 13dfc ef3a829f 89d3109f 6b83fcaf 4c6967cc  .:......k...Lig.
 13e0c c9b551e9 138f2002 5f7c58e4 09df7499  ..Q... ._|X...t.
 13e1c 5b7909f2 e7361fa0 b29124d1 c1f9daca  [y...6....$.....
 13e2c 229cf233 600198de e8f8c29f c48b7b39  "..3`.........{9
 13e3c b6060282 759567bb 8f94e61f 1c1a1c91  ....u.g.........
 13e4c e2b15d3b 95a2c257 40bc7b44 29ff1ef2  ..];...W@.{D)...
 13e5c 9e23a36d 51081b22 71a237ec a8258d38  .#.mQ.."q.7..%.8
 13e6c 958287fe 7d0e3176 e6bcc770 aec8e1f5  ....}.1v...p....
 13e7c 055c8ba5 54d60599 9741e5cf ed88b53a  .\..T....A.....:
 13e8c ba706853 234fc196 d49b4184 13478086  .phS#O....A..G..
 13e9c afcc3d67 1dfc343d a4793812 f201fdac  ..=g..4=.y8.....
 13eac b3426d9f 68701b24 6ee4c57b 43523c9c  .Bm.hp.$n..{CR<.
 13ebc a18c50d4 ae567ad6 484780a4 b67a9321  ..P..Vz.HG...z.!
 13ecc 4e58fc92 7c4b46d6 fe20f0cf 537ee5ab  NX..|KF.. ..S~..
 13edc 2d7bb407 974e690b 53fdcf89 19b8bb6f  -{...Ni.S......o
 13eec 8baf4417 09d5da00 dcb8f6e5 9e7aea7e  ..D..........z.~
 13efc 2d0c95ad e2e9afc7 f6c4b125 4b7fa186  -..........%K...
 13f0c 90b17909 3f411d32 7f14a1dd ad8133f6  ..y.?A.2......3.
 13f1c 8ab05aa7 826010b4 e07a1a95 063dee5e  ..Z..`...z...=.^
 13f2c bee432e8 deb5f77d db919b27 2b5c484d  ..2....}...'+\HM
 13f3c 9b9eacb2 5b2e1324 ba430da7 e5b5b54f  ....[..$.C.....O
 13f4c b7fde80d 165eaa48 97f92a2b 611bf9aa  .....^.H..*+a...
 13f5c 1db0b9da 244526c3 768e25a2 1f455a80  ....$E&.v.%..EZ.
 13f6c d449a7bc cd67b244 e137b9b3 d1f4773a  .I...g.D.7....w:
 13f7c 9fc1f791 15a220d7 254fa064 58101dec  ...... .%O.dX...
 13f8c 5b3ac5a8 2b088184 9617522a d518da6f  [:..+.....R*...o
 13f9c 31086415 ddef7ccf 66499440 e393c6a9  1.d...|.fI.@....
 13fac 250ac481 07bff7f9 9729d1fc 3ca24380  %........)..<.C.
 13fbc 0a3d126e b3917f57 24adde56 ce723bef  .=.n...W$..V.r;.
 13fcc 8b90280e 8a99fccd 448b2c96 e485cda5  ..(.....D.,.....
 13fdc a62bccec 63817408 feebe062 d9cfef87  .+..c.t....b....
 13fec 55ce3820 418b35fd 0fb3adc5 8e4508f1  U.8 A.5......E..
 13ffc bde0b721 202a13da b62ff97e fb3d74d1  ...! *.../.~.=t.
 1400c fa0310e8 bea5bb3b 5ff75691 bbae0bc4  .......;_.V.....
 1401c 41057df2 cf743f5e ce996123 32ba65a5  A.}..t?^..a#2.e.
 1402c aaaef972 c8f887eb f709bae3 f7a23a9c  ...r..........:.
 1403c fe066bd1 7fe33664 e614334f 20e32d1d  ..k...6d..3O .-.
 1404c 8580ba2d fe5a8692 919bd2de 9f9e3653  ...-.Z........6S
 1405c 5f2d8e8b dffddd7c 17913fd4 c34e628d  _-.....|..?..Nb.
 1406c 0e6626b9 cd0d0a94 e623ef59 82e82602  .f&......#.Y..&.
 1407c 6eb89ba0 5bcbefe8 4c6144b6 c11a6ac2  n...[...LaD...j.
 1408c cf769ae7 5ec44c87 50313c5c dd344195  .v..^.L.P1<\.4A.
 1409c 3ab74da7 ba2f9675 b4f5311b 12e5a528  :.M../.u..1....(
 140ac 55b4c5d3 2c0fa200 47c36034 317c9836  U...,...G.`41|.6
 140bc a6d1bd62 51c85ace 277ddc79 c853c6c7  ...bQ.Z.'}.y.S..
 140cc 987c3c13 0bd75f80 add6bbe0 3629d109  .|<..._.....6)..
 140dc bb4ea0e6 55484bcd 14866b81 3451d964  .N..UHK...k.4Q.d
 140ec c48b2a77 030702a9 0d183694 9e32750a  ..*w......6..2u.
 140fc ee37e75f c50f0386 14c728be 3b715ef5  .7._......(.;q^.
 1410c cd362b93 d527af50 3eed1673 4c642228  .6+..'.P>..sLd"(
 1411c a04cc2fa 5da7add0 95c77c3a abdbfe9c  .L..].....|:....
 1412c b2a2e8ed 795ca47e 775f25af f6b4e852  ....y\.~w_%....R
 1413c 344f51fd fc25fb69 65c236fa 1b0008b3  4OQ..%.ie.6.....
 1414c 49804b5d ca2aa81a 8aff7501 7ec32e79  I.K].*....u.~..y
 1415c 6b0959f8 51a71b30 d8ebf0b4 472b3eea  k.Y.Q..0....G+>.
 1416c 1629805e ecaca40f 2f4532eb b4b0334f  .).^..../E2...3O
 1417c 5b85619e 3fe81e32 6499cd19 5cdb38b7  [.a.?..2d...\.8.
 1418c fed466cf 840cf149 070a8c46 398ced3d  ..f....I...F9..=
 1419c 2a1b143e cb5acb6f dd7af7aa fc4be918  *..>.Z.o.z...K..
 141ac de8f539a 805f08ea 95603a87 0aca6411  ..S.._...`:...d.
 141bc 3df684c2 7dfa5fc2 5c8acab3 b1ce040d  =...}._.\.......
 141cc 5380b037 51ba924b cbdbdc4e 37affccc  S..7Q..K...N7...
 141dc 58d09a81 ff74d0e7 e6c2fbf9 35998332  X....t......5..2
 141ec 898dc8a9 78564440 ab270383 ec9816c6  ....xVD@.'......
 141fc cf8f7aa5 fd380687 68833164 4864aa46  ..z..8..h.1dHd.F
 1420c e1feb84d 2497e8af 8774eef9 e4ffad73  ...M$....t.....s
 1421c 30f3cb9a 76123fa4 043cab73 a130beeb  0...v.?..<.s.0..
 1422c 4789a414 22f65894 e1363334 90996177  G...".X..634..aw
 1423c 2e6d6f9e 0728be61 2bfff119 7be00fc1  .mo..(.a+...{...
 1424c d603733f a8a68d87 9985cd71 e3f7a859  ..s?.......q...Y
 1425c be414b26 2c3138fe 40aa599c be7df98e  .AK&,18.@.Y..}..
 1426c a9d5273a fb72abdd 91729b39 0f6dfac6  ..':.r...r.9.m..
 1427c 956f4621 c6a98e2d fc6f7ab2 712827f8  .oF!...-.oz.q('.
 1428c 4c93ccc6 5a81c0bd 6fb484d7 0a4fca7d  L...Z...o....O.}
 1429c 64ab9784 0f2374bc 41b27dc6 117c8856  d....#t.A.}..|.V
 142ac 481baefb 21977346                    H...!.sF        
Contents of section .comment:
 0000 4743433a 20282920 31342e32 2e3000    GCC: () 14.2.0. 
Contents of section .riscv.attributes:
 0000 41630000 00726973 63760001 59000000  Ac...riscv..Y...
 0010 04100572 76333269 3270315f 6d327030  ...rv32i2p1_m2p0
 0020 5f663270 325f7a69 63737232 70305f7a  _f2p2_zicsr2p0_z
 0030 6d6d756c 3170305f 7a766533 32783170  mmul1p0_zve32x1p
 0040 305f7a76 65363478 3170305f 7a766c33  0_zve64x1p0_zvl3
 0050 32623170 305f7a76 6c363462 31703000  2b1p0_zvl64b1p0.
 0060 08010a0b                             ....            

Disassembly of section .text0:

00000000 <_start>:
   0:	00000093          	li	ra,0
   4:	00000113          	li	sp,0
   8:	00000193          	li	gp,0
   c:	00000213          	li	tp,0
  10:	00000293          	li	t0,0
  14:	00000313          	li	t1,0
  18:	00000393          	li	t2,0
  1c:	00000413          	li	s0,0
  20:	00000493          	li	s1,0
  24:	00000513          	li	a0,0
  28:	00000593          	li	a1,0
  2c:	00000613          	li	a2,0
  30:	00000693          	li	a3,0
  34:	00000713          	li	a4,0
  38:	00000793          	li	a5,0
  3c:	00000813          	li	a6,0
  40:	00000893          	li	a7,0
  44:	00000913          	li	s2,0
  48:	00000993          	li	s3,0
  4c:	00000a13          	li	s4,0
  50:	00000a93          	li	s5,0
  54:	00000b13          	li	s6,0
  58:	00000b93          	li	s7,0
  5c:	00000c13          	li	s8,0
  60:	00000c93          	li	s9,0
  64:	00000d13          	li	s10,0
  68:	00000d93          	li	s11,0
  6c:	00000e13          	li	t3,0
  70:	00000e93          	li	t4,0
  74:	00000f13          	li	t5,0
  78:	00000f93          	li	t6,0
  7c:	00020197          	auipc	gp,0x20
  80:	78418193          	addi	gp,gp,1924 # 20800 <_gp>

00000084 <init_bss>:
  84:	00020517          	auipc	a0,0x20
  88:	f7c50513          	addi	a0,a0,-132 # 20000 <__sbss_end>
  8c:	00020597          	auipc	a1,0x20
  90:	f7058593          	addi	a1,a1,-144 # 1fffc <__rodata_end+0xbd48>
  94:	00000613          	li	a2,0
  98:	070000ef          	jal	ra,108 <fill_block>

0000009c <init_sbss>:
  9c:	00020517          	auipc	a0,0x20
  a0:	f6450513          	addi	a0,a0,-156 # 20000 <__sbss_end>
  a4:	00020597          	auipc	a1,0x20
  a8:	f5858593          	addi	a1,a1,-168 # 1fffc <__rodata_end+0xbd48>
  ac:	00000613          	li	a2,0
  b0:	058000ef          	jal	ra,108 <fill_block>

000000b4 <write_stack_pattern>:
  b4:	00020517          	auipc	a0,0x20
  b8:	f4c50513          	addi	a0,a0,-180 # 20000 <__sbss_end>
  bc:	00021597          	auipc	a1,0x21
  c0:	f4058593          	addi	a1,a1,-192 # 20ffc <_gp+0x7fc>
  c4:	00000613          	li	a2,0
  c8:	040000ef          	jal	ra,108 <fill_block>

000000cc <init_stack>:
  cc:	00021117          	auipc	sp,0x21
  d0:	f3410113          	addi	sp,sp,-204 # 21000 <__stack>

000000d4 <write_test_pattern>:
  d4:	20100517          	auipc	a0,0x20100
  d8:	f2c50513          	addi	a0,a0,-212 # 20100000 <_test_start>
  dc:	20101597          	auipc	a1,0x20101
  e0:	f2058593          	addi	a1,a1,-224 # 20100ffc <_test_start+0xffc>
  e4:	00000613          	li	a2,0
  e8:	020000ef          	jal	ra,108 <fill_block>

000000ec <SystemInit>:
  ec:	030000ef          	jal	ra,11c <boot>
  f0:	0e8100ef          	jal	ra,101d8 <main>

000000f4 <SystemExit>:
  f4:	00040297          	auipc	t0,0x40
  f8:	f0828293          	addi	t0,t0,-248 # 3fffc <_sim_end>
  fc:	fff00313          	li	t1,-1
 100:	0062a023          	sw	t1,0(t0)

00000104 <dead_loop>:
 104:	0000006f          	j	104 <dead_loop>

00000108 <fill_block>:
 108:	00a5e863          	bltu	a1,a0,118 <fb_end>
 10c:	00c52023          	sw	a2,0(a0)
 110:	00450513          	addi	a0,a0,4
 114:	ff5ff06f          	j	108 <fill_block>

00000118 <fb_end>:
 118:	00008067          	ret

0000011c <boot>:
 11c:	fe010113          	addi	sp,sp,-32
 120:	00112e23          	sw	ra,28(sp)
 124:	00812c23          	sw	s0,24(sp)
 128:	02010413          	addi	s0,sp,32
 12c:	100207b7          	lui	a5,0x10020
 130:	fef42623          	sw	a5,-20(s0)
 134:	30046073          	csrsi	mstatus,8
 138:	00001fb7          	lui	t6,0x1
 13c:	800f8f93          	addi	t6,t6,-2048 # 800 <boot+0x6e4>
 140:	304fa073          	csrs	mie,t6
 144:	fec42783          	lw	a5,-20(s0)
 148:	20078793          	addi	a5,a5,512 # 10020200 <_end+0xffe0200>
 14c:	20000737          	lui	a4,0x20000
 150:	00070713          	mv	a4,a4
 154:	00e7a023          	sw	a4,0(a5)
 158:	fec42783          	lw	a5,-20(s0)
 15c:	30078793          	addi	a5,a5,768
 160:	00010737          	lui	a4,0x10
 164:	00070713          	mv	a4,a4
 168:	00e7a023          	sw	a4,0(a5)
 16c:	200047b7          	lui	a5,0x20004
 170:	2b478713          	addi	a4,a5,692 # 200042b4 <_dram_i_end>
 174:	200007b7          	lui	a5,0x20000
 178:	00078793          	mv	a5,a5
 17c:	40f707b3          	sub	a5,a4,a5
 180:	0027d713          	srli	a4,a5,0x2
 184:	fec42783          	lw	a5,-20(s0)
 188:	40078793          	addi	a5,a5,1024 # 20000400 <_dram_i_start+0x400>
 18c:	00170713          	addi	a4,a4,1 # 10001 <_imem_start+0x1>
 190:	00e7a023          	sw	a4,0(a5)
 194:	fec42783          	lw	a5,-20(s0)
 198:	10078793          	addi	a5,a5,256
 19c:	00100713          	li	a4,1
 1a0:	00e7a023          	sw	a4,0(a5)
 1a4:	10500073          	wfi
 1a8:	fec42783          	lw	a5,-20(s0)
 1ac:	20078793          	addi	a5,a5,512
 1b0:	20101737          	lui	a4,0x20101
 1b4:	00070713          	mv	a4,a4
 1b8:	00e7a023          	sw	a4,0(a5)
 1bc:	fec42783          	lw	a5,-20(s0)
 1c0:	30078793          	addi	a5,a5,768
 1c4:	00020737          	lui	a4,0x20
 1c8:	00070713          	mv	a4,a4
 1cc:	00e7a023          	sw	a4,0(a5)
 1d0:	000207b7          	lui	a5,0x20
 1d4:	00078713          	mv	a4,a5
 1d8:	000207b7          	lui	a5,0x20
 1dc:	00078793          	mv	a5,a5
 1e0:	40f707b3          	sub	a5,a4,a5
 1e4:	0027d713          	srli	a4,a5,0x2
 1e8:	fec42783          	lw	a5,-20(s0)
 1ec:	40078793          	addi	a5,a5,1024 # 20400 <__sbss_end+0x400>
 1f0:	00170713          	addi	a4,a4,1 # 20001 <__sbss_end+0x1>
 1f4:	00e7a023          	sw	a4,0(a5)
 1f8:	fec42783          	lw	a5,-20(s0)
 1fc:	10078793          	addi	a5,a5,256
 200:	00100713          	li	a4,1
 204:	00e7a023          	sw	a4,0(a5)
 208:	10500073          	wfi
 20c:	fec42783          	lw	a5,-20(s0)
 210:	20078793          	addi	a5,a5,512
 214:	20101737          	lui	a4,0x20101
 218:	00070713          	mv	a4,a4
 21c:	00e7a023          	sw	a4,0(a5)
 220:	fec42783          	lw	a5,-20(s0)
 224:	30078793          	addi	a5,a5,768
 228:	00020737          	lui	a4,0x20
 22c:	00070713          	mv	a4,a4
 230:	00e7a023          	sw	a4,0(a5)
 234:	000207b7          	lui	a5,0x20
 238:	00078713          	mv	a4,a5
 23c:	000207b7          	lui	a5,0x20
 240:	00078793          	mv	a5,a5
 244:	40f707b3          	sub	a5,a4,a5
 248:	0027d713          	srli	a4,a5,0x2
 24c:	fec42783          	lw	a5,-20(s0)
 250:	40078793          	addi	a5,a5,1024 # 20400 <__sbss_end+0x400>
 254:	00170713          	addi	a4,a4,1 # 20001 <__sbss_end+0x1>
 258:	00e7a023          	sw	a4,0(a5)
 25c:	fec42783          	lw	a5,-20(s0)
 260:	10078793          	addi	a5,a5,256
 264:	00100713          	li	a4,1
 268:	00e7a023          	sw	a4,0(a5)
 26c:	10500073          	wfi
 270:	00000013          	nop
 274:	01c12083          	lw	ra,28(sp)
 278:	01812403          	lw	s0,24(sp)
 27c:	02010113          	addi	sp,sp,32
 280:	00008067          	ret

Disassembly of section .text1:

00010000 <_imem_start>:
   10000:	f8410113          	addi	sp,sp,-124
   10004:	00112023          	sw	ra,0(sp)
   10008:	00212223          	sw	sp,4(sp)
   1000c:	00312423          	sw	gp,8(sp)
   10010:	00412623          	sw	tp,12(sp)
   10014:	00512823          	sw	t0,16(sp)
   10018:	00612a23          	sw	t1,20(sp)
   1001c:	00712c23          	sw	t2,24(sp)
   10020:	00812e23          	sw	s0,28(sp)
   10024:	02912023          	sw	s1,32(sp)
   10028:	02a12223          	sw	a0,36(sp)
   1002c:	02b12423          	sw	a1,40(sp)
   10030:	02c12623          	sw	a2,44(sp)
   10034:	02d12823          	sw	a3,48(sp)
   10038:	02e12a23          	sw	a4,52(sp)
   1003c:	02f12c23          	sw	a5,56(sp)
   10040:	03012e23          	sw	a6,60(sp)
   10044:	05112023          	sw	a7,64(sp)
   10048:	05212223          	sw	s2,68(sp)
   1004c:	05312423          	sw	s3,72(sp)
   10050:	05412623          	sw	s4,76(sp)
   10054:	05512823          	sw	s5,80(sp)
   10058:	05612a23          	sw	s6,84(sp)
   1005c:	05712c23          	sw	s7,88(sp)
   10060:	05812e23          	sw	s8,92(sp)
   10064:	07912023          	sw	s9,96(sp)
   10068:	07a12223          	sw	s10,100(sp)
   1006c:	07b12423          	sw	s11,104(sp)
   10070:	07c12623          	sw	t3,108(sp)
   10074:	07d12823          	sw	t4,112(sp)
   10078:	07e12a23          	sw	t5,116(sp)
   1007c:	07f12c23          	sw	t6,120(sp)
   10080:	104000ef          	jal	ra,10184 <trap_handler>
   10084:	00012083          	lw	ra,0(sp)
   10088:	00412103          	lw	sp,4(sp)
   1008c:	00812183          	lw	gp,8(sp)
   10090:	00c12203          	lw	tp,12(sp)
   10094:	01012283          	lw	t0,16(sp)
   10098:	01412303          	lw	t1,20(sp)
   1009c:	01812383          	lw	t2,24(sp)
   100a0:	01c12403          	lw	s0,28(sp)
   100a4:	02012483          	lw	s1,32(sp)
   100a8:	02412503          	lw	a0,36(sp)
   100ac:	02812583          	lw	a1,40(sp)
   100b0:	02c12603          	lw	a2,44(sp)
   100b4:	03012683          	lw	a3,48(sp)
   100b8:	03412703          	lw	a4,52(sp)
   100bc:	03812783          	lw	a5,56(sp)
   100c0:	03c12803          	lw	a6,60(sp)
   100c4:	04012883          	lw	a7,64(sp)
   100c8:	04412903          	lw	s2,68(sp)
   100cc:	04812983          	lw	s3,72(sp)
   100d0:	04c12a03          	lw	s4,76(sp)
   100d4:	05012a83          	lw	s5,80(sp)
   100d8:	05412b03          	lw	s6,84(sp)
   100dc:	05812b83          	lw	s7,88(sp)
   100e0:	05c12c03          	lw	s8,92(sp)
   100e4:	06012c83          	lw	s9,96(sp)
   100e8:	06412d03          	lw	s10,100(sp)
   100ec:	06812d83          	lw	s11,104(sp)
   100f0:	06c12e03          	lw	t3,108(sp)
   100f4:	07012e83          	lw	t4,112(sp)
   100f8:	07412f03          	lw	t5,116(sp)
   100fc:	07812f83          	lw	t6,120(sp)
   10100:	07c10113          	addi	sp,sp,124
   10104:	30200073          	mret

00010108 <timer_interrupt_handler>:
   10108:	fe010113          	addi	sp,sp,-32
   1010c:	00112e23          	sw	ra,28(sp)
   10110:	00812c23          	sw	s0,24(sp)
   10114:	02010413          	addi	s0,sp,32
   10118:	100107b7          	lui	a5,0x10010
   1011c:	fef42623          	sw	a5,-20(s0)
   10120:	30006073          	csrsi	mstatus,0
   10124:	fec42783          	lw	a5,-20(s0)
   10128:	10078793          	addi	a5,a5,256 # 10010100 <_end+0xffd0100>
   1012c:	0007a023          	sw	zero,0(a5)
   10130:	ed1ef06f          	j	0 <_start>
   10134:	00000013          	nop
   10138:	01c12083          	lw	ra,28(sp)
   1013c:	01812403          	lw	s0,24(sp)
   10140:	02010113          	addi	sp,sp,32
   10144:	00008067          	ret

00010148 <external_interrupt_handler>:
   10148:	fe010113          	addi	sp,sp,-32
   1014c:	00112e23          	sw	ra,28(sp)
   10150:	00812c23          	sw	s0,24(sp)
   10154:	02010413          	addi	s0,sp,32
   10158:	100207b7          	lui	a5,0x10020
   1015c:	fef42623          	sw	a5,-20(s0)
   10160:	30006073          	csrsi	mstatus,0
   10164:	fec42783          	lw	a5,-20(s0)
   10168:	10078793          	addi	a5,a5,256 # 10020100 <_end+0xffe0100>
   1016c:	0007a023          	sw	zero,0(a5)
   10170:	00000013          	nop
   10174:	01c12083          	lw	ra,28(sp)
   10178:	01812403          	lw	s0,24(sp)
   1017c:	02010113          	addi	sp,sp,32
   10180:	00008067          	ret

00010184 <trap_handler>:
   10184:	fe010113          	addi	sp,sp,-32
   10188:	00112e23          	sw	ra,28(sp)
   1018c:	00812c23          	sw	s0,24(sp)
   10190:	02010413          	addi	s0,sp,32
   10194:	344027f3          	csrr	a5,mip
   10198:	fef42623          	sw	a5,-20(s0)
   1019c:	fec42783          	lw	a5,-20(s0)
   101a0:	0807f793          	andi	a5,a5,128
   101a4:	00078463          	beqz	a5,101ac <trap_handler+0x28>
   101a8:	f61ff0ef          	jal	ra,10108 <timer_interrupt_handler>
   101ac:	fec42703          	lw	a4,-20(s0)
   101b0:	000017b7          	lui	a5,0x1
   101b4:	80078793          	addi	a5,a5,-2048 # 800 <boot+0x6e4>
   101b8:	00f777b3          	and	a5,a4,a5
   101bc:	00078463          	beqz	a5,101c4 <trap_handler+0x40>
   101c0:	f89ff0ef          	jal	ra,10148 <external_interrupt_handler>
   101c4:	00000013          	nop
   101c8:	01c12083          	lw	ra,28(sp)
   101cc:	01812403          	lw	s0,24(sp)
   101d0:	02010113          	addi	sp,sp,32
   101d4:	00008067          	ret

000101d8 <main>:
   101d8:	fd010113          	addi	sp,sp,-48
   101dc:	02112623          	sw	ra,44(sp)
   101e0:	02812423          	sw	s0,40(sp)
   101e4:	03010413          	addi	s0,sp,48
   101e8:	000107b7          	lui	a5,0x10
   101ec:	2b078793          	addi	a5,a5,688 # 102b0 <array1_addr>
   101f0:	fef42423          	sw	a5,-24(s0)
   101f4:	000127b7          	lui	a5,0x12
   101f8:	2b478793          	addi	a5,a5,692 # 122b4 <array2_addr>
   101fc:	fef42223          	sw	a5,-28(s0)
   10200:	201007b7          	lui	a5,0x20100
   10204:	00078793          	mv	a5,a5
   10208:	fef42023          	sw	a5,-32(s0)
   1020c:	000107b7          	lui	a5,0x10
   10210:	2ac7a783          	lw	a5,684(a5) # 102ac <__rodata_start>
   10214:	00279713          	slli	a4,a5,0x2
   10218:	201007b7          	lui	a5,0x20100
   1021c:	00078793          	mv	a5,a5
   10220:	00f707b3          	add	a5,a4,a5
   10224:	fcf42e23          	sw	a5,-36(s0)
   10228:	fe042623          	sw	zero,-20(s0)
   1022c:	0580006f          	j	10284 <main+0xac>
   10230:	fec42783          	lw	a5,-20(s0)
   10234:	fe842703          	lw	a4,-24(s0)
   10238:	00f707b3          	add	a5,a4,a5
   1023c:	fec42703          	lw	a4,-20(s0)
   10240:	fe442683          	lw	a3,-28(s0)
   10244:	00e68733          	add	a4,a3,a4
   10248:	fec42683          	lw	a3,-20(s0)
   1024c:	fe042603          	lw	a2,-32(s0)
   10250:	00d606b3          	add	a3,a2,a3
   10254:	00010637          	lui	a2,0x10
   10258:	2ac62583          	lw	a1,684(a2) # 102ac <__rodata_start>
   1025c:	fec42603          	lw	a2,-20(s0)
   10260:	40c58633          	sub	a2,a1,a2
   10264:	000672d7          	0x672d7
   10268:	02078087          	0x2078087
   1026c:	02070107          	0x2070107
   10270:	021101d7          	0x21101d7
   10274:	020681a7          	0x20681a7
   10278:	fec42783          	lw	a5,-20(s0)
   1027c:	00878793          	addi	a5,a5,8 # 20100008 <_test_start+0x8>
   10280:	fef42623          	sw	a5,-20(s0)
   10284:	fec42703          	lw	a4,-20(s0)
   10288:	000107b7          	lui	a5,0x10
   1028c:	2ac7a783          	lw	a5,684(a5) # 102ac <__rodata_start>
   10290:	faf760e3          	bltu	a4,a5,10230 <main+0x58>
   10294:	00000793          	li	a5,0
   10298:	00078513          	mv	a0,a5
   1029c:	02c12083          	lw	ra,44(sp)
   102a0:	02812403          	lw	s0,40(sp)
   102a4:	03010113          	addi	sp,sp,48
   102a8:	00008067          	ret
